2023-11-11 07:32:54 +0000 - dagster - DEBUG - LaborChartETL - c50a0e2e-dd3b-4ee5-9670-151ed559e5df - 17766 - LOGS_CAPTURED - Started capturing logs in process (pid: 17766).
2023-11-11 07:32:54 +0000 - dagster - DEBUG - LaborChartETL - c50a0e2e-dd3b-4ee5-9670-151ed559e5df - 17766 - offersSimilarityCheck - STEP_START - Started execution of step "offersSimilarityCheck".
2023-11-11 07:34:43 +0000 - dagster - INFO - LaborChartETL - c50a0e2e-dd3b-4ee5-9670-151ed559e5df - offersSimilarityCheck - (LABORCHART) (132) agente bilingue en ingles  40 horas semanales y dos dias de descanso training full pago y transporte oficina concentrix <-> (137) agente bilingue  40 horas semanales y dos dias de descanso training full pago y transporte oficina concentrix
2023-11-11 07:34:43 +0000 - dagster - INFO - LaborChartETL - c50a0e2e-dd3b-4ee5-9670-151ed559e5df - offersSimilarityCheck - (LABORCHART) Similarity percentage: 96%
2023-11-11 07:34:44 +0000 - dagster - INFO - LaborChartETL - c50a0e2e-dd3b-4ee5-9670-151ed559e5df - offersSimilarityCheck - (LABORCHART) (152) meseroa asignar sas <-> (156) meseros asignar sas
2023-11-11 07:34:44 +0000 - dagster - INFO - LaborChartETL - c50a0e2e-dd3b-4ee5-9670-151ed559e5df - offersSimilarityCheck - (LABORCHART) Similarity percentage: 95%
2023-11-11 07:34:45 +0000 - dagster - INFO - LaborChartETL - c50a0e2e-dd3b-4ee5-9670-151ed559e5df - offersSimilarityCheck - (LABORCHART) (181) operario de producción gi group colombia <-> (185) operario de produccion gi group colombia
2023-11-11 07:34:45 +0000 - dagster - INFO - LaborChartETL - c50a0e2e-dd3b-4ee5-9670-151ed559e5df - offersSimilarityCheck - (LABORCHART) Similarity percentage: 98%
2023-11-11 07:34:46 +0000 - dagster - INFO - LaborChartETL - c50a0e2e-dd3b-4ee5-9670-151ed559e5df - offersSimilarityCheck - (LABORCHART) (190) operarioas de confección productividad empresarial sas <-> (191) operario de confeccion productividad empresarial sas
2023-11-11 07:34:46 +0000 - dagster - INFO - LaborChartETL - c50a0e2e-dd3b-4ee5-9670-151ed559e5df - offersSimilarityCheck - (LABORCHART) Similarity percentage: 96%
2023-11-11 07:34:50 +0000 - dagster - INFO - LaborChartETL - c50a0e2e-dd3b-4ee5-9670-151ed559e5df - offersSimilarityCheck - (LABORCHART) (320) auxiliar de enfermería medicall talento humano <-> (322) auxiliar de enfermeria medicall talento humano
2023-11-11 07:34:50 +0000 - dagster - INFO - LaborChartETL - c50a0e2e-dd3b-4ee5-9670-151ed559e5df - offersSimilarityCheck - (LABORCHART) Similarity percentage: 98%
2023-11-11 07:34:53 +0000 - dagster - INFO - LaborChartETL - c50a0e2e-dd3b-4ee5-9670-151ed559e5df - offersSimilarityCheck - (LABORCHART) (406) técnico junior electricista en el aeropuerto internacional el dorado con licencia b1 agencia distrital de empleo de bogotá <-> (407) técnico junior mecánico en el aeropuerto internacional el dorado con licencia b1 agencia distrital de empleo de bogotá
2023-11-11 07:34:53 +0000 - dagster - INFO - LaborChartETL - c50a0e2e-dd3b-4ee5-9670-151ed559e5df - offersSimilarityCheck - (LABORCHART) Similarity percentage: 95%
2023-11-11 07:34:55 +0000 - dagster - INFO - LaborChartETL - c50a0e2e-dd3b-4ee5-9670-151ed559e5df - offersSimilarityCheck - (LABORCHART) (474) bogota billingual represtantive sutherland global services sgs <-> (475) bogota billingual representative sutherland global services sgs
2023-11-11 07:34:55 +0000 - dagster - INFO - LaborChartETL - c50a0e2e-dd3b-4ee5-9670-151ed559e5df - offersSimilarityCheck - (LABORCHART) Similarity percentage: 98%
2023-11-11 07:34:56 +0000 - dagster - INFO - LaborChartETL - c50a0e2e-dd3b-4ee5-9670-151ed559e5df - offersSimilarityCheck - (LABORCHART) (491) asesora comercial tiempos sas <-> (493) asesor comercial tiempos sas
2023-11-11 07:34:56 +0000 - dagster - INFO - LaborChartETL - c50a0e2e-dd3b-4ee5-9670-151ed559e5df - offersSimilarityCheck - (LABORCHART) Similarity percentage: 98%
2023-11-11 07:35:01 +0000 - dagster - INFO - LaborChartETL - c50a0e2e-dd3b-4ee5-9670-151ed559e5df - offersSimilarityCheck - (LABORCHART) (660) cajeros manufacturas eliot sas <-> (667) cajeroa manufacturas eliot sas
2023-11-11 07:35:01 +0000 - dagster - INFO - LaborChartETL - c50a0e2e-dd3b-4ee5-9670-151ed559e5df - offersSimilarityCheck - (LABORCHART) Similarity percentage: 97%
2023-11-11 07:35:01 +0000 - dagster - INFO - LaborChartETL - c50a0e2e-dd3b-4ee5-9670-151ed559e5df - offersSimilarityCheck - (LABORCHART) (661) lider  administrador punto de venta manufacturas eliot sas <-> (662) líder administrador punto de venta manufacturas eliot sas
2023-11-11 07:35:01 +0000 - dagster - INFO - LaborChartETL - c50a0e2e-dd3b-4ee5-9670-151ed559e5df - offersSimilarityCheck - (LABORCHART) Similarity percentage: 97%
2023-11-11 07:35:05 +0000 - dagster - INFO - LaborChartETL - c50a0e2e-dd3b-4ee5-9670-151ed559e5df - offersSimilarityCheck - (LABORCHART) (770) docente inglés academia de idioma smart <-> (774) docente de inglés academia de idioma smart
2023-11-11 07:35:05 +0000 - dagster - INFO - LaborChartETL - c50a0e2e-dd3b-4ee5-9670-151ed559e5df - offersSimilarityCheck - (LABORCHART) Similarity percentage: 96%
2023-11-11 07:35:05 +0000 - dagster - INFO - LaborChartETL - c50a0e2e-dd3b-4ee5-9670-151ed559e5df - offersSimilarityCheck - (LABORCHART) (772) docente francés academia de idioma smart <-> (777) docente frances academia de idioma smart
2023-11-11 07:35:05 +0000 - dagster - INFO - LaborChartETL - c50a0e2e-dd3b-4ee5-9670-151ed559e5df - offersSimilarityCheck - (LABORCHART) Similarity percentage: 98%
2023-11-11 07:35:05 +0000 - dagster - INFO - LaborChartETL - c50a0e2e-dd3b-4ee5-9670-151ed559e5df - offersSimilarityCheck - (LABORCHART) (782) work from home agile business analyst  ref 0031e bairesdev <-> (784) work from home business analyst  ref 0031e bairesdev
2023-11-11 07:35:05 +0000 - dagster - INFO - LaborChartETL - c50a0e2e-dd3b-4ee5-9670-151ed559e5df - offersSimilarityCheck - (LABORCHART) Similarity percentage: 95%
2023-11-11 07:35:07 +0000 - dagster - INFO - LaborChartETL - c50a0e2e-dd3b-4ee5-9670-151ed559e5df - offersSimilarityCheck - (LABORCHART) (820) asesora lunes a viernes interactivo contact center sa <-> (822) asesores lunes a viernes interactivo contact center sa
2023-11-11 07:35:07 +0000 - dagster - INFO - LaborChartETL - c50a0e2e-dd3b-4ee5-9670-151ed559e5df - offersSimilarityCheck - (LABORCHART) Similarity percentage: 97%
2023-11-11 07:35:07 +0000 - dagster - INFO - LaborChartETL - c50a0e2e-dd3b-4ee5-9670-151ed559e5df - offersSimilarityCheck - (LABORCHART) (820) asesora lunes a viernes interactivo contact center sa <-> (824) asesor lunes a viernes interactivo contact center sa
2023-11-11 07:35:07 +0000 - dagster - INFO - LaborChartETL - c50a0e2e-dd3b-4ee5-9670-151ed559e5df - offersSimilarityCheck - (LABORCHART) Similarity percentage: 99%
2023-11-11 07:35:07 +0000 - dagster - INFO - LaborChartETL - c50a0e2e-dd3b-4ee5-9670-151ed559e5df - offersSimilarityCheck - (LABORCHART) (834) auxiliar de bodega picking lilipink  yoi <-> (838) auxiliar de bodega o picking lilipink  yoi
2023-11-11 07:35:07 +0000 - dagster - INFO - LaborChartETL - c50a0e2e-dd3b-4ee5-9670-151ed559e5df - offersSimilarityCheck - (LABORCHART) Similarity percentage: 98%
2023-11-11 07:35:08 +0000 - dagster - INFO - LaborChartETL - c50a0e2e-dd3b-4ee5-9670-151ed559e5df - offersSimilarityCheck - (LABORCHART) (850) operario de produccion sinergia trabajo temporal sa <-> (858) operarios de produccion sinergia trabajo temporal sa
2023-11-11 07:35:08 +0000 - dagster - INFO - LaborChartETL - c50a0e2e-dd3b-4ee5-9670-151ed559e5df - offersSimilarityCheck - (LABORCHART) Similarity percentage: 99%
2023-11-11 07:35:09 +0000 - dagster - INFO - LaborChartETL - c50a0e2e-dd3b-4ee5-9670-151ed559e5df - offersSimilarityCheck - (LABORCHART) (884) asesor de servicio al cliente aplica para bachilleres básico más variable millenium bpo sa <-> (889) asesor de servicio al cliente aplica para bachilleres básico mas variable millenium bpo sa
2023-11-11 07:35:09 +0000 - dagster - INFO - LaborChartETL - c50a0e2e-dd3b-4ee5-9670-151ed559e5df - offersSimilarityCheck - (LABORCHART) Similarity percentage: 99%
2023-11-11 07:35:13 +0000 - dagster - INFO - LaborChartETL - c50a0e2e-dd3b-4ee5-9670-151ed559e5df - offersSimilarityCheck - (LABORCHART) (1022) asesor de pqr atlantic quantum innovations <-> (1023) asesores pqrs atlantic quantum innovations
2023-11-11 07:35:13 +0000 - dagster - INFO - LaborChartETL - c50a0e2e-dd3b-4ee5-9670-151ed559e5df - offersSimilarityCheck - (LABORCHART) Similarity percentage: 95%
2023-11-11 07:35:14 +0000 - dagster - INFO - LaborChartETL - c50a0e2e-dd3b-4ee5-9670-151ed559e5df - offersSimilarityCheck - (LABORCHART) (1032) auxiliar de ejecución de la operación green movil sas <-> (1037) auxiliar de ejecución de la operacion green movil sas
2023-11-11 07:35:14 +0000 - dagster - INFO - LaborChartETL - c50a0e2e-dd3b-4ee5-9670-151ed559e5df - offersSimilarityCheck - (LABORCHART) Similarity percentage: 98%
2023-11-11 07:35:15 +0000 - dagster - INFO - LaborChartETL - c50a0e2e-dd3b-4ee5-9670-151ed559e5df - offersSimilarityCheck - (LABORCHART) (1071) cocineros conextempo sas <-> (1072) cocinerosas conextempo sas
2023-11-11 07:35:15 +0000 - dagster - INFO - LaborChartETL - c50a0e2e-dd3b-4ee5-9670-151ed559e5df - offersSimilarityCheck - (LABORCHART) Similarity percentage: 96%
2023-11-11 07:35:15 +0000 - dagster - INFO - LaborChartETL - c50a0e2e-dd3b-4ee5-9670-151ed559e5df - offersSimilarityCheck - (LABORCHART) (1083) auxiliar de enfermeria comdata group <-> (1084) auxiliares de enfermería comdata group
2023-11-11 07:35:15 +0000 - dagster - INFO - LaborChartETL - c50a0e2e-dd3b-4ee5-9670-151ed559e5df - offersSimilarityCheck - (LABORCHART) Similarity percentage: 95%
2023-11-11 07:35:15 +0000 - dagster - INFO - LaborChartETL - c50a0e2e-dd3b-4ee5-9670-151ed559e5df - offersSimilarityCheck - (LABORCHART) (1083) auxiliar de enfermeria comdata group <-> (1086) auxiliar de enfermería comdata group
2023-11-11 07:35:15 +0000 - dagster - INFO - LaborChartETL - c50a0e2e-dd3b-4ee5-9670-151ed559e5df - offersSimilarityCheck - (LABORCHART) Similarity percentage: 97%
2023-11-11 07:35:18 +0000 - dagster - INFO - LaborChartETL - c50a0e2e-dd3b-4ee5-9670-151ed559e5df - offersSimilarityCheck - (LABORCHART) (1173) analista de facturacion electronica gesthion organizacional sas <-> (1174) analista facturacion electronica gesthion organizacional sas
2023-11-11 07:35:18 +0000 - dagster - INFO - LaborChartETL - c50a0e2e-dd3b-4ee5-9670-151ed559e5df - offersSimilarityCheck - (LABORCHART) Similarity percentage: 98%
2023-11-11 07:35:19 +0000 - dagster - INFO - LaborChartETL - c50a0e2e-dd3b-4ee5-9670-151ed559e5df - offersSimilarityCheck - (LABORCHART) (1181) servicio al cliente telemark spain sl sucursal colombia zona franca permanente especial <-> (1184) asesor servicio al cliente telemark spain sl sucursal colombia zona franca permanente especial
2023-11-11 07:35:19 +0000 - dagster - INFO - LaborChartETL - c50a0e2e-dd3b-4ee5-9670-151ed559e5df - offersSimilarityCheck - (LABORCHART) Similarity percentage: 96%
2023-11-11 07:35:27 +0000 - dagster - INFO - LaborChartETL - c50a0e2e-dd3b-4ee5-9670-151ed559e5df - offersSimilarityCheck - (LABORCHART) (1450) guarda de seguridad seguridad atlas ltda <-> (1455) guarda de se seguridad seguridad atlas ltda
2023-11-11 07:35:27 +0000 - dagster - INFO - LaborChartETL - c50a0e2e-dd3b-4ee5-9670-151ed559e5df - offersSimilarityCheck - (LABORCHART) Similarity percentage: 96%
2023-11-11 07:35:28 +0000 - dagster - INFO - LaborChartETL - c50a0e2e-dd3b-4ee5-9670-151ed559e5df - offersSimilarityCheck - (LABORCHART) (1470) gran convocatoria laboral auxiliares de bodega operarios de producción serviases s a s <-> (1474) gran convocatoria laboral auxiliares de bodega operarios de produccion serviases s a s
2023-11-11 07:35:28 +0000 - dagster - INFO - LaborChartETL - c50a0e2e-dd3b-4ee5-9670-151ed559e5df - offersSimilarityCheck - (LABORCHART) Similarity percentage: 99%
2023-11-11 07:35:29 +0000 - dagster - INFO - LaborChartETL - c50a0e2e-dd3b-4ee5-9670-151ed559e5df - offersSimilarityCheck - (LABORCHART) (1501) meseroa takami sa <-> (1508) mesero takami sa
2023-11-11 07:35:29 +0000 - dagster - INFO - LaborChartETL - c50a0e2e-dd3b-4ee5-9670-151ed559e5df - offersSimilarityCheck - (LABORCHART) Similarity percentage: 97%
2023-11-11 07:35:34 +0000 - dagster - INFO - LaborChartETL - c50a0e2e-dd3b-4ee5-9670-151ed559e5df - offersSimilarityCheck - (LABORCHART) (1662) conductor puente aranda elis colombia sas <-> (1669) conductores puente aranda elis colombia sas
2023-11-11 07:35:34 +0000 - dagster - INFO - LaborChartETL - c50a0e2e-dd3b-4ee5-9670-151ed559e5df - offersSimilarityCheck - (LABORCHART) Similarity percentage: 98%
2023-11-11 07:35:36 +0000 - dagster - INFO - LaborChartETL - c50a0e2e-dd3b-4ee5-9670-151ed559e5df - offersSimilarityCheck - (LABORCHART) (1750) asesora comercial ohla touch colombia sas <-> (1753) asesor comercial ohla touch colombia sas
2023-11-11 07:35:37 +0000 - dagster - INFO - LaborChartETL - c50a0e2e-dd3b-4ee5-9670-151ed559e5df - offersSimilarityCheck - (LABORCHART) Similarity percentage: 99%
2023-11-11 07:35:38 +0000 - dagster - INFO - LaborChartETL - c50a0e2e-dd3b-4ee5-9670-151ed559e5df - offersSimilarityCheck - (LABORCHART) (1793) agente bilingüe callcenter english b2 contratación inmediata exl service colombia sas <-> (1799) agente bilingüe callcenter english b2 contratación inmediata 26 m exl service colombia sas
2023-11-11 07:35:38 +0000 - dagster - INFO - LaborChartETL - c50a0e2e-dd3b-4ee5-9670-151ed559e5df - offersSimilarityCheck - (LABORCHART) Similarity percentage: 97%
2023-11-11 07:35:39 +0000 - dagster - INFO - LaborChartETL - c50a0e2e-dd3b-4ee5-9670-151ed559e5df - offersSimilarityCheck - (LABORCHART) (1824) visitador farmacéutico tecnoquimicas sa <-> (1827) visitador farmaceutico tecnoquimicas sa
2023-11-11 07:35:39 +0000 - dagster - INFO - LaborChartETL - c50a0e2e-dd3b-4ee5-9670-151ed559e5df - offersSimilarityCheck - (LABORCHART) Similarity percentage: 97%
2023-11-11 07:35:40 +0000 - dagster - INFO - LaborChartETL - c50a0e2e-dd3b-4ee5-9670-151ed559e5df - offersSimilarityCheck - (LABORCHART) (1851) convocatoria enfermero jefe fundación hospital san carlos <-> (1853) convocatoria enfermeros jefes fundación hospital san carlos
2023-11-11 07:35:40 +0000 - dagster - INFO - LaborChartETL - c50a0e2e-dd3b-4ee5-9670-151ed559e5df - offersSimilarityCheck - (LABORCHART) Similarity percentage: 98%
2023-11-11 07:35:41 +0000 - dagster - INFO - LaborChartETL - c50a0e2e-dd3b-4ee5-9670-151ed559e5df - offersSimilarityCheck - (LABORCHART) (1881) conductor c2 bogotá gmovil sas <-> (1886) conductor c2 en bogotá gmovil sas
2023-11-11 07:35:41 +0000 - dagster - INFO - LaborChartETL - c50a0e2e-dd3b-4ee5-9670-151ed559e5df - offersSimilarityCheck - (LABORCHART) Similarity percentage: 95%
2023-11-11 07:35:42 +0000 - dagster - INFO - LaborChartETL - c50a0e2e-dd3b-4ee5-9670-151ed559e5df - offersSimilarityCheck - (LABORCHART) (1906) administrativo stellar reclutapro pandapé <-> (1907) administrativo stellarsud reclutapro pandapé
2023-11-11 07:35:42 +0000 - dagster - INFO - LaborChartETL - c50a0e2e-dd3b-4ee5-9670-151ed559e5df - offersSimilarityCheck - (LABORCHART) Similarity percentage: 96%
2023-11-11 07:35:43 +0000 - dagster - INFO - LaborChartETL - c50a0e2e-dd3b-4ee5-9670-151ed559e5df - offersSimilarityCheck - (LABORCHART) (1933) analista de preventa algar tech <-> (1937) analista de preventa sr algar tech
2023-11-11 07:35:43 +0000 - dagster - INFO - LaborChartETL - c50a0e2e-dd3b-4ee5-9670-151ed559e5df - offersSimilarityCheck - (LABORCHART) Similarity percentage: 95%
2023-11-11 07:35:46 +0000 - dagster - INFO - LaborChartETL - c50a0e2e-dd3b-4ee5-9670-151ed559e5df - offersSimilarityCheck - (LABORCHART) (2043) asistente de talento humano clinica san diego <-> (2044) asistente talento humano clinica san diego
2023-11-11 07:35:46 +0000 - dagster - INFO - LaborChartETL - c50a0e2e-dd3b-4ee5-9670-151ed559e5df - offersSimilarityCheck - (LABORCHART) Similarity percentage: 97%
2023-11-11 07:35:48 +0000 - dagster - INFO - LaborChartETL - c50a0e2e-dd3b-4ee5-9670-151ed559e5df - offersSimilarityCheck - (LABORCHART) (2096) asesor comercial pdp reclutapro demo <-> (2098) aasesor comercial pdp reclutapro demo
2023-11-11 07:35:48 +0000 - dagster - INFO - LaborChartETL - c50a0e2e-dd3b-4ee5-9670-151ed559e5df - offersSimilarityCheck - (LABORCHART) Similarity percentage: 99%
2023-11-11 07:35:49 +0000 - dagster - INFO - LaborChartETL - c50a0e2e-dd3b-4ee5-9670-151ed559e5df - offersSimilarityCheck - (LABORCHART) (2137) auxiliar administrativo contable efi servicios sas <-> (2144) auxiliar administrativoa contable efi servicios sas
2023-11-11 07:35:49 +0000 - dagster - INFO - LaborChartETL - c50a0e2e-dd3b-4ee5-9670-151ed559e5df - offersSimilarityCheck - (LABORCHART) Similarity percentage: 99%
2023-11-11 07:35:52 +0000 - dagster - INFO - LaborChartETL - c50a0e2e-dd3b-4ee5-9670-151ed559e5df - offersSimilarityCheck - (LABORCHART) (2231) asesor comercial externo bogotá gold rh sas <-> (2232) asesor comercial externo eps bogotá gold rh sas
2023-11-11 07:35:52 +0000 - dagster - INFO - LaborChartETL - c50a0e2e-dd3b-4ee5-9670-151ed559e5df - offersSimilarityCheck - (LABORCHART) Similarity percentage: 96%
2023-11-11 07:35:52 +0000 - dagster - INFO - LaborChartETL - c50a0e2e-dd3b-4ee5-9670-151ed559e5df - offersSimilarityCheck - (LABORCHART) (2236) agente call bilingüe inglés b2 fines de semana libres salario 2500000  bonificaciones igt services and technologies colombia sas <-> (2240) agente call bilingüe turismo inglés b2 fines de semana libres salario 2500000  bonificaciones igt services and technologies colombia sas
2023-11-11 07:35:52 +0000 - dagster - INFO - LaborChartETL - c50a0e2e-dd3b-4ee5-9670-151ed559e5df - offersSimilarityCheck - (LABORCHART) Similarity percentage: 97%
2023-11-11 07:35:53 +0000 - dagster - INFO - LaborChartETL - c50a0e2e-dd3b-4ee5-9670-151ed559e5df - offersSimilarityCheck - (LABORCHART) (2243) agente call center portugues igt services and technologies colombia sas <-> (2244) agente call center portugués b2 igt services and technologies colombia sas
2023-11-11 07:35:53 +0000 - dagster - INFO - LaborChartETL - c50a0e2e-dd3b-4ee5-9670-151ed559e5df - offersSimilarityCheck - (LABORCHART) Similarity percentage: 97%
2023-11-11 07:35:59 +0000 - dagster - INFO - LaborChartETL - c50a0e2e-dd3b-4ee5-9670-151ed559e5df - offersSimilarityCheck - (LABORCHART) (2446) analista de procesos comerciales profesionales en bogotá y bucaramanga grupo educativo internacional sas <-> (2447) analista en procesos comerciales profesionales en bogotá y bucaramanga grupo educativo internacional sas
2023-11-11 07:35:59 +0000 - dagster - INFO - LaborChartETL - c50a0e2e-dd3b-4ee5-9670-151ed559e5df - offersSimilarityCheck - (LABORCHART) Similarity percentage: 99%
2023-11-11 07:36:00 +0000 - dagster - INFO - LaborChartETL - c50a0e2e-dd3b-4ee5-9670-151ed559e5df - offersSimilarityCheck - (LABORCHART) (2494) desarrollador full stack talycap global <-> (2495) desarrollador fullstack talycap global
2023-11-11 07:36:01 +0000 - dagster - INFO - LaborChartETL - c50a0e2e-dd3b-4ee5-9670-151ed559e5df - offersSimilarityCheck - (LABORCHART) Similarity percentage: 99%
2023-11-11 07:36:04 +0000 - dagster - INFO - LaborChartETL - c50a0e2e-dd3b-4ee5-9670-151ed559e5df - offersSimilarityCheck - (LABORCHART) (2612) aprendiz en áreas administrativas servilabor <-> (2613) aprendiz sena en áreas administrativas servilabor
2023-11-11 07:36:04 +0000 - dagster - INFO - LaborChartETL - c50a0e2e-dd3b-4ee5-9670-151ed559e5df - offersSimilarityCheck - (LABORCHART) Similarity percentage: 95%
2023-11-11 07:36:05 +0000 - dagster - INFO - LaborChartETL - c50a0e2e-dd3b-4ee5-9670-151ed559e5df - offersSimilarityCheck - (LABORCHART) (2635) almacenista y de inventarios bogotá aservit  cia <-> (2636) almacenistas y de inventarios bogotá aservit  cia
2023-11-11 07:36:05 +0000 - dagster - INFO - LaborChartETL - c50a0e2e-dd3b-4ee5-9670-151ed559e5df - offersSimilarityCheck - (LABORCHART) Similarity percentage: 99%
2023-11-11 07:36:06 +0000 - dagster - INFO - LaborChartETL - c50a0e2e-dd3b-4ee5-9670-151ed559e5df - offersSimilarityCheck - (LABORCHART) (2663) mensajeroa cooperativa multiactiva de servicios solidarios copservir ltda <-> (2664) cajeroa cooperativa multiactiva de servicios solidarios copservir ltda
2023-11-11 07:36:06 +0000 - dagster - INFO - LaborChartETL - c50a0e2e-dd3b-4ee5-9670-151ed559e5df - offersSimilarityCheck - (LABORCHART) Similarity percentage: 97%
2023-11-11 07:36:06 +0000 - dagster - INFO - LaborChartETL - c50a0e2e-dd3b-4ee5-9670-151ed559e5df - offersSimilarityCheck - (LABORCHART) (2668) mensajero servicio motorizado cooperativa multiactiva de servicios solidarios copservir ltda <-> (2670) mensajeros servicio motorizado cooperativa multiactiva de servicios solidarios copservir ltda
2023-11-11 07:36:06 +0000 - dagster - INFO - LaborChartETL - c50a0e2e-dd3b-4ee5-9670-151ed559e5df - offersSimilarityCheck - (LABORCHART) Similarity percentage: 99%
2023-11-11 07:36:09 +0000 - dagster - INFO - LaborChartETL - c50a0e2e-dd3b-4ee5-9670-151ed559e5df - offersSimilarityCheck - (LABORCHART) (2762) tecnólogo en seguridad y salud en el trabajo con moto comfica soluciones integrales sl sucursal colombia <-> (2764) tecnólogo en seguridad y salud en el trabajo comfica soluciones integrales sl sucursal colombia
2023-11-11 07:36:09 +0000 - dagster - INFO - LaborChartETL - c50a0e2e-dd3b-4ee5-9670-151ed559e5df - offersSimilarityCheck - (LABORCHART) Similarity percentage: 95%
2023-11-11 07:36:14 +0000 - dagster - INFO - LaborChartETL - c50a0e2e-dd3b-4ee5-9670-151ed559e5df - offersSimilarityCheck - (LABORCHART) (2919) aseadora experienza sas <-> (2920) aseador experienza sas
2023-11-11 07:36:14 +0000 - dagster - INFO - LaborChartETL - c50a0e2e-dd3b-4ee5-9670-151ed559e5df - offersSimilarityCheck - (LABORCHART) Similarity percentage: 98%
2023-11-11 07:36:18 +0000 - dagster - INFO - LaborChartETL - c50a0e2e-dd3b-4ee5-9670-151ed559e5df - offersSimilarityCheck - (LABORCHART) (3049) asistente financiero con experiencia minima de 1 ao fundacion hematologica colombia <-> (3053) asistente financiero con experiencia minima fundacion hematologica colombia
2023-11-11 07:36:18 +0000 - dagster - INFO - LaborChartETL - c50a0e2e-dd3b-4ee5-9670-151ed559e5df - offersSimilarityCheck - (LABORCHART) Similarity percentage: 95%
2023-11-11 07:36:19 +0000 - dagster - INFO - LaborChartETL - c50a0e2e-dd3b-4ee5-9670-151ed559e5df - offersSimilarityCheck - (LABORCHART) (3075) coordinador de operaciones grupo neduer sas <-> (3076) coordinadora de operaciones grupo neduer sas
2023-11-11 07:36:19 +0000 - dagster - INFO - LaborChartETL - c50a0e2e-dd3b-4ee5-9670-151ed559e5df - offersSimilarityCheck - (LABORCHART) Similarity percentage: 99%
2023-11-11 07:36:20 +0000 - dagster - INFO - LaborChartETL - c50a0e2e-dd3b-4ee5-9670-151ed559e5df - offersSimilarityCheck - (LABORCHART) (3114) camarera operadora habitel sas <-> (3115) camareroa operadora habitel sas
2023-11-11 07:36:20 +0000 - dagster - INFO - LaborChartETL - c50a0e2e-dd3b-4ee5-9670-151ed559e5df - offersSimilarityCheck - (LABORCHART) Similarity percentage: 98%
2023-11-11 07:36:24 +0000 - dagster - INFO - LaborChartETL - c50a0e2e-dd3b-4ee5-9670-151ed559e5df - offersSimilarityCheck - (LABORCHART) (3241) asesor comercial puerta a puerta global sas <-> (3242) asesores comerciales puerta a puerta global sas
2023-11-11 07:36:24 +0000 - dagster - INFO - LaborChartETL - c50a0e2e-dd3b-4ee5-9670-151ed559e5df - offersSimilarityCheck - (LABORCHART) Similarity percentage: 96%
2023-11-11 07:36:26 +0000 - dagster - INFO - LaborChartETL - c50a0e2e-dd3b-4ee5-9670-151ed559e5df - offersSimilarityCheck - (LABORCHART) (3287) ejecutivos de ventas  call center claro colombia contratación inmediata softtek renovation sas <-> (3288) ejecutivos de ventas call center tigo colombiacontratación inmediata softtek renovation sas
2023-11-11 07:36:26 +0000 - dagster - INFO - LaborChartETL - c50a0e2e-dd3b-4ee5-9670-151ed559e5df - offersSimilarityCheck - (LABORCHART) Similarity percentage: 95%
2023-11-11 07:36:26 +0000 - dagster - INFO - LaborChartETL - c50a0e2e-dd3b-4ee5-9670-151ed559e5df - offersSimilarityCheck - (LABORCHART) (3289) agentes de ventas call center tigo colombiacontratación inmediata softtek renovation sas <-> (3294) asesores de ventas call center tigo colombiacontratación inmediata softtek renovation sas
2023-11-11 07:36:26 +0000 - dagster - INFO - LaborChartETL - c50a0e2e-dd3b-4ee5-9670-151ed559e5df - offersSimilarityCheck - (LABORCHART) Similarity percentage: 96%
2023-11-11 07:36:27 +0000 - dagster - INFO - LaborChartETL - c50a0e2e-dd3b-4ee5-9670-151ed559e5df - offersSimilarityCheck - (LABORCHART) (3324) enfermerao profesional cuidarte tu salud sas <-> (3325) enfermero profesional cuidarte tu salud sas
2023-11-11 07:36:27 +0000 - dagster - INFO - LaborChartETL - c50a0e2e-dd3b-4ee5-9670-151ed559e5df - offersSimilarityCheck - (LABORCHART) Similarity percentage: 99%
2023-11-11 07:36:31 +0000 - dagster - INFO - LaborChartETL - c50a0e2e-dd3b-4ee5-9670-151ed559e5df - offersSimilarityCheck - (LABORCHART) (3457) auxiliar administrativa y contable synergie th <-> (3458) auxiliar administrativoa y contable synergie th
2023-11-11 07:36:31 +0000 - dagster - INFO - LaborChartETL - c50a0e2e-dd3b-4ee5-9670-151ed559e5df - offersSimilarityCheck - (LABORCHART) Similarity percentage: 99%
2023-11-11 07:36:31 +0000 - dagster - INFO - LaborChartETL - c50a0e2e-dd3b-4ee5-9670-151ed559e5df - offersSimilarityCheck - (LABORCHART) (3465) asesor de viajes travel club ltda <-> (3468) asesor viajes travel club ltda
2023-11-11 07:36:31 +0000 - dagster - INFO - LaborChartETL - c50a0e2e-dd3b-4ee5-9670-151ed559e5df - offersSimilarityCheck - (LABORCHART) Similarity percentage: 95%
2023-11-11 07:36:37 +0000 - dagster - INFO - LaborChartETL - c50a0e2e-dd3b-4ee5-9670-151ed559e5df - offersSimilarityCheck - (LABORCHART) (3639) asesora comercial rtaxi crediprosperar <-> (3643) asesor comercial rtaxi crediprosperar
2023-11-11 07:36:37 +0000 - dagster - INFO - LaborChartETL - c50a0e2e-dd3b-4ee5-9670-151ed559e5df - offersSimilarityCheck - (LABORCHART) Similarity percentage: 99%
2023-11-11 07:36:39 +0000 - dagster - INFO - LaborChartETL - c50a0e2e-dd3b-4ee5-9670-151ed559e5df - offersSimilarityCheck - (LABORCHART) (3700) gran convocatoria de vigilantes vigilancia santafereña <-> (3705) gran convocatoria vigilantes vigilancia santafereña
2023-11-11 07:36:39 +0000 - dagster - INFO - LaborChartETL - c50a0e2e-dd3b-4ee5-9670-151ed559e5df - offersSimilarityCheck - (LABORCHART) Similarity percentage: 97%
2023-11-11 07:36:39 +0000 - dagster - INFO - LaborChartETL - c50a0e2e-dd3b-4ee5-9670-151ed559e5df - offersSimilarityCheck - (LABORCHART) (3712) vigilantes para zona norte de bogotá acocel ltda asesores colombianos de celaduria <-> (3717) vigilante para zona norte de bogotá acocel ltda asesores colombianos de celaduria
2023-11-11 07:36:39 +0000 - dagster - INFO - LaborChartETL - c50a0e2e-dd3b-4ee5-9670-151ed559e5df - offersSimilarityCheck - (LABORCHART) Similarity percentage: 99%
2023-11-11 07:36:39 +0000 - dagster - INFO - LaborChartETL - c50a0e2e-dd3b-4ee5-9670-151ed559e5df - offersSimilarityCheck - (LABORCHART) (3713) guarda de seguiridad para zona norte de bogotá acocel ltda asesores colombianos de celaduria <-> (3714) guarda de seguridad para zona norte de bogotá acocel ltda asesores colombianos de celaduria
2023-11-11 07:36:39 +0000 - dagster - INFO - LaborChartETL - c50a0e2e-dd3b-4ee5-9670-151ed559e5df - offersSimilarityCheck - (LABORCHART) Similarity percentage: 99%
2023-11-11 07:36:40 +0000 - dagster - INFO - LaborChartETL - c50a0e2e-dd3b-4ee5-9670-151ed559e5df - offersSimilarityCheck - (LABORCHART) (3717) vigilante para zona norte de bogotá acocel ltda asesores colombianos de celaduria <-> (3718) vigilante zona norte de bogotá acocel ltda asesores colombianos de celaduria
2023-11-11 07:36:40 +0000 - dagster - INFO - LaborChartETL - c50a0e2e-dd3b-4ee5-9670-151ed559e5df - offersSimilarityCheck - (LABORCHART) Similarity percentage: 97%
2023-11-11 07:36:41 +0000 - dagster - INFO - LaborChartETL - c50a0e2e-dd3b-4ee5-9670-151ed559e5df - offersSimilarityCheck - (LABORCHART) (3769) administrativoa empresarios eyc <-> (3772) administrativo empresarios eyc
2023-11-11 07:36:41 +0000 - dagster - INFO - LaborChartETL - c50a0e2e-dd3b-4ee5-9670-151ed559e5df - offersSimilarityCheck - (LABORCHART) Similarity percentage: 98%
2023-11-11 07:36:43 +0000 - dagster - INFO - LaborChartETL - c50a0e2e-dd3b-4ee5-9670-151ed559e5df - offersSimilarityCheck - (LABORCHART) (3822) analista sr de impuestos convocatoria lunes 14 de agosto mts consultoría  gestión sas <-> (3823) analista sr de impuestos convocatoria viernes 11 de agosto mts consultoría  gestión sas
2023-11-11 07:36:43 +0000 - dagster - INFO - LaborChartETL - c50a0e2e-dd3b-4ee5-9670-151ed559e5df - offersSimilarityCheck - (LABORCHART) Similarity percentage: 95%
2023-11-11 07:36:48 +0000 - dagster - INFO - LaborChartETL - c50a0e2e-dd3b-4ee5-9670-151ed559e5df - offersSimilarityCheck - (LABORCHART) (3967) asistente de auditoría externa nivel 1 eleccion confiable sas <-> (3968) asistente de auditoría externa nivel 2 eleccion confiable sas
2023-11-11 07:36:48 +0000 - dagster - INFO - LaborChartETL - c50a0e2e-dd3b-4ee5-9670-151ed559e5df - offersSimilarityCheck - (LABORCHART) Similarity percentage: 98%
2023-11-11 07:36:48 +0000 - dagster - INFO - LaborChartETL - c50a0e2e-dd3b-4ee5-9670-151ed559e5df - offersSimilarityCheck - (LABORCHART) (3992) ejecutivo call center cobranza contratacion inmediata fastco sas <-> (3993) ejecutivo call center cobranzas contratación inmediata fastco sas
2023-11-11 07:36:49 +0000 - dagster - INFO - LaborChartETL - c50a0e2e-dd3b-4ee5-9670-151ed559e5df - offersSimilarityCheck - (LABORCHART) Similarity percentage: 98%
2023-11-11 07:36:50 +0000 - dagster - INFO - LaborChartETL - c50a0e2e-dd3b-4ee5-9670-151ed559e5df - offersSimilarityCheck - (LABORCHART) (4054) asistente de almacen seguridad san martin <-> (4057) aistente de almacén seguridad san martin
2023-11-11 07:36:50 +0000 - dagster - INFO - LaborChartETL - c50a0e2e-dd3b-4ee5-9670-151ed559e5df - offersSimilarityCheck - (LABORCHART) Similarity percentage: 96%
2023-11-11 07:36:53 +0000 - dagster - INFO - LaborChartETL - c50a0e2e-dd3b-4ee5-9670-151ed559e5df - offersSimilarityCheck - (LABORCHART) (4136) analista senior contable bdo audit s a <-> (4138) analista senior contable sap bdo audit s a
2023-11-11 07:36:53 +0000 - dagster - INFO - LaborChartETL - c50a0e2e-dd3b-4ee5-9670-151ed559e5df - offersSimilarityCheck - (LABORCHART) Similarity percentage: 95%
2023-11-11 07:36:54 +0000 - dagster - INFO - LaborChartETL - c50a0e2e-dd3b-4ee5-9670-151ed559e5df - offersSimilarityCheck - (LABORCHART) (4148) ejecutivo comercial circulo de viajes universal sas <-> (4149) ejecutivos comerciales circulo de viajes universal sas
2023-11-11 07:36:54 +0000 - dagster - INFO - LaborChartETL - c50a0e2e-dd3b-4ee5-9670-151ed559e5df - offersSimilarityCheck - (LABORCHART) Similarity percentage: 97%
2023-11-11 07:36:55 +0000 - dagster - INFO - LaborChartETL - c50a0e2e-dd3b-4ee5-9670-151ed559e5df - offersSimilarityCheck - (LABORCHART) (4178) asesor comercial junior corporacion universitaria de asturias <-> (4185) asesor comercial senior corporacion universitaria de asturias
2023-11-11 07:36:55 +0000 - dagster - INFO - LaborChartETL - c50a0e2e-dd3b-4ee5-9670-151ed559e5df - offersSimilarityCheck - (LABORCHART) Similarity percentage: 97%
2023-11-11 07:36:55 +0000 - dagster - INFO - LaborChartETL - c50a0e2e-dd3b-4ee5-9670-151ed559e5df - offersSimilarityCheck - (LABORCHART) (4196) tecnico electrico emasivo16 sas <-> (4197) tecnicos electricos emasivo16 sas
2023-11-11 07:36:55 +0000 - dagster - INFO - LaborChartETL - c50a0e2e-dd3b-4ee5-9670-151ed559e5df - offersSimilarityCheck - (LABORCHART) Similarity percentage: 97%
2023-11-11 07:36:56 +0000 - dagster - INFO - LaborChartETL - c50a0e2e-dd3b-4ee5-9670-151ed559e5df - offersSimilarityCheck - (LABORCHART) (4213) conductor mixer hormigon urbano sas <-> (4214) conductor mixier hormigon urbano sas
2023-11-11 07:36:56 +0000 - dagster - INFO - LaborChartETL - c50a0e2e-dd3b-4ee5-9670-151ed559e5df - offersSimilarityCheck - (LABORCHART) Similarity percentage: 99%
2023-11-11 07:36:58 +0000 - dagster - INFO - LaborChartETL - c50a0e2e-dd3b-4ee5-9670-151ed559e5df - offersSimilarityCheck - (LABORCHART) (4280) gran convocatoria asesores de cobranza leon  asociados sas <-> (4281) gran convocatoria asesor de cobranza leon  asociados sas
2023-11-11 07:36:58 +0000 - dagster - INFO - LaborChartETL - c50a0e2e-dd3b-4ee5-9670-151ed559e5df - offersSimilarityCheck - (LABORCHART) Similarity percentage: 98%
2023-11-11 07:36:59 +0000 - dagster - INFO - LaborChartETL - c50a0e2e-dd3b-4ee5-9670-151ed559e5df - offersSimilarityCheck - (LABORCHART) (4287) guardas de seguridad con experiencia multiseg <-> (4293) guarda de seguridad con experiencia multiseg
2023-11-11 07:36:59 +0000 - dagster - INFO - LaborChartETL - c50a0e2e-dd3b-4ee5-9670-151ed559e5df - offersSimilarityCheck - (LABORCHART) Similarity percentage: 99%
2023-11-11 07:36:59 +0000 - dagster - INFO - LaborChartETL - c50a0e2e-dd3b-4ee5-9670-151ed559e5df - offersSimilarityCheck - (LABORCHART) (4287) guardas de seguridad con experiencia multiseg <-> (4295) guardas de seguridad sin experiencia multiseg
2023-11-11 07:36:59 +0000 - dagster - INFO - LaborChartETL - c50a0e2e-dd3b-4ee5-9670-151ed559e5df - offersSimilarityCheck - (LABORCHART) Similarity percentage: 96%
2023-11-11 07:37:00 +0000 - dagster - INFO - LaborChartETL - c50a0e2e-dd3b-4ee5-9670-151ed559e5df - offersSimilarityCheck - (LABORCHART) (4319) auxiliar de producción pan pa ya <-> (4324) auxiliar de produccion pan pa ya
2023-11-11 07:37:00 +0000 - dagster - INFO - LaborChartETL - c50a0e2e-dd3b-4ee5-9670-151ed559e5df - offersSimilarityCheck - (LABORCHART) Similarity percentage: 97%
2023-11-11 07:37:01 +0000 - dagster - INFO - LaborChartETL - c50a0e2e-dd3b-4ee5-9670-151ed559e5df - offersSimilarityCheck - (LABORCHART) (4372) operador de medios tecnologicos servision de colombia y cia ltda <-> (4373) operador de medios tecnologicos omt servision de colombia y cia ltda
2023-11-11 07:37:01 +0000 - dagster - INFO - LaborChartETL - c50a0e2e-dd3b-4ee5-9670-151ed559e5df - offersSimilarityCheck - (LABORCHART) Similarity percentage: 97%
2023-11-11 07:37:06 +0000 - dagster - INFO - LaborChartETL - c50a0e2e-dd3b-4ee5-9670-151ed559e5df - offersSimilarityCheck - (LABORCHART) (4508) tecnico en refrigeracion kaligari refrigeración sas <-> (4511) tecnico de refrigeracion kaligari refrigeración sas
2023-11-11 07:37:06 +0000 - dagster - INFO - LaborChartETL - c50a0e2e-dd3b-4ee5-9670-151ed559e5df - offersSimilarityCheck - (LABORCHART) Similarity percentage: 98%
2023-11-11 07:37:08 +0000 - dagster - INFO - LaborChartETL - c50a0e2e-dd3b-4ee5-9670-151ed559e5df - offersSimilarityCheck - (LABORCHART) (4580) operaria de aseo universal de limpieza sas <-> (4581) operariao de aseo universal de limpieza sas
2023-11-11 07:37:08 +0000 - dagster - INFO - LaborChartETL - c50a0e2e-dd3b-4ee5-9670-151ed559e5df - offersSimilarityCheck - (LABORCHART) Similarity percentage: 99%
2023-11-11 07:37:10 +0000 - dagster - INFO - LaborChartETL - c50a0e2e-dd3b-4ee5-9670-151ed559e5df - offersSimilarityCheck - (LABORCHART) (4629) ingeniero desarrollador java carvajal tecnologia y servicios sas <-> (4630) ingeniero desarrollador java master carvajal tecnologia y servicios sas
2023-11-11 07:37:10 +0000 - dagster - INFO - LaborChartETL - c50a0e2e-dd3b-4ee5-9670-151ed559e5df - offersSimilarityCheck - (LABORCHART) Similarity percentage: 95%
2023-11-11 07:37:10 +0000 - dagster - INFO - LaborChartETL - c50a0e2e-dd3b-4ee5-9670-151ed559e5df - offersSimilarityCheck - (LABORCHART) (4629) ingeniero desarrollador java carvajal tecnologia y servicios sas <-> (4631) ingeniero jr desarrollador java carvajal tecnologia y servicios sas
2023-11-11 07:37:10 +0000 - dagster - INFO - LaborChartETL - c50a0e2e-dd3b-4ee5-9670-151ed559e5df - offersSimilarityCheck - (LABORCHART) Similarity percentage: 98%
2023-11-11 07:37:11 +0000 - dagster - INFO - LaborChartETL - c50a0e2e-dd3b-4ee5-9670-151ed559e5df - offersSimilarityCheck - (LABORCHART) (4671) auxiliar logistico puntos de venta distribuciones el mayorista <-> (4672) auxiliar logístico puntos de venta distribuciones el mayorista
2023-11-11 07:37:11 +0000 - dagster - INFO - LaborChartETL - c50a0e2e-dd3b-4ee5-9670-151ed559e5df - offersSimilarityCheck - (LABORCHART) Similarity percentage: 98%
2023-11-11 07:37:11 +0000 - dagster - INFO - LaborChartETL - c50a0e2e-dd3b-4ee5-9670-151ed559e5df - offersSimilarityCheck - (LABORCHART) (4674) coordinador punto de venta distribuciones el mayorista <-> (4675) coordinador punto venta distribuciones el mayorista
2023-11-11 07:37:11 +0000 - dagster - INFO - LaborChartETL - c50a0e2e-dd3b-4ee5-9670-151ed559e5df - offersSimilarityCheck - (LABORCHART) Similarity percentage: 97%
2023-11-11 07:37:15 +0000 - dagster - INFO - LaborChartETL - c50a0e2e-dd3b-4ee5-9670-151ed559e5df - offersSimilarityCheck - (LABORCHART) (4775) encuestador call center marketteam sa <-> (4776) encuestadora call center marketteam sa
2023-11-11 07:37:15 +0000 - dagster - INFO - LaborChartETL - c50a0e2e-dd3b-4ee5-9670-151ed559e5df - offersSimilarityCheck - (LABORCHART) Similarity percentage: 99%
2023-11-11 07:37:15 +0000 - dagster - INFO - LaborChartETL - c50a0e2e-dd3b-4ee5-9670-151ed559e5df - offersSimilarityCheck - (LABORCHART) (4775) encuestador call center marketteam sa <-> (4778) encuestadores call center marketteam sa
2023-11-11 07:37:15 +0000 - dagster - INFO - LaborChartETL - c50a0e2e-dd3b-4ee5-9670-151ed559e5df - offersSimilarityCheck - (LABORCHART) Similarity percentage: 97%
2023-11-11 07:37:16 +0000 - dagster - INFO - LaborChartETL - c50a0e2e-dd3b-4ee5-9670-151ed559e5df - offersSimilarityCheck - (LABORCHART) (4801) oficial de construcción obrascon huarte lain sa sucursal colombia <-> (4802) oficiales de construcción obrascon huarte lain sa sucursal colombia
2023-11-11 07:37:16 +0000 - dagster - INFO - LaborChartETL - c50a0e2e-dd3b-4ee5-9670-151ed559e5df - offersSimilarityCheck - (LABORCHART) Similarity percentage: 98%
2023-11-11 07:37:16 +0000 - dagster - INFO - LaborChartETL - c50a0e2e-dd3b-4ee5-9670-151ed559e5df - offersSimilarityCheck - (LABORCHART) (4820) auxiliar de enfermería bogota atención domiciliaria de pacientes rohi ips sas <-> (4821) auxiliar de enfermería en bogota  atención domiciliaria de pacientes rohi ips sas
2023-11-11 07:37:16 +0000 - dagster - INFO - LaborChartETL - c50a0e2e-dd3b-4ee5-9670-151ed559e5df - offersSimilarityCheck - (LABORCHART) Similarity percentage: 97%
2023-11-11 07:37:19 +0000 - dagster - INFO - LaborChartETL - c50a0e2e-dd3b-4ee5-9670-151ed559e5df - offersSimilarityCheck - (LABORCHART) (4914) enfermero jefe alirio gutierrez millan y cia sas <-> (4916) enfermera jefe alirio gutierrez millan y cia sas
2023-11-11 07:37:19 +0000 - dagster - INFO - LaborChartETL - c50a0e2e-dd3b-4ee5-9670-151ed559e5df - offersSimilarityCheck - (LABORCHART) Similarity percentage: 98%
2023-11-11 07:37:21 +0000 - dagster - INFO - LaborChartETL - c50a0e2e-dd3b-4ee5-9670-151ed559e5df - offersSimilarityCheck - (LABORCHART) (4960) vendedor cajero distribuidora doña elena s  a  <-> (4962) vendedora cajera distribuidora doña elena s  a 
2023-11-11 07:37:21 +0000 - dagster - INFO - LaborChartETL - c50a0e2e-dd3b-4ee5-9670-151ed559e5df - offersSimilarityCheck - (LABORCHART) Similarity percentage: 97%
2023-11-11 07:37:25 +0000 - dagster - INFO - LaborChartETL - c50a0e2e-dd3b-4ee5-9670-151ed559e5df - offersSimilarityCheck - (LABORCHART) (5093) analista de llantas mya group sas <-> (5095) analista en llantas mya group sas
2023-11-11 07:37:25 +0000 - dagster - INFO - LaborChartETL - c50a0e2e-dd3b-4ee5-9670-151ed559e5df - offersSimilarityCheck - (LABORCHART) Similarity percentage: 97%
2023-11-11 07:37:30 +0000 - dagster - INFO - LaborChartETL - c50a0e2e-dd3b-4ee5-9670-151ed559e5df - offersSimilarityCheck - (LABORCHART) (5264) auxiliar de cocina pdv casa herencia sas <-> (5266) auxiliar de cocina casa herencia sas
2023-11-11 07:37:30 +0000 - dagster - INFO - LaborChartETL - c50a0e2e-dd3b-4ee5-9670-151ed559e5df - offersSimilarityCheck - (LABORCHART) Similarity percentage: 95%
2023-11-11 07:37:33 +0000 - dagster - INFO - LaborChartETL - c50a0e2e-dd3b-4ee5-9670-151ed559e5df - offersSimilarityCheck - (LABORCHART) (5342) casera fundacion carulla aeiotu <-> (5345) caseroa fundacion carulla aeiotu
2023-11-11 07:37:33 +0000 - dagster - INFO - LaborChartETL - c50a0e2e-dd3b-4ee5-9670-151ed559e5df - offersSimilarityCheck - (LABORCHART) Similarity percentage: 98%
2023-11-11 07:37:36 +0000 - dagster - INFO - LaborChartETL - c50a0e2e-dd3b-4ee5-9670-151ed559e5df - offersSimilarityCheck - (LABORCHART) (5445) analista sst y calidad norte de bogota sismedica s a s <-> (5446) analista sst y calidad norte de bogotá sismedica s a s
2023-11-11 07:37:36 +0000 - dagster - INFO - LaborChartETL - c50a0e2e-dd3b-4ee5-9670-151ed559e5df - offersSimilarityCheck - (LABORCHART) Similarity percentage: 98%
2023-11-11 07:37:37 +0000 - dagster - INFO - LaborChartETL - c50a0e2e-dd3b-4ee5-9670-151ed559e5df - offersSimilarityCheck - (LABORCHART) (5461) dermoconsultor temporales especializados sa <-> (5462) dermoconsultora temporales especializados sa
2023-11-11 07:37:37 +0000 - dagster - INFO - LaborChartETL - c50a0e2e-dd3b-4ee5-9670-151ed559e5df - offersSimilarityCheck - (LABORCHART) Similarity percentage: 99%
2023-11-11 07:37:37 +0000 - dagster - INFO - LaborChartETL - c50a0e2e-dd3b-4ee5-9670-151ed559e5df - offersSimilarityCheck - (LABORCHART) (5463) ejecutiva de cuenta cirugia plastica temporales especializados sa <-> (5464) ejecutiva de cuenta cirugía plástica temporales especializados sa
2023-11-11 07:37:37 +0000 - dagster - INFO - LaborChartETL - c50a0e2e-dd3b-4ee5-9670-151ed559e5df - offersSimilarityCheck - (LABORCHART) Similarity percentage: 97%
2023-11-11 07:37:37 +0000 - dagster - INFO - LaborChartETL - c50a0e2e-dd3b-4ee5-9670-151ed559e5df - offersSimilarityCheck - (LABORCHART) (5465) ejecutiva de cuenta dermatología temporales especializados sa <-> (5467) ejecutiva de venta dermatología temporales especializados sa
2023-11-11 07:37:37 +0000 - dagster - INFO - LaborChartETL - c50a0e2e-dd3b-4ee5-9670-151ed559e5df - offersSimilarityCheck - (LABORCHART) Similarity percentage: 98%
2023-11-11 07:37:45 +0000 - dagster - INFO - LaborChartETL - c50a0e2e-dd3b-4ee5-9670-151ed559e5df - offersSimilarityCheck - (LABORCHART) (5724) medico especialista en salud ocupacional proteger ips profesionales en salud ocupacional y calidad sas <-> (5725) médico especialista en salud ocupacional proteger ips profesionales en salud ocupacional y calidad sas
2023-11-11 07:37:45 +0000 - dagster - INFO - LaborChartETL - c50a0e2e-dd3b-4ee5-9670-151ed559e5df - offersSimilarityCheck - (LABORCHART) Similarity percentage: 99%
2023-11-11 07:37:45 +0000 - dagster - INFO - LaborChartETL - c50a0e2e-dd3b-4ee5-9670-151ed559e5df - offersSimilarityCheck - (LABORCHART) (5724) medico especialista en salud ocupacional proteger ips profesionales en salud ocupacional y calidad sas <-> (5728) medico especialista en salud ocupacional yo sst proteger ips profesionales en salud ocupacional y calidad sas
2023-11-11 07:37:45 +0000 - dagster - INFO - LaborChartETL - c50a0e2e-dd3b-4ee5-9670-151ed559e5df - offersSimilarityCheck - (LABORCHART) Similarity percentage: 97%
2023-11-11 07:37:46 +0000 - dagster - INFO - LaborChartETL - c50a0e2e-dd3b-4ee5-9670-151ed559e5df - offersSimilarityCheck - (LABORCHART) (5761) operaria produccion sherleg laboratories s  a  s <-> (5762) operario de produccion sherleg laboratories s  a  s
2023-11-11 07:37:46 +0000 - dagster - INFO - LaborChartETL - c50a0e2e-dd3b-4ee5-9670-151ed559e5df - offersSimilarityCheck - (LABORCHART) Similarity percentage: 95%
2023-11-11 07:37:48 +0000 - dagster - INFO - LaborChartETL - c50a0e2e-dd3b-4ee5-9670-151ed559e5df - offersSimilarityCheck - (LABORCHART) (5813) asesora comercial american school way <-> (5814) asesor comercial american school way
2023-11-11 07:37:48 +0000 - dagster - INFO - LaborChartETL - c50a0e2e-dd3b-4ee5-9670-151ed559e5df - offersSimilarityCheck - (LABORCHART) Similarity percentage: 99%
2023-11-11 07:37:50 +0000 - dagster - INFO - LaborChartETL - c50a0e2e-dd3b-4ee5-9670-151ed559e5df - offersSimilarityCheck - (LABORCHART) (5890) vendedor tat liena hogar cycloid talent <-> (5891) vendedor tat línea hogar cycloid talent
2023-11-11 07:37:50 +0000 - dagster - INFO - LaborChartETL - c50a0e2e-dd3b-4ee5-9670-151ed559e5df - offersSimilarityCheck - (LABORCHART) Similarity percentage: 95%
2023-11-11 07:37:55 +0000 - dagster - INFO - LaborChartETL - c50a0e2e-dd3b-4ee5-9670-151ed559e5df - offersSimilarityCheck - (LABORCHART) (6025) diseador grafico senior salvaje colombia sas <-> (6026) diseador gráfico senior salvaje colombia sas
2023-11-11 07:37:55 +0000 - dagster - INFO - LaborChartETL - c50a0e2e-dd3b-4ee5-9670-151ed559e5df - offersSimilarityCheck - (LABORCHART) Similarity percentage: 98%
2023-11-11 07:37:55 +0000 - dagster - INFO - LaborChartETL - c50a0e2e-dd3b-4ee5-9670-151ed559e5df - offersSimilarityCheck - (LABORCHART) (6047) guarda de seguridad sevin ltda <-> (6048) guardas de seguridad sevin ltda
2023-11-11 07:37:55 +0000 - dagster - INFO - LaborChartETL - c50a0e2e-dd3b-4ee5-9670-151ed559e5df - offersSimilarityCheck - (LABORCHART) Similarity percentage: 98%
2023-11-11 07:37:58 +0000 - dagster - INFO - LaborChartETL - c50a0e2e-dd3b-4ee5-9670-151ed559e5df - offersSimilarityCheck - (LABORCHART) (6130) asesora comercial temporal cc el retiro art mode sas bic <-> (6131) asesora comercial temporal cc retiro art mode sas bic
2023-11-11 07:37:58 +0000 - dagster - INFO - LaborChartETL - c50a0e2e-dd3b-4ee5-9670-151ed559e5df - offersSimilarityCheck - (LABORCHART) Similarity percentage: 97%
2023-11-11 07:38:00 +0000 - dagster - INFO - LaborChartETL - c50a0e2e-dd3b-4ee5-9670-151ed559e5df - offersSimilarityCheck - (LABORCHART) (6194) asesor comercial de flotas clave 2000 s a <-> (6195) asesor comercial de flotillas clave 2000 s a
2023-11-11 07:38:00 +0000 - dagster - INFO - LaborChartETL - c50a0e2e-dd3b-4ee5-9670-151ed559e5df - offersSimilarityCheck - (LABORCHART) Similarity percentage: 96%
2023-11-11 07:38:01 +0000 - dagster - INFO - LaborChartETL - c50a0e2e-dd3b-4ee5-9670-151ed559e5df - offersSimilarityCheck - (LABORCHART) (6200) asesor comercial pdv tigo confianza y colaboración <-> (6201) asesor comercial tigo confianza y colaboración
2023-11-11 07:38:01 +0000 - dagster - INFO - LaborChartETL - c50a0e2e-dd3b-4ee5-9670-151ed559e5df - offersSimilarityCheck - (LABORCHART) Similarity percentage: 96%
2023-11-11 07:38:01 +0000 - dagster - INFO - LaborChartETL - c50a0e2e-dd3b-4ee5-9670-151ed559e5df - offersSimilarityCheck - (LABORCHART) (6214) auxiliar logístico ejerxa si <-> (6216) auxiliar logistico ejerxa si
2023-11-11 07:38:01 +0000 - dagster - INFO - LaborChartETL - c50a0e2e-dd3b-4ee5-9670-151ed559e5df - offersSimilarityCheck - (LABORCHART) Similarity percentage: 96%
2023-11-11 07:38:02 +0000 - dagster - INFO - LaborChartETL - c50a0e2e-dd3b-4ee5-9670-151ed559e5df - offersSimilarityCheck - (LABORCHART) (6244) fonoaudiólogo forja empresas sas <-> (6245) fonoaudiólogoa forja empresas sas
2023-11-11 07:38:02 +0000 - dagster - INFO - LaborChartETL - c50a0e2e-dd3b-4ee5-9670-151ed559e5df - offersSimilarityCheck - (LABORCHART) Similarity percentage: 98%
2023-11-11 07:38:05 +0000 - dagster - INFO - LaborChartETL - c50a0e2e-dd3b-4ee5-9670-151ed559e5df - offersSimilarityCheck - (LABORCHART) (6328) técnico electrónico kantar ibope media colombia sas <-> (6329) técnico electrónico jr kantar ibope media colombia sas
2023-11-11 07:38:05 +0000 - dagster - INFO - LaborChartETL - c50a0e2e-dd3b-4ee5-9670-151ed559e5df - offersSimilarityCheck - (LABORCHART) Similarity percentage: 97%
2023-11-11 07:38:05 +0000 - dagster - INFO - LaborChartETL - c50a0e2e-dd3b-4ee5-9670-151ed559e5df - offersSimilarityCheck - (LABORCHART) (6346) director libertex <-> (6347) directora libertex
2023-11-11 07:38:05 +0000 - dagster - INFO - LaborChartETL - c50a0e2e-dd3b-4ee5-9670-151ed559e5df - offersSimilarityCheck - (LABORCHART) Similarity percentage: 97%
2023-11-11 07:38:09 +0000 - dagster - INFO - LaborChartETL - c50a0e2e-dd3b-4ee5-9670-151ed559e5df - offersSimilarityCheck - (LABORCHART) (6455) analista mesa de servicio servitel  te conecta <-> (6457) analista de mesa de servicio servitel  te conecta
2023-11-11 07:38:09 +0000 - dagster - INFO - LaborChartETL - c50a0e2e-dd3b-4ee5-9670-151ed559e5df - offersSimilarityCheck - (LABORCHART) Similarity percentage: 97%
2023-11-11 07:38:14 +0000 - dagster - INFO - LaborChartETL - c50a0e2e-dd3b-4ee5-9670-151ed559e5df - offersSimilarityCheck - (LABORCHART) (6621) auxiliar de mantenimiento city parking sa <-> (6623) auxiliar mantenimiento city parking sa
2023-11-11 07:38:14 +0000 - dagster - INFO - LaborChartETL - c50a0e2e-dd3b-4ee5-9670-151ed559e5df - offersSimilarityCheck - (LABORCHART) Similarity percentage: 96%
2023-11-11 07:38:14 +0000 - dagster - INFO - LaborChartETL - c50a0e2e-dd3b-4ee5-9670-151ed559e5df - offersSimilarityCheck - (LABORCHART) (6626) asesor comercial club new body estetix <-> (6627) asesora comercial club new body estetix
2023-11-11 07:38:14 +0000 - dagster - INFO - LaborChartETL - c50a0e2e-dd3b-4ee5-9670-151ed559e5df - offersSimilarityCheck - (LABORCHART) Similarity percentage: 99%
2023-11-11 07:38:23 +0000 - dagster - INFO - LaborChartETL - c50a0e2e-dd3b-4ee5-9670-151ed559e5df - offersSimilarityCheck - (LABORCHART) (6935) guarda de seguridad suba seguridad y vigilancia exito de colombia <-> (6936) guarda de seguridad seguridad y vigilancia exito de colombia
2023-11-11 07:38:23 +0000 - dagster - INFO - LaborChartETL - c50a0e2e-dd3b-4ee5-9670-151ed559e5df - offersSimilarityCheck - (LABORCHART) Similarity percentage: 96%
2023-11-11 07:38:25 +0000 - dagster - INFO - LaborChartETL - c50a0e2e-dd3b-4ee5-9670-151ed559e5df - offersSimilarityCheck - (LABORCHART) (6975) ejecutivo de ventas en microcredito bogota uni2 microcrédito <-> (6978) ejecutivo de ventas en microcrédito bogotá uni2 microcrédito
2023-11-11 07:38:25 +0000 - dagster - INFO - LaborChartETL - c50a0e2e-dd3b-4ee5-9670-151ed559e5df - offersSimilarityCheck - (LABORCHART) Similarity percentage: 97%
2023-11-11 07:38:26 +0000 - dagster - INFO - LaborChartETL - c50a0e2e-dd3b-4ee5-9670-151ed559e5df - offersSimilarityCheck - (LABORCHART) (7025) desarrolador delphi senior audisoft consulting sas <-> (7026) desarrollador delphi senior audisoft consulting sas
2023-11-11 07:38:26 +0000 - dagster - INFO - LaborChartETL - c50a0e2e-dd3b-4ee5-9670-151ed559e5df - offersSimilarityCheck - (LABORCHART) Similarity percentage: 99%
2023-11-11 07:38:28 +0000 - dagster - INFO - LaborChartETL - c50a0e2e-dd3b-4ee5-9670-151ed559e5df - offersSimilarityCheck - (LABORCHART) (7089) comercial en estretegia digital contact center grupo sas <-> (7090) comercial estrategia digital contact center grupo sas
2023-11-11 07:38:28 +0000 - dagster - INFO - LaborChartETL - c50a0e2e-dd3b-4ee5-9670-151ed559e5df - offersSimilarityCheck - (LABORCHART) Similarity percentage: 95%
2023-11-11 07:38:30 +0000 - dagster - INFO - LaborChartETL - c50a0e2e-dd3b-4ee5-9670-151ed559e5df - offersSimilarityCheck - (LABORCHART) (7146) agente comercial fundación centro de estimulación nivelación y desarrollo cedesnid <-> (7148) asesor comercial fundación centro de estimulación nivelación y desarrollo cedesnid
2023-11-11 07:38:30 +0000 - dagster - INFO - LaborChartETL - c50a0e2e-dd3b-4ee5-9670-151ed559e5df - offersSimilarityCheck - (LABORCHART) Similarity percentage: 95%
2023-11-11 07:38:33 +0000 - dagster - INFO - LaborChartETL - c50a0e2e-dd3b-4ee5-9670-151ed559e5df - offersSimilarityCheck - (LABORCHART) (7237) domiciliarios la salchipaperia dc <-> (7240) domiciliario la salchipaperia dc
2023-11-11 07:38:33 +0000 - dagster - INFO - LaborChartETL - c50a0e2e-dd3b-4ee5-9670-151ed559e5df - offersSimilarityCheck - (LABORCHART) Similarity percentage: 98%
2023-11-11 07:38:35 +0000 - dagster - INFO - LaborChartETL - c50a0e2e-dd3b-4ee5-9670-151ed559e5df - offersSimilarityCheck - (LABORCHART) (7304) asesor de imagen auxiliar de venta ncs sas <-> (7305) asesora de imagen auxiliar de venta ncs sas
2023-11-11 07:38:35 +0000 - dagster - INFO - LaborChartETL - c50a0e2e-dd3b-4ee5-9670-151ed559e5df - offersSimilarityCheck - (LABORCHART) Similarity percentage: 99%
2023-11-11 07:38:37 +0000 - dagster - INFO - LaborChartETL - c50a0e2e-dd3b-4ee5-9670-151ed559e5df - offersSimilarityCheck - (LABORCHART) (7367) bilingual customer service agent english c1 qualfon colombia <-> (7368) bilingual customer service agent english c1 part qualfon colombia
2023-11-11 07:38:37 +0000 - dagster - INFO - LaborChartETL - c50a0e2e-dd3b-4ee5-9670-151ed559e5df - offersSimilarityCheck - (LABORCHART) Similarity percentage: 96%
2023-11-11 07:38:37 +0000 - dagster - INFO - LaborChartETL - c50a0e2e-dd3b-4ee5-9670-151ed559e5df - offersSimilarityCheck - (LABORCHART) (7372) activista por la niez ravess colombia sas <-> (7373) activista por niez ravess colombia sas
2023-11-11 07:38:37 +0000 - dagster - INFO - LaborChartETL - c50a0e2e-dd3b-4ee5-9670-151ed559e5df - offersSimilarityCheck - (LABORCHART) Similarity percentage: 96%
2023-11-11 07:38:38 +0000 - dagster - INFO - LaborChartETL - c50a0e2e-dd3b-4ee5-9670-151ed559e5df - offersSimilarityCheck - (LABORCHART) (7395) administradora punto de venta saraluz s a s <-> (7397) administrador punto de venta saraluz s a s
2023-11-11 07:38:38 +0000 - dagster - INFO - LaborChartETL - c50a0e2e-dd3b-4ee5-9670-151ed559e5df - offersSimilarityCheck - (LABORCHART) Similarity percentage: 99%
2023-11-11 07:38:39 +0000 - dagster - INFO - LaborChartETL - c50a0e2e-dd3b-4ee5-9670-151ed559e5df - offersSimilarityCheck - (LABORCHART) (7429) agente call center bilingüe staffingabroad <-> (7431) agente call center bilingüe bpo staffingabroad
2023-11-11 07:38:40 +0000 - dagster - INFO - LaborChartETL - c50a0e2e-dd3b-4ee5-9670-151ed559e5df - offersSimilarityCheck - (LABORCHART) Similarity percentage: 95%
2023-11-11 07:38:43 +0000 - dagster - INFO - LaborChartETL - c50a0e2e-dd3b-4ee5-9670-151ed559e5df - offersSimilarityCheck - (LABORCHART) (7536) productores btl y trade bull marketing sas <-> (7537) productores btltrade bull marketing sas
2023-11-11 07:38:43 +0000 - dagster - INFO - LaborChartETL - c50a0e2e-dd3b-4ee5-9670-151ed559e5df - offersSimilarityCheck - (LABORCHART) Similarity percentage: 96%
2023-11-11 07:38:43 +0000 - dagster - INFO - LaborChartETL - c50a0e2e-dd3b-4ee5-9670-151ed559e5df - offersSimilarityCheck - (LABORCHART) (7540) ayudante de despacho cargill <-> (7541) ayudante de despachos cargill
2023-11-11 07:38:43 +0000 - dagster - INFO - LaborChartETL - c50a0e2e-dd3b-4ee5-9670-151ed559e5df - offersSimilarityCheck - (LABORCHART) Similarity percentage: 98%
2023-11-11 07:38:51 +0000 - dagster - INFO - LaborChartETL - c50a0e2e-dd3b-4ee5-9670-151ed559e5df - offersSimilarityCheck - (LABORCHART) (7817) lider de produccion multiproyectos dmc s a s <-> (7818) líder de producción multiproyectos dmc s a s
2023-11-11 07:38:52 +0000 - dagster - INFO - LaborChartETL - c50a0e2e-dd3b-4ee5-9670-151ed559e5df - offersSimilarityCheck - (LABORCHART) Similarity percentage: 95%
2023-11-11 07:38:53 +0000 - dagster - INFO - LaborChartETL - c50a0e2e-dd3b-4ee5-9670-151ed559e5df - offersSimilarityCheck - (LABORCHART) (7859) auxiliar de cocina urgente productora y comercializadora canela sas <-> (7860) auxiliares de cocina urgente productora y comercializadora canela sas
2023-11-11 07:38:53 +0000 - dagster - INFO - LaborChartETL - c50a0e2e-dd3b-4ee5-9670-151ed559e5df - offersSimilarityCheck - (LABORCHART) Similarity percentage: 99%
2023-11-11 07:38:54 +0000 - dagster - INFO - LaborChartETL - c50a0e2e-dd3b-4ee5-9670-151ed559e5df - offersSimilarityCheck - (LABORCHART) (7894) guarda de seguridad seguridad omega limitada <-> (7896) guardas de seguridad seguridad omega limitada
2023-11-11 07:38:54 +0000 - dagster - INFO - LaborChartETL - c50a0e2e-dd3b-4ee5-9670-151ed559e5df - offersSimilarityCheck - (LABORCHART) Similarity percentage: 99%
2023-11-11 07:38:56 +0000 - dagster - INFO - LaborChartETL - c50a0e2e-dd3b-4ee5-9670-151ed559e5df - offersSimilarityCheck - (LABORCHART) (7969) investigador valuative sas <-> (7970) investigadora valuative sas
2023-11-11 07:38:56 +0000 - dagster - INFO - LaborChartETL - c50a0e2e-dd3b-4ee5-9670-151ed559e5df - offersSimilarityCheck - (LABORCHART) Similarity percentage: 98%
2023-11-11 07:38:57 +0000 - dagster - INFO - LaborChartETL - c50a0e2e-dd3b-4ee5-9670-151ed559e5df - offersSimilarityCheck - (LABORCHART) (7985) ejecutiva comercial acme leon plasticos sas <-> (7986) ejecutivo comercial acme leon plasticos sas
2023-11-11 07:38:57 +0000 - dagster - INFO - LaborChartETL - c50a0e2e-dd3b-4ee5-9670-151ed559e5df - offersSimilarityCheck - (LABORCHART) Similarity percentage: 98%
2023-11-11 07:38:58 +0000 - dagster - INFO - LaborChartETL - c50a0e2e-dd3b-4ee5-9670-151ed559e5df - offersSimilarityCheck - (LABORCHART) (8005) asesor avanc leyendo <-> (8008) asesora avanc leyendo
2023-11-11 07:38:58 +0000 - dagster - INFO - LaborChartETL - c50a0e2e-dd3b-4ee5-9670-151ed559e5df - offersSimilarityCheck - (LABORCHART) Similarity percentage: 98%
2023-11-11 07:39:05 +0000 - dagster - INFO - LaborChartETL - c50a0e2e-dd3b-4ee5-9670-151ed559e5df - offersSimilarityCheck - (LABORCHART) (8231) asesor comercial grupo mansion s  a  s  <-> (8232) asesora comercial grupo mansion s  a  s 
2023-11-11 07:39:05 +0000 - dagster - INFO - LaborChartETL - c50a0e2e-dd3b-4ee5-9670-151ed559e5df - offersSimilarityCheck - (LABORCHART) Similarity percentage: 99%
2023-11-11 07:39:13 +0000 - dagster - INFO - LaborChartETL - c50a0e2e-dd3b-4ee5-9670-151ed559e5df - offersSimilarityCheck - (LABORCHART) (8499) promotora de ventas abastecedora de ferreterias sas <-> (8500) promotor de ventas abastecedora de ferreterias sas
2023-11-11 07:39:13 +0000 - dagster - INFO - LaborChartETL - c50a0e2e-dd3b-4ee5-9670-151ed559e5df - offersSimilarityCheck - (LABORCHART) Similarity percentage: 99%
2023-11-11 07:39:15 +0000 - dagster - INFO - LaborChartETL - c50a0e2e-dd3b-4ee5-9670-151ed559e5df - offersSimilarityCheck - (LABORCHART) (8570) ingenierao de bs ingenieria y equipos sas <-> (8571) ingenieroa de bs ingenieria y equipos sas
2023-11-11 07:39:15 +0000 - dagster - INFO - LaborChartETL - c50a0e2e-dd3b-4ee5-9670-151ed559e5df - offersSimilarityCheck - (LABORCHART) Similarity percentage: 98%
2023-11-11 07:39:19 +0000 - dagster - INFO - LaborChartETL - c50a0e2e-dd3b-4ee5-9670-151ed559e5df - offersSimilarityCheck - (LABORCHART) (8683) coordiador editorial universitaria alberto merani <-> (8685) coordinadora editorial universitaria alberto merani
2023-11-11 07:39:19 +0000 - dagster - INFO - LaborChartETL - c50a0e2e-dd3b-4ee5-9670-151ed559e5df - offersSimilarityCheck - (LABORCHART) Similarity percentage: 98%
2023-11-11 07:39:20 +0000 - dagster - INFO - LaborChartETL - c50a0e2e-dd3b-4ee5-9670-151ed559e5df - offersSimilarityCheck - (LABORCHART) (8712) conductora estelar express sas <-> (8713) conductor estelar express sas
2023-11-11 07:39:20 +0000 - dagster - INFO - LaborChartETL - c50a0e2e-dd3b-4ee5-9670-151ed559e5df - offersSimilarityCheck - (LABORCHART) Similarity percentage: 98%
2023-11-11 07:39:22 +0000 - dagster - INFO - LaborChartETL - c50a0e2e-dd3b-4ee5-9670-151ed559e5df - offersSimilarityCheck - (LABORCHART) (8789) operario de inyeccion il inal lujos ltda <-> (8790) operario de inyección il inal lujos ltda
2023-11-11 07:39:22 +0000 - dagster - INFO - LaborChartETL - c50a0e2e-dd3b-4ee5-9670-151ed559e5df - offersSimilarityCheck - (LABORCHART) Similarity percentage: 98%
2023-11-11 07:39:25 +0000 - dagster - INFO - LaborChartETL - c50a0e2e-dd3b-4ee5-9670-151ed559e5df - offersSimilarityCheck - (LABORCHART) (8880) auxiliar de cocina norte de bogotá la receta y cia sas <-> (8881) auxiliares de cocina norte de bogotá la receta y cia sas
2023-11-11 07:39:25 +0000 - dagster - INFO - LaborChartETL - c50a0e2e-dd3b-4ee5-9670-151ed559e5df - offersSimilarityCheck - (LABORCHART) Similarity percentage: 98%
2023-11-11 07:39:26 +0000 - dagster - INFO - LaborChartETL - c50a0e2e-dd3b-4ee5-9670-151ed559e5df - offersSimilarityCheck - (LABORCHART) (8912) mensajero motorizado lv all services sas <-> (8913) mensajeroa motorizado lv all services sas
2023-11-11 07:39:26 +0000 - dagster - INFO - LaborChartETL - c50a0e2e-dd3b-4ee5-9670-151ed559e5df - offersSimilarityCheck - (LABORCHART) Similarity percentage: 99%
2023-11-11 07:39:28 +0000 - dagster - INFO - LaborChartETL - c50a0e2e-dd3b-4ee5-9670-151ed559e5df - offersSimilarityCheck - (LABORCHART) (8956) contadora multirepuestos bosa internacional sas <-> (8958) licitadora multirepuestos bosa internacional sas
2023-11-11 07:39:28 +0000 - dagster - INFO - LaborChartETL - c50a0e2e-dd3b-4ee5-9670-151ed559e5df - offersSimilarityCheck - (LABORCHART) Similarity percentage: 95%
2023-11-11 07:39:34 +0000 - dagster - INFO - LaborChartETL - c50a0e2e-dd3b-4ee5-9670-151ed559e5df - offersSimilarityCheck - (LABORCHART) (9151) asesor comercial terminales automotrices sa <-> (9152) asesora comercial terminales automotrices sa
2023-11-11 07:39:34 +0000 - dagster - INFO - LaborChartETL - c50a0e2e-dd3b-4ee5-9670-151ed559e5df - offersSimilarityCheck - (LABORCHART) Similarity percentage: 99%
2023-11-11 07:39:43 +0000 - dagster - INFO - LaborChartETL - c50a0e2e-dd3b-4ee5-9670-151ed559e5df - offersSimilarityCheck - (LABORCHART) (9450) auxilia de cocina y despachos delipiz sas <-> (9451) auxiliar de cocina y despachos delipiz sas
2023-11-11 07:39:43 +0000 - dagster - INFO - LaborChartETL - c50a0e2e-dd3b-4ee5-9670-151ed559e5df - offersSimilarityCheck - (LABORCHART) Similarity percentage: 99%
2023-11-11 07:39:51 +0000 - dagster - INFO - LaborChartETL - c50a0e2e-dd3b-4ee5-9670-151ed559e5df - offersSimilarityCheck - (LABORCHART) (9728) agente bilingue international labor service sas <-> (9729) agente bilingüe international labor service sas
2023-11-11 07:39:51 +0000 - dagster - INFO - LaborChartETL - c50a0e2e-dd3b-4ee5-9670-151ed559e5df - offersSimilarityCheck - (LABORCHART) Similarity percentage: 98%
2023-11-11 07:39:52 +0000 - dagster - INFO - LaborChartETL - c50a0e2e-dd3b-4ee5-9670-151ed559e5df - offersSimilarityCheck - (LABORCHART) (9744) terapeuta ocupacioal ips neuro therapy sas <-> (9745) terapeuta ocupacional ips neuro therapy sas
2023-11-11 07:39:52 +0000 - dagster - INFO - LaborChartETL - c50a0e2e-dd3b-4ee5-9670-151ed559e5df - offersSimilarityCheck - (LABORCHART) Similarity percentage: 99%
2023-11-11 07:39:53 +0000 - dagster - INFO - LaborChartETL - c50a0e2e-dd3b-4ee5-9670-151ed559e5df - offersSimilarityCheck - (LABORCHART) (9786) asesor comercial  call center level markets services export <-> (9787) asesor comercial  callcenter level markets services export
2023-11-11 07:39:53 +0000 - dagster - INFO - LaborChartETL - c50a0e2e-dd3b-4ee5-9670-151ed559e5df - offersSimilarityCheck - (LABORCHART) Similarity percentage: 99%
2023-11-11 07:40:04 +0000 - dagster - INFO - LaborChartETL - c50a0e2e-dd3b-4ee5-9670-151ed559e5df - offersSimilarityCheck - (LABORCHART) (10133) auxiliar contable tglass corporation sas <-> (10134) auxilir contable tglass corporation sas
2023-11-11 07:40:04 +0000 - dagster - INFO - LaborChartETL - c50a0e2e-dd3b-4ee5-9670-151ed559e5df - offersSimilarityCheck - (LABORCHART) Similarity percentage: 99%
2023-11-11 07:40:05 +0000 - dagster - INFO - LaborChartETL - c50a0e2e-dd3b-4ee5-9670-151ed559e5df - offersSimilarityCheck - (LABORCHART) (10143) operarios servicios generales aux de bodega vendedores y asesor call center tiempo real group dc <-> (10144) operarios servicios generales aux de bodega vendedores y asesore call center tiempo real group dc
2023-11-11 07:40:05 +0000 - dagster - INFO - LaborChartETL - c50a0e2e-dd3b-4ee5-9670-151ed559e5df - offersSimilarityCheck - (LABORCHART) Similarity percentage: 99%
2023-11-11 07:40:07 +0000 - dagster - INFO - LaborChartETL - c50a0e2e-dd3b-4ee5-9670-151ed559e5df - offersSimilarityCheck - (LABORCHART) (10212) cajero  mesero órale chingones <-> (10213) cajero mesero órale chingones
2023-11-11 07:40:07 +0000 - dagster - INFO - LaborChartETL - c50a0e2e-dd3b-4ee5-9670-151ed559e5df - offersSimilarityCheck - (LABORCHART) Similarity percentage: 98%
2023-11-11 07:40:59 +0000 - dagster - INFO - LaborChartETL - c50a0e2e-dd3b-4ee5-9670-151ed559e5df - offersSimilarityCheck - (LABORCHART) 446 offers updated
2023-11-11 07:41:48 +0000 - dagster - INFO - LaborChartETL - c50a0e2e-dd3b-4ee5-9670-151ed559e5df - offersSimilarityCheck - (LABORCHART) (1790) exl service colombia sas <-> (11283) llc services colombia sas
2023-11-11 07:41:48 +0000 - dagster - INFO - LaborChartETL - c50a0e2e-dd3b-4ee5-9670-151ed559e5df - offersSimilarityCheck - (LABORCHART) Similarity percentage: 90%
2023-11-11 07:42:14 +0000 - dagster - INFO - LaborChartETL - c50a0e2e-dd3b-4ee5-9670-151ed559e5df - offersSimilarityCheck - (LABORCHART) (2742) astaf colombia sas <-> (7705) gta colombia sas
2023-11-11 07:42:14 +0000 - dagster - INFO - LaborChartETL - c50a0e2e-dd3b-4ee5-9670-151ed559e5df - offersSimilarityCheck - (LABORCHART) Similarity percentage: 88%
2023-11-11 07:42:14 +0000 - dagster - INFO - LaborChartETL - c50a0e2e-dd3b-4ee5-9670-151ed559e5df - offersSimilarityCheck - (LABORCHART) (2742) astaf colombia sas <-> (7706) gta colombia sas
2023-11-11 07:42:14 +0000 - dagster - INFO - LaborChartETL - c50a0e2e-dd3b-4ee5-9670-151ed559e5df - offersSimilarityCheck - (LABORCHART) Similarity percentage: 88%
2023-11-11 07:42:14 +0000 - dagster - ERROR - LaborChartETL - c50a0e2e-dd3b-4ee5-9670-151ed559e5df - offersSimilarityCheck - (LABORCHART) Error while trying to update offers: 409
2023-11-11 07:42:14 +0000 - dagster - ERROR - LaborChartETL - c50a0e2e-dd3b-4ee5-9670-151ed559e5df - offersSimilarityCheck - (LABORCHART) Error trying to compare indexes: 409
2023-11-11 07:42:14 +0000 - dagster - INFO - LaborChartETL - c50a0e2e-dd3b-4ee5-9670-151ed559e5df - offersSimilarityCheck - (LABORCHART) (2743) astaf colombia sas <-> (7706) gta colombia sas
2023-11-11 07:42:14 +0000 - dagster - INFO - LaborChartETL - c50a0e2e-dd3b-4ee5-9670-151ed559e5df - offersSimilarityCheck - (LABORCHART) Similarity percentage: 88%
2023-11-11 07:42:14 +0000 - dagster - ERROR - LaborChartETL - c50a0e2e-dd3b-4ee5-9670-151ed559e5df - offersSimilarityCheck - (LABORCHART) Error while trying to update offers: 409
2023-11-11 07:42:14 +0000 - dagster - ERROR - LaborChartETL - c50a0e2e-dd3b-4ee5-9670-151ed559e5df - offersSimilarityCheck - (LABORCHART) Error trying to compare indexes: 409
2023-11-11 07:42:15 +0000 - dagster - INFO - LaborChartETL - c50a0e2e-dd3b-4ee5-9670-151ed559e5df - offersSimilarityCheck - (LABORCHART) (2744) astaf colombia sas <-> (7706) gta colombia sas
2023-11-11 07:42:15 +0000 - dagster - INFO - LaborChartETL - c50a0e2e-dd3b-4ee5-9670-151ed559e5df - offersSimilarityCheck - (LABORCHART) Similarity percentage: 88%
2023-11-11 07:42:15 +0000 - dagster - ERROR - LaborChartETL - c50a0e2e-dd3b-4ee5-9670-151ed559e5df - offersSimilarityCheck - (LABORCHART) Error while trying to update offers: 409
2023-11-11 07:42:15 +0000 - dagster - ERROR - LaborChartETL - c50a0e2e-dd3b-4ee5-9670-151ed559e5df - offersSimilarityCheck - (LABORCHART) Error trying to compare indexes: 409
2023-11-11 07:42:15 +0000 - dagster - INFO - LaborChartETL - c50a0e2e-dd3b-4ee5-9670-151ed559e5df - offersSimilarityCheck - (LABORCHART) (2745) astaf colombia sas <-> (7706) gta colombia sas
2023-11-11 07:42:15 +0000 - dagster - INFO - LaborChartETL - c50a0e2e-dd3b-4ee5-9670-151ed559e5df - offersSimilarityCheck - (LABORCHART) Similarity percentage: 88%
2023-11-11 07:42:18 +0000 - dagster - INFO - LaborChartETL - c50a0e2e-dd3b-4ee5-9670-151ed559e5df - offersSimilarityCheck - (LABORCHART) (2860) ar construcciones sas <-> (10851) eym construcciones sas
2023-11-11 07:42:18 +0000 - dagster - INFO - LaborChartETL - c50a0e2e-dd3b-4ee5-9670-151ed559e5df - offersSimilarityCheck - (LABORCHART) Similarity percentage: 88%
2023-11-11 07:42:18 +0000 - dagster - INFO - LaborChartETL - c50a0e2e-dd3b-4ee5-9670-151ed559e5df - offersSimilarityCheck - (LABORCHART) (2860) ar construcciones sas <-> (9676) ikon construcciones sas
2023-11-11 07:42:18 +0000 - dagster - INFO - LaborChartETL - c50a0e2e-dd3b-4ee5-9670-151ed559e5df - offersSimilarityCheck - (LABORCHART) Similarity percentage: 86%
2023-11-11 07:42:21 +0000 - dagster - INFO - LaborChartETL - c50a0e2e-dd3b-4ee5-9670-151ed559e5df - offersSimilarityCheck - (LABORCHART) (2948) marco colombia sas <-> (11335) mcs colombia sas
2023-11-11 07:42:21 +0000 - dagster - INFO - LaborChartETL - c50a0e2e-dd3b-4ee5-9670-151ed559e5df - offersSimilarityCheck - (LABORCHART) Similarity percentage: 88%
2023-11-11 07:42:32 +0000 - dagster - INFO - LaborChartETL - c50a0e2e-dd3b-4ee5-9670-151ed559e5df - offersSimilarityCheck - (LABORCHART) (3336) grupo empresarial proteccion sas <-> (10980) grupo empresarial seiso sas
2023-11-11 07:42:32 +0000 - dagster - INFO - LaborChartETL - c50a0e2e-dd3b-4ee5-9670-151ed559e5df - offersSimilarityCheck - (LABORCHART) Similarity percentage: 85%
2023-11-11 07:42:53 +0000 - dagster - INFO - LaborChartETL - c50a0e2e-dd3b-4ee5-9670-151ed559e5df - offersSimilarityCheck - (LABORCHART) (4108) amaris consulting sas <-> (10292) amm consulting sas
2023-11-11 07:42:53 +0000 - dagster - INFO - LaborChartETL - c50a0e2e-dd3b-4ee5-9670-151ed559e5df - offersSimilarityCheck - (LABORCHART) Similarity percentage: 87%
2023-11-11 07:43:06 +0000 - dagster - INFO - LaborChartETL - c50a0e2e-dd3b-4ee5-9670-151ed559e5df - offersSimilarityCheck - (LABORCHART) (4583) vr ingenieria <-> (9076) ro ingenieria
2023-11-11 07:43:06 +0000 - dagster - INFO - LaborChartETL - c50a0e2e-dd3b-4ee5-9670-151ed559e5df - offersSimilarityCheck - (LABORCHART) Similarity percentage: 92%
2023-11-11 07:43:45 +0000 - dagster - INFO - LaborChartETL - c50a0e2e-dd3b-4ee5-9670-151ed559e5df - offersSimilarityCheck - (LABORCHART) (5962) laboratorios funat sas <-> (9779) laboratorios lin sas
2023-11-11 07:43:45 +0000 - dagster - INFO - LaborChartETL - c50a0e2e-dd3b-4ee5-9670-151ed559e5df - offersSimilarityCheck - (LABORCHART) Similarity percentage: 86%
2023-11-11 07:44:53 +0000 - dagster - INFO - LaborChartETL - c50a0e2e-dd3b-4ee5-9670-151ed559e5df - offersSimilarityCheck - (LABORCHART) (8364) nutrialimentos carnicos sas <-> (8530) alimentos carnicos sas
2023-11-11 07:44:53 +0000 - dagster - INFO - LaborChartETL - c50a0e2e-dd3b-4ee5-9670-151ed559e5df - offersSimilarityCheck - (LABORCHART) Similarity percentage: 90%
2023-11-11 07:44:56 +0000 - dagster - INFO - LaborChartETL - c50a0e2e-dd3b-4ee5-9670-151ed559e5df - offersSimilarityCheck - (LABORCHART) (8449) talento sas <-> (10119) talentos s a s
2023-11-11 07:44:56 +0000 - dagster - INFO - LaborChartETL - c50a0e2e-dd3b-4ee5-9670-151ed559e5df - offersSimilarityCheck - (LABORCHART) Similarity percentage: 88%
2023-11-11 07:44:57 +0000 - dagster - INFO - LaborChartETL - c50a0e2e-dd3b-4ee5-9670-151ed559e5df - offersSimilarityCheck - (LABORCHART) (8481) vigias de colombia ltda <-> (8652) covisur de colombia ltda
2023-11-11 07:44:57 +0000 - dagster - INFO - LaborChartETL - c50a0e2e-dd3b-4ee5-9670-151ed559e5df - offersSimilarityCheck - (LABORCHART) Similarity percentage: 85%
2023-11-11 07:45:07 +0000 - dagster - INFO - LaborChartETL - c50a0e2e-dd3b-4ee5-9670-151ed559e5df - offersSimilarityCheck - (LABORCHART) (8816) institucion universitaria colegios de colombia <-> (11138) institucion universitaria de colombia
2023-11-11 07:45:07 +0000 - dagster - INFO - LaborChartETL - c50a0e2e-dd3b-4ee5-9670-151ed559e5df - offersSimilarityCheck - (LABORCHART) Similarity percentage: 89%
2023-11-11 07:45:14 +0000 - dagster - INFO - LaborChartETL - c50a0e2e-dd3b-4ee5-9670-151ed559e5df - offersSimilarityCheck - (LABORCHART) (9075) ro ingenieria <-> (11613) rino ingenieria
2023-11-11 07:45:14 +0000 - dagster - INFO - LaborChartETL - c50a0e2e-dd3b-4ee5-9670-151ed559e5df - offersSimilarityCheck - (LABORCHART) Similarity percentage: 93%
2023-11-11 07:45:56 +0000 - dagster - INFO - LaborChartETL - c50a0e2e-dd3b-4ee5-9670-151ed559e5df - offersSimilarityCheck - (LABORCHART) (10538) coflex colombia sas <-> (11302) lte colombia sas
2023-11-11 07:45:56 +0000 - dagster - INFO - LaborChartETL - c50a0e2e-dd3b-4ee5-9670-151ed559e5df - offersSimilarityCheck - (LABORCHART) Similarity percentage: 86%
2023-11-11 07:46:12 +0000 - dagster - INFO - LaborChartETL - c50a0e2e-dd3b-4ee5-9670-151ed559e5df - offersSimilarityCheck - (LABORCHART) (11098) industrias metalicas buitrago sas <-> (11099) industrias metalicas darco sas
2023-11-11 07:46:12 +0000 - dagster - INFO - LaborChartETL - c50a0e2e-dd3b-4ee5-9670-151ed559e5df - offersSimilarityCheck - (LABORCHART) Similarity percentage: 86%
2023-11-11 07:46:35 +0000 - dagster - INFO - LaborChartETL - c50a0e2e-dd3b-4ee5-9670-151ed559e5df - offersSimilarityCheck - (LABORCHART) 29 offers updated
2023-11-11 07:46:35 +0000 - dagster - DEBUG - LaborChartETL - c50a0e2e-dd3b-4ee5-9670-151ed559e5df - 17766 - offersSimilarityCheck - STEP_OUTPUT - Yielded output "result" of type "Nothing". (Type check passed).
2023-11-11 07:46:35 +0000 - dagster - DEBUG - LaborChartETL - c50a0e2e-dd3b-4ee5-9670-151ed559e5df - 17766 - offersSimilarityCheck - ASSET_MATERIALIZATION - Materialized value offersSimilarityCheck.
2023-11-11 07:46:35 +0000 - dagster - DEBUG - LaborChartETL - c50a0e2e-dd3b-4ee5-9670-151ed559e5df - 17766 - offersSimilarityCheck - HANDLED_OUTPUT - Handled output "result" using IO manager "io_manager"
2023-11-11 07:46:35 +0000 - dagster - DEBUG - LaborChartETL - c50a0e2e-dd3b-4ee5-9670-151ed559e5df - 17766 - offersSimilarityCheck - STEP_SUCCESS - Finished execution of step "offersSimilarityCheck" in 13m40s.
