2023-11-09 08:01:32 +0000 - dagster - DEBUG - LaborChartETL - a347a85a-a2d7-4a1a-9b05-c6540a73fc53 - 20230 - LOGS_CAPTURED - Started capturing logs in process (pid: 20230).
2023-11-09 08:01:33 +0000 - dagster - DEBUG - LaborChartETL - a347a85a-a2d7-4a1a-9b05-c6540a73fc53 - 20230 - computrabajoExtraction - STEP_START - Started execution of step "computrabajoExtraction".
2023-11-09 08:02:17 +0000 - dagster - ERROR - LaborChartETL - a347a85a-a2d7-4a1a-9b05-c6540a73fc53 - computrabajoExtraction - (LABORCHART) Company element from Computrabajo not found
2023-11-09 08:02:24 +0000 - dagster - ERROR - LaborChartETL - a347a85a-a2d7-4a1a-9b05-c6540a73fc53 - computrabajoExtraction - (LABORCHART) Company element from Computrabajo not found
2023-11-09 08:02:33 +0000 - dagster - ERROR - LaborChartETL - a347a85a-a2d7-4a1a-9b05-c6540a73fc53 - computrabajoExtraction - (LABORCHART) Company element from Computrabajo not found
2023-11-09 08:02:38 +0000 - dagster - ERROR - LaborChartETL - a347a85a-a2d7-4a1a-9b05-c6540a73fc53 - computrabajoExtraction - (LABORCHART) Company element from Computrabajo not found
2023-11-09 08:02:45 +0000 - dagster - ERROR - LaborChartETL - a347a85a-a2d7-4a1a-9b05-c6540a73fc53 - computrabajoExtraction - (LABORCHART) Company element from Computrabajo not found
2023-11-09 08:02:50 +0000 - dagster - ERROR - LaborChartETL - a347a85a-a2d7-4a1a-9b05-c6540a73fc53 - computrabajoExtraction - (LABORCHART) Company element from Computrabajo not found
2023-11-09 08:02:55 +0000 - dagster - ERROR - LaborChartETL - a347a85a-a2d7-4a1a-9b05-c6540a73fc53 - computrabajoExtraction - (LABORCHART) Company element from Computrabajo not found
2023-11-09 08:03:01 +0000 - dagster - ERROR - LaborChartETL - a347a85a-a2d7-4a1a-9b05-c6540a73fc53 - computrabajoExtraction - (LABORCHART) Company element from Computrabajo not found
2023-11-09 08:03:06 +0000 - dagster - ERROR - LaborChartETL - a347a85a-a2d7-4a1a-9b05-c6540a73fc53 - computrabajoExtraction - (LABORCHART) Company element from Computrabajo not found
2023-11-09 08:03:14 +0000 - dagster - ERROR - LaborChartETL - a347a85a-a2d7-4a1a-9b05-c6540a73fc53 - computrabajoExtraction - (LABORCHART) Company element from Computrabajo not found
2023-11-09 08:03:20 +0000 - dagster - ERROR - LaborChartETL - a347a85a-a2d7-4a1a-9b05-c6540a73fc53 - computrabajoExtraction - (LABORCHART) Company element from Computrabajo not found
2023-11-09 08:03:25 +0000 - dagster - ERROR - LaborChartETL - a347a85a-a2d7-4a1a-9b05-c6540a73fc53 - computrabajoExtraction - (LABORCHART) Company element from Computrabajo not found
2023-11-09 08:03:30 +0000 - dagster - ERROR - LaborChartETL - a347a85a-a2d7-4a1a-9b05-c6540a73fc53 - computrabajoExtraction - (LABORCHART) Company element from Computrabajo not found
2023-11-09 08:03:36 +0000 - dagster - ERROR - LaborChartETL - a347a85a-a2d7-4a1a-9b05-c6540a73fc53 - computrabajoExtraction - (LABORCHART) Company element from Computrabajo not found
2023-11-09 08:03:41 +0000 - dagster - ERROR - LaborChartETL - a347a85a-a2d7-4a1a-9b05-c6540a73fc53 - computrabajoExtraction - (LABORCHART) Company element from Computrabajo not found
2023-11-09 08:03:46 +0000 - dagster - ERROR - LaborChartETL - a347a85a-a2d7-4a1a-9b05-c6540a73fc53 - computrabajoExtraction - (LABORCHART) Company element from Computrabajo not found
2023-11-09 08:03:52 +0000 - dagster - ERROR - LaborChartETL - a347a85a-a2d7-4a1a-9b05-c6540a73fc53 - computrabajoExtraction - (LABORCHART) Company element from Computrabajo not found
2023-11-09 08:03:56 +0000 - dagster - ERROR - LaborChartETL - a347a85a-a2d7-4a1a-9b05-c6540a73fc53 - computrabajoExtraction - (LABORCHART) Company element from Computrabajo not found
2023-11-09 08:04:00 +0000 - dagster - ERROR - LaborChartETL - a347a85a-a2d7-4a1a-9b05-c6540a73fc53 - computrabajoExtraction - (LABORCHART) Company element from Computrabajo not found
2023-11-09 08:04:05 +0000 - dagster - ERROR - LaborChartETL - a347a85a-a2d7-4a1a-9b05-c6540a73fc53 - computrabajoExtraction - (LABORCHART) Company element from Computrabajo not found
2023-11-09 08:04:07 +0000 - dagster - INFO - LaborChartETL - a347a85a-a2d7-4a1a-9b05-c6540a73fc53 - computrabajoExtraction - (LABORCHART) Today's extraction: 16 offers      Pages viewed: 1
2023-11-09 08:04:08 +0000 - dagster - INFO - LaborChartETL - a347a85a-a2d7-4a1a-9b05-c6540a73fc53 - computrabajoExtraction - (LABORCHART) Computrabajo offers sent succesfully to RabbitMQ queue
2023-11-09 08:04:09 +0000 - dagster - DEBUG - LaborChartETL - a347a85a-a2d7-4a1a-9b05-c6540a73fc53 - 20230 - computrabajoExtraction - STEP_OUTPUT - Yielded output "result" of type "Nothing". (Type check passed).
2023-11-09 08:04:12 +0000 - dagster - DEBUG - LaborChartETL - a347a85a-a2d7-4a1a-9b05-c6540a73fc53 - 20230 - computrabajoExtraction - ASSET_MATERIALIZATION - Materialized value computrabajoExtraction.
2023-11-09 08:04:12 +0000 - dagster - DEBUG - LaborChartETL - a347a85a-a2d7-4a1a-9b05-c6540a73fc53 - 20230 - computrabajoExtraction - HANDLED_OUTPUT - Handled output "result" using IO manager "io_manager"
2023-11-09 08:04:13 +0000 - dagster - DEBUG - LaborChartETL - a347a85a-a2d7-4a1a-9b05-c6540a73fc53 - 20230 - computrabajoExtraction - STEP_SUCCESS - Finished execution of step "computrabajoExtraction" in 2m39s.
