2023-11-09 08:08:27 +0000 - dagster - DEBUG - LaborChartETL - a347a85a-a2d7-4a1a-9b05-c6540a73fc53 - 28670 - LOGS_CAPTURED - Started capturing logs in process (pid: 28670).
2023-11-09 08:08:28 +0000 - dagster - DEBUG - LaborChartETL - a347a85a-a2d7-4a1a-9b05-c6540a73fc53 - 28670 - offersSimilarityCheck - STEP_START - Started execution of step "offersSimilarityCheck".
2023-11-09 08:13:41 +0000 - dagster - INFO - LaborChartETL - a347a85a-a2d7-4a1a-9b05-c6540a73fc53 - offersSimilarityCheck - (LABORCHART) (132) agente bilingue en ingles  40 horas semanales y dos dias de descanso training full pago y transporte oficina concentrix <-> (137) agente bilingue  40 horas semanales y dos dias de descanso training full pago y transporte oficina concentrix
2023-11-09 08:13:42 +0000 - dagster - INFO - LaborChartETL - a347a85a-a2d7-4a1a-9b05-c6540a73fc53 - offersSimilarityCheck - (LABORCHART) Similarity percentage: 96%
2023-11-09 08:14:10 +0000 - dagster - INFO - LaborChartETL - a347a85a-a2d7-4a1a-9b05-c6540a73fc53 - offersSimilarityCheck - (LABORCHART) (162) meseroa asignar sas <-> (166) meseros asignar sas
2023-11-09 08:14:10 +0000 - dagster - INFO - LaborChartETL - a347a85a-a2d7-4a1a-9b05-c6540a73fc53 - offersSimilarityCheck - (LABORCHART) Similarity percentage: 95%
2023-11-09 08:14:19 +0000 - dagster - INFO - LaborChartETL - a347a85a-a2d7-4a1a-9b05-c6540a73fc53 - offersSimilarityCheck - (LABORCHART) (191) operario de producción gi group colombia <-> (195) operario de produccion gi group colombia
2023-11-09 08:14:19 +0000 - dagster - INFO - LaborChartETL - a347a85a-a2d7-4a1a-9b05-c6540a73fc53 - offersSimilarityCheck - (LABORCHART) Similarity percentage: 98%
2023-11-09 08:14:24 +0000 - dagster - INFO - LaborChartETL - a347a85a-a2d7-4a1a-9b05-c6540a73fc53 - offersSimilarityCheck - (LABORCHART) (200) operarioas de confección productividad empresarial sas <-> (201) operario de confeccion productividad empresarial sas
2023-11-09 08:14:24 +0000 - dagster - INFO - LaborChartETL - a347a85a-a2d7-4a1a-9b05-c6540a73fc53 - offersSimilarityCheck - (LABORCHART) Similarity percentage: 96%
2023-11-09 08:14:50 +0000 - dagster - INFO - LaborChartETL - a347a85a-a2d7-4a1a-9b05-c6540a73fc53 - offersSimilarityCheck - (LABORCHART) (350) auxiliar de enfermería medicall talento humano <-> (352) auxiliar de enfermeria medicall talento humano
2023-11-09 08:14:50 +0000 - dagster - INFO - LaborChartETL - a347a85a-a2d7-4a1a-9b05-c6540a73fc53 - offersSimilarityCheck - (LABORCHART) Similarity percentage: 98%
2023-11-09 08:15:39 +0000 - dagster - INFO - LaborChartETL - a347a85a-a2d7-4a1a-9b05-c6540a73fc53 - offersSimilarityCheck - (LABORCHART) (416) técnico junior electricista en el aeropuerto internacional el dorado con licencia b1 agencia distrital de empleo de bogotá <-> (417) técnico junior mecánico en el aeropuerto internacional el dorado con licencia b1 agencia distrital de empleo de bogotá
2023-11-09 08:15:39 +0000 - dagster - INFO - LaborChartETL - a347a85a-a2d7-4a1a-9b05-c6540a73fc53 - offersSimilarityCheck - (LABORCHART) Similarity percentage: 95%
2023-11-09 08:15:47 +0000 - dagster - INFO - LaborChartETL - a347a85a-a2d7-4a1a-9b05-c6540a73fc53 - offersSimilarityCheck - (LABORCHART) (474) bogota billingual represtantive sutherland global services sgs <-> (475) bogota billingual representative sutherland global services sgs
2023-11-09 08:15:47 +0000 - dagster - INFO - LaborChartETL - a347a85a-a2d7-4a1a-9b05-c6540a73fc53 - offersSimilarityCheck - (LABORCHART) Similarity percentage: 98%
2023-11-09 08:15:53 +0000 - dagster - INFO - LaborChartETL - a347a85a-a2d7-4a1a-9b05-c6540a73fc53 - offersSimilarityCheck - (LABORCHART) (501) asesora comercial tiempos sas <-> (503) asesor comercial tiempos sas
2023-11-09 08:15:53 +0000 - dagster - INFO - LaborChartETL - a347a85a-a2d7-4a1a-9b05-c6540a73fc53 - offersSimilarityCheck - (LABORCHART) Similarity percentage: 98%
2023-11-09 08:16:11 +0000 - dagster - INFO - LaborChartETL - a347a85a-a2d7-4a1a-9b05-c6540a73fc53 - offersSimilarityCheck - (LABORCHART) (660) cajeros manufacturas eliot sas <-> (667) cajeroa manufacturas eliot sas
2023-11-09 08:16:11 +0000 - dagster - INFO - LaborChartETL - a347a85a-a2d7-4a1a-9b05-c6540a73fc53 - offersSimilarityCheck - (LABORCHART) Similarity percentage: 97%
2023-11-09 08:16:12 +0000 - dagster - INFO - LaborChartETL - a347a85a-a2d7-4a1a-9b05-c6540a73fc53 - offersSimilarityCheck - (LABORCHART) (661) lider  administrador punto de venta manufacturas eliot sas <-> (662) líder administrador punto de venta manufacturas eliot sas
2023-11-09 08:16:12 +0000 - dagster - INFO - LaborChartETL - a347a85a-a2d7-4a1a-9b05-c6540a73fc53 - offersSimilarityCheck - (LABORCHART) Similarity percentage: 97%
2023-11-09 08:16:30 +0000 - dagster - INFO - LaborChartETL - a347a85a-a2d7-4a1a-9b05-c6540a73fc53 - offersSimilarityCheck - (LABORCHART) (772) work from home agile business analyst  ref 0031e bairesdev <-> (774) work from home business analyst  ref 0031e bairesdev
2023-11-09 08:16:30 +0000 - dagster - INFO - LaborChartETL - a347a85a-a2d7-4a1a-9b05-c6540a73fc53 - offersSimilarityCheck - (LABORCHART) Similarity percentage: 95%
2023-11-09 08:16:34 +0000 - dagster - INFO - LaborChartETL - a347a85a-a2d7-4a1a-9b05-c6540a73fc53 - offersSimilarityCheck - (LABORCHART) (790) docente inglés academia de idioma smart <-> (794) docente de inglés academia de idioma smart
2023-11-09 08:16:34 +0000 - dagster - INFO - LaborChartETL - a347a85a-a2d7-4a1a-9b05-c6540a73fc53 - offersSimilarityCheck - (LABORCHART) Similarity percentage: 96%
2023-11-09 08:16:42 +0000 - dagster - INFO - LaborChartETL - a347a85a-a2d7-4a1a-9b05-c6540a73fc53 - offersSimilarityCheck - (LABORCHART) (824) auxiliar de bodega picking lilipink  yoi <-> (828) auxiliar de bodega o picking lilipink  yoi
2023-11-09 08:16:42 +0000 - dagster - INFO - LaborChartETL - a347a85a-a2d7-4a1a-9b05-c6540a73fc53 - offersSimilarityCheck - (LABORCHART) Similarity percentage: 98%
2023-11-09 08:16:46 +0000 - dagster - INFO - LaborChartETL - a347a85a-a2d7-4a1a-9b05-c6540a73fc53 - offersSimilarityCheck - (LABORCHART) (840) asesora lunes a viernes interactivo contact center sa <-> (842) asesores lunes a viernes interactivo contact center sa
2023-11-09 08:16:47 +0000 - dagster - INFO - LaborChartETL - a347a85a-a2d7-4a1a-9b05-c6540a73fc53 - offersSimilarityCheck - (LABORCHART) Similarity percentage: 97%
2023-11-09 08:16:47 +0000 - dagster - INFO - LaborChartETL - a347a85a-a2d7-4a1a-9b05-c6540a73fc53 - offersSimilarityCheck - (LABORCHART) (840) asesora lunes a viernes interactivo contact center sa <-> (844) asesor lunes a viernes interactivo contact center sa
2023-11-09 08:16:47 +0000 - dagster - INFO - LaborChartETL - a347a85a-a2d7-4a1a-9b05-c6540a73fc53 - offersSimilarityCheck - (LABORCHART) Similarity percentage: 99%
2023-11-09 08:16:53 +0000 - dagster - INFO - LaborChartETL - a347a85a-a2d7-4a1a-9b05-c6540a73fc53 - offersSimilarityCheck - (LABORCHART) (864) asesor de servicio al cliente aplica para bachilleres básico más variable millenium bpo sa <-> (869) asesor de servicio al cliente aplica para bachilleres básico mas variable millenium bpo sa
2023-11-09 08:16:54 +0000 - dagster - INFO - LaborChartETL - a347a85a-a2d7-4a1a-9b05-c6540a73fc53 - offersSimilarityCheck - (LABORCHART) Similarity percentage: 99%
2023-11-09 08:17:42 +0000 - dagster - INFO - LaborChartETL - a347a85a-a2d7-4a1a-9b05-c6540a73fc53 - offersSimilarityCheck - (LABORCHART) (1032) asesor de pqr atlantic quantum innovations <-> (1033) asesores pqrs atlantic quantum innovations
2023-11-09 08:17:42 +0000 - dagster - INFO - LaborChartETL - a347a85a-a2d7-4a1a-9b05-c6540a73fc53 - offersSimilarityCheck - (LABORCHART) Similarity percentage: 95%
2023-11-09 08:17:48 +0000 - dagster - INFO - LaborChartETL - a347a85a-a2d7-4a1a-9b05-c6540a73fc53 - offersSimilarityCheck - (LABORCHART) (1062) auxiliar de ejecución de la operación green movil sas <-> (1067) auxiliar de ejecución de la operacion green movil sas
2023-11-09 08:17:48 +0000 - dagster - INFO - LaborChartETL - a347a85a-a2d7-4a1a-9b05-c6540a73fc53 - offersSimilarityCheck - (LABORCHART) Similarity percentage: 98%
2023-11-09 08:17:54 +0000 - dagster - INFO - LaborChartETL - a347a85a-a2d7-4a1a-9b05-c6540a73fc53 - offersSimilarityCheck - (LABORCHART) (1083) auxiliar de enfermeria comdata group <-> (1084) auxiliares de enfermería comdata group
2023-11-09 08:17:54 +0000 - dagster - INFO - LaborChartETL - a347a85a-a2d7-4a1a-9b05-c6540a73fc53 - offersSimilarityCheck - (LABORCHART) Similarity percentage: 95%
2023-11-09 08:17:55 +0000 - dagster - INFO - LaborChartETL - a347a85a-a2d7-4a1a-9b05-c6540a73fc53 - offersSimilarityCheck - (LABORCHART) (1083) auxiliar de enfermeria comdata group <-> (1086) auxiliar de enfermería comdata group
2023-11-09 08:17:55 +0000 - dagster - INFO - LaborChartETL - a347a85a-a2d7-4a1a-9b05-c6540a73fc53 - offersSimilarityCheck - (LABORCHART) Similarity percentage: 97%
2023-11-09 08:18:01 +0000 - dagster - INFO - LaborChartETL - a347a85a-a2d7-4a1a-9b05-c6540a73fc53 - offersSimilarityCheck - (LABORCHART) (1091) cocineros conextempo sas <-> (1092) cocinerosas conextempo sas
2023-11-09 08:18:01 +0000 - dagster - INFO - LaborChartETL - a347a85a-a2d7-4a1a-9b05-c6540a73fc53 - offersSimilarityCheck - (LABORCHART) Similarity percentage: 96%
2023-11-09 08:18:16 +0000 - dagster - INFO - LaborChartETL - a347a85a-a2d7-4a1a-9b05-c6540a73fc53 - offersSimilarityCheck - (LABORCHART) (1171) servicio al cliente telemark spain sl sucursal colombia zona franca permanente especial <-> (1174) asesor servicio al cliente telemark spain sl sucursal colombia zona franca permanente especial
2023-11-09 08:18:17 +0000 - dagster - INFO - LaborChartETL - a347a85a-a2d7-4a1a-9b05-c6540a73fc53 - offersSimilarityCheck - (LABORCHART) Similarity percentage: 96%
2023-11-09 08:18:24 +0000 - dagster - INFO - LaborChartETL - a347a85a-a2d7-4a1a-9b05-c6540a73fc53 - offersSimilarityCheck - (LABORCHART) (1213) analista de facturacion electronica gesthion organizacional sas <-> (1214) analista facturacion electronica gesthion organizacional sas
2023-11-09 08:18:24 +0000 - dagster - INFO - LaborChartETL - a347a85a-a2d7-4a1a-9b05-c6540a73fc53 - offersSimilarityCheck - (LABORCHART) Similarity percentage: 98%
2023-11-09 08:18:39 +0000 - dagster - INFO - LaborChartETL - a347a85a-a2d7-4a1a-9b05-c6540a73fc53 - offersSimilarityCheck - (LABORCHART) (1430) guarda de seguridad seguridad atlas ltda <-> (1435) guarda de se seguridad seguridad atlas ltda
2023-11-09 08:18:39 +0000 - dagster - INFO - LaborChartETL - a347a85a-a2d7-4a1a-9b05-c6540a73fc53 - offersSimilarityCheck - (LABORCHART) Similarity percentage: 96%
2023-11-09 08:18:42 +0000 - dagster - INFO - LaborChartETL - a347a85a-a2d7-4a1a-9b05-c6540a73fc53 - offersSimilarityCheck - (LABORCHART) (1457) asesora comercial de ferreterias apoyamos procesos temporales sas <-> (1459) asesora comercial en ferreteria apoyamos procesos temporales sas
2023-11-09 08:18:42 +0000 - dagster - INFO - LaborChartETL - a347a85a-a2d7-4a1a-9b05-c6540a73fc53 - offersSimilarityCheck - (LABORCHART) Similarity percentage: 98%
2023-11-09 08:18:59 +0000 - dagster - INFO - LaborChartETL - a347a85a-a2d7-4a1a-9b05-c6540a73fc53 - offersSimilarityCheck - (LABORCHART) (1520) gran convocatoria laboral auxiliares de bodega operarios de producción serviases s a s <-> (1524) gran convocatoria laboral auxiliares de bodega operarios de produccion serviases s a s
2023-11-09 08:18:59 +0000 - dagster - INFO - LaborChartETL - a347a85a-a2d7-4a1a-9b05-c6540a73fc53 - offersSimilarityCheck - (LABORCHART) Similarity percentage: 99%
2023-11-09 08:19:10 +0000 - dagster - INFO - LaborChartETL - a347a85a-a2d7-4a1a-9b05-c6540a73fc53 - offersSimilarityCheck - (LABORCHART) (1662) conductor puente aranda elis colombia sas <-> (1669) conductores puente aranda elis colombia sas
2023-11-09 08:19:10 +0000 - dagster - INFO - LaborChartETL - a347a85a-a2d7-4a1a-9b05-c6540a73fc53 - offersSimilarityCheck - (LABORCHART) Similarity percentage: 98%
2023-11-09 08:19:18 +0000 - dagster - INFO - LaborChartETL - a347a85a-a2d7-4a1a-9b05-c6540a73fc53 - offersSimilarityCheck - (LABORCHART) (1740) asesora comercial ohla touch colombia sas <-> (1743) asesor comercial ohla touch colombia sas
2023-11-09 08:19:18 +0000 - dagster - INFO - LaborChartETL - a347a85a-a2d7-4a1a-9b05-c6540a73fc53 - offersSimilarityCheck - (LABORCHART) Similarity percentage: 99%
2023-11-09 08:19:21 +0000 - dagster - INFO - LaborChartETL - a347a85a-a2d7-4a1a-9b05-c6540a73fc53 - offersSimilarityCheck - (LABORCHART) (1773) agente bilingüe callcenter english b2 contratación inmediata exl service colombia sas <-> (1779) agente bilingüe callcenter english b2 contratación inmediata 26 m exl service colombia sas
2023-11-09 08:19:21 +0000 - dagster - INFO - LaborChartETL - a347a85a-a2d7-4a1a-9b05-c6540a73fc53 - offersSimilarityCheck - (LABORCHART) Similarity percentage: 97%
2023-11-09 08:19:25 +0000 - dagster - INFO - LaborChartETL - a347a85a-a2d7-4a1a-9b05-c6540a73fc53 - offersSimilarityCheck - (LABORCHART) (1794) visitador farmacéutico tecnoquimicas sa <-> (1797) visitador farmaceutico tecnoquimicas sa
2023-11-09 08:19:26 +0000 - dagster - INFO - LaborChartETL - a347a85a-a2d7-4a1a-9b05-c6540a73fc53 - offersSimilarityCheck - (LABORCHART) Similarity percentage: 97%
2023-11-09 08:19:31 +0000 - dagster - INFO - LaborChartETL - a347a85a-a2d7-4a1a-9b05-c6540a73fc53 - offersSimilarityCheck - (LABORCHART) (1811) convocatoria enfermero jefe fundación hospital san carlos <-> (1813) convocatoria enfermeros jefes fundación hospital san carlos
2023-11-09 08:19:31 +0000 - dagster - INFO - LaborChartETL - a347a85a-a2d7-4a1a-9b05-c6540a73fc53 - offersSimilarityCheck - (LABORCHART) Similarity percentage: 98%
2023-11-09 08:19:39 +0000 - dagster - INFO - LaborChartETL - a347a85a-a2d7-4a1a-9b05-c6540a73fc53 - offersSimilarityCheck - (LABORCHART) (1866) administrativo stellar reclutapro pandapé <-> (1867) administrativo stellarsud reclutapro pandapé
2023-11-09 08:19:40 +0000 - dagster - INFO - LaborChartETL - a347a85a-a2d7-4a1a-9b05-c6540a73fc53 - offersSimilarityCheck - (LABORCHART) Similarity percentage: 96%
2023-11-09 08:19:40 +0000 - dagster - INFO - LaborChartETL - a347a85a-a2d7-4a1a-9b05-c6540a73fc53 - offersSimilarityCheck - (LABORCHART) (1876) promotor winner group sa <-> (1877) promotora winner group sa
2023-11-09 08:19:41 +0000 - dagster - INFO - LaborChartETL - a347a85a-a2d7-4a1a-9b05-c6540a73fc53 - offersSimilarityCheck - (LABORCHART) Similarity percentage: 98%
2023-11-09 08:19:47 +0000 - dagster - INFO - LaborChartETL - a347a85a-a2d7-4a1a-9b05-c6540a73fc53 - offersSimilarityCheck - (LABORCHART) (1921) conductor c2 bogotá gmovil sas <-> (1925) conductor c2 en bogotá gmovil sas
2023-11-09 08:19:48 +0000 - dagster - INFO - LaborChartETL - a347a85a-a2d7-4a1a-9b05-c6540a73fc53 - offersSimilarityCheck - (LABORCHART) Similarity percentage: 95%
2023-11-09 08:19:49 +0000 - dagster - INFO - LaborChartETL - a347a85a-a2d7-4a1a-9b05-c6540a73fc53 - offersSimilarityCheck - (LABORCHART) (1937) auxiliar bodega omm colombia sas <-> (1938) auxiliar de bodega omm colombia sas
2023-11-09 08:19:49 +0000 - dagster - INFO - LaborChartETL - a347a85a-a2d7-4a1a-9b05-c6540a73fc53 - offersSimilarityCheck - (LABORCHART) Similarity percentage: 96%
2023-11-09 08:20:04 +0000 - dagster - INFO - LaborChartETL - a347a85a-a2d7-4a1a-9b05-c6540a73fc53 - offersSimilarityCheck - (LABORCHART) (1993) asistente de talento humano clinica san diego <-> (1994) asistente talento humano clinica san diego
2023-11-09 08:20:05 +0000 - dagster - INFO - LaborChartETL - a347a85a-a2d7-4a1a-9b05-c6540a73fc53 - offersSimilarityCheck - (LABORCHART) Similarity percentage: 97%
2023-11-09 08:20:07 +0000 - dagster - INFO - LaborChartETL - a347a85a-a2d7-4a1a-9b05-c6540a73fc53 - offersSimilarityCheck - (LABORCHART) (2010) administradora con experiencia en restaurantes san andresito de la 38 centro de bogota contratamos sas <-> (2011) administradora con experiencia en restaurantes san andresito de la 38 centro de bogotá contratamos sas
2023-11-09 08:20:08 +0000 - dagster - INFO - LaborChartETL - a347a85a-a2d7-4a1a-9b05-c6540a73fc53 - offersSimilarityCheck - (LABORCHART) Similarity percentage: 99%
2023-11-09 08:20:18 +0000 - dagster - INFO - LaborChartETL - a347a85a-a2d7-4a1a-9b05-c6540a73fc53 - offersSimilarityCheck - (LABORCHART) (2086) asesor comercial pdp reclutapro demo <-> (2088) aasesor comercial pdp reclutapro demo
2023-11-09 08:20:19 +0000 - dagster - INFO - LaborChartETL - a347a85a-a2d7-4a1a-9b05-c6540a73fc53 - offersSimilarityCheck - (LABORCHART) Similarity percentage: 99%
2023-11-09 08:20:19 +0000 - dagster - INFO - LaborChartETL - a347a85a-a2d7-4a1a-9b05-c6540a73fc53 - offersSimilarityCheck - (LABORCHART) (2099) analista de preventa algar tech <-> (2102) analista de preventa sr algar tech
2023-11-09 08:20:19 +0000 - dagster - INFO - LaborChartETL - a347a85a-a2d7-4a1a-9b05-c6540a73fc53 - offersSimilarityCheck - (LABORCHART) Similarity percentage: 95%
2023-11-09 08:20:22 +0000 - dagster - INFO - LaborChartETL - a347a85a-a2d7-4a1a-9b05-c6540a73fc53 - offersSimilarityCheck - (LABORCHART) (2117) auxiliar administrativo contable efi servicios sas <-> (2124) auxiliar administrativoa contable efi servicios sas
2023-11-09 08:20:22 +0000 - dagster - INFO - LaborChartETL - a347a85a-a2d7-4a1a-9b05-c6540a73fc53 - offersSimilarityCheck - (LABORCHART) Similarity percentage: 99%
2023-11-09 08:20:34 +0000 - dagster - INFO - LaborChartETL - a347a85a-a2d7-4a1a-9b05-c6540a73fc53 - offersSimilarityCheck - (LABORCHART) (2221) asesor comercial externo bogotá gold rh sas <-> (2222) asesor comercial externo eps bogotá gold rh sas
2023-11-09 08:20:34 +0000 - dagster - INFO - LaborChartETL - a347a85a-a2d7-4a1a-9b05-c6540a73fc53 - offersSimilarityCheck - (LABORCHART) Similarity percentage: 96%
2023-11-09 08:20:36 +0000 - dagster - INFO - LaborChartETL - a347a85a-a2d7-4a1a-9b05-c6540a73fc53 - offersSimilarityCheck - (LABORCHART) (2226) agente call bilingüe inglés b2 fines de semana libres salario 2500000  bonificaciones igt services and technologies colombia sas <-> (2230) agente call bilingüe turismo inglés b2 fines de semana libres salario 2500000  bonificaciones igt services and technologies colombia sas
2023-11-09 08:20:36 +0000 - dagster - INFO - LaborChartETL - a347a85a-a2d7-4a1a-9b05-c6540a73fc53 - offersSimilarityCheck - (LABORCHART) Similarity percentage: 97%
2023-11-09 08:20:42 +0000 - dagster - INFO - LaborChartETL - a347a85a-a2d7-4a1a-9b05-c6540a73fc53 - offersSimilarityCheck - (LABORCHART) (2233) agente call center portugues igt services and technologies colombia sas <-> (2234) agente call center portugués b2 igt services and technologies colombia sas
2023-11-09 08:20:42 +0000 - dagster - INFO - LaborChartETL - a347a85a-a2d7-4a1a-9b05-c6540a73fc53 - offersSimilarityCheck - (LABORCHART) Similarity percentage: 97%
2023-11-09 08:21:02 +0000 - dagster - INFO - LaborChartETL - a347a85a-a2d7-4a1a-9b05-c6540a73fc53 - offersSimilarityCheck - (LABORCHART) (2379) auxiliar de lavado de vehículos limpieza metropolitana sa <-> (2385) auxiliar de lavado de vehiculos limpieza metropolitana sa
2023-11-09 08:21:02 +0000 - dagster - INFO - LaborChartETL - a347a85a-a2d7-4a1a-9b05-c6540a73fc53 - offersSimilarityCheck - (LABORCHART) Similarity percentage: 98%
2023-11-09 08:21:23 +0000 - dagster - INFO - LaborChartETL - a347a85a-a2d7-4a1a-9b05-c6540a73fc53 - offersSimilarityCheck - (LABORCHART) (2474) analista de procesos comerciales profesionales en bogotá y bucaramanga grupo educativo internacional sas <-> (2475) analista en procesos comerciales profesionales en bogotá y bucaramanga grupo educativo internacional sas
2023-11-09 08:21:23 +0000 - dagster - INFO - LaborChartETL - a347a85a-a2d7-4a1a-9b05-c6540a73fc53 - offersSimilarityCheck - (LABORCHART) Similarity percentage: 99%
2023-11-09 08:21:37 +0000 - dagster - INFO - LaborChartETL - a347a85a-a2d7-4a1a-9b05-c6540a73fc53 - offersSimilarityCheck - (LABORCHART) (2556) auxiliar contable talenting partner sas <-> (2564) auxiliar contable y talenting partner sas
2023-11-09 08:21:38 +0000 - dagster - INFO - LaborChartETL - a347a85a-a2d7-4a1a-9b05-c6540a73fc53 - offersSimilarityCheck - (LABORCHART) Similarity percentage: 98%
2023-11-09 08:21:43 +0000 - dagster - INFO - LaborChartETL - a347a85a-a2d7-4a1a-9b05-c6540a73fc53 - offersSimilarityCheck - (LABORCHART) (2596) mensajeroa cooperativa multiactiva de servicios solidarios copservir ltda <-> (2597) cajeroa cooperativa multiactiva de servicios solidarios copservir ltda
2023-11-09 08:21:44 +0000 - dagster - INFO - LaborChartETL - a347a85a-a2d7-4a1a-9b05-c6540a73fc53 - offersSimilarityCheck - (LABORCHART) Similarity percentage: 97%
2023-11-09 08:21:53 +0000 - dagster - INFO - LaborChartETL - a347a85a-a2d7-4a1a-9b05-c6540a73fc53 - offersSimilarityCheck - (LABORCHART) (2626) administrador junior de restaurante morango s  a  s  <-> (2627) administrador senior de restaurante morango s  a  s 
2023-11-09 08:21:53 +0000 - dagster - INFO - LaborChartETL - a347a85a-a2d7-4a1a-9b05-c6540a73fc53 - offersSimilarityCheck - (LABORCHART) Similarity percentage: 96%
2023-11-09 08:22:00 +0000 - dagster - INFO - LaborChartETL - a347a85a-a2d7-4a1a-9b05-c6540a73fc53 - offersSimilarityCheck - (LABORCHART) (2675) tecnólogo en seguridad y salud en el trabajo con moto comfica soluciones integrales sl sucursal colombia <-> (2677) tecnólogo en seguridad y salud en el trabajo comfica soluciones integrales sl sucursal colombia
2023-11-09 08:22:00 +0000 - dagster - INFO - LaborChartETL - a347a85a-a2d7-4a1a-9b05-c6540a73fc53 - offersSimilarityCheck - (LABORCHART) Similarity percentage: 95%
2023-11-09 08:22:10 +0000 - dagster - INFO - LaborChartETL - a347a85a-a2d7-4a1a-9b05-c6540a73fc53 - offersSimilarityCheck - (LABORCHART) (2747) aprendiz en áreas administrativas servilabor <-> (2748) aprendiz sena en áreas administrativas servilabor
2023-11-09 08:22:10 +0000 - dagster - INFO - LaborChartETL - a347a85a-a2d7-4a1a-9b05-c6540a73fc53 - offersSimilarityCheck - (LABORCHART) Similarity percentage: 95%
2023-11-09 08:22:18 +0000 - dagster - INFO - LaborChartETL - a347a85a-a2d7-4a1a-9b05-c6540a73fc53 - offersSimilarityCheck - (LABORCHART) (2767) camarera de hoteles ar construcciones sas <-> (2768) camareroa de hoteles ar construcciones sas
2023-11-09 08:22:18 +0000 - dagster - INFO - LaborChartETL - a347a85a-a2d7-4a1a-9b05-c6540a73fc53 - offersSimilarityCheck - (LABORCHART) Similarity percentage: 99%
2023-11-09 08:22:25 +0000 - dagster - INFO - LaborChartETL - a347a85a-a2d7-4a1a-9b05-c6540a73fc53 - offersSimilarityCheck - (LABORCHART) (2779) asesor comercial externo banco w sa <-> (2780) asesor comercial externo pap banco w sa
2023-11-09 08:22:25 +0000 - dagster - INFO - LaborChartETL - a347a85a-a2d7-4a1a-9b05-c6540a73fc53 - offersSimilarityCheck - (LABORCHART) Similarity percentage: 95%
2023-11-09 08:22:42 +0000 - dagster - INFO - LaborChartETL - a347a85a-a2d7-4a1a-9b05-c6540a73fc53 - offersSimilarityCheck - (LABORCHART) (2877) asesor comercial lunes a viernes con exp tat telesentinel ltda <-> (2878) asesor comercial lunes a viernes con exp telesentinel ltda
2023-11-09 08:22:42 +0000 - dagster - INFO - LaborChartETL - a347a85a-a2d7-4a1a-9b05-c6540a73fc53 - offersSimilarityCheck - (LABORCHART) Similarity percentage: 97%
2023-11-09 08:22:42 +0000 - dagster - INFO - LaborChartETL - a347a85a-a2d7-4a1a-9b05-c6540a73fc53 - offersSimilarityCheck - (LABORCHART) (2877) asesor comercial lunes a viernes con exp tat telesentinel ltda <-> (2883) asesor comercial lunes a viernes con exp tat calle telesentinel ltda
2023-11-09 08:22:42 +0000 - dagster - INFO - LaborChartETL - a347a85a-a2d7-4a1a-9b05-c6540a73fc53 - offersSimilarityCheck - (LABORCHART) Similarity percentage: 95%
2023-11-09 08:22:42 +0000 - dagster - ERROR - LaborChartETL - a347a85a-a2d7-4a1a-9b05-c6540a73fc53 - offersSimilarityCheck - (LABORCHART) Error trying to compare indexes: ConflictError(409, "{'took': 4, 'timed_out': False, 'total': 1, 'updated': 0, 'deleted': 0, 'batches': 1, 'version_conflicts': 1, 'noops': 0, 'retries': {'bulk': 0, 'search': 0}, 'throttled_millis': 0, 'requests_per_second': -1.0, 'throttled_until_millis': 0, 'failures': [{'index': 'laborchart', 'id': 'hMD8cosBgJj3t7iOM9Iz', 'cause': {'type': 'version_conflict_engine_exception', 'reason': '[hMD8cosBgJj3t7iOM9Iz]: version conflict, required seqNo [29395], primary term [1]. current document has seqNo [60658] and primary term [7]', 'index_uuid': 'iBjm1LxZSxOiMgOvxK5FMw', 'shard': '0', 'index': 'laborchart'}, 'status': 409}]}")
2023-11-09 08:22:56 +0000 - dagster - INFO - LaborChartETL - a347a85a-a2d7-4a1a-9b05-c6540a73fc53 - offersSimilarityCheck - (LABORCHART) (2915) mensajeros o domiciliarios conductor de carro y moto bogota aservit  cia <-> (2919) mensajeros o domiciliarios conductor de carro y moto bogota norte aservit  cia
2023-11-09 08:22:56 +0000 - dagster - INFO - LaborChartETL - a347a85a-a2d7-4a1a-9b05-c6540a73fc53 - offersSimilarityCheck - (LABORCHART) Similarity percentage: 96%
2023-11-09 08:23:00 +0000 - dagster - INFO - LaborChartETL - a347a85a-a2d7-4a1a-9b05-c6540a73fc53 - offersSimilarityCheck - (LABORCHART) (2917) almacenista y de inventarios bogotá aservit  cia <-> (2918) almacenistas y de inventarios bogotá aservit  cia
2023-11-09 08:23:01 +0000 - dagster - INFO - LaborChartETL - a347a85a-a2d7-4a1a-9b05-c6540a73fc53 - offersSimilarityCheck - (LABORCHART) Similarity percentage: 99%
2023-11-09 08:23:08 +0000 - dagster - INFO - LaborChartETL - a347a85a-a2d7-4a1a-9b05-c6540a73fc53 - offersSimilarityCheck - (LABORCHART) (2944) aseadora experienza sas <-> (2945) aseador experienza sas
2023-11-09 08:23:08 +0000 - dagster - INFO - LaborChartETL - a347a85a-a2d7-4a1a-9b05-c6540a73fc53 - offersSimilarityCheck - (LABORCHART) Similarity percentage: 98%
2023-11-09 08:23:12 +0000 - dagster - INFO - LaborChartETL - a347a85a-a2d7-4a1a-9b05-c6540a73fc53 - offersSimilarityCheck - (LABORCHART) (2980) coordinador de operaciones grupo neduer sas <-> (2981) coordinadora de operaciones grupo neduer sas
2023-11-09 08:23:12 +0000 - dagster - INFO - LaborChartETL - a347a85a-a2d7-4a1a-9b05-c6540a73fc53 - offersSimilarityCheck - (LABORCHART) Similarity percentage: 99%
2023-11-09 08:23:15 +0000 - dagster - INFO - LaborChartETL - a347a85a-a2d7-4a1a-9b05-c6540a73fc53 - offersSimilarityCheck - (LABORCHART) (2999) camarera operadora habitel sas <-> (3000) camareroa operadora habitel sas
2023-11-09 08:23:15 +0000 - dagster - INFO - LaborChartETL - a347a85a-a2d7-4a1a-9b05-c6540a73fc53 - offersSimilarityCheck - (LABORCHART) Similarity percentage: 98%
2023-11-09 08:23:26 +0000 - dagster - INFO - LaborChartETL - a347a85a-a2d7-4a1a-9b05-c6540a73fc53 - offersSimilarityCheck - (LABORCHART) (3023) ingeniero electricista sociedad colombiana de consultoría sas <-> (3025) ingenieroa electricista sociedad colombiana de consultoría sas
2023-11-09 08:23:26 +0000 - dagster - INFO - LaborChartETL - a347a85a-a2d7-4a1a-9b05-c6540a73fc53 - offersSimilarityCheck - (LABORCHART) Similarity percentage: 99%
2023-11-09 08:23:32 +0000 - dagster - INFO - LaborChartETL - a347a85a-a2d7-4a1a-9b05-c6540a73fc53 - offersSimilarityCheck - (LABORCHART) (3059) desarrollador full stack talycap global <-> (3060) desarrollador fullstack talycap global
2023-11-09 08:23:32 +0000 - dagster - INFO - LaborChartETL - a347a85a-a2d7-4a1a-9b05-c6540a73fc53 - offersSimilarityCheck - (LABORCHART) Similarity percentage: 99%
2023-11-09 08:23:47 +0000 - dagster - INFO - LaborChartETL - a347a85a-a2d7-4a1a-9b05-c6540a73fc53 - offersSimilarityCheck - (LABORCHART) (3104) asistente financiero con experiencia minima de 1 ao fundacion hematologica colombia <-> (3108) asistente financiero con experiencia minima fundacion hematologica colombia
2023-11-09 08:23:48 +0000 - dagster - INFO - LaborChartETL - a347a85a-a2d7-4a1a-9b05-c6540a73fc53 - offersSimilarityCheck - (LABORCHART) Similarity percentage: 95%
2023-11-09 08:24:04 +0000 - dagster - INFO - LaborChartETL - a347a85a-a2d7-4a1a-9b05-c6540a73fc53 - offersSimilarityCheck - (LABORCHART) (3201) psicologa para selección de personal de importante fintech solventa colombia sas <-> (3202) psicóloga para selección de personal de importante fintech solventa colombia sas
2023-11-09 08:24:04 +0000 - dagster - INFO - LaborChartETL - a347a85a-a2d7-4a1a-9b05-c6540a73fc53 - offersSimilarityCheck - (LABORCHART) Similarity percentage: 99%
2023-11-09 08:24:17 +0000 - dagster - INFO - LaborChartETL - a347a85a-a2d7-4a1a-9b05-c6540a73fc53 - offersSimilarityCheck - (LABORCHART) (3398) ejecutivos de ventas  call center claro colombia contratación inmediata softtek renovation sas <-> (3399) ejecutivos de ventas call center tigo colombiacontratación inmediata softtek renovation sas
2023-11-09 08:24:18 +0000 - dagster - INFO - LaborChartETL - a347a85a-a2d7-4a1a-9b05-c6540a73fc53 - offersSimilarityCheck - (LABORCHART) Similarity percentage: 95%
2023-11-09 08:24:18 +0000 - dagster - INFO - LaborChartETL - a347a85a-a2d7-4a1a-9b05-c6540a73fc53 - offersSimilarityCheck - (LABORCHART) (3400) agentes de ventas call center tigo colombiacontratación inmediata softtek renovation sas <-> (3405) asesores de ventas call center tigo colombiacontratación inmediata softtek renovation sas
2023-11-09 08:24:18 +0000 - dagster - INFO - LaborChartETL - a347a85a-a2d7-4a1a-9b05-c6540a73fc53 - offersSimilarityCheck - (LABORCHART) Similarity percentage: 96%
2023-11-09 08:24:36 +0000 - dagster - INFO - LaborChartETL - a347a85a-a2d7-4a1a-9b05-c6540a73fc53 - offersSimilarityCheck - (LABORCHART) (3535) asesora comercial rtaxi crediprosperar <-> (3539) asesor comercial rtaxi crediprosperar
2023-11-09 08:24:36 +0000 - dagster - INFO - LaborChartETL - a347a85a-a2d7-4a1a-9b05-c6540a73fc53 - offersSimilarityCheck - (LABORCHART) Similarity percentage: 99%
2023-11-09 08:24:43 +0000 - dagster - INFO - LaborChartETL - a347a85a-a2d7-4a1a-9b05-c6540a73fc53 - offersSimilarityCheck - (LABORCHART) (3596) gran convocatoria de vigilantes vigilancia santafereña <-> (3601) gran convocatoria vigilantes vigilancia santafereña
2023-11-09 08:24:43 +0000 - dagster - INFO - LaborChartETL - a347a85a-a2d7-4a1a-9b05-c6540a73fc53 - offersSimilarityCheck - (LABORCHART) Similarity percentage: 97%
2023-11-09 08:24:55 +0000 - dagster - INFO - LaborChartETL - a347a85a-a2d7-4a1a-9b05-c6540a73fc53 - offersSimilarityCheck - (LABORCHART) (3608) vigilantes para zona norte de bogotá acocel ltda asesores colombianos de celaduria <-> (3613) vigilante para zona norte de bogotá acocel ltda asesores colombianos de celaduria
2023-11-09 08:24:55 +0000 - dagster - INFO - LaborChartETL - a347a85a-a2d7-4a1a-9b05-c6540a73fc53 - offersSimilarityCheck - (LABORCHART) Similarity percentage: 99%
2023-11-09 08:24:55 +0000 - dagster - INFO - LaborChartETL - a347a85a-a2d7-4a1a-9b05-c6540a73fc53 - offersSimilarityCheck - (LABORCHART) (3608) vigilantes para zona norte de bogotá acocel ltda asesores colombianos de celaduria <-> (3614) vigilante zona norte de bogotá acocel ltda asesores colombianos de celaduria
2023-11-09 08:24:56 +0000 - dagster - INFO - LaborChartETL - a347a85a-a2d7-4a1a-9b05-c6540a73fc53 - offersSimilarityCheck - (LABORCHART) Similarity percentage: 96%
2023-11-09 08:24:56 +0000 - dagster - INFO - LaborChartETL - a347a85a-a2d7-4a1a-9b05-c6540a73fc53 - offersSimilarityCheck - (LABORCHART) (3609) guarda de seguiridad para zona norte de bogotá acocel ltda asesores colombianos de celaduria <-> (3610) guarda de seguridad para zona norte de bogotá acocel ltda asesores colombianos de celaduria
2023-11-09 08:24:56 +0000 - dagster - INFO - LaborChartETL - a347a85a-a2d7-4a1a-9b05-c6540a73fc53 - offersSimilarityCheck - (LABORCHART) Similarity percentage: 99%
2023-11-09 08:25:25 +0000 - dagster - INFO - LaborChartETL - a347a85a-a2d7-4a1a-9b05-c6540a73fc53 - offersSimilarityCheck - (LABORCHART) (3706) analista sr de impuestos convocatoria lunes 14 de agosto mts consultoría  gestión sas <-> (3707) analista sr de impuestos convocatoria viernes 11 de agosto mts consultoría  gestión sas
2023-11-09 08:25:25 +0000 - dagster - INFO - LaborChartETL - a347a85a-a2d7-4a1a-9b05-c6540a73fc53 - offersSimilarityCheck - (LABORCHART) Similarity percentage: 95%
2023-11-09 08:25:37 +0000 - dagster - INFO - LaborChartETL - a347a85a-a2d7-4a1a-9b05-c6540a73fc53 - offersSimilarityCheck - (LABORCHART) (3774) auxiliar administrativa y contable synergie th <-> (3775) auxiliar administrativoa y contable synergie th
2023-11-09 08:25:37 +0000 - dagster - INFO - LaborChartETL - a347a85a-a2d7-4a1a-9b05-c6540a73fc53 - offersSimilarityCheck - (LABORCHART) Similarity percentage: 99%
2023-11-09 08:25:44 +0000 - dagster - INFO - LaborChartETL - a347a85a-a2d7-4a1a-9b05-c6540a73fc53 - offersSimilarityCheck - (LABORCHART) (3858) analista profesional chia dinissan  talleres autorizados sa <-> (3860) analista profesional dinissan  talleres autorizados sa
2023-11-09 08:25:44 +0000 - dagster - INFO - LaborChartETL - a347a85a-a2d7-4a1a-9b05-c6540a73fc53 - offersSimilarityCheck - (LABORCHART) Similarity percentage: 96%
2023-11-09 08:25:55 +0000 - dagster - INFO - LaborChartETL - a347a85a-a2d7-4a1a-9b05-c6540a73fc53 - offersSimilarityCheck - (LABORCHART) (3967) asistente de almacen seguridad san martin <-> (3970) aistente de almacén seguridad san martin
2023-11-09 08:25:55 +0000 - dagster - INFO - LaborChartETL - a347a85a-a2d7-4a1a-9b05-c6540a73fc53 - offersSimilarityCheck - (LABORCHART) Similarity percentage: 96%
2023-11-09 08:26:12 +0000 - dagster - INFO - LaborChartETL - a347a85a-a2d7-4a1a-9b05-c6540a73fc53 - offersSimilarityCheck - (LABORCHART) (4030) analista senior contable bdo audit s a <-> (4032) analista senior contable sap bdo audit s a
2023-11-09 08:26:12 +0000 - dagster - INFO - LaborChartETL - a347a85a-a2d7-4a1a-9b05-c6540a73fc53 - offersSimilarityCheck - (LABORCHART) Similarity percentage: 95%
2023-11-09 08:26:15 +0000 - dagster - INFO - LaborChartETL - a347a85a-a2d7-4a1a-9b05-c6540a73fc53 - offersSimilarityCheck - (LABORCHART) (4052) ejecutivo comercial circulo de viajes universal sas <-> (4053) ejecutivos comerciales circulo de viajes universal sas
2023-11-09 08:26:15 +0000 - dagster - INFO - LaborChartETL - a347a85a-a2d7-4a1a-9b05-c6540a73fc53 - offersSimilarityCheck - (LABORCHART) Similarity percentage: 97%
2023-11-09 08:26:19 +0000 - dagster - INFO - LaborChartETL - a347a85a-a2d7-4a1a-9b05-c6540a73fc53 - offersSimilarityCheck - (LABORCHART) (4084) administrativoa empresarios eyc <-> (4087) administrativo empresarios eyc
2023-11-09 08:26:19 +0000 - dagster - INFO - LaborChartETL - a347a85a-a2d7-4a1a-9b05-c6540a73fc53 - offersSimilarityCheck - (LABORCHART) Similarity percentage: 98%
2023-11-09 08:26:26 +0000 - dagster - INFO - LaborChartETL - a347a85a-a2d7-4a1a-9b05-c6540a73fc53 - offersSimilarityCheck - (LABORCHART) (4116) conductor mixer hormigon urbano sas <-> (4117) conductor mixier hormigon urbano sas
2023-11-09 08:26:27 +0000 - dagster - INFO - LaborChartETL - a347a85a-a2d7-4a1a-9b05-c6540a73fc53 - offersSimilarityCheck - (LABORCHART) Similarity percentage: 99%
2023-11-09 08:26:35 +0000 - dagster - INFO - LaborChartETL - a347a85a-a2d7-4a1a-9b05-c6540a73fc53 - offersSimilarityCheck - (LABORCHART) (4205) auxiliar de producción pan pa ya <-> (4210) auxiliar de produccion pan pa ya
2023-11-09 08:26:35 +0000 - dagster - INFO - LaborChartETL - a347a85a-a2d7-4a1a-9b05-c6540a73fc53 - offersSimilarityCheck - (LABORCHART) Similarity percentage: 97%
2023-11-09 08:26:50 +0000 - dagster - INFO - LaborChartETL - a347a85a-a2d7-4a1a-9b05-c6540a73fc53 - offersSimilarityCheck - (LABORCHART) (4278) operador de medios tecnologicos servision de colombia y cia ltda <-> (4279) operador de medios tecnologicos omt servision de colombia y cia ltda
2023-11-09 08:26:50 +0000 - dagster - INFO - LaborChartETL - a347a85a-a2d7-4a1a-9b05-c6540a73fc53 - offersSimilarityCheck - (LABORCHART) Similarity percentage: 97%
2023-11-09 08:27:00 +0000 - dagster - INFO - LaborChartETL - a347a85a-a2d7-4a1a-9b05-c6540a73fc53 - offersSimilarityCheck - (LABORCHART) (4397) tecnico electrico emasivo16 sas <-> (4398) tecnicos electricos emasivo16 sas
2023-11-09 08:27:00 +0000 - dagster - INFO - LaborChartETL - a347a85a-a2d7-4a1a-9b05-c6540a73fc53 - offersSimilarityCheck - (LABORCHART) Similarity percentage: 97%
2023-11-09 08:27:04 +0000 - dagster - INFO - LaborChartETL - a347a85a-a2d7-4a1a-9b05-c6540a73fc53 - offersSimilarityCheck - (LABORCHART) (4432) tecnico en refrigeracion kaligari refrigeración sas <-> (4435) tecnico de refrigeracion kaligari refrigeración sas
2023-11-09 08:27:04 +0000 - dagster - INFO - LaborChartETL - a347a85a-a2d7-4a1a-9b05-c6540a73fc53 - offersSimilarityCheck - (LABORCHART) Similarity percentage: 98%
2023-11-09 08:27:05 +0000 - dagster - INFO - LaborChartETL - a347a85a-a2d7-4a1a-9b05-c6540a73fc53 - offersSimilarityCheck - (LABORCHART) (4437) guardas de seguridad con experiencia multiseg <-> (4442) guarda de seguridad con experiencia multiseg
2023-11-09 08:27:05 +0000 - dagster - INFO - LaborChartETL - a347a85a-a2d7-4a1a-9b05-c6540a73fc53 - offersSimilarityCheck - (LABORCHART) Similarity percentage: 99%
2023-11-09 08:27:05 +0000 - dagster - INFO - LaborChartETL - a347a85a-a2d7-4a1a-9b05-c6540a73fc53 - offersSimilarityCheck - (LABORCHART) (4437) guardas de seguridad con experiencia multiseg <-> (4444) guardas de seguridad sin experiencia multiseg
2023-11-09 08:27:06 +0000 - dagster - INFO - LaborChartETL - a347a85a-a2d7-4a1a-9b05-c6540a73fc53 - offersSimilarityCheck - (LABORCHART) Similarity percentage: 96%
2023-11-09 08:27:22 +0000 - dagster - INFO - LaborChartETL - a347a85a-a2d7-4a1a-9b05-c6540a73fc53 - offersSimilarityCheck - (LABORCHART) (4521) operaria de aseo universal de limpieza sas <-> (4522) operariao de aseo universal de limpieza sas
2023-11-09 08:27:22 +0000 - dagster - INFO - LaborChartETL - a347a85a-a2d7-4a1a-9b05-c6540a73fc53 - offersSimilarityCheck - (LABORCHART) Similarity percentage: 99%
2023-11-09 08:27:25 +0000 - dagster - INFO - LaborChartETL - a347a85a-a2d7-4a1a-9b05-c6540a73fc53 - offersSimilarityCheck - (LABORCHART) (4531) soldador mixtos sector metalmecanica urgente vr ingenieria <-> (4532) soldador mixtos sector metalmecánica urgente vr ingenieria
2023-11-09 08:27:25 +0000 - dagster - INFO - LaborChartETL - a347a85a-a2d7-4a1a-9b05-c6540a73fc53 - offersSimilarityCheck - (LABORCHART) Similarity percentage: 98%
2023-11-09 08:27:30 +0000 - dagster - INFO - LaborChartETL - a347a85a-a2d7-4a1a-9b05-c6540a73fc53 - offersSimilarityCheck - (LABORCHART) (4580) auxiliar administrativoa distribuciones el mayorista <-> (4581) auxiliar administrativa distribuciones el mayorista
2023-11-09 08:27:30 +0000 - dagster - INFO - LaborChartETL - a347a85a-a2d7-4a1a-9b05-c6540a73fc53 - offersSimilarityCheck - (LABORCHART) Similarity percentage: 99%
2023-11-09 08:27:32 +0000 - dagster - INFO - LaborChartETL - a347a85a-a2d7-4a1a-9b05-c6540a73fc53 - offersSimilarityCheck - (LABORCHART) (4587) coordinador punto de venta distribuciones el mayorista <-> (4588) coordinador punto venta distribuciones el mayorista
2023-11-09 08:27:33 +0000 - dagster - INFO - LaborChartETL - a347a85a-a2d7-4a1a-9b05-c6540a73fc53 - offersSimilarityCheck - (LABORCHART) Similarity percentage: 97%
2023-11-09 08:27:33 +0000 - dagster - INFO - LaborChartETL - a347a85a-a2d7-4a1a-9b05-c6540a73fc53 - offersSimilarityCheck - (LABORCHART) (4587) coordinador punto de venta distribuciones el mayorista <-> (4589) coordinadora punto de venta distribuciones el mayorista
2023-11-09 08:27:33 +0000 - dagster - INFO - LaborChartETL - a347a85a-a2d7-4a1a-9b05-c6540a73fc53 - offersSimilarityCheck - (LABORCHART) Similarity percentage: 99%
2023-11-09 08:27:49 +0000 - dagster - INFO - LaborChartETL - a347a85a-a2d7-4a1a-9b05-c6540a73fc53 - offersSimilarityCheck - (LABORCHART) (4680) encuestador call center marketteam sa <-> (4681) encuestadora call center marketteam sa
2023-11-09 08:27:49 +0000 - dagster - INFO - LaborChartETL - a347a85a-a2d7-4a1a-9b05-c6540a73fc53 - offersSimilarityCheck - (LABORCHART) Similarity percentage: 99%
2023-11-09 08:27:49 +0000 - dagster - INFO - LaborChartETL - a347a85a-a2d7-4a1a-9b05-c6540a73fc53 - offersSimilarityCheck - (LABORCHART) (4680) encuestador call center marketteam sa <-> (4682) encuestadorcall center marketteam sa
2023-11-09 08:27:49 +0000 - dagster - INFO - LaborChartETL - a347a85a-a2d7-4a1a-9b05-c6540a73fc53 - offersSimilarityCheck - (LABORCHART) Similarity percentage: 99%
2023-11-09 08:27:49 +0000 - dagster - INFO - LaborChartETL - a347a85a-a2d7-4a1a-9b05-c6540a73fc53 - offersSimilarityCheck - (LABORCHART) (4680) encuestador call center marketteam sa <-> (4683) encuestadores call center marketteam sa
2023-11-09 08:27:50 +0000 - dagster - INFO - LaborChartETL - a347a85a-a2d7-4a1a-9b05-c6540a73fc53 - offersSimilarityCheck - (LABORCHART) Similarity percentage: 97%
2023-11-09 08:27:55 +0000 - dagster - INFO - LaborChartETL - a347a85a-a2d7-4a1a-9b05-c6540a73fc53 - offersSimilarityCheck - (LABORCHART) (4706) oficial de construcción obrascon huarte lain sa sucursal colombia <-> (4707) oficiales de construcción obrascon huarte lain sa sucursal colombia
2023-11-09 08:27:55 +0000 - dagster - INFO - LaborChartETL - a347a85a-a2d7-4a1a-9b05-c6540a73fc53 - offersSimilarityCheck - (LABORCHART) Similarity percentage: 98%
2023-11-09 08:27:59 +0000 - dagster - INFO - LaborChartETL - a347a85a-a2d7-4a1a-9b05-c6540a73fc53 - offersSimilarityCheck - (LABORCHART) (4724) guarda de seguridad 4x4x2 seguridad evicol ltda <-> (4725) guarda de seguridad 4x2 seguridad evicol ltda
2023-11-09 08:27:59 +0000 - dagster - INFO - LaborChartETL - a347a85a-a2d7-4a1a-9b05-c6540a73fc53 - offersSimilarityCheck - (LABORCHART) Similarity percentage: 98%
2023-11-09 08:28:09 +0000 - dagster - INFO - LaborChartETL - a347a85a-a2d7-4a1a-9b05-c6540a73fc53 - offersSimilarityCheck - (LABORCHART) (4778) enfermero jefe alirio gutierrez millan y cia sas <-> (4780) enfermera jefe alirio gutierrez millan y cia sas
2023-11-09 08:28:09 +0000 - dagster - INFO - LaborChartETL - a347a85a-a2d7-4a1a-9b05-c6540a73fc53 - offersSimilarityCheck - (LABORCHART) Similarity percentage: 98%
2023-11-09 08:28:28 +0000 - dagster - INFO - LaborChartETL - a347a85a-a2d7-4a1a-9b05-c6540a73fc53 - offersSimilarityCheck - (LABORCHART) (4942) ingeniero en producción mercari <-> (4943) ingeniero en producción jr mercari
2023-11-09 08:28:28 +0000 - dagster - INFO - LaborChartETL - a347a85a-a2d7-4a1a-9b05-c6540a73fc53 - offersSimilarityCheck - (LABORCHART) Similarity percentage: 95%
2023-11-09 08:28:29 +0000 - dagster - INFO - LaborChartETL - a347a85a-a2d7-4a1a-9b05-c6540a73fc53 - offersSimilarityCheck - (LABORCHART) (4957) analista de llantas mya group sas <-> (4959) analista en llantas mya group sas
2023-11-09 08:28:29 +0000 - dagster - INFO - LaborChartETL - a347a85a-a2d7-4a1a-9b05-c6540a73fc53 - offersSimilarityCheck - (LABORCHART) Similarity percentage: 97%
2023-11-09 08:28:38 +0000 - dagster - INFO - LaborChartETL - a347a85a-a2d7-4a1a-9b05-c6540a73fc53 - offersSimilarityCheck - (LABORCHART) (5092) auxiliar de cocina pdv casa herencia sas <-> (5094) auxiliar de cocina casa herencia sas
2023-11-09 08:28:38 +0000 - dagster - INFO - LaborChartETL - a347a85a-a2d7-4a1a-9b05-c6540a73fc53 - offersSimilarityCheck - (LABORCHART) Similarity percentage: 95%
2023-11-09 08:28:41 +0000 - dagster - INFO - LaborChartETL - a347a85a-a2d7-4a1a-9b05-c6540a73fc53 - offersSimilarityCheck - (LABORCHART) (5133) digitadora egs soluciones integrales <-> (5134) digitalizadora egs soluciones integrales
2023-11-09 08:28:41 +0000 - dagster - INFO - LaborChartETL - a347a85a-a2d7-4a1a-9b05-c6540a73fc53 - offersSimilarityCheck - (LABORCHART) Similarity percentage: 95%
2023-11-09 08:28:47 +0000 - dagster - INFO - LaborChartETL - a347a85a-a2d7-4a1a-9b05-c6540a73fc53 - offersSimilarityCheck - (LABORCHART) (5160) casera fundacion carulla aeiotu <-> (5163) caseroa fundacion carulla aeiotu
2023-11-09 08:28:48 +0000 - dagster - INFO - LaborChartETL - a347a85a-a2d7-4a1a-9b05-c6540a73fc53 - offersSimilarityCheck - (LABORCHART) Similarity percentage: 98%
2023-11-09 08:29:23 +0000 - dagster - INFO - LaborChartETL - a347a85a-a2d7-4a1a-9b05-c6540a73fc53 - offersSimilarityCheck - (LABORCHART) (5271) analista sst y calidad norte de bogota sismedica s a s <-> (5272) analista sst y calidad norte de bogotá sismedica s a s
2023-11-09 08:29:24 +0000 - dagster - INFO - LaborChartETL - a347a85a-a2d7-4a1a-9b05-c6540a73fc53 - offersSimilarityCheck - (LABORCHART) Similarity percentage: 98%
2023-11-09 08:29:45 +0000 - dagster - INFO - LaborChartETL - a347a85a-a2d7-4a1a-9b05-c6540a73fc53 - offersSimilarityCheck - (LABORCHART) (5306) dermoconsultor temporales especializados sa <-> (5307) dermoconsultora temporales especializados sa
2023-11-09 08:29:45 +0000 - dagster - INFO - LaborChartETL - a347a85a-a2d7-4a1a-9b05-c6540a73fc53 - offersSimilarityCheck - (LABORCHART) Similarity percentage: 99%
2023-11-09 08:29:46 +0000 - dagster - INFO - LaborChartETL - a347a85a-a2d7-4a1a-9b05-c6540a73fc53 - offersSimilarityCheck - (LABORCHART) (5308) ejecutiva de cuenta cirugia plastica temporales especializados sa <-> (5309) ejecutiva de cuenta cirugía plástica temporales especializados sa
2023-11-09 08:29:47 +0000 - dagster - INFO - LaborChartETL - a347a85a-a2d7-4a1a-9b05-c6540a73fc53 - offersSimilarityCheck - (LABORCHART) Similarity percentage: 97%
2023-11-09 08:29:48 +0000 - dagster - INFO - LaborChartETL - a347a85a-a2d7-4a1a-9b05-c6540a73fc53 - offersSimilarityCheck - (LABORCHART) (5310) ejecutiva de cuenta dermatología temporales especializados sa <-> (5312) ejecutiva de venta dermatología temporales especializados sa
2023-11-09 08:29:48 +0000 - dagster - INFO - LaborChartETL - a347a85a-a2d7-4a1a-9b05-c6540a73fc53 - offersSimilarityCheck - (LABORCHART) Similarity percentage: 98%
2023-11-09 08:30:09 +0000 - dagster - INFO - LaborChartETL - a347a85a-a2d7-4a1a-9b05-c6540a73fc53 - offersSimilarityCheck - (LABORCHART) (5407) ingeniero desarrollador java carvajal tecnologia y servicios sas <-> (5408) ingeniero desarrollador java master carvajal tecnologia y servicios sas
2023-11-09 08:30:09 +0000 - dagster - INFO - LaborChartETL - a347a85a-a2d7-4a1a-9b05-c6540a73fc53 - offersSimilarityCheck - (LABORCHART) Similarity percentage: 95%
2023-11-09 08:30:09 +0000 - dagster - INFO - LaborChartETL - a347a85a-a2d7-4a1a-9b05-c6540a73fc53 - offersSimilarityCheck - (LABORCHART) (5407) ingeniero desarrollador java carvajal tecnologia y servicios sas <-> (5409) ingeniero jr desarrollador java carvajal tecnologia y servicios sas
2023-11-09 08:30:09 +0000 - dagster - INFO - LaborChartETL - a347a85a-a2d7-4a1a-9b05-c6540a73fc53 - offersSimilarityCheck - (LABORCHART) Similarity percentage: 98%
2023-11-09 08:30:40 +0000 - dagster - INFO - LaborChartETL - a347a85a-a2d7-4a1a-9b05-c6540a73fc53 - offersSimilarityCheck - (LABORCHART) (5550) metrólogo i intertek colombia sa <-> (5551) metrólogo ii intertek colombia sa
2023-11-09 08:30:40 +0000 - dagster - INFO - LaborChartETL - a347a85a-a2d7-4a1a-9b05-c6540a73fc53 - offersSimilarityCheck - (LABORCHART) Similarity percentage: 98%
2023-11-09 08:31:04 +0000 - dagster - INFO - LaborChartETL - a347a85a-a2d7-4a1a-9b05-c6540a73fc53 - offersSimilarityCheck - (LABORCHART) (5618) auxiliar de enfermería bogota atención domiciliaria de pacientes rohi ips sas <-> (5619) auxiliar de enfermería en bogota  atención domiciliaria de pacientes rohi ips sas
2023-11-09 08:31:04 +0000 - dagster - INFO - LaborChartETL - a347a85a-a2d7-4a1a-9b05-c6540a73fc53 - offersSimilarityCheck - (LABORCHART) Similarity percentage: 97%
2023-11-09 08:31:15 +0000 - dagster - INFO - LaborChartETL - a347a85a-a2d7-4a1a-9b05-c6540a73fc53 - offersSimilarityCheck - (LABORCHART) (5686) asesora comercial american school way <-> (5687) asesor comercial american school way
2023-11-09 08:31:15 +0000 - dagster - INFO - LaborChartETL - a347a85a-a2d7-4a1a-9b05-c6540a73fc53 - offersSimilarityCheck - (LABORCHART) Similarity percentage: 99%
2023-11-09 08:31:28 +0000 - dagster - INFO - LaborChartETL - a347a85a-a2d7-4a1a-9b05-c6540a73fc53 - offersSimilarityCheck - (LABORCHART) (5761) vendedor tat liena hogar cycloid talent <-> (5762) vendedor tat línea hogar cycloid talent
2023-11-09 08:31:29 +0000 - dagster - INFO - LaborChartETL - a347a85a-a2d7-4a1a-9b05-c6540a73fc53 - offersSimilarityCheck - (LABORCHART) Similarity percentage: 95%
2023-11-09 08:31:29 +0000 - dagster - INFO - LaborChartETL - a347a85a-a2d7-4a1a-9b05-c6540a73fc53 - offersSimilarityCheck - (LABORCHART) (5763) vendedor cajero distribuidora doña elena s  a  <-> (5765) vendedora cajera distribuidora doña elena s  a 
2023-11-09 08:31:29 +0000 - dagster - INFO - LaborChartETL - a347a85a-a2d7-4a1a-9b05-c6540a73fc53 - offersSimilarityCheck - (LABORCHART) Similarity percentage: 97%
2023-11-09 08:32:20 +0000 - dagster - INFO - LaborChartETL - a347a85a-a2d7-4a1a-9b05-c6540a73fc53 - offersSimilarityCheck - (LABORCHART) (5916) diseador grafico senior salvaje colombia sas <-> (5917) diseador gráfico senior salvaje colombia sas
2023-11-09 08:32:20 +0000 - dagster - INFO - LaborChartETL - a347a85a-a2d7-4a1a-9b05-c6540a73fc53 - offersSimilarityCheck - (LABORCHART) Similarity percentage: 98%
2023-11-09 08:32:41 +0000 - dagster - INFO - LaborChartETL - a347a85a-a2d7-4a1a-9b05-c6540a73fc53 - offersSimilarityCheck - (LABORCHART) (6016) operadora de medios tecnológicos andina de seguridad del valle <-> (6017) operadoraor de medios tecnologicos andina de seguridad del valle
2023-11-09 08:32:41 +0000 - dagster - INFO - LaborChartETL - a347a85a-a2d7-4a1a-9b05-c6540a73fc53 - offersSimilarityCheck - (LABORCHART) Similarity percentage: 97%
2023-11-09 08:32:44 +0000 - dagster - INFO - LaborChartETL - a347a85a-a2d7-4a1a-9b05-c6540a73fc53 - offersSimilarityCheck - (LABORCHART) (6021) asesora comercial temporal cc el retiro art mode sas bic <-> (6022) asesora comercial temporal cc retiro art mode sas bic
2023-11-09 08:32:45 +0000 - dagster - INFO - LaborChartETL - a347a85a-a2d7-4a1a-9b05-c6540a73fc53 - offersSimilarityCheck - (LABORCHART) Similarity percentage: 97%
2023-11-09 08:33:12 +0000 - dagster - INFO - LaborChartETL - a347a85a-a2d7-4a1a-9b05-c6540a73fc53 - offersSimilarityCheck - (LABORCHART) (6076) asesor comercial de flotas clave 2000 s a <-> (6077) asesor comercial de flotillas clave 2000 s a
2023-11-09 08:33:13 +0000 - dagster - INFO - LaborChartETL - a347a85a-a2d7-4a1a-9b05-c6540a73fc53 - offersSimilarityCheck - (LABORCHART) Similarity percentage: 96%
2023-11-09 08:33:21 +0000 - dagster - INFO - LaborChartETL - a347a85a-a2d7-4a1a-9b05-c6540a73fc53 - offersSimilarityCheck - (LABORCHART) (6082) asesor comercial pdv tigo confianza y colaboración <-> (6083) asesor comercial tigo confianza y colaboración
2023-11-09 08:33:21 +0000 - dagster - INFO - LaborChartETL - a347a85a-a2d7-4a1a-9b05-c6540a73fc53 - offersSimilarityCheck - (LABORCHART) Similarity percentage: 96%
2023-11-09 08:33:25 +0000 - dagster - INFO - LaborChartETL - a347a85a-a2d7-4a1a-9b05-c6540a73fc53 - offersSimilarityCheck - (LABORCHART) (6096) auxiliar logístico ejerxa si <-> (6098) auxiliar logistico ejerxa si
2023-11-09 08:33:25 +0000 - dagster - INFO - LaborChartETL - a347a85a-a2d7-4a1a-9b05-c6540a73fc53 - offersSimilarityCheck - (LABORCHART) Similarity percentage: 96%
2023-11-09 08:33:33 +0000 - dagster - INFO - LaborChartETL - a347a85a-a2d7-4a1a-9b05-c6540a73fc53 - offersSimilarityCheck - (LABORCHART) (6118) fonoaudiólogo forja empresas sas <-> (6119) fonoaudiólogoa forja empresas sas
2023-11-09 08:33:33 +0000 - dagster - INFO - LaborChartETL - a347a85a-a2d7-4a1a-9b05-c6540a73fc53 - offersSimilarityCheck - (LABORCHART) Similarity percentage: 98%
2023-11-09 08:33:50 +0000 - dagster - INFO - LaborChartETL - a347a85a-a2d7-4a1a-9b05-c6540a73fc53 - offersSimilarityCheck - (LABORCHART) (6211) técnico electrónico kantar ibope media colombia sas <-> (6212) técnico electrónico jr kantar ibope media colombia sas
2023-11-09 08:33:51 +0000 - dagster - INFO - LaborChartETL - a347a85a-a2d7-4a1a-9b05-c6540a73fc53 - offersSimilarityCheck - (LABORCHART) Similarity percentage: 97%
2023-11-09 08:33:57 +0000 - dagster - INFO - LaborChartETL - a347a85a-a2d7-4a1a-9b05-c6540a73fc53 - offersSimilarityCheck - (LABORCHART) (6227) director libertex <-> (6228) directora libertex
2023-11-09 08:33:57 +0000 - dagster - INFO - LaborChartETL - a347a85a-a2d7-4a1a-9b05-c6540a73fc53 - offersSimilarityCheck - (LABORCHART) Similarity percentage: 97%
2023-11-09 08:34:06 +0000 - dagster - INFO - LaborChartETL - a347a85a-a2d7-4a1a-9b05-c6540a73fc53 - offersSimilarityCheck - (LABORCHART) (6273) supervisor logístico trabaja en el aeropuerto reclutapro <-> (6274) supervisor logístico trabaja en el aeropuertov reclutapro
2023-11-09 08:34:06 +0000 - dagster - INFO - LaborChartETL - a347a85a-a2d7-4a1a-9b05-c6540a73fc53 - offersSimilarityCheck - (LABORCHART) Similarity percentage: 99%
2023-11-09 08:34:11 +0000 - dagster - INFO - LaborChartETL - a347a85a-a2d7-4a1a-9b05-c6540a73fc53 - offersSimilarityCheck - (LABORCHART) (6302) analista mesa de servicio servitel  te conecta <-> (6304) analista de mesa de servicio servitel  te conecta
2023-11-09 08:34:12 +0000 - dagster - INFO - LaborChartETL - a347a85a-a2d7-4a1a-9b05-c6540a73fc53 - offersSimilarityCheck - (LABORCHART) Similarity percentage: 97%
2023-11-09 08:34:37 +0000 - dagster - INFO - LaborChartETL - a347a85a-a2d7-4a1a-9b05-c6540a73fc53 - offersSimilarityCheck - (LABORCHART) (6436) ejecutivo comercial de piso banco falabella <-> (6438) ejecutivos comerciales de piso banco falabella
2023-11-09 08:34:37 +0000 - dagster - INFO - LaborChartETL - a347a85a-a2d7-4a1a-9b05-c6540a73fc53 - offersSimilarityCheck - (LABORCHART) Similarity percentage: 97%
2023-11-09 08:34:42 +0000 - dagster - INFO - LaborChartETL - a347a85a-a2d7-4a1a-9b05-c6540a73fc53 - offersSimilarityCheck - (LABORCHART) (6478) auxiliar de mantenimiento city parking sa <-> (6480) auxiliar mantenimiento city parking sa
2023-11-09 08:34:42 +0000 - dagster - INFO - LaborChartETL - a347a85a-a2d7-4a1a-9b05-c6540a73fc53 - offersSimilarityCheck - (LABORCHART) Similarity percentage: 96%
2023-11-09 08:34:43 +0000 - dagster - INFO - LaborChartETL - a347a85a-a2d7-4a1a-9b05-c6540a73fc53 - offersSimilarityCheck - (LABORCHART) (6483) asesor comercial club new body estetix <-> (6484) asesora comercial club new body estetix
2023-11-09 08:34:44 +0000 - dagster - INFO - LaborChartETL - a347a85a-a2d7-4a1a-9b05-c6540a73fc53 - offersSimilarityCheck - (LABORCHART) Similarity percentage: 99%
2023-11-09 08:35:17 +0000 - dagster - INFO - LaborChartETL - a347a85a-a2d7-4a1a-9b05-c6540a73fc53 - offersSimilarityCheck - (LABORCHART) (6769) guarda de seguridad suba seguridad y vigilancia exito de colombia <-> (6770) guarda de seguridad seguridad y vigilancia exito de colombia
2023-11-09 08:35:18 +0000 - dagster - INFO - LaborChartETL - a347a85a-a2d7-4a1a-9b05-c6540a73fc53 - offersSimilarityCheck - (LABORCHART) Similarity percentage: 96%
2023-11-09 08:35:24 +0000 - dagster - INFO - LaborChartETL - a347a85a-a2d7-4a1a-9b05-c6540a73fc53 - offersSimilarityCheck - (LABORCHART) (6792) operario de produccion hombresexperiencia certificadaturnos rotativos trasegar sas <-> (6793) operario de produccionexperiencia certificadaturnos rotativos trasegar sas
2023-11-09 08:35:24 +0000 - dagster - INFO - LaborChartETL - a347a85a-a2d7-4a1a-9b05-c6540a73fc53 - offersSimilarityCheck - (LABORCHART) Similarity percentage: 95%
2023-11-09 08:35:26 +0000 - dagster - INFO - LaborChartETL - a347a85a-a2d7-4a1a-9b05-c6540a73fc53 - offersSimilarityCheck - (LABORCHART) (6798) ejecutivo de ventas en microcredito bogota uni2 microcrédito <-> (6801) ejecutivo de ventas en microcrédito bogotá uni2 microcrédito
2023-11-09 08:35:26 +0000 - dagster - INFO - LaborChartETL - a347a85a-a2d7-4a1a-9b05-c6540a73fc53 - offersSimilarityCheck - (LABORCHART) Similarity percentage: 97%
2023-11-09 08:35:49 +0000 - dagster - INFO - LaborChartETL - a347a85a-a2d7-4a1a-9b05-c6540a73fc53 - offersSimilarityCheck - (LABORCHART) (6897) comercial en estretegia digital contact center grupo sas <-> (6898) comercial estrategia digital contact center grupo sas
2023-11-09 08:35:49 +0000 - dagster - INFO - LaborChartETL - a347a85a-a2d7-4a1a-9b05-c6540a73fc53 - offersSimilarityCheck - (LABORCHART) Similarity percentage: 95%
2023-11-09 08:36:05 +0000 - dagster - INFO - LaborChartETL - a347a85a-a2d7-4a1a-9b05-c6540a73fc53 - offersSimilarityCheck - (LABORCHART) (6970) agente comercial fundación centro de estimulación nivelación y desarrollo cedesnid <-> (6972) asesor comercial fundación centro de estimulación nivelación y desarrollo cedesnid
2023-11-09 08:36:05 +0000 - dagster - INFO - LaborChartETL - a347a85a-a2d7-4a1a-9b05-c6540a73fc53 - offersSimilarityCheck - (LABORCHART) Similarity percentage: 95%
2023-11-09 08:36:20 +0000 - dagster - INFO - LaborChartETL - a347a85a-a2d7-4a1a-9b05-c6540a73fc53 - offersSimilarityCheck - (LABORCHART) (7064) domiciliarios la salchipaperia dc <-> (7067) domiciliario la salchipaperia dc
2023-11-09 08:36:20 +0000 - dagster - INFO - LaborChartETL - a347a85a-a2d7-4a1a-9b05-c6540a73fc53 - offersSimilarityCheck - (LABORCHART) Similarity percentage: 98%
2023-11-09 08:36:34 +0000 - dagster - INFO - LaborChartETL - a347a85a-a2d7-4a1a-9b05-c6540a73fc53 - offersSimilarityCheck - (LABORCHART) (7117) asesor de imagen auxiliar de venta ncs sas <-> (7118) asesora de imagen auxiliar de venta ncs sas
2023-11-09 08:36:34 +0000 - dagster - INFO - LaborChartETL - a347a85a-a2d7-4a1a-9b05-c6540a73fc53 - offersSimilarityCheck - (LABORCHART) Similarity percentage: 99%
2023-11-09 08:36:44 +0000 - dagster - INFO - LaborChartETL - a347a85a-a2d7-4a1a-9b05-c6540a73fc53 - offersSimilarityCheck - (LABORCHART) (7164) bilingual customer service agent english c1 qualfon colombia <-> (7165) bilingual customer service agent english c1 part qualfon colombia
2023-11-09 08:36:44 +0000 - dagster - INFO - LaborChartETL - a347a85a-a2d7-4a1a-9b05-c6540a73fc53 - offersSimilarityCheck - (LABORCHART) Similarity percentage: 96%
2023-11-09 08:36:47 +0000 - dagster - INFO - LaborChartETL - a347a85a-a2d7-4a1a-9b05-c6540a73fc53 - offersSimilarityCheck - (LABORCHART) (7169) activista por la niez ravess colombia sas <-> (7170) activista por niez ravess colombia sas
2023-11-09 08:36:47 +0000 - dagster - INFO - LaborChartETL - a347a85a-a2d7-4a1a-9b05-c6540a73fc53 - offersSimilarityCheck - (LABORCHART) Similarity percentage: 96%
2023-11-09 08:36:55 +0000 - dagster - INFO - LaborChartETL - a347a85a-a2d7-4a1a-9b05-c6540a73fc53 - offersSimilarityCheck - (LABORCHART) (7198) administradora punto de venta saraluz s a s <-> (7200) administrador punto de venta saraluz s a s
2023-11-09 08:36:56 +0000 - dagster - INFO - LaborChartETL - a347a85a-a2d7-4a1a-9b05-c6540a73fc53 - offersSimilarityCheck - (LABORCHART) Similarity percentage: 99%
2023-11-09 08:37:05 +0000 - dagster - INFO - LaborChartETL - a347a85a-a2d7-4a1a-9b05-c6540a73fc53 - offersSimilarityCheck - (LABORCHART) (7254) agente call center bilingüe staffingabroad <-> (7256) agente call center bilingüe bpo staffingabroad
2023-11-09 08:37:05 +0000 - dagster - INFO - LaborChartETL - a347a85a-a2d7-4a1a-9b05-c6540a73fc53 - offersSimilarityCheck - (LABORCHART) Similarity percentage: 95%
2023-11-09 08:37:10 +0000 - dagster - INFO - LaborChartETL - a347a85a-a2d7-4a1a-9b05-c6540a73fc53 - offersSimilarityCheck - (LABORCHART) (7290) ejecutivo comercial junior valley cargo sas <-> (7291) ejecutivo comercial senior valley cargo sas
2023-11-09 08:37:10 +0000 - dagster - INFO - LaborChartETL - a347a85a-a2d7-4a1a-9b05-c6540a73fc53 - offersSimilarityCheck - (LABORCHART) Similarity percentage: 95%
2023-11-09 08:37:19 +0000 - dagster - INFO - LaborChartETL - a347a85a-a2d7-4a1a-9b05-c6540a73fc53 - offersSimilarityCheck - (LABORCHART) (7360) productores btl y trade bull marketing sas <-> (7361) productores btltrade bull marketing sas
2023-11-09 08:37:19 +0000 - dagster - INFO - LaborChartETL - a347a85a-a2d7-4a1a-9b05-c6540a73fc53 - offersSimilarityCheck - (LABORCHART) Similarity percentage: 96%
2023-11-09 08:37:20 +0000 - dagster - INFO - LaborChartETL - a347a85a-a2d7-4a1a-9b05-c6540a73fc53 - offersSimilarityCheck - (LABORCHART) (7364) ayudante de despacho cargill <-> (7365) ayudante de despachos cargill
2023-11-09 08:37:21 +0000 - dagster - INFO - LaborChartETL - a347a85a-a2d7-4a1a-9b05-c6540a73fc53 - offersSimilarityCheck - (LABORCHART) Similarity percentage: 98%
2023-11-09 08:38:05 +0000 - dagster - INFO - LaborChartETL - a347a85a-a2d7-4a1a-9b05-c6540a73fc53 - offersSimilarityCheck - (LABORCHART) (7661) lider de produccion multiproyectos dmc s a s <-> (7662) líder de producción multiproyectos dmc s a s
2023-11-09 08:38:05 +0000 - dagster - INFO - LaborChartETL - a347a85a-a2d7-4a1a-9b05-c6540a73fc53 - offersSimilarityCheck - (LABORCHART) Similarity percentage: 95%
2023-11-09 08:38:14 +0000 - dagster - INFO - LaborChartETL - a347a85a-a2d7-4a1a-9b05-c6540a73fc53 - offersSimilarityCheck - (LABORCHART) (7704) auxiliar de cocina urgente productora y comercializadora canela sas <-> (7705) auxiliares de cocina urgente productora y comercializadora canela sas
2023-11-09 08:38:14 +0000 - dagster - INFO - LaborChartETL - a347a85a-a2d7-4a1a-9b05-c6540a73fc53 - offersSimilarityCheck - (LABORCHART) Similarity percentage: 99%
2023-11-09 08:38:20 +0000 - dagster - INFO - LaborChartETL - a347a85a-a2d7-4a1a-9b05-c6540a73fc53 - offersSimilarityCheck - (LABORCHART) (7730) guarda de seguridad seguridad omega limitada <-> (7732) guardas de seguridad seguridad omega limitada
2023-11-09 08:38:20 +0000 - dagster - INFO - LaborChartETL - a347a85a-a2d7-4a1a-9b05-c6540a73fc53 - offersSimilarityCheck - (LABORCHART) Similarity percentage: 99%
2023-11-09 08:38:29 +0000 - dagster - INFO - LaborChartETL - a347a85a-a2d7-4a1a-9b05-c6540a73fc53 - offersSimilarityCheck - (LABORCHART) (7809) investigador valuative sas <-> (7810) investigadora valuative sas
2023-11-09 08:38:29 +0000 - dagster - INFO - LaborChartETL - a347a85a-a2d7-4a1a-9b05-c6540a73fc53 - offersSimilarityCheck - (LABORCHART) Similarity percentage: 98%
2023-11-09 08:38:32 +0000 - dagster - INFO - LaborChartETL - a347a85a-a2d7-4a1a-9b05-c6540a73fc53 - offersSimilarityCheck - (LABORCHART) (7825) ejecutiva comercial acme leon plasticos sas <-> (7826) ejecutivo comercial acme leon plasticos sas
2023-11-09 08:38:32 +0000 - dagster - INFO - LaborChartETL - a347a85a-a2d7-4a1a-9b05-c6540a73fc53 - offersSimilarityCheck - (LABORCHART) Similarity percentage: 98%
2023-11-09 08:38:59 +0000 - dagster - INFO - LaborChartETL - a347a85a-a2d7-4a1a-9b05-c6540a73fc53 - offersSimilarityCheck - (LABORCHART) (8069) asesor comercial grupo mansion s  a  s  <-> (8070) asesora comercial grupo mansion s  a  s 
2023-11-09 08:38:59 +0000 - dagster - INFO - LaborChartETL - a347a85a-a2d7-4a1a-9b05-c6540a73fc53 - offersSimilarityCheck - (LABORCHART) Similarity percentage: 99%
2023-11-09 08:39:38 +0000 - dagster - INFO - LaborChartETL - a347a85a-a2d7-4a1a-9b05-c6540a73fc53 - offersSimilarityCheck - (LABORCHART) (8329) promotora de ventas abastecedora de ferreterias sas <-> (8330) promotor de ventas abastecedora de ferreterias sas
2023-11-09 08:39:38 +0000 - dagster - INFO - LaborChartETL - a347a85a-a2d7-4a1a-9b05-c6540a73fc53 - offersSimilarityCheck - (LABORCHART) Similarity percentage: 99%
2023-11-09 08:39:52 +0000 - dagster - INFO - LaborChartETL - a347a85a-a2d7-4a1a-9b05-c6540a73fc53 - offersSimilarityCheck - (LABORCHART) (8396) ingenierao de bs ingenieria y equipos sas <-> (8397) ingenieroa de bs ingenieria y equipos sas
2023-11-09 08:39:52 +0000 - dagster - INFO - LaborChartETL - a347a85a-a2d7-4a1a-9b05-c6540a73fc53 - offersSimilarityCheck - (LABORCHART) Similarity percentage: 98%
2023-11-09 08:40:07 +0000 - dagster - INFO - LaborChartETL - a347a85a-a2d7-4a1a-9b05-c6540a73fc53 - offersSimilarityCheck - (LABORCHART) (8495) coordiador editorial universitaria alberto merani <-> (8497) coordinadora editorial universitaria alberto merani
2023-11-09 08:40:07 +0000 - dagster - INFO - LaborChartETL - a347a85a-a2d7-4a1a-9b05-c6540a73fc53 - offersSimilarityCheck - (LABORCHART) Similarity percentage: 98%
2023-11-09 08:40:12 +0000 - dagster - INFO - LaborChartETL - a347a85a-a2d7-4a1a-9b05-c6540a73fc53 - offersSimilarityCheck - (LABORCHART) (8521) conductora estelar express sas <-> (8522) conductor estelar express sas
2023-11-09 08:40:12 +0000 - dagster - INFO - LaborChartETL - a347a85a-a2d7-4a1a-9b05-c6540a73fc53 - offersSimilarityCheck - (LABORCHART) Similarity percentage: 98%
2023-11-09 08:40:53 +0000 - dagster - INFO - LaborChartETL - a347a85a-a2d7-4a1a-9b05-c6540a73fc53 - offersSimilarityCheck - (LABORCHART) (8690) auxiliar de cocina norte de bogotá la receta y cia sas <-> (8691) auxiliares de cocina norte de bogotá la receta y cia sas
2023-11-09 08:40:54 +0000 - dagster - INFO - LaborChartETL - a347a85a-a2d7-4a1a-9b05-c6540a73fc53 - offersSimilarityCheck - (LABORCHART) Similarity percentage: 98%
2023-11-09 08:41:00 +0000 - dagster - INFO - LaborChartETL - a347a85a-a2d7-4a1a-9b05-c6540a73fc53 - offersSimilarityCheck - (LABORCHART) (8725) mensajero motorizado lv all services sas <-> (8726) mensajeroa motorizado lv all services sas
2023-11-09 08:41:00 +0000 - dagster - INFO - LaborChartETL - a347a85a-a2d7-4a1a-9b05-c6540a73fc53 - offersSimilarityCheck - (LABORCHART) Similarity percentage: 99%
2023-11-09 08:41:09 +0000 - dagster - INFO - LaborChartETL - a347a85a-a2d7-4a1a-9b05-c6540a73fc53 - offersSimilarityCheck - (LABORCHART) (8769) contadora multirepuestos bosa internacional sas <-> (8771) licitadora multirepuestos bosa internacional sas
2023-11-09 08:41:09 +0000 - dagster - INFO - LaborChartETL - a347a85a-a2d7-4a1a-9b05-c6540a73fc53 - offersSimilarityCheck - (LABORCHART) Similarity percentage: 95%
2023-11-09 08:41:30 +0000 - dagster - INFO - LaborChartETL - a347a85a-a2d7-4a1a-9b05-c6540a73fc53 - offersSimilarityCheck - (LABORCHART) (8953) asesor comercial terminales automotrices sa <-> (8954) asesora comercial terminales automotrices sa
2023-11-09 08:41:31 +0000 - dagster - INFO - LaborChartETL - a347a85a-a2d7-4a1a-9b05-c6540a73fc53 - offersSimilarityCheck - (LABORCHART) Similarity percentage: 99%
2023-11-09 08:42:15 +0000 - dagster - INFO - LaborChartETL - a347a85a-a2d7-4a1a-9b05-c6540a73fc53 - offersSimilarityCheck - (LABORCHART) (9244) auxilia de cocina y despachos delipiz sas <-> (9245) auxiliar de cocina y despachos delipiz sas
2023-11-09 08:42:15 +0000 - dagster - INFO - LaborChartETL - a347a85a-a2d7-4a1a-9b05-c6540a73fc53 - offersSimilarityCheck - (LABORCHART) Similarity percentage: 99%
2023-11-09 08:42:40 +0000 - dagster - INFO - LaborChartETL - a347a85a-a2d7-4a1a-9b05-c6540a73fc53 - offersSimilarityCheck - (LABORCHART) (9516) agente bilingue international labor service sas <-> (9517) agente bilingüe international labor service sas
2023-11-09 08:42:40 +0000 - dagster - INFO - LaborChartETL - a347a85a-a2d7-4a1a-9b05-c6540a73fc53 - offersSimilarityCheck - (LABORCHART) Similarity percentage: 98%
2023-11-09 08:42:50 +0000 - dagster - INFO - LaborChartETL - a347a85a-a2d7-4a1a-9b05-c6540a73fc53 - offersSimilarityCheck - (LABORCHART) (9534) terapeuta ocupacioal ips neuro therapy sas <-> (9535) terapeuta ocupacional ips neuro therapy sas
2023-11-09 08:42:50 +0000 - dagster - INFO - LaborChartETL - a347a85a-a2d7-4a1a-9b05-c6540a73fc53 - offersSimilarityCheck - (LABORCHART) Similarity percentage: 99%
2023-11-09 08:42:55 +0000 - dagster - INFO - LaborChartETL - a347a85a-a2d7-4a1a-9b05-c6540a73fc53 - offersSimilarityCheck - (LABORCHART) (9576) asesor comercial  call center level markets services export <-> (9577) asesor comercial  callcenter level markets services export
2023-11-09 08:42:55 +0000 - dagster - INFO - LaborChartETL - a347a85a-a2d7-4a1a-9b05-c6540a73fc53 - offersSimilarityCheck - (LABORCHART) Similarity percentage: 99%
2023-11-09 08:43:29 +0000 - dagster - INFO - LaborChartETL - a347a85a-a2d7-4a1a-9b05-c6540a73fc53 - offersSimilarityCheck - (LABORCHART) (9906) auxiliar contable tglass corporation sas <-> (9907) auxilir contable tglass corporation sas
2023-11-09 08:43:29 +0000 - dagster - INFO - LaborChartETL - a347a85a-a2d7-4a1a-9b05-c6540a73fc53 - offersSimilarityCheck - (LABORCHART) Similarity percentage: 99%
2023-11-09 08:43:31 +0000 - dagster - INFO - LaborChartETL - a347a85a-a2d7-4a1a-9b05-c6540a73fc53 - offersSimilarityCheck - (LABORCHART) (9916) operarios servicios generales aux de bodega vendedores y asesor call center tiempo real group dc <-> (9917) operarios servicios generales aux de bodega vendedores y asesore call center tiempo real group dc
2023-11-09 08:43:31 +0000 - dagster - INFO - LaborChartETL - a347a85a-a2d7-4a1a-9b05-c6540a73fc53 - offersSimilarityCheck - (LABORCHART) Similarity percentage: 99%
2023-11-09 08:43:41 +0000 - dagster - INFO - LaborChartETL - a347a85a-a2d7-4a1a-9b05-c6540a73fc53 - offersSimilarityCheck - (LABORCHART) (9985) cajero  mesero órale chingones <-> (9986) cajero mesero órale chingones
2023-11-09 08:43:41 +0000 - dagster - INFO - LaborChartETL - a347a85a-a2d7-4a1a-9b05-c6540a73fc53 - offersSimilarityCheck - (LABORCHART) Similarity percentage: 98%
2023-11-09 08:46:47 +0000 - dagster - INFO - LaborChartETL - a347a85a-a2d7-4a1a-9b05-c6540a73fc53 - offersSimilarityCheck - (LABORCHART) 455 offers updated
2023-11-09 08:48:19 +0000 - dagster - INFO - LaborChartETL - a347a85a-a2d7-4a1a-9b05-c6540a73fc53 - offersSimilarityCheck - (LABORCHART) (1770) exl service colombia sas <-> (10993) llc services colombia sas
2023-11-09 08:48:20 +0000 - dagster - INFO - LaborChartETL - a347a85a-a2d7-4a1a-9b05-c6540a73fc53 - offersSimilarityCheck - (LABORCHART) Similarity percentage: 90%
2023-11-09 08:48:27 +0000 - dagster - INFO - LaborChartETL - a347a85a-a2d7-4a1a-9b05-c6540a73fc53 - offersSimilarityCheck - (LABORCHART) (1930) omm colombia sas <-> (11550) viccom colombia sas
2023-11-09 08:48:27 +0000 - dagster - INFO - LaborChartETL - a347a85a-a2d7-4a1a-9b05-c6540a73fc53 - offersSimilarityCheck - (LABORCHART) Similarity percentage: 86%
2023-11-09 08:49:29 +0000 - dagster - INFO - LaborChartETL - a347a85a-a2d7-4a1a-9b05-c6540a73fc53 - offersSimilarityCheck - (LABORCHART) (2767) ar construcciones sas <-> (10587) eym construcciones sas
2023-11-09 08:49:29 +0000 - dagster - INFO - LaborChartETL - a347a85a-a2d7-4a1a-9b05-c6540a73fc53 - offersSimilarityCheck - (LABORCHART) Similarity percentage: 88%
2023-11-09 08:49:29 +0000 - dagster - INFO - LaborChartETL - a347a85a-a2d7-4a1a-9b05-c6540a73fc53 - offersSimilarityCheck - (LABORCHART) (2767) ar construcciones sas <-> (9468) ikon construcciones sas
2023-11-09 08:49:30 +0000 - dagster - INFO - LaborChartETL - a347a85a-a2d7-4a1a-9b05-c6540a73fc53 - offersSimilarityCheck - (LABORCHART) Similarity percentage: 86%
2023-11-09 08:50:04 +0000 - dagster - INFO - LaborChartETL - a347a85a-a2d7-4a1a-9b05-c6540a73fc53 - offersSimilarityCheck - (LABORCHART) (3133) marco colombia sas <-> (11044) mcs colombia sas
2023-11-09 08:50:04 +0000 - dagster - INFO - LaborChartETL - a347a85a-a2d7-4a1a-9b05-c6540a73fc53 - offersSimilarityCheck - (LABORCHART) Similarity percentage: 88%
2023-11-09 08:50:16 +0000 - dagster - INFO - LaborChartETL - a347a85a-a2d7-4a1a-9b05-c6540a73fc53 - offersSimilarityCheck - (LABORCHART) (3282) grupo empresarial proteccion sas <-> (10708) grupo empresarial seiso sas
2023-11-09 08:50:16 +0000 - dagster - INFO - LaborChartETL - a347a85a-a2d7-4a1a-9b05-c6540a73fc53 - offersSimilarityCheck - (LABORCHART) Similarity percentage: 85%
2023-11-09 08:51:04 +0000 - dagster - INFO - LaborChartETL - a347a85a-a2d7-4a1a-9b05-c6540a73fc53 - offersSimilarityCheck - (LABORCHART) (4002) amaris consulting sas <-> (10063) amm consulting sas
2023-11-09 08:51:04 +0000 - dagster - INFO - LaborChartETL - a347a85a-a2d7-4a1a-9b05-c6540a73fc53 - offersSimilarityCheck - (LABORCHART) Similarity percentage: 87%
2023-11-09 08:51:35 +0000 - dagster - INFO - LaborChartETL - a347a85a-a2d7-4a1a-9b05-c6540a73fc53 - offersSimilarityCheck - (LABORCHART) (4524) vr ingenieria <-> (11310) rino ingenieria
2023-11-09 08:51:35 +0000 - dagster - INFO - LaborChartETL - a347a85a-a2d7-4a1a-9b05-c6540a73fc53 - offersSimilarityCheck - (LABORCHART) Similarity percentage: 86%
2023-11-09 08:52:15 +0000 - dagster - INFO - LaborChartETL - a347a85a-a2d7-4a1a-9b05-c6540a73fc53 - offersSimilarityCheck - (LABORCHART) (4954) mya group sas <-> (11577) yarev group sas
2023-11-09 08:52:15 +0000 - dagster - INFO - LaborChartETL - a347a85a-a2d7-4a1a-9b05-c6540a73fc53 - offersSimilarityCheck - (LABORCHART) Similarity percentage: 86%
2023-11-09 08:52:28 +0000 - dagster - INFO - LaborChartETL - a347a85a-a2d7-4a1a-9b05-c6540a73fc53 - offersSimilarityCheck - (LABORCHART) (5082) boticario colombia sas <-> (7835) arios colombia sas
2023-11-09 08:52:28 +0000 - dagster - INFO - LaborChartETL - a347a85a-a2d7-4a1a-9b05-c6540a73fc53 - offersSimilarityCheck - (LABORCHART) Similarity percentage: 85%
2023-11-09 08:53:02 +0000 - dagster - INFO - LaborChartETL - a347a85a-a2d7-4a1a-9b05-c6540a73fc53 - offersSimilarityCheck - (LABORCHART) (5351) as talento sas <-> (8284) talento sas
2023-11-09 08:53:03 +0000 - dagster - INFO - LaborChartETL - a347a85a-a2d7-4a1a-9b05-c6540a73fc53 - offersSimilarityCheck - (LABORCHART) Similarity percentage: 88%
2023-11-09 08:53:36 +0000 - dagster - INFO - LaborChartETL - a347a85a-a2d7-4a1a-9b05-c6540a73fc53 - offersSimilarityCheck - (LABORCHART) (5834) laboratorios funat sas <-> (9569) laboratorios lin sas
2023-11-09 08:53:36 +0000 - dagster - INFO - LaborChartETL - a347a85a-a2d7-4a1a-9b05-c6540a73fc53 - offersSimilarityCheck - (LABORCHART) Similarity percentage: 86%
2023-11-09 08:55:10 +0000 - dagster - INFO - LaborChartETL - a347a85a-a2d7-4a1a-9b05-c6540a73fc53 - offersSimilarityCheck - (LABORCHART) (7201) scala colombia sas <-> (10234) celta colombia sas
2023-11-09 08:55:10 +0000 - dagster - INFO - LaborChartETL - a347a85a-a2d7-4a1a-9b05-c6540a73fc53 - offersSimilarityCheck - (LABORCHART) Similarity percentage: 89%
2023-11-09 08:57:16 +0000 - dagster - INFO - LaborChartETL - a347a85a-a2d7-4a1a-9b05-c6540a73fc53 - offersSimilarityCheck - (LABORCHART) (8629) institucion universitaria colegios de colombia <-> (10857) institucion universitaria de colombia
2023-11-09 08:57:16 +0000 - dagster - INFO - LaborChartETL - a347a85a-a2d7-4a1a-9b05-c6540a73fc53 - offersSimilarityCheck - (LABORCHART) Similarity percentage: 89%
2023-11-09 08:57:42 +0000 - dagster - INFO - LaborChartETL - a347a85a-a2d7-4a1a-9b05-c6540a73fc53 - offersSimilarityCheck - (LABORCHART) (8887) seguridad logro ltda <-> (8893) seguridad rohen ltda
2023-11-09 08:57:42 +0000 - dagster - INFO - LaborChartETL - a347a85a-a2d7-4a1a-9b05-c6540a73fc53 - offersSimilarityCheck - (LABORCHART) Similarity percentage: 85%
2023-11-09 08:59:18 +0000 - dagster - INFO - LaborChartETL - a347a85a-a2d7-4a1a-9b05-c6540a73fc53 - offersSimilarityCheck - (LABORCHART) (9914) tic america sas <-> (10504) eco america sas
2023-11-09 08:59:18 +0000 - dagster - INFO - LaborChartETL - a347a85a-a2d7-4a1a-9b05-c6540a73fc53 - offersSimilarityCheck - (LABORCHART) Similarity percentage: 87%
2023-11-09 09:02:06 +0000 - dagster - INFO - LaborChartETL - a347a85a-a2d7-4a1a-9b05-c6540a73fc53 - offersSimilarityCheck - (LABORCHART) 36 offers updated
2023-11-09 09:02:07 +0000 - dagster - DEBUG - LaborChartETL - a347a85a-a2d7-4a1a-9b05-c6540a73fc53 - 28670 - offersSimilarityCheck - STEP_OUTPUT - Yielded output "result" of type "Nothing". (Type check passed).
2023-11-09 09:02:08 +0000 - dagster - DEBUG - LaborChartETL - a347a85a-a2d7-4a1a-9b05-c6540a73fc53 - 28670 - offersSimilarityCheck - ASSET_MATERIALIZATION - Materialized value offersSimilarityCheck.
2023-11-09 09:02:08 +0000 - dagster - DEBUG - LaborChartETL - a347a85a-a2d7-4a1a-9b05-c6540a73fc53 - 28670 - offersSimilarityCheck - HANDLED_OUTPUT - Handled output "result" using IO manager "io_manager"
2023-11-09 09:02:09 +0000 - dagster - DEBUG - LaborChartETL - a347a85a-a2d7-4a1a-9b05-c6540a73fc53 - 28670 - offersSimilarityCheck - STEP_SUCCESS - Finished execution of step "offersSimilarityCheck" in 53m39s.
