2023-11-14 05:00:09 +0000 - dagster - DEBUG - LaborChartETL - ac4f05bb-38e2-440f-9280-8c938cfc91e9 - 26676 - LOGS_CAPTURED - Started capturing logs in process (pid: 26676).
2023-11-14 05:00:09 +0000 - dagster - DEBUG - LaborChartETL - ac4f05bb-38e2-440f-9280-8c938cfc91e9 - 26676 - computrabajoExtraction - STEP_START - Started execution of step "computrabajoExtraction".
2023-11-14 05:00:26 +0000 - dagster - INFO - LaborChartETL - ac4f05bb-38e2-440f-9280-8c938cfc91e9 - computrabajoExtraction - (LABORCHART) Company element from Computrabajo not found
2023-11-14 05:00:35 +0000 - dagster - INFO - LaborChartETL - ac4f05bb-38e2-440f-9280-8c938cfc91e9 - computrabajoExtraction - (LABORCHART) Company element from Computrabajo not found
2023-11-14 05:00:52 +0000 - dagster - INFO - LaborChartETL - ac4f05bb-38e2-440f-9280-8c938cfc91e9 - computrabajoExtraction - (LABORCHART) Company element from Computrabajo not found
2023-11-14 05:00:54 +0000 - dagster - INFO - LaborChartETL - ac4f05bb-38e2-440f-9280-8c938cfc91e9 - computrabajoExtraction - (LABORCHART) Company element from Computrabajo not found
2023-11-14 05:01:06 +0000 - dagster - INFO - LaborChartETL - ac4f05bb-38e2-440f-9280-8c938cfc91e9 - computrabajoExtraction - (LABORCHART) Company element from Computrabajo not found
2023-11-14 05:01:26 +0000 - dagster - INFO - LaborChartETL - ac4f05bb-38e2-440f-9280-8c938cfc91e9 - computrabajoExtraction - (LABORCHART) Company element from Computrabajo not found
2023-11-14 05:01:29 +0000 - dagster - INFO - LaborChartETL - ac4f05bb-38e2-440f-9280-8c938cfc91e9 - computrabajoExtraction - (LABORCHART) Company element from Computrabajo not found
2023-11-14 05:01:32 +0000 - dagster - INFO - LaborChartETL - ac4f05bb-38e2-440f-9280-8c938cfc91e9 - computrabajoExtraction - (LABORCHART) Company element from Computrabajo not found
2023-11-14 05:01:34 +0000 - dagster - INFO - LaborChartETL - ac4f05bb-38e2-440f-9280-8c938cfc91e9 - computrabajoExtraction - (LABORCHART) Company element from Computrabajo not found
2023-11-14 05:02:10 +0000 - dagster - INFO - LaborChartETL - ac4f05bb-38e2-440f-9280-8c938cfc91e9 - computrabajoExtraction - (LABORCHART) Company element from Computrabajo not found
2023-11-14 05:02:13 +0000 - dagster - INFO - LaborChartETL - ac4f05bb-38e2-440f-9280-8c938cfc91e9 - computrabajoExtraction - (LABORCHART) Company element from Computrabajo not found
2023-11-14 05:02:17 +0000 - dagster - INFO - LaborChartETL - ac4f05bb-38e2-440f-9280-8c938cfc91e9 - computrabajoExtraction - (LABORCHART) Company element from Computrabajo not found
2023-11-14 05:02:24 +0000 - dagster - INFO - LaborChartETL - ac4f05bb-38e2-440f-9280-8c938cfc91e9 - computrabajoExtraction - (LABORCHART) Company element from Computrabajo not found
2023-11-14 05:02:27 +0000 - dagster - INFO - LaborChartETL - ac4f05bb-38e2-440f-9280-8c938cfc91e9 - computrabajoExtraction - (LABORCHART) Company element from Computrabajo not found
2023-11-14 05:02:30 +0000 - dagster - INFO - LaborChartETL - ac4f05bb-38e2-440f-9280-8c938cfc91e9 - computrabajoExtraction - (LABORCHART) Company element from Computrabajo not found
2023-11-14 05:02:36 +0000 - dagster - INFO - LaborChartETL - ac4f05bb-38e2-440f-9280-8c938cfc91e9 - computrabajoExtraction - (LABORCHART) Company element from Computrabajo not found
2023-11-14 05:03:37 +0000 - dagster - INFO - LaborChartETL - ac4f05bb-38e2-440f-9280-8c938cfc91e9 - computrabajoExtraction - (LABORCHART) Company element from Computrabajo not found
2023-11-14 05:04:20 +0000 - dagster - INFO - LaborChartETL - ac4f05bb-38e2-440f-9280-8c938cfc91e9 - computrabajoExtraction - (LABORCHART) Company element from Computrabajo not found
2023-11-14 05:04:30 +0000 - dagster - INFO - LaborChartETL - ac4f05bb-38e2-440f-9280-8c938cfc91e9 - computrabajoExtraction - (LABORCHART) Company element from Computrabajo not found
2023-11-14 05:04:54 +0000 - dagster - INFO - LaborChartETL - ac4f05bb-38e2-440f-9280-8c938cfc91e9 - computrabajoExtraction - (LABORCHART) Company element from Computrabajo not found
2023-11-14 05:05:04 +0000 - dagster - INFO - LaborChartETL - ac4f05bb-38e2-440f-9280-8c938cfc91e9 - computrabajoExtraction - (LABORCHART) Company element from Computrabajo not found
2023-11-14 05:05:07 +0000 - dagster - INFO - LaborChartETL - ac4f05bb-38e2-440f-9280-8c938cfc91e9 - computrabajoExtraction - (LABORCHART) Company element from Computrabajo not found
2023-11-14 05:05:10 +0000 - dagster - INFO - LaborChartETL - ac4f05bb-38e2-440f-9280-8c938cfc91e9 - computrabajoExtraction - (LABORCHART) Company element from Computrabajo not found
2023-11-14 05:05:16 +0000 - dagster - INFO - LaborChartETL - ac4f05bb-38e2-440f-9280-8c938cfc91e9 - computrabajoExtraction - (LABORCHART) Company element from Computrabajo not found
2023-11-14 05:05:20 +0000 - dagster - INFO - LaborChartETL - ac4f05bb-38e2-440f-9280-8c938cfc91e9 - computrabajoExtraction - (LABORCHART) Company element from Computrabajo not found
2023-11-14 05:05:22 +0000 - dagster - INFO - LaborChartETL - ac4f05bb-38e2-440f-9280-8c938cfc91e9 - computrabajoExtraction - (LABORCHART) Company element from Computrabajo not found
2023-11-14 05:05:25 +0000 - dagster - INFO - LaborChartETL - ac4f05bb-38e2-440f-9280-8c938cfc91e9 - computrabajoExtraction - (LABORCHART) Company element from Computrabajo not found
2023-11-14 05:06:41 +0000 - dagster - INFO - LaborChartETL - ac4f05bb-38e2-440f-9280-8c938cfc91e9 - computrabajoExtraction - (LABORCHART) Company element from Computrabajo not found
2023-11-14 05:06:50 +0000 - dagster - INFO - LaborChartETL - ac4f05bb-38e2-440f-9280-8c938cfc91e9 - computrabajoExtraction - (LABORCHART) Company element from Computrabajo not found
2023-11-14 05:07:00 +0000 - dagster - INFO - LaborChartETL - ac4f05bb-38e2-440f-9280-8c938cfc91e9 - computrabajoExtraction - (LABORCHART) Company element from Computrabajo not found
2023-11-14 05:07:02 +0000 - dagster - INFO - LaborChartETL - ac4f05bb-38e2-440f-9280-8c938cfc91e9 - computrabajoExtraction - (LABORCHART) Company element from Computrabajo not found
2023-11-14 05:07:12 +0000 - dagster - INFO - LaborChartETL - ac4f05bb-38e2-440f-9280-8c938cfc91e9 - computrabajoExtraction - (LABORCHART) Company element from Computrabajo not found
2023-11-14 05:07:22 +0000 - dagster - INFO - LaborChartETL - ac4f05bb-38e2-440f-9280-8c938cfc91e9 - computrabajoExtraction - (LABORCHART) Company element from Computrabajo not found
2023-11-14 05:07:25 +0000 - dagster - INFO - LaborChartETL - ac4f05bb-38e2-440f-9280-8c938cfc91e9 - computrabajoExtraction - (LABORCHART) Company element from Computrabajo not found
2023-11-14 05:07:28 +0000 - dagster - INFO - LaborChartETL - ac4f05bb-38e2-440f-9280-8c938cfc91e9 - computrabajoExtraction - (LABORCHART) Company element from Computrabajo not found
2023-11-14 05:07:54 +0000 - dagster - INFO - LaborChartETL - ac4f05bb-38e2-440f-9280-8c938cfc91e9 - computrabajoExtraction - (LABORCHART) Company element from Computrabajo not found
2023-11-14 05:08:01 +0000 - dagster - INFO - LaborChartETL - ac4f05bb-38e2-440f-9280-8c938cfc91e9 - computrabajoExtraction - (LABORCHART) Company element from Computrabajo not found
2023-11-14 05:08:11 +0000 - dagster - INFO - LaborChartETL - ac4f05bb-38e2-440f-9280-8c938cfc91e9 - computrabajoExtraction - (LABORCHART) Company element from Computrabajo not found
2023-11-14 05:08:14 +0000 - dagster - INFO - LaborChartETL - ac4f05bb-38e2-440f-9280-8c938cfc91e9 - computrabajoExtraction - (LABORCHART) Company element from Computrabajo not found
2023-11-14 05:08:16 +0000 - dagster - INFO - LaborChartETL - ac4f05bb-38e2-440f-9280-8c938cfc91e9 - computrabajoExtraction - (LABORCHART) Company element from Computrabajo not found
2023-11-14 05:08:18 +0000 - dagster - INFO - LaborChartETL - ac4f05bb-38e2-440f-9280-8c938cfc91e9 - computrabajoExtraction - (LABORCHART) Company element from Computrabajo not found
2023-11-14 05:08:22 +0000 - dagster - INFO - LaborChartETL - ac4f05bb-38e2-440f-9280-8c938cfc91e9 - computrabajoExtraction - (LABORCHART) Company element from Computrabajo not found
2023-11-14 05:08:25 +0000 - dagster - INFO - LaborChartETL - ac4f05bb-38e2-440f-9280-8c938cfc91e9 - computrabajoExtraction - (LABORCHART) Company element from Computrabajo not found
2023-11-14 05:08:58 +0000 - dagster - INFO - LaborChartETL - ac4f05bb-38e2-440f-9280-8c938cfc91e9 - computrabajoExtraction - (LABORCHART) Company element from Computrabajo not found
2023-11-14 05:09:18 +0000 - dagster - INFO - LaborChartETL - ac4f05bb-38e2-440f-9280-8c938cfc91e9 - computrabajoExtraction - (LABORCHART) Company element from Computrabajo not found
2023-11-14 05:09:34 +0000 - dagster - INFO - LaborChartETL - ac4f05bb-38e2-440f-9280-8c938cfc91e9 - computrabajoExtraction - (LABORCHART) Company element from Computrabajo not found
2023-11-14 05:09:45 +0000 - dagster - INFO - LaborChartETL - ac4f05bb-38e2-440f-9280-8c938cfc91e9 - computrabajoExtraction - (LABORCHART) Company element from Computrabajo not found
2023-11-14 05:10:05 +0000 - dagster - INFO - LaborChartETL - ac4f05bb-38e2-440f-9280-8c938cfc91e9 - computrabajoExtraction - (LABORCHART) Company element from Computrabajo not found
2023-11-14 05:10:14 +0000 - dagster - INFO - LaborChartETL - ac4f05bb-38e2-440f-9280-8c938cfc91e9 - computrabajoExtraction - (LABORCHART) Company element from Computrabajo not found
2023-11-14 05:10:18 +0000 - dagster - INFO - LaborChartETL - ac4f05bb-38e2-440f-9280-8c938cfc91e9 - computrabajoExtraction - (LABORCHART) Company element from Computrabajo not found
2023-11-14 05:10:23 +0000 - dagster - INFO - LaborChartETL - ac4f05bb-38e2-440f-9280-8c938cfc91e9 - computrabajoExtraction - (LABORCHART) Company element from Computrabajo not found
2023-11-14 05:10:27 +0000 - dagster - INFO - LaborChartETL - ac4f05bb-38e2-440f-9280-8c938cfc91e9 - computrabajoExtraction - (LABORCHART) Company element from Computrabajo not found
2023-11-14 05:10:30 +0000 - dagster - INFO - LaborChartETL - ac4f05bb-38e2-440f-9280-8c938cfc91e9 - computrabajoExtraction - (LABORCHART) Company element from Computrabajo not found
2023-11-14 05:10:32 +0000 - dagster - INFO - LaborChartETL - ac4f05bb-38e2-440f-9280-8c938cfc91e9 - computrabajoExtraction - (LABORCHART) Company element from Computrabajo not found
2023-11-14 05:10:36 +0000 - dagster - INFO - LaborChartETL - ac4f05bb-38e2-440f-9280-8c938cfc91e9 - computrabajoExtraction - (LABORCHART) Company element from Computrabajo not found
2023-11-14 05:10:39 +0000 - dagster - INFO - LaborChartETL - ac4f05bb-38e2-440f-9280-8c938cfc91e9 - computrabajoExtraction - (LABORCHART) Company element from Computrabajo not found
2023-11-14 05:10:42 +0000 - dagster - INFO - LaborChartETL - ac4f05bb-38e2-440f-9280-8c938cfc91e9 - computrabajoExtraction - (LABORCHART) Company element from Computrabajo not found
2023-11-14 05:10:46 +0000 - dagster - INFO - LaborChartETL - ac4f05bb-38e2-440f-9280-8c938cfc91e9 - computrabajoExtraction - (LABORCHART) Company element from Computrabajo not found
2023-11-14 05:12:56 +0000 - dagster - INFO - LaborChartETL - ac4f05bb-38e2-440f-9280-8c938cfc91e9 - computrabajoExtraction - (LABORCHART) Company element from Computrabajo not found
2023-11-14 05:13:01 +0000 - dagster - INFO - LaborChartETL - ac4f05bb-38e2-440f-9280-8c938cfc91e9 - computrabajoExtraction - (LABORCHART) Company element from Computrabajo not found
2023-11-14 05:13:03 +0000 - dagster - INFO - LaborChartETL - ac4f05bb-38e2-440f-9280-8c938cfc91e9 - computrabajoExtraction - (LABORCHART) Company element from Computrabajo not found
2023-11-14 05:13:06 +0000 - dagster - INFO - LaborChartETL - ac4f05bb-38e2-440f-9280-8c938cfc91e9 - computrabajoExtraction - (LABORCHART) Company element from Computrabajo not found
2023-11-14 05:13:08 +0000 - dagster - INFO - LaborChartETL - ac4f05bb-38e2-440f-9280-8c938cfc91e9 - computrabajoExtraction - (LABORCHART) Company element from Computrabajo not found
2023-11-14 05:14:15 +0000 - dagster - INFO - LaborChartETL - ac4f05bb-38e2-440f-9280-8c938cfc91e9 - computrabajoExtraction - (LABORCHART) Company element from Computrabajo not found
2023-11-14 05:14:35 +0000 - dagster - INFO - LaborChartETL - ac4f05bb-38e2-440f-9280-8c938cfc91e9 - computrabajoExtraction - (LABORCHART) Company element from Computrabajo not found
2023-11-14 05:14:40 +0000 - dagster - INFO - LaborChartETL - ac4f05bb-38e2-440f-9280-8c938cfc91e9 - computrabajoExtraction - (LABORCHART) Company element from Computrabajo not found
2023-11-14 05:14:44 +0000 - dagster - INFO - LaborChartETL - ac4f05bb-38e2-440f-9280-8c938cfc91e9 - computrabajoExtraction - (LABORCHART) Company element from Computrabajo not found
2023-11-14 05:14:54 +0000 - dagster - INFO - LaborChartETL - ac4f05bb-38e2-440f-9280-8c938cfc91e9 - computrabajoExtraction - (LABORCHART) Company element from Computrabajo not found
2023-11-14 05:14:57 +0000 - dagster - INFO - LaborChartETL - ac4f05bb-38e2-440f-9280-8c938cfc91e9 - computrabajoExtraction - (LABORCHART) Company element from Computrabajo not found
2023-11-14 05:15:00 +0000 - dagster - INFO - LaborChartETL - ac4f05bb-38e2-440f-9280-8c938cfc91e9 - computrabajoExtraction - (LABORCHART) Company element from Computrabajo not found
2023-11-14 05:15:03 +0000 - dagster - INFO - LaborChartETL - ac4f05bb-38e2-440f-9280-8c938cfc91e9 - computrabajoExtraction - (LABORCHART) Company element from Computrabajo not found
2023-11-14 05:15:41 +0000 - dagster - INFO - LaborChartETL - ac4f05bb-38e2-440f-9280-8c938cfc91e9 - computrabajoExtraction - (LABORCHART) Company element from Computrabajo not found
2023-11-14 05:16:32 +0000 - dagster - INFO - LaborChartETL - ac4f05bb-38e2-440f-9280-8c938cfc91e9 - computrabajoExtraction - (LABORCHART) Company element from Computrabajo not found
2023-11-14 05:16:37 +0000 - dagster - INFO - LaborChartETL - ac4f05bb-38e2-440f-9280-8c938cfc91e9 - computrabajoExtraction - (LABORCHART) Company element from Computrabajo not found
2023-11-14 05:16:40 +0000 - dagster - INFO - LaborChartETL - ac4f05bb-38e2-440f-9280-8c938cfc91e9 - computrabajoExtraction - (LABORCHART) Company element from Computrabajo not found
2023-11-14 05:16:48 +0000 - dagster - INFO - LaborChartETL - ac4f05bb-38e2-440f-9280-8c938cfc91e9 - computrabajoExtraction - (LABORCHART) Company element from Computrabajo not found
2023-11-14 05:18:09 +0000 - dagster - INFO - LaborChartETL - ac4f05bb-38e2-440f-9280-8c938cfc91e9 - computrabajoExtraction - (LABORCHART) Company element from Computrabajo not found
2023-11-14 05:18:16 +0000 - dagster - INFO - LaborChartETL - ac4f05bb-38e2-440f-9280-8c938cfc91e9 - computrabajoExtraction - (LABORCHART) Company element from Computrabajo not found
2023-11-14 05:18:54 +0000 - dagster - INFO - LaborChartETL - ac4f05bb-38e2-440f-9280-8c938cfc91e9 - computrabajoExtraction - (LABORCHART) Company element from Computrabajo not found
2023-11-14 05:19:38 +0000 - dagster - INFO - LaborChartETL - ac4f05bb-38e2-440f-9280-8c938cfc91e9 - computrabajoExtraction - (LABORCHART) Company element from Computrabajo not found
2023-11-14 05:19:45 +0000 - dagster - INFO - LaborChartETL - ac4f05bb-38e2-440f-9280-8c938cfc91e9 - computrabajoExtraction - (LABORCHART) Company element from Computrabajo not found
2023-11-14 05:19:56 +0000 - dagster - INFO - LaborChartETL - ac4f05bb-38e2-440f-9280-8c938cfc91e9 - computrabajoExtraction - (LABORCHART) Company element from Computrabajo not found
2023-11-14 05:20:07 +0000 - dagster - INFO - LaborChartETL - ac4f05bb-38e2-440f-9280-8c938cfc91e9 - computrabajoExtraction - (LABORCHART) Company element from Computrabajo not found
2023-11-14 05:20:30 +0000 - dagster - INFO - LaborChartETL - ac4f05bb-38e2-440f-9280-8c938cfc91e9 - computrabajoExtraction - (LABORCHART) Company element from Computrabajo not found
2023-11-14 05:20:40 +0000 - dagster - INFO - LaborChartETL - ac4f05bb-38e2-440f-9280-8c938cfc91e9 - computrabajoExtraction - (LABORCHART) Company element from Computrabajo not found
2023-11-14 05:22:05 +0000 - dagster - INFO - LaborChartETL - ac4f05bb-38e2-440f-9280-8c938cfc91e9 - computrabajoExtraction - (LABORCHART) Company element from Computrabajo not found
2023-11-14 05:23:14 +0000 - dagster - INFO - LaborChartETL - ac4f05bb-38e2-440f-9280-8c938cfc91e9 - computrabajoExtraction - (LABORCHART) Company element from Computrabajo not found
2023-11-14 05:23:25 +0000 - dagster - INFO - LaborChartETL - ac4f05bb-38e2-440f-9280-8c938cfc91e9 - computrabajoExtraction - (LABORCHART) Company element from Computrabajo not found
2023-11-14 05:23:28 +0000 - dagster - INFO - LaborChartETL - ac4f05bb-38e2-440f-9280-8c938cfc91e9 - computrabajoExtraction - (LABORCHART) Company element from Computrabajo not found
2023-11-14 05:23:31 +0000 - dagster - INFO - LaborChartETL - ac4f05bb-38e2-440f-9280-8c938cfc91e9 - computrabajoExtraction - (LABORCHART) Company element from Computrabajo not found
2023-11-14 05:23:35 +0000 - dagster - INFO - LaborChartETL - ac4f05bb-38e2-440f-9280-8c938cfc91e9 - computrabajoExtraction - (LABORCHART) Company element from Computrabajo not found
2023-11-14 05:24:43 +0000 - dagster - INFO - LaborChartETL - ac4f05bb-38e2-440f-9280-8c938cfc91e9 - computrabajoExtraction - (LABORCHART) Company element from Computrabajo not found
2023-11-14 05:24:47 +0000 - dagster - INFO - LaborChartETL - ac4f05bb-38e2-440f-9280-8c938cfc91e9 - computrabajoExtraction - (LABORCHART) Company element from Computrabajo not found
2023-11-14 05:24:49 +0000 - dagster - INFO - LaborChartETL - ac4f05bb-38e2-440f-9280-8c938cfc91e9 - computrabajoExtraction - (LABORCHART) Company element from Computrabajo not found
2023-11-14 05:24:52 +0000 - dagster - INFO - LaborChartETL - ac4f05bb-38e2-440f-9280-8c938cfc91e9 - computrabajoExtraction - (LABORCHART) Company element from Computrabajo not found
2023-11-14 05:24:55 +0000 - dagster - INFO - LaborChartETL - ac4f05bb-38e2-440f-9280-8c938cfc91e9 - computrabajoExtraction - (LABORCHART) Company element from Computrabajo not found
2023-11-14 05:24:57 +0000 - dagster - INFO - LaborChartETL - ac4f05bb-38e2-440f-9280-8c938cfc91e9 - computrabajoExtraction - (LABORCHART) Company element from Computrabajo not found
2023-11-14 05:25:15 +0000 - dagster - INFO - LaborChartETL - ac4f05bb-38e2-440f-9280-8c938cfc91e9 - computrabajoExtraction - (LABORCHART) Company element from Computrabajo not found
2023-11-14 05:25:22 +0000 - dagster - INFO - LaborChartETL - ac4f05bb-38e2-440f-9280-8c938cfc91e9 - computrabajoExtraction - (LABORCHART) Company element from Computrabajo not found
2023-11-14 05:27:08 +0000 - dagster - INFO - LaborChartETL - ac4f05bb-38e2-440f-9280-8c938cfc91e9 - computrabajoExtraction - (LABORCHART) Company element from Computrabajo not found
2023-11-14 05:27:12 +0000 - dagster - INFO - LaborChartETL - ac4f05bb-38e2-440f-9280-8c938cfc91e9 - computrabajoExtraction - (LABORCHART) Company element from Computrabajo not found
2023-11-14 05:27:15 +0000 - dagster - INFO - LaborChartETL - ac4f05bb-38e2-440f-9280-8c938cfc91e9 - computrabajoExtraction - (LABORCHART) Company element from Computrabajo not found
2023-11-14 05:28:41 +0000 - dagster - INFO - LaborChartETL - ac4f05bb-38e2-440f-9280-8c938cfc91e9 - computrabajoExtraction - (LABORCHART) Company element from Computrabajo not found
2023-11-14 05:28:45 +0000 - dagster - INFO - LaborChartETL - ac4f05bb-38e2-440f-9280-8c938cfc91e9 - computrabajoExtraction - (LABORCHART) Company element from Computrabajo not found
2023-11-14 05:29:16 +0000 - dagster - INFO - LaborChartETL - ac4f05bb-38e2-440f-9280-8c938cfc91e9 - computrabajoExtraction - (LABORCHART) Company element from Computrabajo not found
2023-11-14 05:32:09 +0000 - dagster - INFO - LaborChartETL - ac4f05bb-38e2-440f-9280-8c938cfc91e9 - computrabajoExtraction - (LABORCHART) Company element from Computrabajo not found
2023-11-14 05:33:03 +0000 - dagster - INFO - LaborChartETL - ac4f05bb-38e2-440f-9280-8c938cfc91e9 - computrabajoExtraction - (LABORCHART) Company element from Computrabajo not found
2023-11-14 05:34:04 +0000 - dagster - INFO - LaborChartETL - ac4f05bb-38e2-440f-9280-8c938cfc91e9 - computrabajoExtraction - (LABORCHART) Company element from Computrabajo not found
2023-11-14 05:34:07 +0000 - dagster - INFO - LaborChartETL - ac4f05bb-38e2-440f-9280-8c938cfc91e9 - computrabajoExtraction - (LABORCHART) Company element from Computrabajo not found
2023-11-14 05:35:59 +0000 - dagster - INFO - LaborChartETL - ac4f05bb-38e2-440f-9280-8c938cfc91e9 - computrabajoExtraction - (LABORCHART) Company element from Computrabajo not found
2023-11-14 05:36:36 +0000 - dagster - INFO - LaborChartETL - ac4f05bb-38e2-440f-9280-8c938cfc91e9 - computrabajoExtraction - (LABORCHART) Company element from Computrabajo not found
2023-11-14 05:36:48 +0000 - dagster - INFO - LaborChartETL - ac4f05bb-38e2-440f-9280-8c938cfc91e9 - computrabajoExtraction - (LABORCHART) Company element from Computrabajo not found
2023-11-14 05:37:48 +0000 - dagster - INFO - LaborChartETL - ac4f05bb-38e2-440f-9280-8c938cfc91e9 - computrabajoExtraction - (LABORCHART) Company element from Computrabajo not found
2023-11-14 05:38:20 +0000 - dagster - INFO - LaborChartETL - ac4f05bb-38e2-440f-9280-8c938cfc91e9 - computrabajoExtraction - (LABORCHART) Company element from Computrabajo not found
2023-11-14 05:38:28 +0000 - dagster - INFO - LaborChartETL - ac4f05bb-38e2-440f-9280-8c938cfc91e9 - computrabajoExtraction - (LABORCHART) Company element from Computrabajo not found
2023-11-14 05:38:31 +0000 - dagster - INFO - LaborChartETL - ac4f05bb-38e2-440f-9280-8c938cfc91e9 - computrabajoExtraction - (LABORCHART) Company element from Computrabajo not found
2023-11-14 05:39:28 +0000 - dagster - INFO - LaborChartETL - ac4f05bb-38e2-440f-9280-8c938cfc91e9 - computrabajoExtraction - (LABORCHART) Company element from Computrabajo not found
2023-11-14 05:39:34 +0000 - dagster - INFO - LaborChartETL - ac4f05bb-38e2-440f-9280-8c938cfc91e9 - computrabajoExtraction - (LABORCHART) Company element from Computrabajo not found
2023-11-14 05:39:37 +0000 - dagster - INFO - LaborChartETL - ac4f05bb-38e2-440f-9280-8c938cfc91e9 - computrabajoExtraction - (LABORCHART) Company element from Computrabajo not found
2023-11-14 05:39:40 +0000 - dagster - INFO - LaborChartETL - ac4f05bb-38e2-440f-9280-8c938cfc91e9 - computrabajoExtraction - (LABORCHART) Company element from Computrabajo not found
2023-11-14 05:39:45 +0000 - dagster - INFO - LaborChartETL - ac4f05bb-38e2-440f-9280-8c938cfc91e9 - computrabajoExtraction - (LABORCHART) Company element from Computrabajo not found
2023-11-14 05:39:48 +0000 - dagster - INFO - LaborChartETL - ac4f05bb-38e2-440f-9280-8c938cfc91e9 - computrabajoExtraction - (LABORCHART) Company element from Computrabajo not found
2023-11-14 05:39:50 +0000 - dagster - INFO - LaborChartETL - ac4f05bb-38e2-440f-9280-8c938cfc91e9 - computrabajoExtraction - (LABORCHART) Company element from Computrabajo not found
2023-11-14 05:39:54 +0000 - dagster - INFO - LaborChartETL - ac4f05bb-38e2-440f-9280-8c938cfc91e9 - computrabajoExtraction - (LABORCHART) Company element from Computrabajo not found
2023-11-14 05:39:57 +0000 - dagster - INFO - LaborChartETL - ac4f05bb-38e2-440f-9280-8c938cfc91e9 - computrabajoExtraction - (LABORCHART) Company element from Computrabajo not found
2023-11-14 05:40:52 +0000 - dagster - INFO - LaborChartETL - ac4f05bb-38e2-440f-9280-8c938cfc91e9 - computrabajoExtraction - (LABORCHART) Company element from Computrabajo not found
2023-11-14 05:41:02 +0000 - dagster - INFO - LaborChartETL - ac4f05bb-38e2-440f-9280-8c938cfc91e9 - computrabajoExtraction - (LABORCHART) Company element from Computrabajo not found
2023-11-14 05:41:09 +0000 - dagster - INFO - LaborChartETL - ac4f05bb-38e2-440f-9280-8c938cfc91e9 - computrabajoExtraction - (LABORCHART) Company element from Computrabajo not found
2023-11-14 05:42:06 +0000 - dagster - INFO - LaborChartETL - ac4f05bb-38e2-440f-9280-8c938cfc91e9 - computrabajoExtraction - (LABORCHART) Company element from Computrabajo not found
2023-11-14 05:42:09 +0000 - dagster - INFO - LaborChartETL - ac4f05bb-38e2-440f-9280-8c938cfc91e9 - computrabajoExtraction - (LABORCHART) Company element from Computrabajo not found
2023-11-14 05:42:13 +0000 - dagster - INFO - LaborChartETL - ac4f05bb-38e2-440f-9280-8c938cfc91e9 - computrabajoExtraction - (LABORCHART) Company element from Computrabajo not found
2023-11-14 05:42:16 +0000 - dagster - INFO - LaborChartETL - ac4f05bb-38e2-440f-9280-8c938cfc91e9 - computrabajoExtraction - (LABORCHART) Company element from Computrabajo not found
2023-11-14 05:42:20 +0000 - dagster - INFO - LaborChartETL - ac4f05bb-38e2-440f-9280-8c938cfc91e9 - computrabajoExtraction - (LABORCHART) Company element from Computrabajo not found
2023-11-14 05:42:23 +0000 - dagster - INFO - LaborChartETL - ac4f05bb-38e2-440f-9280-8c938cfc91e9 - computrabajoExtraction - (LABORCHART) Company element from Computrabajo not found
2023-11-14 05:42:26 +0000 - dagster - INFO - LaborChartETL - ac4f05bb-38e2-440f-9280-8c938cfc91e9 - computrabajoExtraction - (LABORCHART) Company element from Computrabajo not found
2023-11-14 05:42:29 +0000 - dagster - INFO - LaborChartETL - ac4f05bb-38e2-440f-9280-8c938cfc91e9 - computrabajoExtraction - (LABORCHART) Company element from Computrabajo not found
2023-11-14 05:42:33 +0000 - dagster - INFO - LaborChartETL - ac4f05bb-38e2-440f-9280-8c938cfc91e9 - computrabajoExtraction - (LABORCHART) Company element from Computrabajo not found
2023-11-14 05:42:36 +0000 - dagster - INFO - LaborChartETL - ac4f05bb-38e2-440f-9280-8c938cfc91e9 - computrabajoExtraction - (LABORCHART) Company element from Computrabajo not found
2023-11-14 05:42:36 +0000 - dagster - INFO - LaborChartETL - ac4f05bb-38e2-440f-9280-8c938cfc91e9 - computrabajoExtraction - (LABORCHART) Today's extraction: 718 offers      Pages viewed: 41
2023-11-14 05:42:36 +0000 - dagster - INFO - LaborChartETL - ac4f05bb-38e2-440f-9280-8c938cfc91e9 - computrabajoExtraction - (LABORCHART) Computrabajo offers sent succesfully to RabbitMQ queue
2023-11-14 05:42:36 +0000 - dagster - DEBUG - LaborChartETL - ac4f05bb-38e2-440f-9280-8c938cfc91e9 - 26676 - computrabajoExtraction - STEP_OUTPUT - Yielded output "result" of type "Nothing". (Type check passed).
2023-11-14 05:42:37 +0000 - dagster - DEBUG - LaborChartETL - ac4f05bb-38e2-440f-9280-8c938cfc91e9 - 26676 - computrabajoExtraction - ASSET_MATERIALIZATION - Materialized value computrabajoExtraction.
2023-11-14 05:42:37 +0000 - dagster - DEBUG - LaborChartETL - ac4f05bb-38e2-440f-9280-8c938cfc91e9 - 26676 - computrabajoExtraction - HANDLED_OUTPUT - Handled output "result" using IO manager "io_manager"
2023-11-14 05:42:37 +0000 - dagster - DEBUG - LaborChartETL - ac4f05bb-38e2-440f-9280-8c938cfc91e9 - 26676 - computrabajoExtraction - STEP_SUCCESS - Finished execution of step "computrabajoExtraction" in 42m27s.
