2023-11-12 05:00:08 +0000 - dagster - DEBUG - LaborChartETL - 002cffe8-121f-44ad-9fcb-2aeddb0ede20 - 24269 - LOGS_CAPTURED - Started capturing logs in process (pid: 24269).
2023-11-12 05:00:08 +0000 - dagster - DEBUG - LaborChartETL - 002cffe8-121f-44ad-9fcb-2aeddb0ede20 - 24269 - computrabajoExtraction - STEP_START - Started execution of step "computrabajoExtraction".
2023-11-12 05:00:19 +0000 - dagster - INFO - LaborChartETL - 002cffe8-121f-44ad-9fcb-2aeddb0ede20 - computrabajoExtraction - (LABORCHART) Company element from Computrabajo not found
2023-11-12 05:00:32 +0000 - dagster - INFO - LaborChartETL - 002cffe8-121f-44ad-9fcb-2aeddb0ede20 - computrabajoExtraction - (LABORCHART) Company element from Computrabajo not found
2023-11-12 05:00:35 +0000 - dagster - INFO - LaborChartETL - 002cffe8-121f-44ad-9fcb-2aeddb0ede20 - computrabajoExtraction - (LABORCHART) Company element from Computrabajo not found
2023-11-12 05:00:39 +0000 - dagster - INFO - LaborChartETL - 002cffe8-121f-44ad-9fcb-2aeddb0ede20 - computrabajoExtraction - (LABORCHART) Company element from Computrabajo not found
2023-11-12 05:00:43 +0000 - dagster - INFO - LaborChartETL - 002cffe8-121f-44ad-9fcb-2aeddb0ede20 - computrabajoExtraction - (LABORCHART) Company element from Computrabajo not found
2023-11-12 05:01:32 +0000 - dagster - INFO - LaborChartETL - 002cffe8-121f-44ad-9fcb-2aeddb0ede20 - computrabajoExtraction - (LABORCHART) Company element from Computrabajo not found
2023-11-12 05:01:51 +0000 - dagster - INFO - LaborChartETL - 002cffe8-121f-44ad-9fcb-2aeddb0ede20 - computrabajoExtraction - (LABORCHART) Company element from Computrabajo not found
2023-11-12 05:02:06 +0000 - dagster - INFO - LaborChartETL - 002cffe8-121f-44ad-9fcb-2aeddb0ede20 - computrabajoExtraction - (LABORCHART) Company element from Computrabajo not found
2023-11-12 05:02:09 +0000 - dagster - INFO - LaborChartETL - 002cffe8-121f-44ad-9fcb-2aeddb0ede20 - computrabajoExtraction - (LABORCHART) Company element from Computrabajo not found
2023-11-12 05:02:18 +0000 - dagster - INFO - LaborChartETL - 002cffe8-121f-44ad-9fcb-2aeddb0ede20 - computrabajoExtraction - (LABORCHART) Company element from Computrabajo not found
2023-11-12 05:02:25 +0000 - dagster - INFO - LaborChartETL - 002cffe8-121f-44ad-9fcb-2aeddb0ede20 - computrabajoExtraction - (LABORCHART) Company element from Computrabajo not found
2023-11-12 05:02:28 +0000 - dagster - INFO - LaborChartETL - 002cffe8-121f-44ad-9fcb-2aeddb0ede20 - computrabajoExtraction - (LABORCHART) Company element from Computrabajo not found
2023-11-12 05:02:32 +0000 - dagster - INFO - LaborChartETL - 002cffe8-121f-44ad-9fcb-2aeddb0ede20 - computrabajoExtraction - (LABORCHART) Company element from Computrabajo not found
2023-11-12 05:02:44 +0000 - dagster - INFO - LaborChartETL - 002cffe8-121f-44ad-9fcb-2aeddb0ede20 - computrabajoExtraction - (LABORCHART) Company element from Computrabajo not found
2023-11-12 05:03:48 +0000 - dagster - INFO - LaborChartETL - 002cffe8-121f-44ad-9fcb-2aeddb0ede20 - computrabajoExtraction - (LABORCHART) Company element from Computrabajo not found
2023-11-12 05:03:56 +0000 - dagster - INFO - LaborChartETL - 002cffe8-121f-44ad-9fcb-2aeddb0ede20 - computrabajoExtraction - (LABORCHART) Company element from Computrabajo not found
2023-11-12 05:04:00 +0000 - dagster - INFO - LaborChartETL - 002cffe8-121f-44ad-9fcb-2aeddb0ede20 - computrabajoExtraction - (LABORCHART) Company element from Computrabajo not found
2023-11-12 05:04:29 +0000 - dagster - INFO - LaborChartETL - 002cffe8-121f-44ad-9fcb-2aeddb0ede20 - computrabajoExtraction - (LABORCHART) Company element from Computrabajo not found
2023-11-12 05:04:33 +0000 - dagster - INFO - LaborChartETL - 002cffe8-121f-44ad-9fcb-2aeddb0ede20 - computrabajoExtraction - (LABORCHART) Company element from Computrabajo not found
2023-11-12 05:04:37 +0000 - dagster - INFO - LaborChartETL - 002cffe8-121f-44ad-9fcb-2aeddb0ede20 - computrabajoExtraction - (LABORCHART) Company element from Computrabajo not found
2023-11-12 05:04:43 +0000 - dagster - INFO - LaborChartETL - 002cffe8-121f-44ad-9fcb-2aeddb0ede20 - computrabajoExtraction - (LABORCHART) Company element from Computrabajo not found
2023-11-12 05:04:46 +0000 - dagster - INFO - LaborChartETL - 002cffe8-121f-44ad-9fcb-2aeddb0ede20 - computrabajoExtraction - (LABORCHART) Company element from Computrabajo not found
2023-11-12 05:05:16 +0000 - dagster - INFO - LaborChartETL - 002cffe8-121f-44ad-9fcb-2aeddb0ede20 - computrabajoExtraction - (LABORCHART) Company element from Computrabajo not found
2023-11-12 05:05:19 +0000 - dagster - INFO - LaborChartETL - 002cffe8-121f-44ad-9fcb-2aeddb0ede20 - computrabajoExtraction - (LABORCHART) Company element from Computrabajo not found
2023-11-12 05:05:22 +0000 - dagster - INFO - LaborChartETL - 002cffe8-121f-44ad-9fcb-2aeddb0ede20 - computrabajoExtraction - (LABORCHART) Company element from Computrabajo not found
2023-11-12 05:05:27 +0000 - dagster - INFO - LaborChartETL - 002cffe8-121f-44ad-9fcb-2aeddb0ede20 - computrabajoExtraction - (LABORCHART) Company element from Computrabajo not found
2023-11-12 05:05:34 +0000 - dagster - INFO - LaborChartETL - 002cffe8-121f-44ad-9fcb-2aeddb0ede20 - computrabajoExtraction - (LABORCHART) Company element from Computrabajo not found
2023-11-12 05:05:48 +0000 - dagster - INFO - LaborChartETL - 002cffe8-121f-44ad-9fcb-2aeddb0ede20 - computrabajoExtraction - (LABORCHART) Company element from Computrabajo not found
2023-11-12 05:05:51 +0000 - dagster - INFO - LaborChartETL - 002cffe8-121f-44ad-9fcb-2aeddb0ede20 - computrabajoExtraction - (LABORCHART) Company element from Computrabajo not found
2023-11-12 05:05:56 +0000 - dagster - INFO - LaborChartETL - 002cffe8-121f-44ad-9fcb-2aeddb0ede20 - computrabajoExtraction - (LABORCHART) Company element from Computrabajo not found
2023-11-12 05:05:59 +0000 - dagster - INFO - LaborChartETL - 002cffe8-121f-44ad-9fcb-2aeddb0ede20 - computrabajoExtraction - (LABORCHART) Company element from Computrabajo not found
2023-11-12 05:07:24 +0000 - dagster - INFO - LaborChartETL - 002cffe8-121f-44ad-9fcb-2aeddb0ede20 - computrabajoExtraction - (LABORCHART) Company element from Computrabajo not found
2023-11-12 05:07:27 +0000 - dagster - INFO - LaborChartETL - 002cffe8-121f-44ad-9fcb-2aeddb0ede20 - computrabajoExtraction - (LABORCHART) Company element from Computrabajo not found
2023-11-12 05:07:54 +0000 - dagster - INFO - LaborChartETL - 002cffe8-121f-44ad-9fcb-2aeddb0ede20 - computrabajoExtraction - (LABORCHART) Company element from Computrabajo not found
2023-11-12 05:08:05 +0000 - dagster - INFO - LaborChartETL - 002cffe8-121f-44ad-9fcb-2aeddb0ede20 - computrabajoExtraction - (LABORCHART) Company element from Computrabajo not found
2023-11-12 05:08:35 +0000 - dagster - INFO - LaborChartETL - 002cffe8-121f-44ad-9fcb-2aeddb0ede20 - computrabajoExtraction - (LABORCHART) Company element from Computrabajo not found
2023-11-12 05:09:26 +0000 - dagster - INFO - LaborChartETL - 002cffe8-121f-44ad-9fcb-2aeddb0ede20 - computrabajoExtraction - (LABORCHART) Company element from Computrabajo not found
2023-11-12 05:10:12 +0000 - dagster - INFO - LaborChartETL - 002cffe8-121f-44ad-9fcb-2aeddb0ede20 - computrabajoExtraction - (LABORCHART) Company element from Computrabajo not found
2023-11-12 05:10:17 +0000 - dagster - INFO - LaborChartETL - 002cffe8-121f-44ad-9fcb-2aeddb0ede20 - computrabajoExtraction - (LABORCHART) Company element from Computrabajo not found
2023-11-12 05:10:21 +0000 - dagster - INFO - LaborChartETL - 002cffe8-121f-44ad-9fcb-2aeddb0ede20 - computrabajoExtraction - (LABORCHART) Company element from Computrabajo not found
2023-11-12 05:10:30 +0000 - dagster - INFO - LaborChartETL - 002cffe8-121f-44ad-9fcb-2aeddb0ede20 - computrabajoExtraction - (LABORCHART) Company element from Computrabajo not found
2023-11-12 05:12:53 +0000 - dagster - INFO - LaborChartETL - 002cffe8-121f-44ad-9fcb-2aeddb0ede20 - computrabajoExtraction - (LABORCHART) Company element from Computrabajo not found
2023-11-12 05:14:16 +0000 - dagster - INFO - LaborChartETL - 002cffe8-121f-44ad-9fcb-2aeddb0ede20 - computrabajoExtraction - (LABORCHART) Company element from Computrabajo not found
2023-11-12 05:14:18 +0000 - dagster - INFO - LaborChartETL - 002cffe8-121f-44ad-9fcb-2aeddb0ede20 - computrabajoExtraction - (LABORCHART) Company element from Computrabajo not found
2023-11-12 05:14:27 +0000 - dagster - INFO - LaborChartETL - 002cffe8-121f-44ad-9fcb-2aeddb0ede20 - computrabajoExtraction - (LABORCHART) Company element from Computrabajo not found
2023-11-12 05:14:30 +0000 - dagster - INFO - LaborChartETL - 002cffe8-121f-44ad-9fcb-2aeddb0ede20 - computrabajoExtraction - (LABORCHART) Company element from Computrabajo not found
2023-11-12 05:15:22 +0000 - dagster - INFO - LaborChartETL - 002cffe8-121f-44ad-9fcb-2aeddb0ede20 - computrabajoExtraction - (LABORCHART) Company element from Computrabajo not found
2023-11-12 05:15:37 +0000 - dagster - INFO - LaborChartETL - 002cffe8-121f-44ad-9fcb-2aeddb0ede20 - computrabajoExtraction - (LABORCHART) Company element from Computrabajo not found
2023-11-12 05:15:43 +0000 - dagster - INFO - LaborChartETL - 002cffe8-121f-44ad-9fcb-2aeddb0ede20 - computrabajoExtraction - (LABORCHART) Company element from Computrabajo not found
2023-11-12 05:16:13 +0000 - dagster - INFO - LaborChartETL - 002cffe8-121f-44ad-9fcb-2aeddb0ede20 - computrabajoExtraction - (LABORCHART) Company element from Computrabajo not found
2023-11-12 05:16:31 +0000 - dagster - INFO - LaborChartETL - 002cffe8-121f-44ad-9fcb-2aeddb0ede20 - computrabajoExtraction - (LABORCHART) Company element from Computrabajo not found
2023-11-12 05:17:04 +0000 - dagster - INFO - LaborChartETL - 002cffe8-121f-44ad-9fcb-2aeddb0ede20 - computrabajoExtraction - (LABORCHART) Company element from Computrabajo not found
2023-11-12 05:17:14 +0000 - dagster - INFO - LaborChartETL - 002cffe8-121f-44ad-9fcb-2aeddb0ede20 - computrabajoExtraction - (LABORCHART) Company element from Computrabajo not found
2023-11-12 05:19:18 +0000 - dagster - INFO - LaborChartETL - 002cffe8-121f-44ad-9fcb-2aeddb0ede20 - computrabajoExtraction - (LABORCHART) Company element from Computrabajo not found
2023-11-12 05:19:34 +0000 - dagster - INFO - LaborChartETL - 002cffe8-121f-44ad-9fcb-2aeddb0ede20 - computrabajoExtraction - (LABORCHART) Company element from Computrabajo not found
2023-11-12 05:19:50 +0000 - dagster - INFO - LaborChartETL - 002cffe8-121f-44ad-9fcb-2aeddb0ede20 - computrabajoExtraction - (LABORCHART) Company element from Computrabajo not found
2023-11-12 05:20:47 +0000 - dagster - INFO - LaborChartETL - 002cffe8-121f-44ad-9fcb-2aeddb0ede20 - computrabajoExtraction - (LABORCHART) Company element from Computrabajo not found
2023-11-12 05:20:59 +0000 - dagster - INFO - LaborChartETL - 002cffe8-121f-44ad-9fcb-2aeddb0ede20 - computrabajoExtraction - (LABORCHART) Company element from Computrabajo not found
2023-11-12 05:21:34 +0000 - dagster - INFO - LaborChartETL - 002cffe8-121f-44ad-9fcb-2aeddb0ede20 - computrabajoExtraction - (LABORCHART) Company element from Computrabajo not found
2023-11-12 05:21:55 +0000 - dagster - INFO - LaborChartETL - 002cffe8-121f-44ad-9fcb-2aeddb0ede20 - computrabajoExtraction - (LABORCHART) Company element from Computrabajo not found
2023-11-12 05:22:20 +0000 - dagster - INFO - LaborChartETL - 002cffe8-121f-44ad-9fcb-2aeddb0ede20 - computrabajoExtraction - (LABORCHART) Company element from Computrabajo not found
2023-11-12 05:22:26 +0000 - dagster - INFO - LaborChartETL - 002cffe8-121f-44ad-9fcb-2aeddb0ede20 - computrabajoExtraction - (LABORCHART) Company element from Computrabajo not found
2023-11-12 05:22:37 +0000 - dagster - INFO - LaborChartETL - 002cffe8-121f-44ad-9fcb-2aeddb0ede20 - computrabajoExtraction - (LABORCHART) Company element from Computrabajo not found
2023-11-12 05:23:27 +0000 - dagster - INFO - LaborChartETL - 002cffe8-121f-44ad-9fcb-2aeddb0ede20 - computrabajoExtraction - (LABORCHART) Company element from Computrabajo not found
2023-11-12 05:23:33 +0000 - dagster - INFO - LaborChartETL - 002cffe8-121f-44ad-9fcb-2aeddb0ede20 - computrabajoExtraction - (LABORCHART) Company element from Computrabajo not found
2023-11-12 05:24:10 +0000 - dagster - INFO - LaborChartETL - 002cffe8-121f-44ad-9fcb-2aeddb0ede20 - computrabajoExtraction - (LABORCHART) Company element from Computrabajo not found
2023-11-12 05:24:25 +0000 - dagster - INFO - LaborChartETL - 002cffe8-121f-44ad-9fcb-2aeddb0ede20 - computrabajoExtraction - (LABORCHART) Company element from Computrabajo not found
2023-11-12 05:24:29 +0000 - dagster - INFO - LaborChartETL - 002cffe8-121f-44ad-9fcb-2aeddb0ede20 - computrabajoExtraction - (LABORCHART) Company element from Computrabajo not found
2023-11-12 05:24:39 +0000 - dagster - INFO - LaborChartETL - 002cffe8-121f-44ad-9fcb-2aeddb0ede20 - computrabajoExtraction - (LABORCHART) Company element from Computrabajo not found
2023-11-12 05:26:43 +0000 - dagster - INFO - LaborChartETL - 002cffe8-121f-44ad-9fcb-2aeddb0ede20 - computrabajoExtraction - (LABORCHART) Company element from Computrabajo not found
2023-11-12 05:26:49 +0000 - dagster - INFO - LaborChartETL - 002cffe8-121f-44ad-9fcb-2aeddb0ede20 - computrabajoExtraction - (LABORCHART) Company element from Computrabajo not found
2023-11-12 05:27:11 +0000 - dagster - INFO - LaborChartETL - 002cffe8-121f-44ad-9fcb-2aeddb0ede20 - computrabajoExtraction - (LABORCHART) Company element from Computrabajo not found
2023-11-12 05:27:29 +0000 - dagster - INFO - LaborChartETL - 002cffe8-121f-44ad-9fcb-2aeddb0ede20 - computrabajoExtraction - (LABORCHART) Company element from Computrabajo not found
2023-11-12 05:28:41 +0000 - dagster - INFO - LaborChartETL - 002cffe8-121f-44ad-9fcb-2aeddb0ede20 - computrabajoExtraction - (LABORCHART) Company element from Computrabajo not found
2023-11-12 05:28:51 +0000 - dagster - INFO - LaborChartETL - 002cffe8-121f-44ad-9fcb-2aeddb0ede20 - computrabajoExtraction - (LABORCHART) Company element from Computrabajo not found
2023-11-12 05:28:55 +0000 - dagster - INFO - LaborChartETL - 002cffe8-121f-44ad-9fcb-2aeddb0ede20 - computrabajoExtraction - (LABORCHART) Company element from Computrabajo not found
2023-11-12 05:29:10 +0000 - dagster - INFO - LaborChartETL - 002cffe8-121f-44ad-9fcb-2aeddb0ede20 - computrabajoExtraction - (LABORCHART) Company element from Computrabajo not found
2023-11-12 05:29:17 +0000 - dagster - INFO - LaborChartETL - 002cffe8-121f-44ad-9fcb-2aeddb0ede20 - computrabajoExtraction - (LABORCHART) Company element from Computrabajo not found
2023-11-12 05:30:16 +0000 - dagster - INFO - LaborChartETL - 002cffe8-121f-44ad-9fcb-2aeddb0ede20 - computrabajoExtraction - (LABORCHART) Company element from Computrabajo not found
2023-11-12 05:30:32 +0000 - dagster - INFO - LaborChartETL - 002cffe8-121f-44ad-9fcb-2aeddb0ede20 - computrabajoExtraction - (LABORCHART) Company element from Computrabajo not found
2023-11-12 05:31:04 +0000 - dagster - INFO - LaborChartETL - 002cffe8-121f-44ad-9fcb-2aeddb0ede20 - computrabajoExtraction - (LABORCHART) Company element from Computrabajo not found
2023-11-12 05:31:10 +0000 - dagster - INFO - LaborChartETL - 002cffe8-121f-44ad-9fcb-2aeddb0ede20 - computrabajoExtraction - (LABORCHART) Company element from Computrabajo not found
2023-11-12 05:31:30 +0000 - dagster - INFO - LaborChartETL - 002cffe8-121f-44ad-9fcb-2aeddb0ede20 - computrabajoExtraction - (LABORCHART) Company element from Computrabajo not found
2023-11-12 05:31:57 +0000 - dagster - INFO - LaborChartETL - 002cffe8-121f-44ad-9fcb-2aeddb0ede20 - computrabajoExtraction - (LABORCHART) Company element from Computrabajo not found
2023-11-12 05:31:59 +0000 - dagster - INFO - LaborChartETL - 002cffe8-121f-44ad-9fcb-2aeddb0ede20 - computrabajoExtraction - (LABORCHART) Company element from Computrabajo not found
2023-11-12 05:32:36 +0000 - dagster - INFO - LaborChartETL - 002cffe8-121f-44ad-9fcb-2aeddb0ede20 - computrabajoExtraction - (LABORCHART) Company element from Computrabajo not found
2023-11-12 05:33:11 +0000 - dagster - INFO - LaborChartETL - 002cffe8-121f-44ad-9fcb-2aeddb0ede20 - computrabajoExtraction - (LABORCHART) Company element from Computrabajo not found
2023-11-12 05:33:15 +0000 - dagster - INFO - LaborChartETL - 002cffe8-121f-44ad-9fcb-2aeddb0ede20 - computrabajoExtraction - (LABORCHART) Company element from Computrabajo not found
2023-11-12 05:33:18 +0000 - dagster - INFO - LaborChartETL - 002cffe8-121f-44ad-9fcb-2aeddb0ede20 - computrabajoExtraction - (LABORCHART) Company element from Computrabajo not found
2023-11-12 05:33:22 +0000 - dagster - INFO - LaborChartETL - 002cffe8-121f-44ad-9fcb-2aeddb0ede20 - computrabajoExtraction - (LABORCHART) Company element from Computrabajo not found
2023-11-12 05:33:22 +0000 - dagster - INFO - LaborChartETL - 002cffe8-121f-44ad-9fcb-2aeddb0ede20 - computrabajoExtraction - (LABORCHART) Today's extraction: 547 offers      Pages viewed: 32
2023-11-12 05:33:22 +0000 - dagster - INFO - LaborChartETL - 002cffe8-121f-44ad-9fcb-2aeddb0ede20 - computrabajoExtraction - (LABORCHART) Computrabajo offers sent succesfully to RabbitMQ queue
2023-11-12 05:33:22 +0000 - dagster - DEBUG - LaborChartETL - 002cffe8-121f-44ad-9fcb-2aeddb0ede20 - 24269 - computrabajoExtraction - STEP_OUTPUT - Yielded output "result" of type "Nothing". (Type check passed).
2023-11-12 05:33:22 +0000 - dagster - DEBUG - LaborChartETL - 002cffe8-121f-44ad-9fcb-2aeddb0ede20 - 24269 - computrabajoExtraction - ASSET_MATERIALIZATION - Materialized value computrabajoExtraction.
2023-11-12 05:33:22 +0000 - dagster - DEBUG - LaborChartETL - 002cffe8-121f-44ad-9fcb-2aeddb0ede20 - 24269 - computrabajoExtraction - HANDLED_OUTPUT - Handled output "result" using IO manager "io_manager"
2023-11-12 05:33:22 +0000 - dagster - DEBUG - LaborChartETL - 002cffe8-121f-44ad-9fcb-2aeddb0ede20 - 24269 - computrabajoExtraction - STEP_SUCCESS - Finished execution of step "computrabajoExtraction" in 33m14s.
