2023-11-12 05:36:42 +0000 - dagster - DEBUG - LaborChartETL - 002cffe8-121f-44ad-9fcb-2aeddb0ede20 - 19928 - LOGS_CAPTURED - Started capturing logs in process (pid: 19928).
2023-11-12 05:36:42 +0000 - dagster - DEBUG - LaborChartETL - 002cffe8-121f-44ad-9fcb-2aeddb0ede20 - 19928 - offersSimilarityCheck - STEP_START - Started execution of step "offersSimilarityCheck".
2023-11-12 05:38:53 +0000 - dagster - INFO - LaborChartETL - 002cffe8-121f-44ad-9fcb-2aeddb0ede20 - offersSimilarityCheck - (LABORCHART) (858) tecnico mantenimiento electrico bogot calle 80 sinergia trabajo temporal sa <-> (859) tecnico mantenimiento electrico para bogot calle 80 sinergia trabajo temporal sa
2023-11-12 05:38:53 +0000 - dagster - INFO - LaborChartETL - 002cffe8-121f-44ad-9fcb-2aeddb0ede20 - offersSimilarityCheck - (LABORCHART) Similarity percentage: 97%
2023-11-12 05:39:04 +0000 - dagster - INFO - LaborChartETL - 002cffe8-121f-44ad-9fcb-2aeddb0ede20 - offersSimilarityCheck - (LABORCHART) (1190) servicio al cliente telemark spain sl sucursal colombia zona franca permanente especial <-> (1193) asesora servicio al cliente telemark spain sl sucursal colombia zona franca permanente especial
2023-11-12 05:39:04 +0000 - dagster - INFO - LaborChartETL - 002cffe8-121f-44ad-9fcb-2aeddb0ede20 - offersSimilarityCheck - (LABORCHART) Similarity percentage: 96%
2023-11-12 05:39:07 +0000 - dagster - INFO - LaborChartETL - 002cffe8-121f-44ad-9fcb-2aeddb0ede20 - offersSimilarityCheck - (LABORCHART) (1292) operarias de aseo diamante <-> (1293) operarios de aseo diamante
2023-11-12 05:39:07 +0000 - dagster - INFO - LaborChartETL - 002cffe8-121f-44ad-9fcb-2aeddb0ede20 - offersSimilarityCheck - (LABORCHART) Similarity percentage: 96%
2023-11-12 05:39:12 +0000 - dagster - INFO - LaborChartETL - 002cffe8-121f-44ad-9fcb-2aeddb0ede20 - offersSimilarityCheck - (LABORCHART) (1442) asesor comercial académico tech education <-> (1449) asesor comercial academico tech education
2023-11-12 05:39:12 +0000 - dagster - INFO - LaborChartETL - 002cffe8-121f-44ad-9fcb-2aeddb0ede20 - offersSimilarityCheck - (LABORCHART) Similarity percentage: 98%
2023-11-12 05:39:30 +0000 - dagster - INFO - LaborChartETL - 002cffe8-121f-44ad-9fcb-2aeddb0ede20 - offersSimilarityCheck - (LABORCHART) (2050) administradora con experiencia en restaurantes san andresito de la 38 centro de bogota contratamos sas <-> (2051) administradora con experiencia en restaurantes san andresito de la 38 centro de bogotá contratamos sas
2023-11-12 05:39:30 +0000 - dagster - INFO - LaborChartETL - 002cffe8-121f-44ad-9fcb-2aeddb0ede20 - offersSimilarityCheck - (LABORCHART) Similarity percentage: 99%
2023-11-12 05:39:36 +0000 - dagster - INFO - LaborChartETL - 002cffe8-121f-44ad-9fcb-2aeddb0ede20 - offersSimilarityCheck - (LABORCHART) (2239) asesor call center bilingue igt services and technologies colombia sas <-> (2245) asesor call center semibilingue igt services and technologies colombia sas
2023-11-12 05:39:36 +0000 - dagster - INFO - LaborChartETL - 002cffe8-121f-44ad-9fcb-2aeddb0ede20 - offersSimilarityCheck - (LABORCHART) Similarity percentage: 97%
2023-11-12 05:39:44 +0000 - dagster - INFO - LaborChartETL - 002cffe8-121f-44ad-9fcb-2aeddb0ede20 - offersSimilarityCheck - (LABORCHART) (2482) auxiliar de lavado de vehículos limpieza metropolitana sa <-> (2488) auxiliar de lavado de vehiculos limpieza metropolitana sa
2023-11-12 05:39:44 +0000 - dagster - INFO - LaborChartETL - 002cffe8-121f-44ad-9fcb-2aeddb0ede20 - offersSimilarityCheck - (LABORCHART) Similarity percentage: 98%
2023-11-12 05:39:49 +0000 - dagster - INFO - LaborChartETL - 002cffe8-121f-44ad-9fcb-2aeddb0ede20 - offersSimilarityCheck - (LABORCHART) (2647) auxiliar contable talenting partner sas <-> (2655) auxiliar contable y talenting partner sas
2023-11-12 05:39:49 +0000 - dagster - INFO - LaborChartETL - 002cffe8-121f-44ad-9fcb-2aeddb0ede20 - offersSimilarityCheck - (LABORCHART) Similarity percentage: 98%
2023-11-12 05:39:52 +0000 - dagster - INFO - LaborChartETL - 002cffe8-121f-44ad-9fcb-2aeddb0ede20 - offersSimilarityCheck - (LABORCHART) (2739) ingeniero electricista sociedad colombiana de consultoría sas <-> (2741) ingenieroa electricista sociedad colombiana de consultoría sas
2023-11-12 05:39:52 +0000 - dagster - INFO - LaborChartETL - 002cffe8-121f-44ad-9fcb-2aeddb0ede20 - offersSimilarityCheck - (LABORCHART) Similarity percentage: 99%
2023-11-12 05:39:57 +0000 - dagster - INFO - LaborChartETL - 002cffe8-121f-44ad-9fcb-2aeddb0ede20 - offersSimilarityCheck - (LABORCHART) (2909) asesor comercial externo banco w sa <-> (2910) asesor comercial externo pap banco w sa
2023-11-12 05:39:57 +0000 - dagster - INFO - LaborChartETL - 002cffe8-121f-44ad-9fcb-2aeddb0ede20 - offersSimilarityCheck - (LABORCHART) Similarity percentage: 95%
2023-11-12 05:40:01 +0000 - dagster - INFO - LaborChartETL - 002cffe8-121f-44ad-9fcb-2aeddb0ede20 - offersSimilarityCheck - (LABORCHART) (3027) asesor comercial lunes a viernes con exp tat telesentinel ltda <-> (3028) asesor comercial lunes a viernes con exp telesentinel ltda
2023-11-12 05:40:01 +0000 - dagster - INFO - LaborChartETL - 002cffe8-121f-44ad-9fcb-2aeddb0ede20 - offersSimilarityCheck - (LABORCHART) Similarity percentage: 97%
2023-11-12 05:40:04 +0000 - dagster - INFO - LaborChartETL - 002cffe8-121f-44ad-9fcb-2aeddb0ede20 - offersSimilarityCheck - (LABORCHART) (3123) ejecutivo de cuenta operadora habitel sas <-> (3124) ejecutivo de cuentas operadora habitel sas
2023-11-12 05:40:04 +0000 - dagster - INFO - LaborChartETL - 002cffe8-121f-44ad-9fcb-2aeddb0ede20 - offersSimilarityCheck - (LABORCHART) Similarity percentage: 99%
2023-11-12 05:40:10 +0000 - dagster - INFO - LaborChartETL - 002cffe8-121f-44ad-9fcb-2aeddb0ede20 - offersSimilarityCheck - (LABORCHART) (3301) ejecutivos de ventas  call center campaa directv contratación inmediata softtek renovation sas <-> (3302) ejecutivos de ventas  call center campaña etb contratacion inmediata softtek renovation sas
2023-11-12 05:40:10 +0000 - dagster - INFO - LaborChartETL - 002cffe8-121f-44ad-9fcb-2aeddb0ede20 - offersSimilarityCheck - (LABORCHART) Similarity percentage: 95%
2023-11-12 05:40:23 +0000 - dagster - INFO - LaborChartETL - 002cffe8-121f-44ad-9fcb-2aeddb0ede20 - offersSimilarityCheck - (LABORCHART) (3727) vigilantes para zona norte de bogotá acocel ltda asesores colombianos de celaduria <-> (3733) vigilante para zona norte de bogotá acocel ltda asesores colombianos de celaduria
2023-11-12 05:40:23 +0000 - dagster - INFO - LaborChartETL - 002cffe8-121f-44ad-9fcb-2aeddb0ede20 - offersSimilarityCheck - (LABORCHART) Similarity percentage: 99%
2023-11-12 05:40:28 +0000 - dagster - INFO - LaborChartETL - 002cffe8-121f-44ad-9fcb-2aeddb0ede20 - offersSimilarityCheck - (LABORCHART) (3901) auxiliar de vehículo  urgente bogotá m transportes clavijo sas <-> (3902) auxiliar de vehículo urgente bogotá l transportes clavijo sas
2023-11-12 05:40:28 +0000 - dagster - INFO - LaborChartETL - 002cffe8-121f-44ad-9fcb-2aeddb0ede20 - offersSimilarityCheck - (LABORCHART) Similarity percentage: 98%
2023-11-12 05:40:31 +0000 - dagster - INFO - LaborChartETL - 002cffe8-121f-44ad-9fcb-2aeddb0ede20 - offersSimilarityCheck - (LABORCHART) (3977) analista profesional chia dinissan  talleres autorizados sa <-> (3979) analista profesional dinissan  talleres autorizados sa
2023-11-12 05:40:31 +0000 - dagster - INFO - LaborChartETL - 002cffe8-121f-44ad-9fcb-2aeddb0ede20 - offersSimilarityCheck - (LABORCHART) Similarity percentage: 96%
2023-11-12 05:40:43 +0000 - dagster - INFO - LaborChartETL - 002cffe8-121f-44ad-9fcb-2aeddb0ede20 - offersSimilarityCheck - (LABORCHART) (4383) operador de medios tecnologicos servision de colombia y cia ltda <-> (4391) operadores de medios tecnologicos servision de colombia y cia ltda
2023-11-12 05:40:43 +0000 - dagster - INFO - LaborChartETL - 002cffe8-121f-44ad-9fcb-2aeddb0ede20 - offersSimilarityCheck - (LABORCHART) Similarity percentage: 98%
2023-11-12 05:40:53 +0000 - dagster - INFO - LaborChartETL - 002cffe8-121f-44ad-9fcb-2aeddb0ede20 - offersSimilarityCheck - (LABORCHART) (4682) auxiliar administrativoa distribuciones el mayorista <-> (4685) auxiliar administrativa distribuciones el mayorista
2023-11-12 05:40:53 +0000 - dagster - INFO - LaborChartETL - 002cffe8-121f-44ad-9fcb-2aeddb0ede20 - offersSimilarityCheck - (LABORCHART) Similarity percentage: 99%
2023-11-12 05:40:56 +0000 - dagster - INFO - LaborChartETL - 002cffe8-121f-44ad-9fcb-2aeddb0ede20 - offersSimilarityCheck - (LABORCHART) (4785) encuestador call center marketteam sa <-> (4791) encuestadorcall center marketteam sa
2023-11-12 05:40:56 +0000 - dagster - INFO - LaborChartETL - 002cffe8-121f-44ad-9fcb-2aeddb0ede20 - offersSimilarityCheck - (LABORCHART) Similarity percentage: 99%
2023-11-12 05:41:01 +0000 - dagster - INFO - LaborChartETL - 002cffe8-121f-44ad-9fcb-2aeddb0ede20 - offersSimilarityCheck - (LABORCHART) (4943) asesor comercial tat cceneca comercial sas <-> (4944) asesor comercial cceneca comercial sas
2023-11-12 05:41:01 +0000 - dagster - INFO - LaborChartETL - 002cffe8-121f-44ad-9fcb-2aeddb0ede20 - offersSimilarityCheck - (LABORCHART) Similarity percentage: 95%
2023-11-12 05:41:10 +0000 - dagster - INFO - LaborChartETL - 002cffe8-121f-44ad-9fcb-2aeddb0ede20 - offersSimilarityCheck - (LABORCHART) (5234) asesoresas comeciales boticario colombia sas <-> (5235) asesoresas comerciales boticario colombia sas
2023-11-12 05:41:10 +0000 - dagster - INFO - LaborChartETL - 002cffe8-121f-44ad-9fcb-2aeddb0ede20 - offersSimilarityCheck - (LABORCHART) Similarity percentage: 99%
2023-11-12 05:41:26 +0000 - dagster - INFO - LaborChartETL - 002cffe8-121f-44ad-9fcb-2aeddb0ede20 - offersSimilarityCheck - (LABORCHART) (5750) auxiliar contable administrativa seguridad nativa de colombia <-> (5751) auxiliar contable admnistrativa seguridad nativa de colombia
2023-11-12 05:41:26 +0000 - dagster - INFO - LaborChartETL - 002cffe8-121f-44ad-9fcb-2aeddb0ede20 - offersSimilarityCheck - (LABORCHART) Similarity percentage: 99%
2023-11-12 05:41:37 +0000 - dagster - INFO - LaborChartETL - 002cffe8-121f-44ad-9fcb-2aeddb0ede20 - offersSimilarityCheck - (LABORCHART) (6116) operadora de medios tecnológicos andina de seguridad del valle <-> (6117) operadoraor de medios tecnologicos andina de seguridad del valle
2023-11-12 05:41:38 +0000 - dagster - INFO - LaborChartETL - 002cffe8-121f-44ad-9fcb-2aeddb0ede20 - offersSimilarityCheck - (LABORCHART) Similarity percentage: 97%
2023-11-12 05:41:46 +0000 - dagster - INFO - LaborChartETL - 002cffe8-121f-44ad-9fcb-2aeddb0ede20 - offersSimilarityCheck - (LABORCHART) (6381) químico farmacéutico pharvet sas <-> (6387) químico farmaceutico pharvet sas
2023-11-12 05:41:46 +0000 - dagster - INFO - LaborChartETL - 002cffe8-121f-44ad-9fcb-2aeddb0ede20 - offersSimilarityCheck - (LABORCHART) Similarity percentage: 97%
2023-11-12 05:41:46 +0000 - dagster - INFO - LaborChartETL - 002cffe8-121f-44ad-9fcb-2aeddb0ede20 - offersSimilarityCheck - (LABORCHART) (6403) supervisor logístico trabaja en el aeropuerto reclutapro <-> (6404) supervisor logístico trabaja en el aeropuertov reclutapro
2023-11-12 05:41:46 +0000 - dagster - INFO - LaborChartETL - 002cffe8-121f-44ad-9fcb-2aeddb0ede20 - offersSimilarityCheck - (LABORCHART) Similarity percentage: 99%
2023-11-12 05:41:49 +0000 - dagster - INFO - LaborChartETL - 002cffe8-121f-44ad-9fcb-2aeddb0ede20 - offersSimilarityCheck - (LABORCHART) (6485) operario de produccion hombresexperiencia certificadaturnos rotativos trasegar sas <-> (6486) operario de produccionexperiencia certificadaturnos rotativos trasegar sas
2023-11-12 05:41:49 +0000 - dagster - INFO - LaborChartETL - 002cffe8-121f-44ad-9fcb-2aeddb0ede20 - offersSimilarityCheck - (LABORCHART) Similarity percentage: 95%
2023-11-12 05:41:49 +0000 - dagster - INFO - LaborChartETL - 002cffe8-121f-44ad-9fcb-2aeddb0ede20 - offersSimilarityCheck - (LABORCHART) (6485) operario de produccion hombresexperiencia certificadaturnos rotativos trasegar sas <-> (6487) operario de produccionhombreexperiencia certificadaturnos rotativos trasegar sas
2023-11-12 05:41:49 +0000 - dagster - INFO - LaborChartETL - 002cffe8-121f-44ad-9fcb-2aeddb0ede20 - offersSimilarityCheck - (LABORCHART) Similarity percentage: 99%
2023-11-12 05:42:01 +0000 - dagster - INFO - LaborChartETL - 002cffe8-121f-44ad-9fcb-2aeddb0ede20 - offersSimilarityCheck - (LABORCHART) (6866) asistente de microbiologia laboratorio emical sas <-> (6867) asistente de microbiología laboratorio emical sas
2023-11-12 05:42:01 +0000 - dagster - INFO - LaborChartETL - 002cffe8-121f-44ad-9fcb-2aeddb0ede20 - offersSimilarityCheck - (LABORCHART) Similarity percentage: 98%
2023-11-12 05:42:20 +0000 - dagster - INFO - LaborChartETL - 002cffe8-121f-44ad-9fcb-2aeddb0ede20 - offersSimilarityCheck - (LABORCHART) (7470) ejecutivo comercial junior valley cargo sas <-> (7471) ejecutivo comercial senior valley cargo sas
2023-11-12 05:42:20 +0000 - dagster - INFO - LaborChartETL - 002cffe8-121f-44ad-9fcb-2aeddb0ede20 - offersSimilarityCheck - (LABORCHART) Similarity percentage: 95%
2023-11-12 05:44:35 +0000 - dagster - INFO - LaborChartETL - 002cffe8-121f-44ad-9fcb-2aeddb0ede20 - offersSimilarityCheck - (LABORCHART) 66 offers updated
2023-11-12 05:44:37 +0000 - dagster - INFO - LaborChartETL - 002cffe8-121f-44ad-9fcb-2aeddb0ede20 - offersSimilarityCheck - (LABORCHART) (90) agencia de empleo de colsubsidio <-> (7498) agencia de empleo colsubsidio
2023-11-12 05:44:37 +0000 - dagster - INFO - LaborChartETL - 002cffe8-121f-44ad-9fcb-2aeddb0ede20 - offersSimilarityCheck - (LABORCHART) Similarity percentage: 95%
2023-11-12 05:45:21 +0000 - dagster - INFO - LaborChartETL - 002cffe8-121f-44ad-9fcb-2aeddb0ede20 - offersSimilarityCheck - (LABORCHART) (1630) asiste ingeniería sas <-> (10207) adve ingeniería sas
2023-11-12 05:45:21 +0000 - dagster - INFO - LaborChartETL - 002cffe8-121f-44ad-9fcb-2aeddb0ede20 - offersSimilarityCheck - (LABORCHART) Similarity percentage: 85%
2023-11-12 05:45:22 +0000 - dagster - INFO - LaborChartETL - 002cffe8-121f-44ad-9fcb-2aeddb0ede20 - offersSimilarityCheck - (LABORCHART) (1660) elis colombia sas <-> (10873) gea colombia sas
2023-11-12 05:45:22 +0000 - dagster - INFO - LaborChartETL - 002cffe8-121f-44ad-9fcb-2aeddb0ede20 - offersSimilarityCheck - (LABORCHART) Similarity percentage: 85%
2023-11-12 05:45:28 +0000 - dagster - INFO - LaborChartETL - 002cffe8-121f-44ad-9fcb-2aeddb0ede20 - offersSimilarityCheck - (LABORCHART) (1890) omm colombia sas <-> (11838) viccom colombia sas
2023-11-12 05:45:28 +0000 - dagster - INFO - LaborChartETL - 002cffe8-121f-44ad-9fcb-2aeddb0ede20 - offersSimilarityCheck - (LABORCHART) Similarity percentage: 86%
2023-11-12 05:47:10 +0000 - dagster - INFO - LaborChartETL - 002cffe8-121f-44ad-9fcb-2aeddb0ede20 - offersSimilarityCheck - (LABORCHART) (5506) as talento sas <-> (7437) talento sas
2023-11-12 05:47:10 +0000 - dagster - INFO - LaborChartETL - 002cffe8-121f-44ad-9fcb-2aeddb0ede20 - offersSimilarityCheck - (LABORCHART) Similarity percentage: 88%
2023-11-12 05:47:11 +0000 - dagster - INFO - LaborChartETL - 002cffe8-121f-44ad-9fcb-2aeddb0ede20 - offersSimilarityCheck - (LABORCHART) (5506) as talento sas <-> (7436) talento sas
2023-11-12 05:47:11 +0000 - dagster - INFO - LaborChartETL - 002cffe8-121f-44ad-9fcb-2aeddb0ede20 - offersSimilarityCheck - (LABORCHART) Similarity percentage: 88%
2023-11-12 05:47:11 +0000 - dagster - ERROR - LaborChartETL - 002cffe8-121f-44ad-9fcb-2aeddb0ede20 - offersSimilarityCheck - (LABORCHART) Error while trying to update offers: 409
2023-11-12 05:47:11 +0000 - dagster - ERROR - LaborChartETL - 002cffe8-121f-44ad-9fcb-2aeddb0ede20 - offersSimilarityCheck - (LABORCHART) Error trying to compare indexes: 409
2023-11-12 05:47:11 +0000 - dagster - INFO - LaborChartETL - 002cffe8-121f-44ad-9fcb-2aeddb0ede20 - offersSimilarityCheck - (LABORCHART) (5507) as talento sas <-> (7436) talento sas
2023-11-12 05:47:11 +0000 - dagster - INFO - LaborChartETL - 002cffe8-121f-44ad-9fcb-2aeddb0ede20 - offersSimilarityCheck - (LABORCHART) Similarity percentage: 88%
2023-11-12 05:47:11 +0000 - dagster - ERROR - LaborChartETL - 002cffe8-121f-44ad-9fcb-2aeddb0ede20 - offersSimilarityCheck - (LABORCHART) Error while trying to update offers: 409
2023-11-12 05:47:11 +0000 - dagster - ERROR - LaborChartETL - 002cffe8-121f-44ad-9fcb-2aeddb0ede20 - offersSimilarityCheck - (LABORCHART) Error trying to compare indexes: 409
2023-11-12 05:47:11 +0000 - dagster - INFO - LaborChartETL - 002cffe8-121f-44ad-9fcb-2aeddb0ede20 - offersSimilarityCheck - (LABORCHART) (5508) as talento sas <-> (7436) talento sas
2023-11-12 05:47:11 +0000 - dagster - INFO - LaborChartETL - 002cffe8-121f-44ad-9fcb-2aeddb0ede20 - offersSimilarityCheck - (LABORCHART) Similarity percentage: 88%
2023-11-12 05:47:11 +0000 - dagster - ERROR - LaborChartETL - 002cffe8-121f-44ad-9fcb-2aeddb0ede20 - offersSimilarityCheck - (LABORCHART) Error while trying to update offers: 409
2023-11-12 05:47:11 +0000 - dagster - ERROR - LaborChartETL - 002cffe8-121f-44ad-9fcb-2aeddb0ede20 - offersSimilarityCheck - (LABORCHART) Error trying to compare indexes: 409
2023-11-12 05:47:11 +0000 - dagster - INFO - LaborChartETL - 002cffe8-121f-44ad-9fcb-2aeddb0ede20 - offersSimilarityCheck - (LABORCHART) (5509) as talento sas <-> (7436) talento sas
2023-11-12 05:47:11 +0000 - dagster - INFO - LaborChartETL - 002cffe8-121f-44ad-9fcb-2aeddb0ede20 - offersSimilarityCheck - (LABORCHART) Similarity percentage: 88%
2023-11-12 05:47:11 +0000 - dagster - ERROR - LaborChartETL - 002cffe8-121f-44ad-9fcb-2aeddb0ede20 - offersSimilarityCheck - (LABORCHART) Error while trying to update offers: 409
2023-11-12 05:47:11 +0000 - dagster - ERROR - LaborChartETL - 002cffe8-121f-44ad-9fcb-2aeddb0ede20 - offersSimilarityCheck - (LABORCHART) Error trying to compare indexes: 409
2023-11-12 05:47:11 +0000 - dagster - INFO - LaborChartETL - 002cffe8-121f-44ad-9fcb-2aeddb0ede20 - offersSimilarityCheck - (LABORCHART) (5510) as talento sas <-> (7436) talento sas
2023-11-12 05:47:11 +0000 - dagster - INFO - LaborChartETL - 002cffe8-121f-44ad-9fcb-2aeddb0ede20 - offersSimilarityCheck - (LABORCHART) Similarity percentage: 88%
2023-11-12 05:48:05 +0000 - dagster - INFO - LaborChartETL - 002cffe8-121f-44ad-9fcb-2aeddb0ede20 - offersSimilarityCheck - (LABORCHART) (7387) seguridad de colombia ltda <-> (9049) seguridad atempi de colombia ltda
2023-11-12 05:48:05 +0000 - dagster - INFO - LaborChartETL - 002cffe8-121f-44ad-9fcb-2aeddb0ede20 - offersSimilarityCheck - (LABORCHART) Similarity percentage: 88%
2023-11-12 05:48:53 +0000 - dagster - INFO - LaborChartETL - 002cffe8-121f-44ad-9fcb-2aeddb0ede20 - offersSimilarityCheck - (LABORCHART) (9053) seguridad logro ltda <-> (9059) seguridad rohen ltda
2023-11-12 05:48:53 +0000 - dagster - INFO - LaborChartETL - 002cffe8-121f-44ad-9fcb-2aeddb0ede20 - offersSimilarityCheck - (LABORCHART) Similarity percentage: 85%
2023-11-12 05:49:47 +0000 - dagster - INFO - LaborChartETL - 002cffe8-121f-44ad-9fcb-2aeddb0ede20 - offersSimilarityCheck - (LABORCHART) (10893) gi group colombia sas <-> (11770) topgroup colombia sas
2023-11-12 05:49:47 +0000 - dagster - INFO - LaborChartETL - 002cffe8-121f-44ad-9fcb-2aeddb0ede20 - offersSimilarityCheck - (LABORCHART) Similarity percentage: 86%
2023-11-12 05:50:15 +0000 - dagster - INFO - LaborChartETL - 002cffe8-121f-44ad-9fcb-2aeddb0ede20 - offersSimilarityCheck - (LABORCHART) 47 offers updated
2023-11-12 05:50:15 +0000 - dagster - DEBUG - LaborChartETL - 002cffe8-121f-44ad-9fcb-2aeddb0ede20 - 19928 - offersSimilarityCheck - STEP_OUTPUT - Yielded output "result" of type "Nothing". (Type check passed).
2023-11-12 05:50:15 +0000 - dagster - DEBUG - LaborChartETL - 002cffe8-121f-44ad-9fcb-2aeddb0ede20 - 19928 - offersSimilarityCheck - ASSET_MATERIALIZATION - Materialized value offersSimilarityCheck.
2023-11-12 05:50:15 +0000 - dagster - DEBUG - LaborChartETL - 002cffe8-121f-44ad-9fcb-2aeddb0ede20 - 19928 - offersSimilarityCheck - HANDLED_OUTPUT - Handled output "result" using IO manager "io_manager"
2023-11-12 05:50:15 +0000 - dagster - DEBUG - LaborChartETL - 002cffe8-121f-44ad-9fcb-2aeddb0ede20 - 19928 - offersSimilarityCheck - STEP_SUCCESS - Finished execution of step "offersSimilarityCheck" in 13m33s.
