2023-11-18 07:23:41 +0000 - dagster - DEBUG - LaborChartETL - 8e025cdc-3f41-466d-96e8-323c805e1835 - 27370 - LOGS_CAPTURED - Started capturing logs in process (pid: 27370).
2023-11-18 07:23:41 +0000 - dagster - DEBUG - LaborChartETL - 8e025cdc-3f41-466d-96e8-323c805e1835 - 27370 - offersSimilarityCheck - STEP_START - Started execution of step "offersSimilarityCheck".
2023-11-18 07:25:41 +0000 - dagster - INFO - LaborChartETL - 8e025cdc-3f41-466d-96e8-323c805e1835 - offersSimilarityCheck - (LABORCHART) (230) asesores comerciales call center intelcia <-> (239) asesor comercial call center intelcia
2023-11-18 07:25:41 +0000 - dagster - INFO - LaborChartETL - 8e025cdc-3f41-466d-96e8-323c805e1835 - offersSimilarityCheck - (LABORCHART) Similarity percentage: 95%
2023-11-18 07:26:11 +0000 - dagster - INFO - LaborChartETL - 8e025cdc-3f41-466d-96e8-323c805e1835 - offersSimilarityCheck - (LABORCHART) (1238) auxiliar bodega tabasco oc <-> (1239) auxiliar de bodega tabasco oc
2023-11-18 07:26:11 +0000 - dagster - INFO - LaborChartETL - 8e025cdc-3f41-466d-96e8-323c805e1835 - offersSimilarityCheck - (LABORCHART) Similarity percentage: 95%
2023-11-18 07:26:12 +0000 - dagster - INFO - LaborChartETL - 8e025cdc-3f41-466d-96e8-323c805e1835 - offersSimilarityCheck - (LABORCHART) (1260) servicio al cliente telemark spain sl sucursal colombia zona franca permanente especial <-> (1268) agente de servicio al cliente telemark spain sl sucursal colombia zona franca permanente especial
2023-11-18 07:26:12 +0000 - dagster - INFO - LaborChartETL - 8e025cdc-3f41-466d-96e8-323c805e1835 - offersSimilarityCheck - (LABORCHART) Similarity percentage: 95%
2023-11-18 07:26:12 +0000 - dagster - INFO - LaborChartETL - 8e025cdc-3f41-466d-96e8-323c805e1835 - offersSimilarityCheck - (LABORCHART) (1264) servicio al cliente call center telemark spain sl sucursal colombia zona franca permanente especial <-> (1267) servicio al ciente call center telemark spain sl sucursal colombia zona franca permanente especial
2023-11-18 07:26:12 +0000 - dagster - INFO - LaborChartETL - 8e025cdc-3f41-466d-96e8-323c805e1835 - offersSimilarityCheck - (LABORCHART) Similarity percentage: 99%
2023-11-18 07:26:21 +0000 - dagster - INFO - LaborChartETL - 8e025cdc-3f41-466d-96e8-323c805e1835 - offersSimilarityCheck - (LABORCHART) (1581) guarda de seguridad con 3 aos de experiencia g4s secure solutions colombia sa <-> (1586) guarda de seguridad con 3 años de experiencia g4s secure solutions colombia sa
2023-11-18 07:26:21 +0000 - dagster - INFO - LaborChartETL - 8e025cdc-3f41-466d-96e8-323c805e1835 - offersSimilarityCheck - (LABORCHART) Similarity percentage: 99%
2023-11-18 07:26:27 +0000 - dagster - INFO - LaborChartETL - 8e025cdc-3f41-466d-96e8-323c805e1835 - offersSimilarityCheck - (LABORCHART) (1773) auxiliar de servicios generales winner group sa <-> (1778) auxiliar servicios generales winner group sa
2023-11-18 07:26:27 +0000 - dagster - INFO - LaborChartETL - 8e025cdc-3f41-466d-96e8-323c805e1835 - offersSimilarityCheck - (LABORCHART) Similarity percentage: 97%
2023-11-18 07:26:32 +0000 - dagster - INFO - LaborChartETL - 8e025cdc-3f41-466d-96e8-323c805e1835 - offersSimilarityCheck - (LABORCHART) (1917) auxiliar cargue y descargue entre 30 a 40 kilos gestion idonea sas <-> (1924) auxiliar cargue y descargue entre 40 a 50 kilos gestion idonea sas
2023-11-18 07:26:32 +0000 - dagster - INFO - LaborChartETL - 8e025cdc-3f41-466d-96e8-323c805e1835 - offersSimilarityCheck - (LABORCHART) Similarity percentage: 97%
2023-11-18 07:27:42 +0000 - dagster - INFO - LaborChartETL - 8e025cdc-3f41-466d-96e8-323c805e1835 - offersSimilarityCheck - (LABORCHART) (4279) gerente  administrador de restaurante don benitez <-> (4280) gerenteadministrador de restaurante don benitez
2023-11-18 07:27:42 +0000 - dagster - INFO - LaborChartETL - 8e025cdc-3f41-466d-96e8-323c805e1835 - offersSimilarityCheck - (LABORCHART) Similarity percentage: 98%
2023-11-18 07:27:44 +0000 - dagster - INFO - LaborChartETL - 8e025cdc-3f41-466d-96e8-323c805e1835 - offersSimilarityCheck - (LABORCHART) (4363) auxiliar logistico pan pa ya <-> (4367) auxiliar logístico pan pa ya
2023-11-18 07:27:44 +0000 - dagster - INFO - LaborChartETL - 8e025cdc-3f41-466d-96e8-323c805e1835 - offersSimilarityCheck - (LABORCHART) Similarity percentage: 96%
2023-11-18 07:28:01 +0000 - dagster - INFO - LaborChartETL - 8e025cdc-3f41-466d-96e8-323c805e1835 - offersSimilarityCheck - (LABORCHART) (4911) auxiliar operativo temporada acqua marketing colombia sas <-> (4912) auxiliar operativo temporal acqua marketing colombia sas
2023-11-18 07:28:01 +0000 - dagster - INFO - LaborChartETL - 8e025cdc-3f41-466d-96e8-323c805e1835 - offersSimilarityCheck - (LABORCHART) Similarity percentage: 97%
2023-11-18 07:28:19 +0000 - dagster - INFO - LaborChartETL - 8e025cdc-3f41-466d-96e8-323c805e1835 - offersSimilarityCheck - (LABORCHART) (5500) cajero auxiliar brinks de colombia sa <-> (5501) cajeros auxiliares brinks de colombia sa
2023-11-18 07:28:19 +0000 - dagster - INFO - LaborChartETL - 8e025cdc-3f41-466d-96e8-323c805e1835 - offersSimilarityCheck - (LABORCHART) Similarity percentage: 96%
2023-11-18 07:28:26 +0000 - dagster - INFO - LaborChartETL - 8e025cdc-3f41-466d-96e8-323c805e1835 - offersSimilarityCheck - (LABORCHART) (5724) gestor administrativo de contrato de obras del sector constructor  experiencia en sinco adpro thermoandina sas <-> (5725) gestor administrativo de contratos de obras del sector constructor  experiencia sinco y adpro thermoandina sas
2023-11-18 07:28:26 +0000 - dagster - INFO - LaborChartETL - 8e025cdc-3f41-466d-96e8-323c805e1835 - offersSimilarityCheck - (LABORCHART) Similarity percentage: 97%
2023-11-18 07:28:41 +0000 - dagster - INFO - LaborChartETL - 8e025cdc-3f41-466d-96e8-323c805e1835 - offersSimilarityCheck - (LABORCHART) (6214) camarera franquicias hoteleras bh sas <-> (6215) camareroa franquicias hoteleras bh sas
2023-11-18 07:28:41 +0000 - dagster - INFO - LaborChartETL - 8e025cdc-3f41-466d-96e8-323c805e1835 - offersSimilarityCheck - (LABORCHART) Similarity percentage: 99%
2023-11-18 07:30:36 +0000 - dagster - INFO - LaborChartETL - 8e025cdc-3f41-466d-96e8-323c805e1835 - offersSimilarityCheck - (LABORCHART) (10056) mdico family medical assistance sas <-> (10057) médico family medical assistance sas
2023-11-18 07:30:36 +0000 - dagster - INFO - LaborChartETL - 8e025cdc-3f41-466d-96e8-323c805e1835 - offersSimilarityCheck - (LABORCHART) Similarity percentage: 99%
2023-11-18 07:31:54 +0000 - dagster - INFO - LaborChartETL - 8e025cdc-3f41-466d-96e8-323c805e1835 - offersSimilarityCheck - (LABORCHART) 79 offers updated
2023-11-18 07:36:10 +0000 - dagster - INFO - LaborChartETL - 8e025cdc-3f41-466d-96e8-323c805e1835 - offersSimilarityCheck - (LABORCHART) (9320) korner sas <-> (11916) konker sas
2023-11-18 07:36:10 +0000 - dagster - INFO - LaborChartETL - 8e025cdc-3f41-466d-96e8-323c805e1835 - offersSimilarityCheck - (LABORCHART) Similarity percentage: 90%
2023-11-18 07:37:44 +0000 - dagster - INFO - LaborChartETL - 8e025cdc-3f41-466d-96e8-323c805e1835 - offersSimilarityCheck - (LABORCHART) 1 offers updated
2023-11-18 07:37:44 +0000 - dagster - DEBUG - LaborChartETL - 8e025cdc-3f41-466d-96e8-323c805e1835 - 27370 - offersSimilarityCheck - STEP_OUTPUT - Yielded output "result" of type "Nothing". (Type check passed).
2023-11-18 07:37:44 +0000 - dagster - DEBUG - LaborChartETL - 8e025cdc-3f41-466d-96e8-323c805e1835 - 27370 - offersSimilarityCheck - ASSET_MATERIALIZATION - Materialized value offersSimilarityCheck.
2023-11-18 07:37:44 +0000 - dagster - DEBUG - LaborChartETL - 8e025cdc-3f41-466d-96e8-323c805e1835 - 27370 - offersSimilarityCheck - HANDLED_OUTPUT - Handled output "result" using IO manager "io_manager"
2023-11-18 07:37:44 +0000 - dagster - DEBUG - LaborChartETL - 8e025cdc-3f41-466d-96e8-323c805e1835 - 27370 - offersSimilarityCheck - STEP_SUCCESS - Finished execution of step "offersSimilarityCheck" in 14m3s.
