2023-11-19 05:34:14 +0000 - dagster - DEBUG - LaborChartETL - 708454e4-d89f-41a8-8eb0-dda7039c6b8b - 26939 - LOGS_CAPTURED - Started capturing logs in process (pid: 26939).
2023-11-19 05:34:14 +0000 - dagster - DEBUG - LaborChartETL - 708454e4-d89f-41a8-8eb0-dda7039c6b8b - 26939 - filter - STEP_START - Started execution of step "filter".
2023-11-19 05:34:14 +0000 - dagster - DEBUG - LaborChartETL - 708454e4-d89f-41a8-8eb0-dda7039c6b8b - filter - Loading file from: /usr/src/app/Dagster/storage/receptor using PickledObjectFilesystemIOManager...
2023-11-19 05:34:14 +0000 - dagster - DEBUG - LaborChartETL - 708454e4-d89f-41a8-8eb0-dda7039c6b8b - 26939 - filter - ASSET_OBSERVATION - ASSET_OBSERVATION for step filter
2023-11-19 05:34:15 +0000 - dagster - DEBUG - LaborChartETL - 708454e4-d89f-41a8-8eb0-dda7039c6b8b - 26939 - filter - LOADED_INPUT - Loaded input "receptor" using input manager "io_manager", from output "result" of step "receptor"
2023-11-19 05:34:15 +0000 - dagster - DEBUG - LaborChartETL - 708454e4-d89f-41a8-8eb0-dda7039c6b8b - 26939 - filter - STEP_INPUT - Got input "receptor" of type "Any". (Type check passed).
WARNING clustering 589 points to 20 centroids: please provide at least 780 training points
WARNING clustering 589 points to 256 centroids: please provide at least 9984 training points
WARNING clustering 589 points to 256 centroids: please provide at least 9984 training points
WARNING clustering 589 points to 256 centroids: please provide at least 9984 training points
WARNING clustering 589 points to 256 centroids: please provide at least 9984 training points
WARNING clustering 589 points to 256 centroids: please provide at least 9984 training points
WARNING clustering 589 points to 256 centroids: please provide at least 9984 training points
WARNING clustering 589 points to 256 centroids: please provide at least 9984 training points
WARNING clustering 589 points to 256 centroids: please provide at least 9984 training points
WARNING clustering 589 points to 256 centroids: please provide at least 9984 training points
WARNING clustering 589 points to 256 centroids: please provide at least 9984 training points
WARNING clustering 589 points to 256 centroids: please provide at least 9984 training points
WARNING clustering 589 points to 256 centroids: please provide at least 9984 training points
WARNING clustering 589 points to 256 centroids: please provide at least 9984 training points
WARNING clustering 589 points to 256 centroids: please provide at least 9984 training points
WARNING clustering 589 points to 256 centroids: please provide at least 9984 training points
WARNING clustering 589 points to 256 centroids: please provide at least 9984 training points
WARNING clustering 589 points to 256 centroids: please provide at least 9984 training points
WARNING clustering 589 points to 256 centroids: please provide at least 9984 training points
WARNING clustering 589 points to 256 centroids: please provide at least 9984 training points
WARNING clustering 589 points to 256 centroids: please provide at least 9984 training points
WARNING clustering 589 points to 256 centroids: please provide at least 9984 training points
WARNING clustering 589 points to 256 centroids: please provide at least 9984 training points
WARNING clustering 589 points to 256 centroids: please provide at least 9984 training points
WARNING clustering 589 points to 256 centroids: please provide at least 9984 training points
2023-11-19 05:34:22 +0000 - dagster - INFO - LaborChartETL - 708454e4-d89f-41a8-8eb0-dda7039c6b8b - filter - (LABORCHART) Initial quantity of offers: 589
2023-11-19 05:34:22 +0000 - dagster - INFO - LaborChartETL - 708454e4-d89f-41a8-8eb0-dda7039c6b8b - filter - (LABORCHART) (1) gran convocatoria bachiller con o sin experiencia asesor comercial call center covisian colombia sas <-> (7) gran convocatoria bachiller con o sin experiencia asesor comercial call center covisian colombia sas
2023-11-19 05:34:22 +0000 - dagster - INFO - LaborChartETL - 708454e4-d89f-41a8-8eb0-dda7039c6b8b - filter - (LABORCHART) Similarity percentage: 100%
2023-11-19 05:34:23 +0000 - dagster - INFO - LaborChartETL - 708454e4-d89f-41a8-8eb0-dda7039c6b8b - filter - (LABORCHART) (1) gran convocatoria bachiller con o sin experiencia asesor comercial call center covisian colombia sas <-> (191) gran convocatoria bachiller con o sin experiencia asesor comercial call center covisian colombia sas
2023-11-19 05:34:23 +0000 - dagster - INFO - LaborChartETL - 708454e4-d89f-41a8-8eb0-dda7039c6b8b - filter - (LABORCHART) Similarity percentage: 100%
2023-11-19 05:34:23 +0000 - dagster - INFO - LaborChartETL - 708454e4-d89f-41a8-8eb0-dda7039c6b8b - filter - (LABORCHART) (1) gran convocatoria bachiller con o sin experiencia asesor comercial call center covisian colombia sas <-> (401) gran convocatoria bachiller con o sin experiencia asesor comercial call center covisian colombia sas
2023-11-19 05:34:23 +0000 - dagster - INFO - LaborChartETL - 708454e4-d89f-41a8-8eb0-dda7039c6b8b - filter - (LABORCHART) Similarity percentage: 100%
2023-11-19 05:34:23 +0000 - dagster - INFO - LaborChartETL - 708454e4-d89f-41a8-8eb0-dda7039c6b8b - filter - (LABORCHART) (1) gran convocatoria bachiller con o sin experiencia asesor comercial call center covisian colombia sas <-> (537) gran convocatoria bachiller con o sin experiencia asesor comercial call center covisian colombia sas
2023-11-19 05:34:23 +0000 - dagster - INFO - LaborChartETL - 708454e4-d89f-41a8-8eb0-dda7039c6b8b - filter - (LABORCHART) Similarity percentage: 100%
2023-11-19 05:34:23 +0000 - dagster - INFO - LaborChartETL - 708454e4-d89f-41a8-8eb0-dda7039c6b8b - filter - (LABORCHART) (2) bachiller y no tienes experiencia buscamos asesores comerciales call center aceptamos estudiantes covisian colombia sas <-> (3) bachiller y no tienes experiencia buscamos asesores comerciales call center aceptamos estudiantes covisian colombia sas
2023-11-19 05:34:23 +0000 - dagster - INFO - LaborChartETL - 708454e4-d89f-41a8-8eb0-dda7039c6b8b - filter - (LABORCHART) Similarity percentage: 100%
2023-11-19 05:34:23 +0000 - dagster - INFO - LaborChartETL - 708454e4-d89f-41a8-8eb0-dda7039c6b8b - filter - (LABORCHART) (2) bachiller y no tienes experiencia buscamos asesores comerciales call center aceptamos estudiantes covisian colombia sas <-> (487) bachiller y no tienes experiencia buscamos asesores comerciales call center aceptamos estudiantes covisian colombia sas
2023-11-19 05:34:23 +0000 - dagster - INFO - LaborChartETL - 708454e4-d89f-41a8-8eb0-dda7039c6b8b - filter - (LABORCHART) Similarity percentage: 100%
2023-11-19 05:34:23 +0000 - dagster - INFO - LaborChartETL - 708454e4-d89f-41a8-8eb0-dda7039c6b8b - filter - (LABORCHART) (6) bachilleres con o sin experiencia  asesores comerciales call center mas de 100 vacantes covisian colombia sas <-> (91) bachilleres con o sin experiencia  asesores comerciales call center mas de 100 vacantes covisian colombia sas
2023-11-19 05:34:23 +0000 - dagster - INFO - LaborChartETL - 708454e4-d89f-41a8-8eb0-dda7039c6b8b - filter - (LABORCHART) Similarity percentage: 100%
2023-11-19 05:34:23 +0000 - dagster - INFO - LaborChartETL - 708454e4-d89f-41a8-8eb0-dda7039c6b8b - filter - (LABORCHART) (6) bachilleres con o sin experiencia  asesores comerciales call center mas de 100 vacantes covisian colombia sas <-> (121) bachilleres con o sin experiencia  asesores comerciales call center mas de 100 vacantes covisian colombia sas
2023-11-19 05:34:23 +0000 - dagster - INFO - LaborChartETL - 708454e4-d89f-41a8-8eb0-dda7039c6b8b - filter - (LABORCHART) Similarity percentage: 100%
2023-11-19 05:34:23 +0000 - dagster - INFO - LaborChartETL - 708454e4-d89f-41a8-8eb0-dda7039c6b8b - filter - (LABORCHART) (6) bachilleres con o sin experiencia  asesores comerciales call center mas de 100 vacantes covisian colombia sas <-> (220) bachilleres con o sin experiencia  asesores comerciales call center mas de 100 vacantes covisian colombia sas
2023-11-19 05:34:23 +0000 - dagster - INFO - LaborChartETL - 708454e4-d89f-41a8-8eb0-dda7039c6b8b - filter - (LABORCHART) Similarity percentage: 100%
2023-11-19 05:34:24 +0000 - dagster - INFO - LaborChartETL - 708454e4-d89f-41a8-8eb0-dda7039c6b8b - filter - (LABORCHART) (20) auxiliar administrativoa financiero konecta <-> (142) auxiliar administrativoa financiero konecta
2023-11-19 05:34:24 +0000 - dagster - INFO - LaborChartETL - 708454e4-d89f-41a8-8eb0-dda7039c6b8b - filter - (LABORCHART) Similarity percentage: 100%
2023-11-19 05:34:24 +0000 - dagster - INFO - LaborChartETL - 708454e4-d89f-41a8-8eb0-dda7039c6b8b - filter - (LABORCHART) (20) auxiliar administrativoa financiero konecta <-> (146) auxiliar administrativoa financiero konecta
2023-11-19 05:34:24 +0000 - dagster - INFO - LaborChartETL - 708454e4-d89f-41a8-8eb0-dda7039c6b8b - filter - (LABORCHART) Similarity percentage: 100%
2023-11-19 05:34:24 +0000 - dagster - INFO - LaborChartETL - 708454e4-d89f-41a8-8eb0-dda7039c6b8b - filter - (LABORCHART) (28) ayudante de logística cc gran plaza ensueño tiempos sas <-> (29) ayudante de logística cc gran plaza ensueño tiempos sas
2023-11-19 05:34:24 +0000 - dagster - INFO - LaborChartETL - 708454e4-d89f-41a8-8eb0-dda7039c6b8b - filter - (LABORCHART) Similarity percentage: 100%
2023-11-19 05:34:24 +0000 - dagster - INFO - LaborChartETL - 708454e4-d89f-41a8-8eb0-dda7039c6b8b - filter - (LABORCHART) (36) auxiliares administrativos  oferta exclusiva servicio al cliente  recepción de llamadas empresa confidencial <-> (119) auxiliares administrativos  oferta exclusiva servicio al cliente  recepción de llamadas empresa confidencial
2023-11-19 05:34:24 +0000 - dagster - INFO - LaborChartETL - 708454e4-d89f-41a8-8eb0-dda7039c6b8b - filter - (LABORCHART) Similarity percentage: 100%
2023-11-19 05:34:24 +0000 - dagster - INFO - LaborChartETL - 708454e4-d89f-41a8-8eb0-dda7039c6b8b - filter - (LABORCHART) (37) asesor servicio al cliente tecnicos  sac fondo de pensiones  agendamiento empresa confidencial <-> (118) asesor servicio al cliente tecnicos  sac fondo de pensiones  agendamiento empresa confidencial
2023-11-19 05:34:24 +0000 - dagster - INFO - LaborChartETL - 708454e4-d89f-41a8-8eb0-dda7039c6b8b - filter - (LABORCHART) Similarity percentage: 100%
2023-11-19 05:34:24 +0000 - dagster - INFO - LaborChartETL - 708454e4-d89f-41a8-8eb0-dda7039c6b8b - filter - (LABORCHART) (38) auxiliares administrativosentidad financieraasesores servicio al cliente call center 3 meses empresa confidencial <-> (117) auxiliares administrativosentidad financieraasesores servicio al cliente call center 3 meses empresa confidencial
2023-11-19 05:34:24 +0000 - dagster - INFO - LaborChartETL - 708454e4-d89f-41a8-8eb0-dda7039c6b8b - filter - (LABORCHART) Similarity percentage: 100%
2023-11-19 05:34:24 +0000 - dagster - INFO - LaborChartETL - 708454e4-d89f-41a8-8eb0-dda7039c6b8b - filter - (LABORCHART) (39) bachilleres vendedores tat bogotá 6 meses de experiencia empresa confidencial <-> (116) bachilleres vendedores tat bogotá 6 meses de experiencia empresa confidencial
2023-11-19 05:34:24 +0000 - dagster - INFO - LaborChartETL - 708454e4-d89f-41a8-8eb0-dda7039c6b8b - filter - (LABORCHART) Similarity percentage: 100%
2023-11-19 05:34:25 +0000 - dagster - INFO - LaborChartETL - 708454e4-d89f-41a8-8eb0-dda7039c6b8b - filter - (LABORCHART) (40) auxiliar administrativo entidad automotriz servicio al cliente back office empresa confidencial <-> (69) auxiliar administrativo entidad automotriz servicio al cliente back office empresa confidencial
2023-11-19 05:34:25 +0000 - dagster - INFO - LaborChartETL - 708454e4-d89f-41a8-8eb0-dda7039c6b8b - filter - (LABORCHART) Similarity percentage: 100%
2023-11-19 05:34:25 +0000 - dagster - INFO - LaborChartETL - 708454e4-d89f-41a8-8eb0-dda7039c6b8b - filter - (LABORCHART) (40) auxiliar administrativo entidad automotriz servicio al cliente back office empresa confidencial <-> (110) auxiliar administrativo entidad automotriz servicio al cliente back office empresa confidencial
2023-11-19 05:34:25 +0000 - dagster - INFO - LaborChartETL - 708454e4-d89f-41a8-8eb0-dda7039c6b8b - filter - (LABORCHART) Similarity percentage: 100%
2023-11-19 05:34:25 +0000 - dagster - INFO - LaborChartETL - 708454e4-d89f-41a8-8eb0-dda7039c6b8b - filter - (LABORCHART) (41) asesor comercial call center bogotá posibilidad de trabajar en casa y grandes remuneraciones empresa confidencial <-> (44) asesor comercial call center bogotá posibilidad de trabajar en casa y grandes remuneraciones empresa confidencial
2023-11-19 05:34:25 +0000 - dagster - INFO - LaborChartETL - 708454e4-d89f-41a8-8eb0-dda7039c6b8b - filter - (LABORCHART) Similarity percentage: 100%
2023-11-19 05:34:25 +0000 - dagster - INFO - LaborChartETL - 708454e4-d89f-41a8-8eb0-dda7039c6b8b - filter - (LABORCHART) (41) asesor comercial call center bogotá posibilidad de trabajar en casa y grandes remuneraciones empresa confidencial <-> (68) asesor comercial call center bogotá posibilidad de trabajar en casa y grandes remuneraciones empresa confidencial
2023-11-19 05:34:25 +0000 - dagster - INFO - LaborChartETL - 708454e4-d89f-41a8-8eb0-dda7039c6b8b - filter - (LABORCHART) Similarity percentage: 100%
2023-11-19 05:34:25 +0000 - dagster - INFO - LaborChartETL - 708454e4-d89f-41a8-8eb0-dda7039c6b8b - filter - (LABORCHART) (41) asesor comercial call center bogotá posibilidad de trabajar en casa y grandes remuneraciones empresa confidencial <-> (111) asesor comercial call center bogotá posibilidad de trabajar en casa y grandes remuneraciones empresa confidencial
2023-11-19 05:34:25 +0000 - dagster - INFO - LaborChartETL - 708454e4-d89f-41a8-8eb0-dda7039c6b8b - filter - (LABORCHART) Similarity percentage: 100%
2023-11-19 05:34:25 +0000 - dagster - INFO - LaborChartETL - 708454e4-d89f-41a8-8eb0-dda7039c6b8b - filter - (LABORCHART) (41) asesor comercial call center bogotá posibilidad de trabajar en casa y grandes remuneraciones empresa confidencial <-> (114) asesor comercial call center bogotá posibilidad de trabajar en casa y grandes remuneraciones empresa confidencial
2023-11-19 05:34:25 +0000 - dagster - INFO - LaborChartETL - 708454e4-d89f-41a8-8eb0-dda7039c6b8b - filter - (LABORCHART) Similarity percentage: 100%
2023-11-19 05:34:25 +0000 - dagster - INFO - LaborChartETL - 708454e4-d89f-41a8-8eb0-dda7039c6b8b - filter - (LABORCHART) (42) agentes chat  servicio al cliente  estabilidad  proyección laboral  horarios flexibles empresa confidencial <-> (67) agentes chat  servicio al cliente  estabilidad  proyección laboral  horarios flexibles empresa confidencial
2023-11-19 05:34:25 +0000 - dagster - INFO - LaborChartETL - 708454e4-d89f-41a8-8eb0-dda7039c6b8b - filter - (LABORCHART) Similarity percentage: 100%
2023-11-19 05:34:25 +0000 - dagster - INFO - LaborChartETL - 708454e4-d89f-41a8-8eb0-dda7039c6b8b - filter - (LABORCHART) (42) agentes chat  servicio al cliente  estabilidad  proyección laboral  horarios flexibles empresa confidencial <-> (73) agentes chat  servicio al cliente  estabilidad  proyección laboral  horarios flexibles empresa confidencial
2023-11-19 05:34:25 +0000 - dagster - INFO - LaborChartETL - 708454e4-d89f-41a8-8eb0-dda7039c6b8b - filter - (LABORCHART) Similarity percentage: 100%
2023-11-19 05:34:25 +0000 - dagster - INFO - LaborChartETL - 708454e4-d89f-41a8-8eb0-dda7039c6b8b - filter - (LABORCHART) (42) agentes chat  servicio al cliente  estabilidad  proyección laboral  horarios flexibles empresa confidencial <-> (112) agentes chat  servicio al cliente  estabilidad  proyección laboral  horarios flexibles empresa confidencial
2023-11-19 05:34:25 +0000 - dagster - INFO - LaborChartETL - 708454e4-d89f-41a8-8eb0-dda7039c6b8b - filter - (LABORCHART) Similarity percentage: 100%
2023-11-19 05:34:25 +0000 - dagster - INFO - LaborChartETL - 708454e4-d89f-41a8-8eb0-dda7039c6b8b - filter - (LABORCHART) (42) agentes chat  servicio al cliente  estabilidad  proyección laboral  horarios flexibles empresa confidencial <-> (202) agentes chat  servicio al cliente  estabilidad  proyección laboral  horarios flexibles empresa confidencial
2023-11-19 05:34:25 +0000 - dagster - INFO - LaborChartETL - 708454e4-d89f-41a8-8eb0-dda7039c6b8b - filter - (LABORCHART) Similarity percentage: 100%
2023-11-19 05:34:25 +0000 - dagster - INFO - LaborChartETL - 708454e4-d89f-41a8-8eb0-dda7039c6b8b - filter - (LABORCHART) (43) banco nacional  ejecurivo tat  salario por encima de dos millones de pesos empresa confidencial <-> (66) banco nacional  ejecurivo tat  salario por encima de dos millones de pesos empresa confidencial
2023-11-19 05:34:25 +0000 - dagster - INFO - LaborChartETL - 708454e4-d89f-41a8-8eb0-dda7039c6b8b - filter - (LABORCHART) Similarity percentage: 100%
2023-11-19 05:34:25 +0000 - dagster - INFO - LaborChartETL - 708454e4-d89f-41a8-8eb0-dda7039c6b8b - filter - (LABORCHART) (43) banco nacional  ejecurivo tat  salario por encima de dos millones de pesos empresa confidencial <-> (113) banco nacional  ejecurivo tat  salario por encima de dos millones de pesos empresa confidencial
2023-11-19 05:34:25 +0000 - dagster - INFO - LaborChartETL - 708454e4-d89f-41a8-8eb0-dda7039c6b8b - filter - (LABORCHART) Similarity percentage: 100%
2023-11-19 05:34:26 +0000 - dagster - INFO - LaborChartETL - 708454e4-d89f-41a8-8eb0-dda7039c6b8b - filter - (LABORCHART) (65) representante servicio al cliente call center chat konecta <-> (92) representante servicio al cliente call center chat konecta
2023-11-19 05:34:26 +0000 - dagster - INFO - LaborChartETL - 708454e4-d89f-41a8-8eb0-dda7039c6b8b - filter - (LABORCHART) Similarity percentage: 100%
2023-11-19 05:34:26 +0000 - dagster - INFO - LaborChartETL - 708454e4-d89f-41a8-8eb0-dda7039c6b8b - filter - (LABORCHART) (70) bachiller sin experiencia lunes a sábado empresa confidencial <-> (200) bachiller sin experiencia lunes a sábado empresa confidencial
2023-11-19 05:34:26 +0000 - dagster - INFO - LaborChartETL - 708454e4-d89f-41a8-8eb0-dda7039c6b8b - filter - (LABORCHART) Similarity percentage: 100%
2023-11-19 05:34:26 +0000 - dagster - INFO - LaborChartETL - 708454e4-d89f-41a8-8eb0-dda7039c6b8b - filter - (LABORCHART) (70) bachiller sin experiencia lunes a sábado empresa confidencial <-> (407) bachiller sin experiencia lunes a sábado empresa confidencial
2023-11-19 05:34:26 +0000 - dagster - INFO - LaborChartETL - 708454e4-d89f-41a8-8eb0-dda7039c6b8b - filter - (LABORCHART) Similarity percentage: 100%
2023-11-19 05:34:26 +0000 - dagster - INFO - LaborChartETL - 708454e4-d89f-41a8-8eb0-dda7039c6b8b - filter - (LABORCHART) (71) banco nacional contrato indefinido 1 mes de experiencia en ventas o servicio al cliente empresa confidencial <-> (72) banco nacional contrato indefinido 1 mes de experiencia en ventas o servicio al cliente empresa confidencial
2023-11-19 05:34:26 +0000 - dagster - INFO - LaborChartETL - 708454e4-d89f-41a8-8eb0-dda7039c6b8b - filter - (LABORCHART) Similarity percentage: 100%
2023-11-19 05:34:26 +0000 - dagster - INFO - LaborChartETL - 708454e4-d89f-41a8-8eb0-dda7039c6b8b - filter - (LABORCHART) (71) banco nacional contrato indefinido 1 mes de experiencia en ventas o servicio al cliente empresa confidencial <-> (201) banco nacional contrato indefinido 1 mes de experiencia en ventas o servicio al cliente empresa confidencial
2023-11-19 05:34:26 +0000 - dagster - INFO - LaborChartETL - 708454e4-d89f-41a8-8eb0-dda7039c6b8b - filter - (LABORCHART) Similarity percentage: 100%
2023-11-19 05:34:27 +0000 - dagster - INFO - LaborChartETL - 708454e4-d89f-41a8-8eb0-dda7039c6b8b - filter - (LABORCHART) (85) trabajo bilingüe en servicio al cliente altas retribuciones 42 h 2 días libres empresa confidencial <-> (148) trabajo bilingüe en servicio al cliente altas retribuciones 42 h 2 días libres empresa confidencial
2023-11-19 05:34:27 +0000 - dagster - INFO - LaborChartETL - 708454e4-d89f-41a8-8eb0-dda7039c6b8b - filter - (LABORCHART) Similarity percentage: 100%
2023-11-19 05:34:27 +0000 - dagster - INFO - LaborChartETL - 708454e4-d89f-41a8-8eb0-dda7039c6b8b - filter - (LABORCHART) (85) trabajo bilingüe en servicio al cliente altas retribuciones 42 h 2 días libres empresa confidencial <-> (378) trabajo bilingüe en servicio al cliente altas retribuciones 42 h 2 días libres empresa confidencial
2023-11-19 05:34:27 +0000 - dagster - INFO - LaborChartETL - 708454e4-d89f-41a8-8eb0-dda7039c6b8b - filter - (LABORCHART) Similarity percentage: 100%
2023-11-19 05:34:27 +0000 - dagster - INFO - LaborChartETL - 708454e4-d89f-41a8-8eb0-dda7039c6b8b - filter - (LABORCHART) (86) trabaja en un call center bilingüe un sueldo que te sorprenderá  42 horas 2 días libres atento sa <-> (150) trabaja en un call center bilingüe un sueldo que te sorprenderá  42 horas 2 días libres atento sa
2023-11-19 05:34:27 +0000 - dagster - INFO - LaborChartETL - 708454e4-d89f-41a8-8eb0-dda7039c6b8b - filter - (LABORCHART) Similarity percentage: 100%
2023-11-19 05:34:27 +0000 - dagster - INFO - LaborChartETL - 708454e4-d89f-41a8-8eb0-dda7039c6b8b - filter - (LABORCHART) (86) trabaja en un call center bilingüe un sueldo que te sorprenderá  42 horas 2 días libres atento sa <-> (373) trabaja en un call center bilingüe un sueldo que te sorprenderá  42 horas 2 días libres atento sa
2023-11-19 05:34:27 +0000 - dagster - INFO - LaborChartETL - 708454e4-d89f-41a8-8eb0-dda7039c6b8b - filter - (LABORCHART) Similarity percentage: 100%
2023-11-19 05:34:27 +0000 - dagster - INFO - LaborChartETL - 708454e4-d89f-41a8-8eb0-dda7039c6b8b - filter - (LABORCHART) (86) trabaja en un call center bilingüe un sueldo que te sorprenderá  42 horas 2 días libres atento sa <-> (374) trabaja en un call center bilingüe un sueldo que te sorprenderá  42 horas 2 días libres atento sa
2023-11-19 05:34:27 +0000 - dagster - INFO - LaborChartETL - 708454e4-d89f-41a8-8eb0-dda7039c6b8b - filter - (LABORCHART) Similarity percentage: 100%
2023-11-19 05:34:27 +0000 - dagster - INFO - LaborChartETL - 708454e4-d89f-41a8-8eb0-dda7039c6b8b - filter - (LABORCHART) (87) trabaja en un call bilingüe altas remuneraciones solo servicio al cliente  42 horas 2 days off atento sa <-> (151) trabaja en un call bilingüe altas remuneraciones solo servicio al cliente  42 horas 2 days off atento sa
2023-11-19 05:34:27 +0000 - dagster - INFO - LaborChartETL - 708454e4-d89f-41a8-8eb0-dda7039c6b8b - filter - (LABORCHART) Similarity percentage: 100%
2023-11-19 05:34:27 +0000 - dagster - INFO - LaborChartETL - 708454e4-d89f-41a8-8eb0-dda7039c6b8b - filter - (LABORCHART) (87) trabaja en un call bilingüe altas remuneraciones solo servicio al cliente  42 horas 2 days off atento sa <-> (381) trabaja en un call bilingüe altas remuneraciones solo servicio al cliente  42 horas 2 days off atento sa
2023-11-19 05:34:27 +0000 - dagster - INFO - LaborChartETL - 708454e4-d89f-41a8-8eb0-dda7039c6b8b - filter - (LABORCHART) Similarity percentage: 100%
2023-11-19 05:34:27 +0000 - dagster - INFO - LaborChartETL - 708454e4-d89f-41a8-8eb0-dda7039c6b8b - filter - (LABORCHART) (88) call center bilingüe recibe altas remuneraciones por desempeño  42 h 2 days off empresa confidencial <-> (152) call center bilingüe recibe altas remuneraciones por desempeño  42 h 2 days off empresa confidencial
2023-11-19 05:34:27 +0000 - dagster - INFO - LaborChartETL - 708454e4-d89f-41a8-8eb0-dda7039c6b8b - filter - (LABORCHART) Similarity percentage: 100%
2023-11-19 05:34:27 +0000 - dagster - INFO - LaborChartETL - 708454e4-d89f-41a8-8eb0-dda7039c6b8b - filter - (LABORCHART) (88) call center bilingüe recibe altas remuneraciones por desempeño  42 h 2 days off empresa confidencial <-> (384) call center bilingüe recibe altas remuneraciones por desempeño  42 h 2 days off empresa confidencial
2023-11-19 05:34:27 +0000 - dagster - INFO - LaborChartETL - 708454e4-d89f-41a8-8eb0-dda7039c6b8b - filter - (LABORCHART) Similarity percentage: 100%
2023-11-19 05:34:27 +0000 - dagster - INFO - LaborChartETL - 708454e4-d89f-41a8-8eb0-dda7039c6b8b - filter - (LABORCHART) (89) bilingual agent earn a high salary  a lot of benefits 42h 2 days off empresa confidencial <-> (154) bilingual agent earn a high salary  a lot of benefits 42h 2 days off empresa confidencial
2023-11-19 05:34:27 +0000 - dagster - INFO - LaborChartETL - 708454e4-d89f-41a8-8eb0-dda7039c6b8b - filter - (LABORCHART) Similarity percentage: 100%
2023-11-19 05:34:27 +0000 - dagster - INFO - LaborChartETL - 708454e4-d89f-41a8-8eb0-dda7039c6b8b - filter - (LABORCHART) (89) bilingual agent earn a high salary  a lot of benefits 42h 2 days off empresa confidencial <-> (388) bilingual agent earn a high salary  a lot of benefits 42h 2 days off empresa confidencial
2023-11-19 05:34:27 +0000 - dagster - INFO - LaborChartETL - 708454e4-d89f-41a8-8eb0-dda7039c6b8b - filter - (LABORCHART) Similarity percentage: 100%
2023-11-19 05:34:28 +0000 - dagster - INFO - LaborChartETL - 708454e4-d89f-41a8-8eb0-dda7039c6b8b - filter - (LABORCHART) (106) auxiliar de cocina para hoteles y restaurantes 4 y 5 estrellas asignar sas <-> (377) auxiliar de cocina para hoteles y restaurantes 4 y 5 estrellas asignar sas
2023-11-19 05:34:28 +0000 - dagster - INFO - LaborChartETL - 708454e4-d89f-41a8-8eb0-dda7039c6b8b - filter - (LABORCHART) Similarity percentage: 100%
2023-11-19 05:34:29 +0000 - dagster - INFO - LaborChartETL - 708454e4-d89f-41a8-8eb0-dda7039c6b8b - filter - (LABORCHART) (124) asesora servicio al cliente call center contrato indefinido konecta <-> (372) asesora servicio al cliente call center contrato indefinido konecta
2023-11-19 05:34:29 +0000 - dagster - INFO - LaborChartETL - 708454e4-d89f-41a8-8eb0-dda7039c6b8b - filter - (LABORCHART) Similarity percentage: 100%
2023-11-19 05:34:29 +0000 - dagster - INFO - LaborChartETL - 708454e4-d89f-41a8-8eb0-dda7039c6b8b - filter - (LABORCHART) (131) banco nacional contrato indefinido 1 mes de experiencia en ventas empresa confidencial <-> (530) banco nacional contrato indefinido 1 mes de experiencia en ventas empresa confidencial
2023-11-19 05:34:29 +0000 - dagster - INFO - LaborChartETL - 708454e4-d89f-41a8-8eb0-dda7039c6b8b - filter - (LABORCHART) Similarity percentage: 100%
2023-11-19 05:34:29 +0000 - dagster - INFO - LaborChartETL - 708454e4-d89f-41a8-8eb0-dda7039c6b8b - filter - (LABORCHART) (132) asesor comercial para entidad financiera call center bachiller atento sa <-> (133) asesor comercial para entidad financiera call center bachiller atento sa
2023-11-19 05:34:29 +0000 - dagster - INFO - LaborChartETL - 708454e4-d89f-41a8-8eb0-dda7039c6b8b - filter - (LABORCHART) Similarity percentage: 100%
2023-11-19 05:34:29 +0000 - dagster - INFO - LaborChartETL - 708454e4-d89f-41a8-8eb0-dda7039c6b8b - filter - (LABORCHART) (134) asesor servicio al cliente chat  sac fondo de pensiones empresa confidencial <-> (379) asesor servicio al cliente chat  sac fondo de pensiones empresa confidencial
2023-11-19 05:34:29 +0000 - dagster - INFO - LaborChartETL - 708454e4-d89f-41a8-8eb0-dda7039c6b8b - filter - (LABORCHART) Similarity percentage: 100%
2023-11-19 05:34:29 +0000 - dagster - INFO - LaborChartETL - 708454e4-d89f-41a8-8eb0-dda7039c6b8b - filter - (LABORCHART) (134) asesor servicio al cliente chat  sac fondo de pensiones empresa confidencial <-> (533) asesor servicio al cliente chat  sac fondo de pensiones empresa confidencial
2023-11-19 05:34:29 +0000 - dagster - INFO - LaborChartETL - 708454e4-d89f-41a8-8eb0-dda7039c6b8b - filter - (LABORCHART) Similarity percentage: 100%
2023-11-19 05:34:29 +0000 - dagster - INFO - LaborChartETL - 708454e4-d89f-41a8-8eb0-dda7039c6b8b - filter - (LABORCHART) (135) auxiliar administrativoasesor comercial crosseling inbound call venta cruzada 3 meses call atento sa <-> (382) auxiliar administrativoasesor comercial crosseling inbound call venta cruzada 3 meses call atento sa
2023-11-19 05:34:29 +0000 - dagster - INFO - LaborChartETL - 708454e4-d89f-41a8-8eb0-dda7039c6b8b - filter - (LABORCHART) Similarity percentage: 100%
2023-11-19 05:34:29 +0000 - dagster - INFO - LaborChartETL - 708454e4-d89f-41a8-8eb0-dda7039c6b8b - filter - (LABORCHART) (136) atención al cliente call center  sector financiero  sede av americas ventas y servicios sa <-> (166) atención al cliente call center  sector financiero  sede av americas ventas y servicios sa
2023-11-19 05:34:29 +0000 - dagster - INFO - LaborChartETL - 708454e4-d89f-41a8-8eb0-dda7039c6b8b - filter - (LABORCHART) Similarity percentage: 100%
2023-11-19 05:34:29 +0000 - dagster - INFO - LaborChartETL - 708454e4-d89f-41a8-8eb0-dda7039c6b8b - filter - (LABORCHART) (136) atención al cliente call center  sector financiero  sede av americas ventas y servicios sa <-> (446) atención al cliente call center  sector financiero  sede av americas ventas y servicios sa
2023-11-19 05:34:29 +0000 - dagster - INFO - LaborChartETL - 708454e4-d89f-41a8-8eb0-dda7039c6b8b - filter - (LABORCHART) Similarity percentage: 100%
2023-11-19 05:34:30 +0000 - dagster - INFO - LaborChartETL - 708454e4-d89f-41a8-8eb0-dda7039c6b8b - filter - (LABORCHART) (144) asesora servicio al cliente call center bog konecta <-> (266) asesora servicio al cliente call center konecta
2023-11-19 05:34:30 +0000 - dagster - INFO - LaborChartETL - 708454e4-d89f-41a8-8eb0-dda7039c6b8b - filter - (LABORCHART) Similarity percentage: 96%
2023-11-19 05:34:31 +0000 - dagster - INFO - LaborChartETL - 708454e4-d89f-41a8-8eb0-dda7039c6b8b - filter - (LABORCHART) (174) conductora consorcio express sas <-> (175) conductora consorcio express sas
2023-11-19 05:34:31 +0000 - dagster - INFO - LaborChartETL - 708454e4-d89f-41a8-8eb0-dda7039c6b8b - filter - (LABORCHART) Similarity percentage: 100%
2023-11-19 05:34:31 +0000 - dagster - INFO - LaborChartETL - 708454e4-d89f-41a8-8eb0-dda7039c6b8b - filter - (LABORCHART) (174) conductora consorcio express sas <-> (176) conductora consorcio express sas
2023-11-19 05:34:31 +0000 - dagster - INFO - LaborChartETL - 708454e4-d89f-41a8-8eb0-dda7039c6b8b - filter - (LABORCHART) Similarity percentage: 100%
2023-11-19 05:34:31 +0000 - dagster - INFO - LaborChartETL - 708454e4-d89f-41a8-8eb0-dda7039c6b8b - filter - (LABORCHART) (174) conductora consorcio express sas <-> (281) conductora consorcio express sas
2023-11-19 05:34:31 +0000 - dagster - INFO - LaborChartETL - 708454e4-d89f-41a8-8eb0-dda7039c6b8b - filter - (LABORCHART) Similarity percentage: 100%
2023-11-19 05:34:31 +0000 - dagster - INFO - LaborChartETL - 708454e4-d89f-41a8-8eb0-dda7039c6b8b - filter - (LABORCHART) (174) conductora consorcio express sas <-> (177) conductor consorcio express sas
2023-11-19 05:34:31 +0000 - dagster - INFO - LaborChartETL - 708454e4-d89f-41a8-8eb0-dda7039c6b8b - filter - (LABORCHART) Similarity percentage: 98%
2023-11-19 05:34:31 +0000 - dagster - INFO - LaborChartETL - 708454e4-d89f-41a8-8eb0-dda7039c6b8b - filter - (LABORCHART) (183) camarerao servicios generales asignar sas <-> (512) camarerao servicios generales asignar sas
2023-11-19 05:34:31 +0000 - dagster - INFO - LaborChartETL - 708454e4-d89f-41a8-8eb0-dda7039c6b8b - filter - (LABORCHART) Similarity percentage: 100%
2023-11-19 05:34:31 +0000 - dagster - INFO - LaborChartETL - 708454e4-d89f-41a8-8eb0-dda7039c6b8b - filter - (LABORCHART) (188) auxiliar de cocina asignar sas <-> (387) auxiliar de cocina asignar sas
2023-11-19 05:34:31 +0000 - dagster - INFO - LaborChartETL - 708454e4-d89f-41a8-8eb0-dda7039c6b8b - filter - (LABORCHART) Similarity percentage: 100%
2023-11-19 05:34:32 +0000 - dagster - INFO - LaborChartETL - 708454e4-d89f-41a8-8eb0-dda7039c6b8b - filter - (LABORCHART) (215) auxiliar de bodega empresa confidencial <-> (216) auxiliar de bodega empresa confidencial
2023-11-19 05:34:32 +0000 - dagster - INFO - LaborChartETL - 708454e4-d89f-41a8-8eb0-dda7039c6b8b - filter - (LABORCHART) Similarity percentage: 100%
2023-11-19 05:34:32 +0000 - dagster - INFO - LaborChartETL - 708454e4-d89f-41a8-8eb0-dda7039c6b8b - filter - (LABORCHART) (215) auxiliar de bodega empresa confidencial <-> (337) auxiliar de bodega empresa confidencial
2023-11-19 05:34:32 +0000 - dagster - INFO - LaborChartETL - 708454e4-d89f-41a8-8eb0-dda7039c6b8b - filter - (LABORCHART) Similarity percentage: 100%
2023-11-19 05:34:32 +0000 - dagster - INFO - LaborChartETL - 708454e4-d89f-41a8-8eb0-dda7039c6b8b - filter - (LABORCHART) (217) gran convocatoria abierta soporte técnico agente call center konecta <-> (322) gran convocatoria abierta soporte técnico agente call center konecta
2023-11-19 05:34:32 +0000 - dagster - INFO - LaborChartETL - 708454e4-d89f-41a8-8eb0-dda7039c6b8b - filter - (LABORCHART) Similarity percentage: 100%
2023-11-19 05:34:33 +0000 - dagster - INFO - LaborChartETL - 708454e4-d89f-41a8-8eb0-dda7039c6b8b - filter - (LABORCHART) (251) asesor call center en cobranzas con o sin experiencia synerjoy bpo sas <-> (258) asesor call center en cobranzas con experiencia synerjoy bpo sas
2023-11-19 05:34:33 +0000 - dagster - INFO - LaborChartETL - 708454e4-d89f-41a8-8eb0-dda7039c6b8b - filter - (LABORCHART) Similarity percentage: 96%
2023-11-19 05:34:35 +0000 - dagster - INFO - LaborChartETL - 708454e4-d89f-41a8-8eb0-dda7039c6b8b - filter - (LABORCHART) (290) asesores comerciales call center intelcia <-> (327) asesores comerciales call center intelcia
2023-11-19 05:34:35 +0000 - dagster - INFO - LaborChartETL - 708454e4-d89f-41a8-8eb0-dda7039c6b8b - filter - (LABORCHART) Similarity percentage: 100%
2023-11-19 05:34:35 +0000 - dagster - INFO - LaborChartETL - 708454e4-d89f-41a8-8eb0-dda7039c6b8b - filter - (LABORCHART) (290) asesores comerciales call center intelcia <-> (405) asesores comerciales call center intelcia
2023-11-19 05:34:35 +0000 - dagster - INFO - LaborChartETL - 708454e4-d89f-41a8-8eb0-dda7039c6b8b - filter - (LABORCHART) Similarity percentage: 100%
2023-11-19 05:34:35 +0000 - dagster - INFO - LaborChartETL - 708454e4-d89f-41a8-8eb0-dda7039c6b8b - filter - (LABORCHART) (290) asesores comerciales call center intelcia <-> (408) asesores comerciales call center intelcia
2023-11-19 05:34:35 +0000 - dagster - INFO - LaborChartETL - 708454e4-d89f-41a8-8eb0-dda7039c6b8b - filter - (LABORCHART) Similarity percentage: 100%
2023-11-19 05:34:35 +0000 - dagster - INFO - LaborChartETL - 708454e4-d89f-41a8-8eb0-dda7039c6b8b - filter - (LABORCHART) (290) asesores comerciales call center intelcia <-> (496) asesores comerciales call center intelcia
2023-11-19 05:34:35 +0000 - dagster - INFO - LaborChartETL - 708454e4-d89f-41a8-8eb0-dda7039c6b8b - filter - (LABORCHART) Similarity percentage: 100%
2023-11-19 05:34:35 +0000 - dagster - INFO - LaborChartETL - 708454e4-d89f-41a8-8eb0-dda7039c6b8b - filter - (LABORCHART) (299) agente de ventas en call center jazzplat colombia sas <-> (300) agente de ventas en call center jazzplat colombia sas
2023-11-19 05:34:35 +0000 - dagster - INFO - LaborChartETL - 708454e4-d89f-41a8-8eb0-dda7039c6b8b - filter - (LABORCHART) Similarity percentage: 100%
2023-11-19 05:34:35 +0000 - dagster - INFO - LaborChartETL - 708454e4-d89f-41a8-8eb0-dda7039c6b8b - filter - (LABORCHART) (299) agente de ventas en call center jazzplat colombia sas <-> (304) agente de ventas en call center jazzplat colombia sas
2023-11-19 05:34:35 +0000 - dagster - INFO - LaborChartETL - 708454e4-d89f-41a8-8eb0-dda7039c6b8b - filter - (LABORCHART) Similarity percentage: 100%
2023-11-19 05:34:35 +0000 - dagster - INFO - LaborChartETL - 708454e4-d89f-41a8-8eb0-dda7039c6b8b - filter - (LABORCHART) (299) agente de ventas en call center jazzplat colombia sas <-> (477) agente de ventas en call center jazzplat colombia sas
2023-11-19 05:34:35 +0000 - dagster - INFO - LaborChartETL - 708454e4-d89f-41a8-8eb0-dda7039c6b8b - filter - (LABORCHART) Similarity percentage: 100%
2023-11-19 05:34:35 +0000 - dagster - INFO - LaborChartETL - 708454e4-d89f-41a8-8eb0-dda7039c6b8b - filter - (LABORCHART) (301) asesor comercial en call center jazzplat colombia sas <-> (303) asesor comercial en call center jazzplat colombia sas
2023-11-19 05:34:35 +0000 - dagster - INFO - LaborChartETL - 708454e4-d89f-41a8-8eb0-dda7039c6b8b - filter - (LABORCHART) Similarity percentage: 100%
2023-11-19 05:34:35 +0000 - dagster - INFO - LaborChartETL - 708454e4-d89f-41a8-8eb0-dda7039c6b8b - filter - (LABORCHART) (301) asesor comercial en call center jazzplat colombia sas <-> (469) asesor comercial en call center jazzplat colombia sas
2023-11-19 05:34:35 +0000 - dagster - INFO - LaborChartETL - 708454e4-d89f-41a8-8eb0-dda7039c6b8b - filter - (LABORCHART) Similarity percentage: 100%
2023-11-19 05:34:35 +0000 - dagster - INFO - LaborChartETL - 708454e4-d89f-41a8-8eb0-dda7039c6b8b - filter - (LABORCHART) (305) asesor de cobranza cartera castigada ventas y servicios sa <-> (430) asesor de cobranza cartera castigada ventas y servicios sa
2023-11-19 05:34:36 +0000 - dagster - INFO - LaborChartETL - 708454e4-d89f-41a8-8eb0-dda7039c6b8b - filter - (LABORCHART) Similarity percentage: 100%
2023-11-19 05:34:36 +0000 - dagster - INFO - LaborChartETL - 708454e4-d89f-41a8-8eb0-dda7039c6b8b - filter - (LABORCHART) (328) meseroa con y sin experiencia asignar sas <-> (380) meseroa con y sin experiencia asignar sas
2023-11-19 05:34:36 +0000 - dagster - INFO - LaborChartETL - 708454e4-d89f-41a8-8eb0-dda7039c6b8b - filter - (LABORCHART) Similarity percentage: 100%
2023-11-19 05:34:37 +0000 - dagster - INFO - LaborChartETL - 708454e4-d89f-41a8-8eb0-dda7039c6b8b - filter - (LABORCHART) (353) asesor freelance trabaja oficina o teletrabajo emermedica sa servicios de ambulancia prepagados <-> (356) asesor freelance trabaja oficina o teletrabajo emermedica sa servicios de ambulancia prepagados
2023-11-19 05:34:37 +0000 - dagster - INFO - LaborChartETL - 708454e4-d89f-41a8-8eb0-dda7039c6b8b - filter - (LABORCHART) Similarity percentage: 100%
2023-11-19 05:34:37 +0000 - dagster - INFO - LaborChartETL - 708454e4-d89f-41a8-8eb0-dda7039c6b8b - filter - (LABORCHART) (355) asesor comercial hq5 sas <-> (366) asesor comercial hq5 sas
2023-11-19 05:34:37 +0000 - dagster - INFO - LaborChartETL - 708454e4-d89f-41a8-8eb0-dda7039c6b8b - filter - (LABORCHART) Similarity percentage: 100%
2023-11-19 05:34:37 +0000 - dagster - INFO - LaborChartETL - 708454e4-d89f-41a8-8eb0-dda7039c6b8b - filter - (LABORCHART) (357) asesor call center recaudo de donaciones ventas y servicios sa <-> (431) asesor call center recaudo de donaciones ventas y servicios sa
2023-11-19 05:34:37 +0000 - dagster - INFO - LaborChartETL - 708454e4-d89f-41a8-8eb0-dda7039c6b8b - filter - (LABORCHART) Similarity percentage: 100%
2023-11-19 05:34:38 +0000 - dagster - INFO - LaborChartETL - 708454e4-d89f-41a8-8eb0-dda7039c6b8b - filter - (LABORCHART) (370) pintor automotriz soluciones inmediatas <-> (385) pintor automotriz soluciones inmediatas
2023-11-19 05:34:38 +0000 - dagster - INFO - LaborChartETL - 708454e4-d89f-41a8-8eb0-dda7039c6b8b - filter - (LABORCHART) Similarity percentage: 100%
2023-11-19 05:34:40 +0000 - dagster - INFO - LaborChartETL - 708454e4-d89f-41a8-8eb0-dda7039c6b8b - filter - (LABORCHART) (438) asesor comercial titan plaza multiempleos sa <-> (439) asesor comercial titan plaza multiempleos sa
2023-11-19 05:34:40 +0000 - dagster - INFO - LaborChartETL - 708454e4-d89f-41a8-8eb0-dda7039c6b8b - filter - (LABORCHART) Similarity percentage: 100%
2023-11-19 05:34:40 +0000 - dagster - INFO - LaborChartETL - 708454e4-d89f-41a8-8eb0-dda7039c6b8b - filter - (LABORCHART) (445) mensajero motorizado norte envía <-> (456) mensajero motorizado norte envía
2023-11-19 05:34:40 +0000 - dagster - INFO - LaborChartETL - 708454e4-d89f-41a8-8eb0-dda7039c6b8b - filter - (LABORCHART) Similarity percentage: 100%
2023-11-19 05:34:40 +0000 - dagster - INFO - LaborChartETL - 708454e4-d89f-41a8-8eb0-dda7039c6b8b - filter - (LABORCHART) (461) asesora organización servicios y asesorias sas <-> (467) asesor organización servicios y asesorias sas
2023-11-19 05:34:40 +0000 - dagster - INFO - LaborChartETL - 708454e4-d89f-41a8-8eb0-dda7039c6b8b - filter - (LABORCHART) Similarity percentage: 99%
2023-11-19 05:34:42 +0000 - dagster - INFO - LaborChartETL - 708454e4-d89f-41a8-8eb0-dda7039c6b8b - filter - (LABORCHART) (500) agente call center bilingüe b2 c1 no estudiantes sin experiencia atento sa <-> (501) agente call center bilingüe b2 c1 no estudiantes sin experiencia atento sa
2023-11-19 05:34:42 +0000 - dagster - INFO - LaborChartETL - 708454e4-d89f-41a8-8eb0-dda7039c6b8b - filter - (LABORCHART) Similarity percentage: 100%
2023-11-19 05:34:42 +0000 - dagster - INFO - LaborChartETL - 708454e4-d89f-41a8-8eb0-dda7039c6b8b - filter - (LABORCHART) (500) agente call center bilingüe b2 c1 no estudiantes sin experiencia atento sa <-> (502) agente call center bilingüe b2 c1 no estudiantes sin experiencia atento sa
2023-11-19 05:34:42 +0000 - dagster - INFO - LaborChartETL - 708454e4-d89f-41a8-8eb0-dda7039c6b8b - filter - (LABORCHART) Similarity percentage: 100%
2023-11-19 05:34:42 +0000 - dagster - INFO - LaborChartETL - 708454e4-d89f-41a8-8eb0-dda7039c6b8b - filter - (LABORCHART) (500) agente call center bilingüe b2 c1 no estudiantes sin experiencia atento sa <-> (504) agente call center bilingüe b2 c1 no estudiantes sin experiencia atento sa
2023-11-19 05:34:42 +0000 - dagster - INFO - LaborChartETL - 708454e4-d89f-41a8-8eb0-dda7039c6b8b - filter - (LABORCHART) Similarity percentage: 100%
2023-11-19 05:34:42 +0000 - dagster - INFO - LaborChartETL - 708454e4-d89f-41a8-8eb0-dda7039c6b8b - filter - (LABORCHART) (506) bachilleres con o sin experiencia no se laboran domingos call center covisian colombia sas <-> (507) bachilleres con o sin experiencia no se laboran domingos call center covisian colombia sas
2023-11-19 05:34:42 +0000 - dagster - INFO - LaborChartETL - 708454e4-d89f-41a8-8eb0-dda7039c6b8b - filter - (LABORCHART) Similarity percentage: 100%
2023-11-19 05:34:43 +0000 - dagster - INFO - LaborChartETL - 708454e4-d89f-41a8-8eb0-dda7039c6b8b - filter - (LABORCHART) (553) agente de servicio al cliente bilingüe inglés bogotá adecco colombia s a <-> (580) agente de servicio al cliente bilingüe inglés bogotá adecco colombia s a
2023-11-19 05:34:43 +0000 - dagster - INFO - LaborChartETL - 708454e4-d89f-41a8-8eb0-dda7039c6b8b - filter - (LABORCHART) Similarity percentage: 100%
2023-11-19 05:34:43 +0000 - dagster - INFO - LaborChartETL - 708454e4-d89f-41a8-8eb0-dda7039c6b8b - filter - (LABORCHART) (558) analista comercial michigan master sas <-> (559) analista comercial michigan master sas
2023-11-19 05:34:44 +0000 - dagster - INFO - LaborChartETL - 708454e4-d89f-41a8-8eb0-dda7039c6b8b - filter - (LABORCHART) Similarity percentage: 100%
2023-11-19 05:34:44 +0000 - dagster - INFO - LaborChartETL - 708454e4-d89f-41a8-8eb0-dda7039c6b8b - filter - (LABORCHART) (570) auxiliar de enfermeria domiciliaria ops bogota asociacion de amigos contra el cancer proseguir <-> (576) auxiliar de enfermeria domiciliaria ops bogota asociacion de amigos contra el cancer proseguir
2023-11-19 05:34:44 +0000 - dagster - INFO - LaborChartETL - 708454e4-d89f-41a8-8eb0-dda7039c6b8b - filter - (LABORCHART) Similarity percentage: 100%
2023-11-19 05:34:44 +0000 - dagster - INFO - LaborChartETL - 708454e4-d89f-41a8-8eb0-dda7039c6b8b - filter - (LABORCHART) Deleted: 89
2023-11-19 05:34:44 +0000 - dagster - INFO - LaborChartETL - 708454e4-d89f-41a8-8eb0-dda7039c6b8b - filter - (LABORCHART) Offers left after filter: 500
2023-11-19 05:34:44 +0000 - dagster - DEBUG - LaborChartETL - 708454e4-d89f-41a8-8eb0-dda7039c6b8b - 26939 - filter - STEP_OUTPUT - Yielded output "result" of type "Any". (Type check passed).
2023-11-19 05:34:45 +0000 - dagster - DEBUG - LaborChartETL - 708454e4-d89f-41a8-8eb0-dda7039c6b8b - filter - Writing file at: /usr/src/app/Dagster/storage/filter using PickledObjectFilesystemIOManager...
2023-11-19 05:34:45 +0000 - dagster - DEBUG - LaborChartETL - 708454e4-d89f-41a8-8eb0-dda7039c6b8b - 26939 - filter - ASSET_MATERIALIZATION - Materialized value filter.
2023-11-19 05:34:45 +0000 - dagster - DEBUG - LaborChartETL - 708454e4-d89f-41a8-8eb0-dda7039c6b8b - 26939 - filter - HANDLED_OUTPUT - Handled output "result" using IO manager "io_manager"
2023-11-19 05:34:45 +0000 - dagster - DEBUG - LaborChartETL - 708454e4-d89f-41a8-8eb0-dda7039c6b8b - 26939 - filter - STEP_SUCCESS - Finished execution of step "filter" in 30.11s.
