2023-11-19 05:00:07 +0000 - dagster - DEBUG - LaborChartETL - 708454e4-d89f-41a8-8eb0-dda7039c6b8b - 5186 - LOGS_CAPTURED - Started capturing logs in process (pid: 5186).
2023-11-19 05:00:07 +0000 - dagster - DEBUG - LaborChartETL - 708454e4-d89f-41a8-8eb0-dda7039c6b8b - 5186 - computrabajoExtraction - STEP_START - Started execution of step "computrabajoExtraction".
2023-11-19 05:00:14 +0000 - dagster - INFO - LaborChartETL - 708454e4-d89f-41a8-8eb0-dda7039c6b8b - computrabajoExtraction - (LABORCHART) Company element from Computrabajo not found
2023-11-19 05:00:56 +0000 - dagster - INFO - LaborChartETL - 708454e4-d89f-41a8-8eb0-dda7039c6b8b - computrabajoExtraction - (LABORCHART) Company element from Computrabajo not found
2023-11-19 05:01:25 +0000 - dagster - INFO - LaborChartETL - 708454e4-d89f-41a8-8eb0-dda7039c6b8b - computrabajoExtraction - (LABORCHART) Company element from Computrabajo not found
2023-11-19 05:01:32 +0000 - dagster - INFO - LaborChartETL - 708454e4-d89f-41a8-8eb0-dda7039c6b8b - computrabajoExtraction - (LABORCHART) Company element from Computrabajo not found
2023-11-19 05:01:35 +0000 - dagster - INFO - LaborChartETL - 708454e4-d89f-41a8-8eb0-dda7039c6b8b - computrabajoExtraction - (LABORCHART) Company element from Computrabajo not found
2023-11-19 05:01:40 +0000 - dagster - INFO - LaborChartETL - 708454e4-d89f-41a8-8eb0-dda7039c6b8b - computrabajoExtraction - (LABORCHART) Company element from Computrabajo not found
2023-11-19 05:01:42 +0000 - dagster - INFO - LaborChartETL - 708454e4-d89f-41a8-8eb0-dda7039c6b8b - computrabajoExtraction - (LABORCHART) Company element from Computrabajo not found
2023-11-19 05:01:46 +0000 - dagster - INFO - LaborChartETL - 708454e4-d89f-41a8-8eb0-dda7039c6b8b - computrabajoExtraction - (LABORCHART) Company element from Computrabajo not found
2023-11-19 05:01:53 +0000 - dagster - INFO - LaborChartETL - 708454e4-d89f-41a8-8eb0-dda7039c6b8b - computrabajoExtraction - (LABORCHART) Company element from Computrabajo not found
2023-11-19 05:02:35 +0000 - dagster - INFO - LaborChartETL - 708454e4-d89f-41a8-8eb0-dda7039c6b8b - computrabajoExtraction - (LABORCHART) Company element from Computrabajo not found
2023-11-19 05:02:49 +0000 - dagster - INFO - LaborChartETL - 708454e4-d89f-41a8-8eb0-dda7039c6b8b - computrabajoExtraction - (LABORCHART) Company element from Computrabajo not found
2023-11-19 05:02:52 +0000 - dagster - INFO - LaborChartETL - 708454e4-d89f-41a8-8eb0-dda7039c6b8b - computrabajoExtraction - (LABORCHART) Company element from Computrabajo not found
2023-11-19 05:02:55 +0000 - dagster - INFO - LaborChartETL - 708454e4-d89f-41a8-8eb0-dda7039c6b8b - computrabajoExtraction - (LABORCHART) Company element from Computrabajo not found
2023-11-19 05:02:58 +0000 - dagster - INFO - LaborChartETL - 708454e4-d89f-41a8-8eb0-dda7039c6b8b - computrabajoExtraction - (LABORCHART) Company element from Computrabajo not found
2023-11-19 05:03:02 +0000 - dagster - INFO - LaborChartETL - 708454e4-d89f-41a8-8eb0-dda7039c6b8b - computrabajoExtraction - (LABORCHART) Company element from Computrabajo not found
2023-11-19 05:03:05 +0000 - dagster - INFO - LaborChartETL - 708454e4-d89f-41a8-8eb0-dda7039c6b8b - computrabajoExtraction - (LABORCHART) Company element from Computrabajo not found
2023-11-19 05:03:09 +0000 - dagster - INFO - LaborChartETL - 708454e4-d89f-41a8-8eb0-dda7039c6b8b - computrabajoExtraction - (LABORCHART) Company element from Computrabajo not found
2023-11-19 05:03:11 +0000 - dagster - INFO - LaborChartETL - 708454e4-d89f-41a8-8eb0-dda7039c6b8b - computrabajoExtraction - (LABORCHART) Company element from Computrabajo not found
2023-11-19 05:03:14 +0000 - dagster - INFO - LaborChartETL - 708454e4-d89f-41a8-8eb0-dda7039c6b8b - computrabajoExtraction - (LABORCHART) Company element from Computrabajo not found
2023-11-19 05:03:17 +0000 - dagster - INFO - LaborChartETL - 708454e4-d89f-41a8-8eb0-dda7039c6b8b - computrabajoExtraction - (LABORCHART) Company element from Computrabajo not found
2023-11-19 05:03:22 +0000 - dagster - INFO - LaborChartETL - 708454e4-d89f-41a8-8eb0-dda7039c6b8b - computrabajoExtraction - (LABORCHART) Company element from Computrabajo not found
2023-11-19 05:03:27 +0000 - dagster - INFO - LaborChartETL - 708454e4-d89f-41a8-8eb0-dda7039c6b8b - computrabajoExtraction - (LABORCHART) Company element from Computrabajo not found
2023-11-19 05:03:30 +0000 - dagster - INFO - LaborChartETL - 708454e4-d89f-41a8-8eb0-dda7039c6b8b - computrabajoExtraction - (LABORCHART) Company element from Computrabajo not found
2023-11-19 05:03:33 +0000 - dagster - INFO - LaborChartETL - 708454e4-d89f-41a8-8eb0-dda7039c6b8b - computrabajoExtraction - (LABORCHART) Company element from Computrabajo not found
2023-11-19 05:03:42 +0000 - dagster - INFO - LaborChartETL - 708454e4-d89f-41a8-8eb0-dda7039c6b8b - computrabajoExtraction - (LABORCHART) Company element from Computrabajo not found
2023-11-19 05:03:49 +0000 - dagster - INFO - LaborChartETL - 708454e4-d89f-41a8-8eb0-dda7039c6b8b - computrabajoExtraction - (LABORCHART) Company element from Computrabajo not found
2023-11-19 05:03:52 +0000 - dagster - INFO - LaborChartETL - 708454e4-d89f-41a8-8eb0-dda7039c6b8b - computrabajoExtraction - (LABORCHART) Company element from Computrabajo not found
2023-11-19 05:03:58 +0000 - dagster - INFO - LaborChartETL - 708454e4-d89f-41a8-8eb0-dda7039c6b8b - computrabajoExtraction - (LABORCHART) Company element from Computrabajo not found
2023-11-19 05:04:17 +0000 - dagster - INFO - LaborChartETL - 708454e4-d89f-41a8-8eb0-dda7039c6b8b - computrabajoExtraction - (LABORCHART) Company element from Computrabajo not found
2023-11-19 05:04:20 +0000 - dagster - INFO - LaborChartETL - 708454e4-d89f-41a8-8eb0-dda7039c6b8b - computrabajoExtraction - (LABORCHART) Company element from Computrabajo not found
2023-11-19 05:04:24 +0000 - dagster - INFO - LaborChartETL - 708454e4-d89f-41a8-8eb0-dda7039c6b8b - computrabajoExtraction - (LABORCHART) Company element from Computrabajo not found
2023-11-19 05:04:40 +0000 - dagster - INFO - LaborChartETL - 708454e4-d89f-41a8-8eb0-dda7039c6b8b - computrabajoExtraction - (LABORCHART) Company element from Computrabajo not found
2023-11-19 05:04:42 +0000 - dagster - INFO - LaborChartETL - 708454e4-d89f-41a8-8eb0-dda7039c6b8b - computrabajoExtraction - (LABORCHART) Company element from Computrabajo not found
2023-11-19 05:04:45 +0000 - dagster - INFO - LaborChartETL - 708454e4-d89f-41a8-8eb0-dda7039c6b8b - computrabajoExtraction - (LABORCHART) Company element from Computrabajo not found
2023-11-19 05:04:49 +0000 - dagster - INFO - LaborChartETL - 708454e4-d89f-41a8-8eb0-dda7039c6b8b - computrabajoExtraction - (LABORCHART) Company element from Computrabajo not found
2023-11-19 05:04:53 +0000 - dagster - INFO - LaborChartETL - 708454e4-d89f-41a8-8eb0-dda7039c6b8b - computrabajoExtraction - (LABORCHART) Company element from Computrabajo not found
2023-11-19 05:04:56 +0000 - dagster - INFO - LaborChartETL - 708454e4-d89f-41a8-8eb0-dda7039c6b8b - computrabajoExtraction - (LABORCHART) Company element from Computrabajo not found
2023-11-19 05:05:05 +0000 - dagster - INFO - LaborChartETL - 708454e4-d89f-41a8-8eb0-dda7039c6b8b - computrabajoExtraction - (LABORCHART) Company element from Computrabajo not found
2023-11-19 05:05:08 +0000 - dagster - INFO - LaborChartETL - 708454e4-d89f-41a8-8eb0-dda7039c6b8b - computrabajoExtraction - (LABORCHART) Company element from Computrabajo not found
2023-11-19 05:05:14 +0000 - dagster - INFO - LaborChartETL - 708454e4-d89f-41a8-8eb0-dda7039c6b8b - computrabajoExtraction - (LABORCHART) Company element from Computrabajo not found
2023-11-19 05:05:17 +0000 - dagster - INFO - LaborChartETL - 708454e4-d89f-41a8-8eb0-dda7039c6b8b - computrabajoExtraction - (LABORCHART) Company element from Computrabajo not found
2023-11-19 05:05:19 +0000 - dagster - INFO - LaborChartETL - 708454e4-d89f-41a8-8eb0-dda7039c6b8b - computrabajoExtraction - (LABORCHART) Company element from Computrabajo not found
2023-11-19 05:05:22 +0000 - dagster - INFO - LaborChartETL - 708454e4-d89f-41a8-8eb0-dda7039c6b8b - computrabajoExtraction - (LABORCHART) Company element from Computrabajo not found
2023-11-19 05:05:24 +0000 - dagster - INFO - LaborChartETL - 708454e4-d89f-41a8-8eb0-dda7039c6b8b - computrabajoExtraction - (LABORCHART) Company element from Computrabajo not found
2023-11-19 05:05:28 +0000 - dagster - INFO - LaborChartETL - 708454e4-d89f-41a8-8eb0-dda7039c6b8b - computrabajoExtraction - (LABORCHART) Company element from Computrabajo not found
2023-11-19 05:05:33 +0000 - dagster - INFO - LaborChartETL - 708454e4-d89f-41a8-8eb0-dda7039c6b8b - computrabajoExtraction - (LABORCHART) Company element from Computrabajo not found
2023-11-19 05:05:37 +0000 - dagster - INFO - LaborChartETL - 708454e4-d89f-41a8-8eb0-dda7039c6b8b - computrabajoExtraction - (LABORCHART) Company element from Computrabajo not found
2023-11-19 05:06:01 +0000 - dagster - INFO - LaborChartETL - 708454e4-d89f-41a8-8eb0-dda7039c6b8b - computrabajoExtraction - (LABORCHART) Company element from Computrabajo not found
2023-11-19 05:06:05 +0000 - dagster - INFO - LaborChartETL - 708454e4-d89f-41a8-8eb0-dda7039c6b8b - computrabajoExtraction - (LABORCHART) Company element from Computrabajo not found
2023-11-19 05:06:09 +0000 - dagster - INFO - LaborChartETL - 708454e4-d89f-41a8-8eb0-dda7039c6b8b - computrabajoExtraction - (LABORCHART) Company element from Computrabajo not found
2023-11-19 05:06:12 +0000 - dagster - INFO - LaborChartETL - 708454e4-d89f-41a8-8eb0-dda7039c6b8b - computrabajoExtraction - (LABORCHART) Company element from Computrabajo not found
2023-11-19 05:06:38 +0000 - dagster - INFO - LaborChartETL - 708454e4-d89f-41a8-8eb0-dda7039c6b8b - computrabajoExtraction - (LABORCHART) Company element from Computrabajo not found
2023-11-19 05:06:46 +0000 - dagster - INFO - LaborChartETL - 708454e4-d89f-41a8-8eb0-dda7039c6b8b - computrabajoExtraction - (LABORCHART) Company element from Computrabajo not found
2023-11-19 05:06:49 +0000 - dagster - INFO - LaborChartETL - 708454e4-d89f-41a8-8eb0-dda7039c6b8b - computrabajoExtraction - (LABORCHART) Company element from Computrabajo not found
2023-11-19 05:07:56 +0000 - dagster - INFO - LaborChartETL - 708454e4-d89f-41a8-8eb0-dda7039c6b8b - computrabajoExtraction - (LABORCHART) Company element from Computrabajo not found
2023-11-19 05:08:12 +0000 - dagster - INFO - LaborChartETL - 708454e4-d89f-41a8-8eb0-dda7039c6b8b - computrabajoExtraction - (LABORCHART) Company element from Computrabajo not found
2023-11-19 05:08:16 +0000 - dagster - INFO - LaborChartETL - 708454e4-d89f-41a8-8eb0-dda7039c6b8b - computrabajoExtraction - (LABORCHART) Company element from Computrabajo not found
2023-11-19 05:08:20 +0000 - dagster - INFO - LaborChartETL - 708454e4-d89f-41a8-8eb0-dda7039c6b8b - computrabajoExtraction - (LABORCHART) Company element from Computrabajo not found
2023-11-19 05:08:23 +0000 - dagster - INFO - LaborChartETL - 708454e4-d89f-41a8-8eb0-dda7039c6b8b - computrabajoExtraction - (LABORCHART) Company element from Computrabajo not found
2023-11-19 05:08:27 +0000 - dagster - INFO - LaborChartETL - 708454e4-d89f-41a8-8eb0-dda7039c6b8b - computrabajoExtraction - (LABORCHART) Company element from Computrabajo not found
2023-11-19 05:08:35 +0000 - dagster - INFO - LaborChartETL - 708454e4-d89f-41a8-8eb0-dda7039c6b8b - computrabajoExtraction - (LABORCHART) Company element from Computrabajo not found
2023-11-19 05:08:38 +0000 - dagster - INFO - LaborChartETL - 708454e4-d89f-41a8-8eb0-dda7039c6b8b - computrabajoExtraction - (LABORCHART) Company element from Computrabajo not found
2023-11-19 05:08:42 +0000 - dagster - INFO - LaborChartETL - 708454e4-d89f-41a8-8eb0-dda7039c6b8b - computrabajoExtraction - (LABORCHART) Company element from Computrabajo not found
2023-11-19 05:08:45 +0000 - dagster - INFO - LaborChartETL - 708454e4-d89f-41a8-8eb0-dda7039c6b8b - computrabajoExtraction - (LABORCHART) Company element from Computrabajo not found
2023-11-19 05:08:51 +0000 - dagster - INFO - LaborChartETL - 708454e4-d89f-41a8-8eb0-dda7039c6b8b - computrabajoExtraction - (LABORCHART) Company element from Computrabajo not found
2023-11-19 05:09:12 +0000 - dagster - INFO - LaborChartETL - 708454e4-d89f-41a8-8eb0-dda7039c6b8b - computrabajoExtraction - (LABORCHART) Company element from Computrabajo not found
2023-11-19 05:09:27 +0000 - dagster - INFO - LaborChartETL - 708454e4-d89f-41a8-8eb0-dda7039c6b8b - computrabajoExtraction - (LABORCHART) Company element from Computrabajo not found
2023-11-19 05:09:30 +0000 - dagster - INFO - LaborChartETL - 708454e4-d89f-41a8-8eb0-dda7039c6b8b - computrabajoExtraction - (LABORCHART) Company element from Computrabajo not found
2023-11-19 05:09:35 +0000 - dagster - INFO - LaborChartETL - 708454e4-d89f-41a8-8eb0-dda7039c6b8b - computrabajoExtraction - (LABORCHART) Company element from Computrabajo not found
2023-11-19 05:09:45 +0000 - dagster - INFO - LaborChartETL - 708454e4-d89f-41a8-8eb0-dda7039c6b8b - computrabajoExtraction - (LABORCHART) Company element from Computrabajo not found
2023-11-19 05:09:59 +0000 - dagster - INFO - LaborChartETL - 708454e4-d89f-41a8-8eb0-dda7039c6b8b - computrabajoExtraction - (LABORCHART) Company element from Computrabajo not found
2023-11-19 05:10:36 +0000 - dagster - INFO - LaborChartETL - 708454e4-d89f-41a8-8eb0-dda7039c6b8b - computrabajoExtraction - (LABORCHART) Company element from Computrabajo not found
2023-11-19 05:10:49 +0000 - dagster - INFO - LaborChartETL - 708454e4-d89f-41a8-8eb0-dda7039c6b8b - computrabajoExtraction - (LABORCHART) Company element from Computrabajo not found
2023-11-19 05:10:55 +0000 - dagster - INFO - LaborChartETL - 708454e4-d89f-41a8-8eb0-dda7039c6b8b - computrabajoExtraction - (LABORCHART) Company element from Computrabajo not found
2023-11-19 05:10:58 +0000 - dagster - INFO - LaborChartETL - 708454e4-d89f-41a8-8eb0-dda7039c6b8b - computrabajoExtraction - (LABORCHART) Company element from Computrabajo not found
2023-11-19 05:11:07 +0000 - dagster - INFO - LaborChartETL - 708454e4-d89f-41a8-8eb0-dda7039c6b8b - computrabajoExtraction - (LABORCHART) Company element from Computrabajo not found
2023-11-19 05:12:02 +0000 - dagster - INFO - LaborChartETL - 708454e4-d89f-41a8-8eb0-dda7039c6b8b - computrabajoExtraction - (LABORCHART) Company element from Computrabajo not found
2023-11-19 05:12:41 +0000 - dagster - INFO - LaborChartETL - 708454e4-d89f-41a8-8eb0-dda7039c6b8b - computrabajoExtraction - (LABORCHART) Company element from Computrabajo not found
2023-11-19 05:13:39 +0000 - dagster - INFO - LaborChartETL - 708454e4-d89f-41a8-8eb0-dda7039c6b8b - computrabajoExtraction - (LABORCHART) Company element from Computrabajo not found
2023-11-19 05:13:42 +0000 - dagster - INFO - LaborChartETL - 708454e4-d89f-41a8-8eb0-dda7039c6b8b - computrabajoExtraction - (LABORCHART) Company element from Computrabajo not found
2023-11-19 05:13:44 +0000 - dagster - INFO - LaborChartETL - 708454e4-d89f-41a8-8eb0-dda7039c6b8b - computrabajoExtraction - (LABORCHART) Company element from Computrabajo not found
2023-11-19 05:13:47 +0000 - dagster - INFO - LaborChartETL - 708454e4-d89f-41a8-8eb0-dda7039c6b8b - computrabajoExtraction - (LABORCHART) Company element from Computrabajo not found
2023-11-19 05:13:54 +0000 - dagster - INFO - LaborChartETL - 708454e4-d89f-41a8-8eb0-dda7039c6b8b - computrabajoExtraction - (LABORCHART) Company element from Computrabajo not found
2023-11-19 05:14:03 +0000 - dagster - INFO - LaborChartETL - 708454e4-d89f-41a8-8eb0-dda7039c6b8b - computrabajoExtraction - (LABORCHART) Company element from Computrabajo not found
2023-11-19 05:14:06 +0000 - dagster - INFO - LaborChartETL - 708454e4-d89f-41a8-8eb0-dda7039c6b8b - computrabajoExtraction - (LABORCHART) Company element from Computrabajo not found
2023-11-19 05:14:13 +0000 - dagster - INFO - LaborChartETL - 708454e4-d89f-41a8-8eb0-dda7039c6b8b - computrabajoExtraction - (LABORCHART) Company element from Computrabajo not found
2023-11-19 05:14:16 +0000 - dagster - INFO - LaborChartETL - 708454e4-d89f-41a8-8eb0-dda7039c6b8b - computrabajoExtraction - (LABORCHART) Company element from Computrabajo not found
2023-11-19 05:14:19 +0000 - dagster - INFO - LaborChartETL - 708454e4-d89f-41a8-8eb0-dda7039c6b8b - computrabajoExtraction - (LABORCHART) Company element from Computrabajo not found
2023-11-19 05:14:22 +0000 - dagster - INFO - LaborChartETL - 708454e4-d89f-41a8-8eb0-dda7039c6b8b - computrabajoExtraction - (LABORCHART) Company element from Computrabajo not found
2023-11-19 05:14:26 +0000 - dagster - INFO - LaborChartETL - 708454e4-d89f-41a8-8eb0-dda7039c6b8b - computrabajoExtraction - (LABORCHART) Company element from Computrabajo not found
2023-11-19 05:14:28 +0000 - dagster - INFO - LaborChartETL - 708454e4-d89f-41a8-8eb0-dda7039c6b8b - computrabajoExtraction - (LABORCHART) Company element from Computrabajo not found
2023-11-19 05:14:31 +0000 - dagster - INFO - LaborChartETL - 708454e4-d89f-41a8-8eb0-dda7039c6b8b - computrabajoExtraction - (LABORCHART) Company element from Computrabajo not found
2023-11-19 05:14:33 +0000 - dagster - INFO - LaborChartETL - 708454e4-d89f-41a8-8eb0-dda7039c6b8b - computrabajoExtraction - (LABORCHART) Company element from Computrabajo not found
2023-11-19 05:14:36 +0000 - dagster - INFO - LaborChartETL - 708454e4-d89f-41a8-8eb0-dda7039c6b8b - computrabajoExtraction - (LABORCHART) Company element from Computrabajo not found
2023-11-19 05:14:42 +0000 - dagster - INFO - LaborChartETL - 708454e4-d89f-41a8-8eb0-dda7039c6b8b - computrabajoExtraction - (LABORCHART) Company element from Computrabajo not found
2023-11-19 05:15:42 +0000 - dagster - INFO - LaborChartETL - 708454e4-d89f-41a8-8eb0-dda7039c6b8b - computrabajoExtraction - (LABORCHART) Company element from Computrabajo not found
2023-11-19 05:16:18 +0000 - dagster - INFO - LaborChartETL - 708454e4-d89f-41a8-8eb0-dda7039c6b8b - computrabajoExtraction - (LABORCHART) Company element from Computrabajo not found
2023-11-19 05:16:38 +0000 - dagster - INFO - LaborChartETL - 708454e4-d89f-41a8-8eb0-dda7039c6b8b - computrabajoExtraction - (LABORCHART) Company element from Computrabajo not found
2023-11-19 05:16:55 +0000 - dagster - INFO - LaborChartETL - 708454e4-d89f-41a8-8eb0-dda7039c6b8b - computrabajoExtraction - (LABORCHART) Company element from Computrabajo not found
2023-11-19 05:17:33 +0000 - dagster - INFO - LaborChartETL - 708454e4-d89f-41a8-8eb0-dda7039c6b8b - computrabajoExtraction - (LABORCHART) Company element from Computrabajo not found
2023-11-19 05:17:43 +0000 - dagster - INFO - LaborChartETL - 708454e4-d89f-41a8-8eb0-dda7039c6b8b - computrabajoExtraction - (LABORCHART) Company element from Computrabajo not found
2023-11-19 05:18:23 +0000 - dagster - INFO - LaborChartETL - 708454e4-d89f-41a8-8eb0-dda7039c6b8b - computrabajoExtraction - (LABORCHART) Company element from Computrabajo not found
2023-11-19 05:20:55 +0000 - dagster - INFO - LaborChartETL - 708454e4-d89f-41a8-8eb0-dda7039c6b8b - computrabajoExtraction - (LABORCHART) Company element from Computrabajo not found
2023-11-19 05:20:57 +0000 - dagster - INFO - LaborChartETL - 708454e4-d89f-41a8-8eb0-dda7039c6b8b - computrabajoExtraction - (LABORCHART) Company element from Computrabajo not found
2023-11-19 05:22:01 +0000 - dagster - INFO - LaborChartETL - 708454e4-d89f-41a8-8eb0-dda7039c6b8b - computrabajoExtraction - (LABORCHART) Company element from Computrabajo not found
2023-11-19 05:23:28 +0000 - dagster - INFO - LaborChartETL - 708454e4-d89f-41a8-8eb0-dda7039c6b8b - computrabajoExtraction - (LABORCHART) Company element from Computrabajo not found
2023-11-19 05:23:34 +0000 - dagster - INFO - LaborChartETL - 708454e4-d89f-41a8-8eb0-dda7039c6b8b - computrabajoExtraction - (LABORCHART) Company element from Computrabajo not found
2023-11-19 05:23:37 +0000 - dagster - INFO - LaborChartETL - 708454e4-d89f-41a8-8eb0-dda7039c6b8b - computrabajoExtraction - (LABORCHART) Company element from Computrabajo not found
2023-11-19 05:24:05 +0000 - dagster - INFO - LaborChartETL - 708454e4-d89f-41a8-8eb0-dda7039c6b8b - computrabajoExtraction - (LABORCHART) Company element from Computrabajo not found
2023-11-19 05:24:29 +0000 - dagster - INFO - LaborChartETL - 708454e4-d89f-41a8-8eb0-dda7039c6b8b - computrabajoExtraction - (LABORCHART) Company element from Computrabajo not found
2023-11-19 05:24:31 +0000 - dagster - INFO - LaborChartETL - 708454e4-d89f-41a8-8eb0-dda7039c6b8b - computrabajoExtraction - (LABORCHART) Company element from Computrabajo not found
2023-11-19 05:24:47 +0000 - dagster - INFO - LaborChartETL - 708454e4-d89f-41a8-8eb0-dda7039c6b8b - computrabajoExtraction - (LABORCHART) Company element from Computrabajo not found
2023-11-19 05:25:00 +0000 - dagster - INFO - LaborChartETL - 708454e4-d89f-41a8-8eb0-dda7039c6b8b - computrabajoExtraction - (LABORCHART) Company element from Computrabajo not found
2023-11-19 05:25:30 +0000 - dagster - INFO - LaborChartETL - 708454e4-d89f-41a8-8eb0-dda7039c6b8b - computrabajoExtraction - (LABORCHART) Company element from Computrabajo not found
2023-11-19 05:26:05 +0000 - dagster - INFO - LaborChartETL - 708454e4-d89f-41a8-8eb0-dda7039c6b8b - computrabajoExtraction - (LABORCHART) Company element from Computrabajo not found
2023-11-19 05:26:08 +0000 - dagster - INFO - LaborChartETL - 708454e4-d89f-41a8-8eb0-dda7039c6b8b - computrabajoExtraction - (LABORCHART) Company element from Computrabajo not found
2023-11-19 05:26:48 +0000 - dagster - INFO - LaborChartETL - 708454e4-d89f-41a8-8eb0-dda7039c6b8b - computrabajoExtraction - (LABORCHART) Company element from Computrabajo not found
2023-11-19 05:26:58 +0000 - dagster - INFO - LaborChartETL - 708454e4-d89f-41a8-8eb0-dda7039c6b8b - computrabajoExtraction - (LABORCHART) Company element from Computrabajo not found
2023-11-19 05:27:03 +0000 - dagster - INFO - LaborChartETL - 708454e4-d89f-41a8-8eb0-dda7039c6b8b - computrabajoExtraction - (LABORCHART) Company element from Computrabajo not found
2023-11-19 05:27:06 +0000 - dagster - INFO - LaborChartETL - 708454e4-d89f-41a8-8eb0-dda7039c6b8b - computrabajoExtraction - (LABORCHART) Company element from Computrabajo not found
2023-11-19 05:28:35 +0000 - dagster - INFO - LaborChartETL - 708454e4-d89f-41a8-8eb0-dda7039c6b8b - computrabajoExtraction - (LABORCHART) Company element from Computrabajo not found
2023-11-19 05:28:40 +0000 - dagster - INFO - LaborChartETL - 708454e4-d89f-41a8-8eb0-dda7039c6b8b - computrabajoExtraction - (LABORCHART) Company element from Computrabajo not found
2023-11-19 05:29:00 +0000 - dagster - INFO - LaborChartETL - 708454e4-d89f-41a8-8eb0-dda7039c6b8b - computrabajoExtraction - (LABORCHART) Company element from Computrabajo not found
2023-11-19 05:29:08 +0000 - dagster - INFO - LaborChartETL - 708454e4-d89f-41a8-8eb0-dda7039c6b8b - computrabajoExtraction - (LABORCHART) Company element from Computrabajo not found
2023-11-19 05:29:12 +0000 - dagster - INFO - LaborChartETL - 708454e4-d89f-41a8-8eb0-dda7039c6b8b - computrabajoExtraction - (LABORCHART) Company element from Computrabajo not found
2023-11-19 05:29:16 +0000 - dagster - INFO - LaborChartETL - 708454e4-d89f-41a8-8eb0-dda7039c6b8b - computrabajoExtraction - (LABORCHART) Company element from Computrabajo not found
2023-11-19 05:29:19 +0000 - dagster - INFO - LaborChartETL - 708454e4-d89f-41a8-8eb0-dda7039c6b8b - computrabajoExtraction - (LABORCHART) Company element from Computrabajo not found
2023-11-19 05:29:22 +0000 - dagster - INFO - LaborChartETL - 708454e4-d89f-41a8-8eb0-dda7039c6b8b - computrabajoExtraction - (LABORCHART) Company element from Computrabajo not found
2023-11-19 05:29:28 +0000 - dagster - INFO - LaborChartETL - 708454e4-d89f-41a8-8eb0-dda7039c6b8b - computrabajoExtraction - (LABORCHART) Company element from Computrabajo not found
2023-11-19 05:30:07 +0000 - dagster - INFO - LaborChartETL - 708454e4-d89f-41a8-8eb0-dda7039c6b8b - computrabajoExtraction - (LABORCHART) Company element from Computrabajo not found
2023-11-19 05:30:11 +0000 - dagster - INFO - LaborChartETL - 708454e4-d89f-41a8-8eb0-dda7039c6b8b - computrabajoExtraction - (LABORCHART) Company element from Computrabajo not found
2023-11-19 05:30:14 +0000 - dagster - INFO - LaborChartETL - 708454e4-d89f-41a8-8eb0-dda7039c6b8b - computrabajoExtraction - (LABORCHART) Company element from Computrabajo not found
2023-11-19 05:30:28 +0000 - dagster - INFO - LaborChartETL - 708454e4-d89f-41a8-8eb0-dda7039c6b8b - computrabajoExtraction - (LABORCHART) Company element from Computrabajo not found
2023-11-19 05:30:37 +0000 - dagster - INFO - LaborChartETL - 708454e4-d89f-41a8-8eb0-dda7039c6b8b - computrabajoExtraction - (LABORCHART) Company element from Computrabajo not found
2023-11-19 05:30:44 +0000 - dagster - INFO - LaborChartETL - 708454e4-d89f-41a8-8eb0-dda7039c6b8b - computrabajoExtraction - (LABORCHART) Company element from Computrabajo not found
2023-11-19 05:31:03 +0000 - dagster - INFO - LaborChartETL - 708454e4-d89f-41a8-8eb0-dda7039c6b8b - computrabajoExtraction - (LABORCHART) Company element from Computrabajo not found
2023-11-19 05:31:07 +0000 - dagster - INFO - LaborChartETL - 708454e4-d89f-41a8-8eb0-dda7039c6b8b - computrabajoExtraction - (LABORCHART) Company element from Computrabajo not found
2023-11-19 05:31:19 +0000 - dagster - INFO - LaborChartETL - 708454e4-d89f-41a8-8eb0-dda7039c6b8b - computrabajoExtraction - (LABORCHART) Company element from Computrabajo not found
2023-11-19 05:32:18 +0000 - dagster - INFO - LaborChartETL - 708454e4-d89f-41a8-8eb0-dda7039c6b8b - computrabajoExtraction - (LABORCHART) Company element from Computrabajo not found
2023-11-19 05:32:56 +0000 - dagster - INFO - LaborChartETL - 708454e4-d89f-41a8-8eb0-dda7039c6b8b - computrabajoExtraction - (LABORCHART) Company element from Computrabajo not found
2023-11-19 05:33:16 +0000 - dagster - INFO - LaborChartETL - 708454e4-d89f-41a8-8eb0-dda7039c6b8b - computrabajoExtraction - (LABORCHART) Company element from Computrabajo not found
2023-11-19 05:33:18 +0000 - dagster - INFO - LaborChartETL - 708454e4-d89f-41a8-8eb0-dda7039c6b8b - computrabajoExtraction - (LABORCHART) Company element from Computrabajo not found
2023-11-19 05:33:20 +0000 - dagster - INFO - LaborChartETL - 708454e4-d89f-41a8-8eb0-dda7039c6b8b - computrabajoExtraction - (LABORCHART) Company element from Computrabajo not found
2023-11-19 05:33:26 +0000 - dagster - INFO - LaborChartETL - 708454e4-d89f-41a8-8eb0-dda7039c6b8b - computrabajoExtraction - (LABORCHART) Company element from Computrabajo not found
2023-11-19 05:33:29 +0000 - dagster - INFO - LaborChartETL - 708454e4-d89f-41a8-8eb0-dda7039c6b8b - computrabajoExtraction - (LABORCHART) Company element from Computrabajo not found
2023-11-19 05:33:33 +0000 - dagster - INFO - LaborChartETL - 708454e4-d89f-41a8-8eb0-dda7039c6b8b - computrabajoExtraction - (LABORCHART) Company element from Computrabajo not found
2023-11-19 05:33:37 +0000 - dagster - INFO - LaborChartETL - 708454e4-d89f-41a8-8eb0-dda7039c6b8b - computrabajoExtraction - (LABORCHART) Company element from Computrabajo not found
2023-11-19 05:33:42 +0000 - dagster - INFO - LaborChartETL - 708454e4-d89f-41a8-8eb0-dda7039c6b8b - computrabajoExtraction - (LABORCHART) Company element from Computrabajo not found
2023-11-19 05:33:44 +0000 - dagster - INFO - LaborChartETL - 708454e4-d89f-41a8-8eb0-dda7039c6b8b - computrabajoExtraction - (LABORCHART) Company element from Computrabajo not found
2023-11-19 05:34:08 +0000 - dagster - INFO - LaborChartETL - 708454e4-d89f-41a8-8eb0-dda7039c6b8b - computrabajoExtraction - (LABORCHART) Today's extraction: 539 offers      Pages viewed: 33
2023-11-19 05:34:08 +0000 - dagster - INFO - LaborChartETL - 708454e4-d89f-41a8-8eb0-dda7039c6b8b - computrabajoExtraction - (LABORCHART) Computrabajo offers sent succesfully to RabbitMQ queue
2023-11-19 05:34:08 +0000 - dagster - DEBUG - LaborChartETL - 708454e4-d89f-41a8-8eb0-dda7039c6b8b - 5186 - computrabajoExtraction - STEP_OUTPUT - Yielded output "result" of type "Nothing". (Type check passed).
2023-11-19 05:34:08 +0000 - dagster - DEBUG - LaborChartETL - 708454e4-d89f-41a8-8eb0-dda7039c6b8b - 5186 - computrabajoExtraction - ASSET_MATERIALIZATION - Materialized value computrabajoExtraction.
2023-11-19 05:34:08 +0000 - dagster - DEBUG - LaborChartETL - 708454e4-d89f-41a8-8eb0-dda7039c6b8b - 5186 - computrabajoExtraction - HANDLED_OUTPUT - Handled output "result" using IO manager "io_manager"
2023-11-19 05:34:08 +0000 - dagster - DEBUG - LaborChartETL - 708454e4-d89f-41a8-8eb0-dda7039c6b8b - 5186 - computrabajoExtraction - STEP_SUCCESS - Finished execution of step "computrabajoExtraction" in 34m1s.
