2023-11-17 07:49:43 +0000 - dagster - DEBUG - LaborChartETL - 46885905-e2b3-4c6a-8b0b-782580ab7bb3 - 11722 - LOGS_CAPTURED - Started capturing logs in process (pid: 11722).
2023-11-17 07:49:43 +0000 - dagster - DEBUG - LaborChartETL - 46885905-e2b3-4c6a-8b0b-782580ab7bb3 - 11722 - offersSimilarityCheck - STEP_START - Started execution of step "offersSimilarityCheck".
2023-11-17 07:51:47 +0000 - dagster - INFO - LaborChartETL - 46885905-e2b3-4c6a-8b0b-782580ab7bb3 - offersSimilarityCheck - (LABORCHART) (448) auxiliar contable saitemp sa <-> (850) auxiliar contable solitemp sa
2023-11-17 07:51:47 +0000 - dagster - INFO - LaborChartETL - 46885905-e2b3-4c6a-8b0b-782580ab7bb3 - offersSimilarityCheck - (LABORCHART) Similarity percentage: 95%
2023-11-17 07:51:57 +0000 - dagster - INFO - LaborChartETL - 46885905-e2b3-4c6a-8b0b-782580ab7bb3 - offersSimilarityCheck - (LABORCHART) (777) asesor comercial aliados laborales sas <-> (778) asesora comercial aliados laborales sas
2023-11-17 07:51:57 +0000 - dagster - INFO - LaborChartETL - 46885905-e2b3-4c6a-8b0b-782580ab7bb3 - offersSimilarityCheck - (LABORCHART) Similarity percentage: 99%
2023-11-17 07:52:01 +0000 - dagster - INFO - LaborChartETL - 46885905-e2b3-4c6a-8b0b-782580ab7bb3 - offersSimilarityCheck - (LABORCHART) (903) asesores comerciales call center excelentes comisiones almacontact sas <-> (909) asesores comerciales en call center exelentes comisiones  almacontact sas
2023-11-17 07:52:01 +0000 - dagster - INFO - LaborChartETL - 46885905-e2b3-4c6a-8b0b-782580ab7bb3 - offersSimilarityCheck - (LABORCHART) Similarity percentage: 97%
2023-11-17 07:52:29 +0000 - dagster - INFO - LaborChartETL - 46885905-e2b3-4c6a-8b0b-782580ab7bb3 - offersSimilarityCheck - (LABORCHART) (1867) auditor en salud fundación hospital san carlos <-> (1868) auditora en salud fundación hospital san carlos
2023-11-17 07:52:29 +0000 - dagster - INFO - LaborChartETL - 46885905-e2b3-4c6a-8b0b-782580ab7bb3 - offersSimilarityCheck - (LABORCHART) Similarity percentage: 99%
2023-11-17 07:52:32 +0000 - dagster - INFO - LaborChartETL - 46885905-e2b3-4c6a-8b0b-782580ab7bb3 - offersSimilarityCheck - (LABORCHART) (1941) promotor  ventas colchones overall colombia <-> (1942) promotor de ventas colchones overall colombia
2023-11-17 07:52:32 +0000 - dagster - INFO - LaborChartETL - 46885905-e2b3-4c6a-8b0b-782580ab7bb3 - offersSimilarityCheck - (LABORCHART) Similarity percentage: 98%
2023-11-17 07:52:43 +0000 - dagster - INFO - LaborChartETL - 46885905-e2b3-4c6a-8b0b-782580ab7bb3 - offersSimilarityCheck - (LABORCHART) (2312) analista de calidad browser travel solutions <-> (2313) analista de calidad qa browser travel solutions
2023-11-17 07:52:43 +0000 - dagster - INFO - LaborChartETL - 46885905-e2b3-4c6a-8b0b-782580ab7bb3 - offersSimilarityCheck - (LABORCHART) Similarity percentage: 97%
2023-11-17 07:52:49 +0000 - dagster - INFO - LaborChartETL - 46885905-e2b3-4c6a-8b0b-782580ab7bb3 - offersSimilarityCheck - (LABORCHART) (2513) analista soporte técnico nivel 1 tecnología y comunicaciones gestion servicios temporales sas <-> (2514) analista soporte técnico nivel 2 tecnología y comunicaciones gestion servicios temporales sas
2023-11-17 07:52:49 +0000 - dagster - INFO - LaborChartETL - 46885905-e2b3-4c6a-8b0b-782580ab7bb3 - offersSimilarityCheck - (LABORCHART) Similarity percentage: 99%
2023-11-17 07:52:51 +0000 - dagster - INFO - LaborChartETL - 46885905-e2b3-4c6a-8b0b-782580ab7bb3 - offersSimilarityCheck - (LABORCHART) (2580) gran convocatoria guardas de seguridad con o sin experiencia v p global ltda <-> (2581) gran convocatoria guardas de seguridad sin experiencia v p global ltda
2023-11-17 07:52:51 +0000 - dagster - INFO - LaborChartETL - 46885905-e2b3-4c6a-8b0b-782580ab7bb3 - offersSimilarityCheck - (LABORCHART) Similarity percentage: 96%
2023-11-17 07:52:54 +0000 - dagster - INFO - LaborChartETL - 46885905-e2b3-4c6a-8b0b-782580ab7bb3 - offersSimilarityCheck - (LABORCHART) (2668) auxilar administrativo y de servicio al cliente aservit  cia <-> (2669) auxiliar administrativo y de servicio al cliente aservit  cia
2023-11-17 07:52:54 +0000 - dagster - INFO - LaborChartETL - 46885905-e2b3-4c6a-8b0b-782580ab7bb3 - offersSimilarityCheck - (LABORCHART) Similarity percentage: 99%
2023-11-17 07:52:55 +0000 - dagster - INFO - LaborChartETL - 46885905-e2b3-4c6a-8b0b-782580ab7bb3 - offersSimilarityCheck - (LABORCHART) (2704) administrador gco <-> (2705) administradora gco
2023-11-17 07:52:55 +0000 - dagster - INFO - LaborChartETL - 46885905-e2b3-4c6a-8b0b-782580ab7bb3 - offersSimilarityCheck - (LABORCHART) Similarity percentage: 97%
2023-11-17 07:52:58 +0000 - dagster - INFO - LaborChartETL - 46885905-e2b3-4c6a-8b0b-782580ab7bb3 - offersSimilarityCheck - (LABORCHART) (2786) encargada de clínica de belleza  asesora comercial  cc salitre apertura europiel laser center <-> (2788) encargada de clínica de belleza  asesora comercial  cc salitre europiel laser center
2023-11-17 07:52:58 +0000 - dagster - INFO - LaborChartETL - 46885905-e2b3-4c6a-8b0b-782580ab7bb3 - offersSimilarityCheck - (LABORCHART) Similarity percentage: 95%
2023-11-17 07:52:59 +0000 - dagster - INFO - LaborChartETL - 46885905-e2b3-4c6a-8b0b-782580ab7bb3 - offersSimilarityCheck - (LABORCHART) (2842) administrador junior de restaurante morango s  a  s  <-> (2843) administrador senior de restaurante morango s  a  s 
2023-11-17 07:52:59 +0000 - dagster - INFO - LaborChartETL - 46885905-e2b3-4c6a-8b0b-782580ab7bb3 - offersSimilarityCheck - (LABORCHART) Similarity percentage: 96%
2023-11-17 07:53:07 +0000 - dagster - INFO - LaborChartETL - 46885905-e2b3-4c6a-8b0b-782580ab7bb3 - offersSimilarityCheck - (LABORCHART) (3107) auxiliar de bodega global sas <-> (3115) auxiliares de bodega global sas
2023-11-17 07:53:07 +0000 - dagster - INFO - LaborChartETL - 46885905-e2b3-4c6a-8b0b-782580ab7bb3 - offersSimilarityCheck - (LABORCHART) Similarity percentage: 97%
2023-11-17 07:53:17 +0000 - dagster - INFO - LaborChartETL - 46885905-e2b3-4c6a-8b0b-782580ab7bb3 - offersSimilarityCheck - (LABORCHART) (3410) auxiliar administrativo travel club ltda <-> (3411) auxiliar administrativoa travel club ltda
2023-11-17 07:53:17 +0000 - dagster - INFO - LaborChartETL - 46885905-e2b3-4c6a-8b0b-782580ab7bb3 - offersSimilarityCheck - (LABORCHART) Similarity percentage: 99%
2023-11-17 07:53:23 +0000 - dagster - INFO - LaborChartETL - 46885905-e2b3-4c6a-8b0b-782580ab7bb3 - offersSimilarityCheck - (LABORCHART) (3618) vigilantes para zona norte de bogotá acocel ltda asesores colombianos de celaduria <-> (3624) vigilante para zona norte de bogotá acocel ltda asesores colombianos de celaduria
2023-11-17 07:53:23 +0000 - dagster - INFO - LaborChartETL - 46885905-e2b3-4c6a-8b0b-782580ab7bb3 - offersSimilarityCheck - (LABORCHART) Similarity percentage: 99%
2023-11-17 07:53:25 +0000 - dagster - INFO - LaborChartETL - 46885905-e2b3-4c6a-8b0b-782580ab7bb3 - offersSimilarityCheck - (LABORCHART) (3675) gran convocatoria de asesores comerciales cueros velez <-> (3684) gran convocatoria de asesor comerciales cueros velez
2023-11-17 07:53:25 +0000 - dagster - INFO - LaborChartETL - 46885905-e2b3-4c6a-8b0b-782580ab7bb3 - offersSimilarityCheck - (LABORCHART) Similarity percentage: 98%
2023-11-17 07:53:27 +0000 - dagster - INFO - LaborChartETL - 46885905-e2b3-4c6a-8b0b-782580ab7bb3 - offersSimilarityCheck - (LABORCHART) (3756) ingeniero en producción mercari <-> (3757) ingeniero en producción jr mercari
2023-11-17 07:53:27 +0000 - dagster - INFO - LaborChartETL - 46885905-e2b3-4c6a-8b0b-782580ab7bb3 - offersSimilarityCheck - (LABORCHART) Similarity percentage: 95%
2023-11-17 07:53:35 +0000 - dagster - INFO - LaborChartETL - 46885905-e2b3-4c6a-8b0b-782580ab7bb3 - offersSimilarityCheck - (LABORCHART) (4005) comunicación social diseo gráfico publicidad madiautos <-> (4006) comunicación social diseño gráfico publicidad madiautos
2023-11-17 07:53:35 +0000 - dagster - INFO - LaborChartETL - 46885905-e2b3-4c6a-8b0b-782580ab7bb3 - offersSimilarityCheck - (LABORCHART) Similarity percentage: 99%
2023-11-17 07:53:47 +0000 - dagster - INFO - LaborChartETL - 46885905-e2b3-4c6a-8b0b-782580ab7bb3 - offersSimilarityCheck - (LABORCHART) (4404) operaria de aseo cafeteria incolplas ltda <-> (4405) operaria de aseo y cafeteria incolplas ltda
2023-11-17 07:53:47 +0000 - dagster - INFO - LaborChartETL - 46885905-e2b3-4c6a-8b0b-782580ab7bb3 - offersSimilarityCheck - (LABORCHART) Similarity percentage: 98%
2023-11-17 07:53:55 +0000 - dagster - INFO - LaborChartETL - 46885905-e2b3-4c6a-8b0b-782580ab7bb3 - offersSimilarityCheck - (LABORCHART) (4691) agente de ventas call center con experiencia grupo consultor andino sas <-> (4692) agente de ventas call center sin experiencia grupo consultor andino sas
2023-11-17 07:53:55 +0000 - dagster - INFO - LaborChartETL - 46885905-e2b3-4c6a-8b0b-782580ab7bb3 - offersSimilarityCheck - (LABORCHART) Similarity percentage: 97%
2023-11-17 07:54:10 +0000 - dagster - INFO - LaborChartETL - 46885905-e2b3-4c6a-8b0b-782580ab7bb3 - offersSimilarityCheck - (LABORCHART) (5184) asesor comercial externo bogotá zona norte fundacion delamujer <-> (5185) asesor comercial externo bogotá zona sur fundacion delamujer
2023-11-17 07:54:10 +0000 - dagster - INFO - LaborChartETL - 46885905-e2b3-4c6a-8b0b-782580ab7bb3 - offersSimilarityCheck - (LABORCHART) Similarity percentage: 95%
2023-11-17 07:54:12 +0000 - dagster - INFO - LaborChartETL - 46885905-e2b3-4c6a-8b0b-782580ab7bb3 - offersSimilarityCheck - (LABORCHART) (5240) soldador mekatronica mx sas <-> (5241) soldadora mekatronica mx sas
2023-11-17 07:54:12 +0000 - dagster - INFO - LaborChartETL - 46885905-e2b3-4c6a-8b0b-782580ab7bb3 - offersSimilarityCheck - (LABORCHART) Similarity percentage: 98%
2023-11-17 07:54:13 +0000 - dagster - INFO - LaborChartETL - 46885905-e2b3-4c6a-8b0b-782580ab7bb3 - offersSimilarityCheck - (LABORCHART) (5274) aux de enfermería y servicio al cliente proteger ips profesionales en salud ocupacional y calidad sas <-> (5275) auxiliar de enfermería y servicio al cliente proteger ips profesionales en salud ocupacional y calidad sas
2023-11-17 07:54:13 +0000 - dagster - INFO - LaborChartETL - 46885905-e2b3-4c6a-8b0b-782580ab7bb3 - offersSimilarityCheck - (LABORCHART) Similarity percentage: 98%
2023-11-17 07:54:18 +0000 - dagster - INFO - LaborChartETL - 46885905-e2b3-4c6a-8b0b-782580ab7bb3 - offersSimilarityCheck - (LABORCHART) (5426) digitadora egs soluciones integrales <-> (5427) digitalizadora egs soluciones integrales
2023-11-17 07:54:18 +0000 - dagster - INFO - LaborChartETL - 46885905-e2b3-4c6a-8b0b-782580ab7bb3 - offersSimilarityCheck - (LABORCHART) Similarity percentage: 95%
2023-11-17 07:54:29 +0000 - dagster - INFO - LaborChartETL - 46885905-e2b3-4c6a-8b0b-782580ab7bb3 - offersSimilarityCheck - (LABORCHART) (5801) metrólogo i intertek colombia sa <-> (5802) metrólogo ii intertek colombia sa
2023-11-17 07:54:29 +0000 - dagster - INFO - LaborChartETL - 46885905-e2b3-4c6a-8b0b-782580ab7bb3 - offersSimilarityCheck - (LABORCHART) Similarity percentage: 98%
2023-11-17 07:54:52 +0000 - dagster - INFO - LaborChartETL - 46885905-e2b3-4c6a-8b0b-782580ab7bb3 - offersSimilarityCheck - (LABORCHART) (6576) asesor financiero primeras ventas libertex <-> (6580) asesora financiero primeras ventas libertex
2023-11-17 07:54:52 +0000 - dagster - INFO - LaborChartETL - 46885905-e2b3-4c6a-8b0b-782580ab7bb3 - offersSimilarityCheck - (LABORCHART) Similarity percentage: 99%
2023-11-17 07:54:59 +0000 - dagster - INFO - LaborChartETL - 46885905-e2b3-4c6a-8b0b-782580ab7bb3 - offersSimilarityCheck - (LABORCHART) (6792) ejecutivo comercial de piso banco falabella <-> (6794) ejecutivos comerciales de piso banco falabella
2023-11-17 07:54:59 +0000 - dagster - INFO - LaborChartETL - 46885905-e2b3-4c6a-8b0b-782580ab7bb3 - offersSimilarityCheck - (LABORCHART) Similarity percentage: 97%
2023-11-17 07:55:02 +0000 - dagster - INFO - LaborChartETL - 46885905-e2b3-4c6a-8b0b-782580ab7bb3 - offersSimilarityCheck - (LABORCHART) (6900) asesor comercial call center egcol sas <-> (6902) asesor de comercial call center egcol sas
2023-11-17 07:55:02 +0000 - dagster - INFO - LaborChartETL - 46885905-e2b3-4c6a-8b0b-782580ab7bb3 - offersSimilarityCheck - (LABORCHART) Similarity percentage: 96%
2023-11-17 07:55:29 +0000 - dagster - INFO - LaborChartETL - 46885905-e2b3-4c6a-8b0b-782580ab7bb3 - offersSimilarityCheck - (LABORCHART) (7788) regente de farmacia bogotá cmx sas <-> (7789) regente de farmacia en bogotá cmx sas
2023-11-17 07:55:29 +0000 - dagster - INFO - LaborChartETL - 46885905-e2b3-4c6a-8b0b-782580ab7bb3 - offersSimilarityCheck - (LABORCHART) Similarity percentage: 96%
2023-11-17 07:55:34 +0000 - dagster - INFO - LaborChartETL - 46885905-e2b3-4c6a-8b0b-782580ab7bb3 - offersSimilarityCheck - (LABORCHART) (7966) auxiliar de cocina norte de bogotá la receta y cia sas <-> (7968) auxiliares de cocina norte de bogotá la receta y cia sas
2023-11-17 07:55:34 +0000 - dagster - INFO - LaborChartETL - 46885905-e2b3-4c6a-8b0b-782580ab7bb3 - offersSimilarityCheck - (LABORCHART) Similarity percentage: 98%
2023-11-17 07:55:50 +0000 - dagster - INFO - LaborChartETL - 46885905-e2b3-4c6a-8b0b-782580ab7bb3 - offersSimilarityCheck - (LABORCHART) (8507) operario metalmecánicoa inoffice sas <-> (8508) operarioa metalmecánica inoffice sas
2023-11-17 07:55:50 +0000 - dagster - INFO - LaborChartETL - 46885905-e2b3-4c6a-8b0b-782580ab7bb3 - offersSimilarityCheck - (LABORCHART) Similarity percentage: 97%
2023-11-17 07:55:59 +0000 - dagster - INFO - LaborChartETL - 46885905-e2b3-4c6a-8b0b-782580ab7bb3 - offersSimilarityCheck - (LABORCHART) (8794) guardas de seguridad vigilantes con experiencia asypro ltda <-> (8795) guardas de seguridadvigilantes con experiencia asypro ltda
2023-11-17 07:55:59 +0000 - dagster - INFO - LaborChartETL - 46885905-e2b3-4c6a-8b0b-782580ab7bb3 - offersSimilarityCheck - (LABORCHART) Similarity percentage: 99%
2023-11-17 07:56:16 +0000 - dagster - INFO - LaborChartETL - 46885905-e2b3-4c6a-8b0b-782580ab7bb3 - offersSimilarityCheck - (LABORCHART) (9381) domiciliario con moto sergem mensajeria sas <-> (9382) domiciliario sin moto sergem mensajeria sas
2023-11-17 07:56:16 +0000 - dagster - INFO - LaborChartETL - 46885905-e2b3-4c6a-8b0b-782580ab7bb3 - offersSimilarityCheck - (LABORCHART) Similarity percentage: 95%
2023-11-17 07:57:46 +0000 - dagster - INFO - LaborChartETL - 46885905-e2b3-4c6a-8b0b-782580ab7bb3 - offersSimilarityCheck - (LABORCHART) 51 offers updated
2023-11-17 08:03:29 +0000 - dagster - INFO - LaborChartETL - 46885905-e2b3-4c6a-8b0b-782580ab7bb3 - offersSimilarityCheck - (LABORCHART) 0 offers updated
2023-11-17 08:03:29 +0000 - dagster - DEBUG - LaborChartETL - 46885905-e2b3-4c6a-8b0b-782580ab7bb3 - 11722 - offersSimilarityCheck - STEP_OUTPUT - Yielded output "result" of type "Nothing". (Type check passed).
2023-11-17 08:03:30 +0000 - dagster - DEBUG - LaborChartETL - 46885905-e2b3-4c6a-8b0b-782580ab7bb3 - 11722 - offersSimilarityCheck - ASSET_MATERIALIZATION - Materialized value offersSimilarityCheck.
2023-11-17 08:03:30 +0000 - dagster - DEBUG - LaborChartETL - 46885905-e2b3-4c6a-8b0b-782580ab7bb3 - 11722 - offersSimilarityCheck - HANDLED_OUTPUT - Handled output "result" using IO manager "io_manager"
2023-11-17 08:03:30 +0000 - dagster - DEBUG - LaborChartETL - 46885905-e2b3-4c6a-8b0b-782580ab7bb3 - 11722 - offersSimilarityCheck - STEP_SUCCESS - Finished execution of step "offersSimilarityCheck" in 13m46s.
