2023-11-16 05:08:05 +0000 - dagster - DEBUG - LaborChartETL - 1038b1f8-aa15-4f12-b55b-a62a05d49bc4 - 28115 - LOGS_CAPTURED - Started capturing logs in process (pid: 28115).
2023-11-16 05:08:05 +0000 - dagster - DEBUG - LaborChartETL - 1038b1f8-aa15-4f12-b55b-a62a05d49bc4 - 28115 - computrabajoExtraction - STEP_START - Started execution of step "computrabajoExtraction".
2023-11-16 05:10:33 +0000 - dagster - INFO - LaborChartETL - 1038b1f8-aa15-4f12-b55b-a62a05d49bc4 - computrabajoExtraction - (LABORCHART) Company element from Computrabajo not found
2023-11-16 05:11:19 +0000 - dagster - INFO - LaborChartETL - 1038b1f8-aa15-4f12-b55b-a62a05d49bc4 - computrabajoExtraction - (LABORCHART) Company element from Computrabajo not found
2023-11-16 05:11:26 +0000 - dagster - INFO - LaborChartETL - 1038b1f8-aa15-4f12-b55b-a62a05d49bc4 - computrabajoExtraction - (LABORCHART) Company element from Computrabajo not found
2023-11-16 05:12:16 +0000 - dagster - INFO - LaborChartETL - 1038b1f8-aa15-4f12-b55b-a62a05d49bc4 - computrabajoExtraction - (LABORCHART) Company element from Computrabajo not found
2023-11-16 05:12:26 +0000 - dagster - INFO - LaborChartETL - 1038b1f8-aa15-4f12-b55b-a62a05d49bc4 - computrabajoExtraction - (LABORCHART) Company element from Computrabajo not found
2023-11-16 05:12:30 +0000 - dagster - INFO - LaborChartETL - 1038b1f8-aa15-4f12-b55b-a62a05d49bc4 - computrabajoExtraction - (LABORCHART) Company element from Computrabajo not found
2023-11-16 05:12:36 +0000 - dagster - INFO - LaborChartETL - 1038b1f8-aa15-4f12-b55b-a62a05d49bc4 - computrabajoExtraction - (LABORCHART) Company element from Computrabajo not found
2023-11-16 05:12:42 +0000 - dagster - INFO - LaborChartETL - 1038b1f8-aa15-4f12-b55b-a62a05d49bc4 - computrabajoExtraction - (LABORCHART) Company element from Computrabajo not found
2023-11-16 05:12:51 +0000 - dagster - INFO - LaborChartETL - 1038b1f8-aa15-4f12-b55b-a62a05d49bc4 - computrabajoExtraction - (LABORCHART) Company element from Computrabajo not found
2023-11-16 05:12:58 +0000 - dagster - INFO - LaborChartETL - 1038b1f8-aa15-4f12-b55b-a62a05d49bc4 - computrabajoExtraction - (LABORCHART) Company element from Computrabajo not found
2023-11-16 05:13:04 +0000 - dagster - INFO - LaborChartETL - 1038b1f8-aa15-4f12-b55b-a62a05d49bc4 - computrabajoExtraction - (LABORCHART) Company element from Computrabajo not found
2023-11-16 05:13:08 +0000 - dagster - INFO - LaborChartETL - 1038b1f8-aa15-4f12-b55b-a62a05d49bc4 - computrabajoExtraction - (LABORCHART) Company element from Computrabajo not found
2023-11-16 05:13:18 +0000 - dagster - INFO - LaborChartETL - 1038b1f8-aa15-4f12-b55b-a62a05d49bc4 - computrabajoExtraction - (LABORCHART) Company element from Computrabajo not found
2023-11-16 05:13:27 +0000 - dagster - ERROR - LaborChartETL - 1038b1f8-aa15-4f12-b55b-a62a05d49bc4 - 28115 - computrabajoExtraction - STEP_FAILURE - Execution of step "computrabajoExtraction" failed.

dagster._core.errors.DagsterExecutionInterruptedError

Stack Trace:
  File "/usr/local/lib/python3.10/site-packages/dagster/_core/execution/plan/execute_plan.py", line 275, in dagster_event_sequence_for_step
    for step_event in check.generator(step_events):
  File "/usr/local/lib/python3.10/site-packages/dagster/_core/execution/plan/execute_step.py", line 476, in core_dagster_event_sequence_for_step
    for user_event in _step_output_error_checked_user_event_sequence(
  File "/usr/local/lib/python3.10/site-packages/dagster/_core/execution/plan/execute_step.py", line 159, in _step_output_error_checked_user_event_sequence
    for user_event in user_event_sequence:
  File "/usr/local/lib/python3.10/site-packages/dagster/_core/execution/plan/execute_step.py", line 94, in _process_asset_results_to_events
    for user_event in user_event_sequence:
  File "/usr/local/lib/python3.10/site-packages/dagster/_core/execution/plan/compute.py", line 204, in execute_core_compute
    for step_output in _yield_compute_results(step_context, inputs, compute_fn):
  File "/usr/local/lib/python3.10/site-packages/dagster/_core/execution/plan/compute.py", line 173, in _yield_compute_results
    for event in iterate_with_context(
  File "/usr/local/lib/python3.10/site-packages/dagster/_utils/__init__.py", line 443, in iterate_with_context
    next_output = next(iterator)
  File "/usr/local/lib/python3.10/site-packages/dagster/_core/execution/plan/compute_generator.py", line 132, in _coerce_op_compute_fn_to_iterator
    result = invoke_compute_fn(
  File "/usr/local/lib/python3.10/site-packages/dagster/_core/execution/plan/compute_generator.py", line 126, in invoke_compute_fn
    return fn(context, **args_to_pass) if context_arg_provided else fn(**args_to_pass)
  File "/usr/src/app/dataflow.py", line 26, in computrabajoExtraction
    offers = webScraperComputrabajo()
  File "/usr/src/app/etl/extraction/computrabajo/webscraper.py", line 182, in webScraperComputrabajo
    time.sleep(randomSleep())
  File "/usr/local/lib/python3.10/site-packages/dagster/_utils/interrupts.py", line 82, in _new_signal_handler
    raise error_cls()

