2023-11-20 05:00:07 +0000 - dagster - DEBUG - LaborChartETL - 91e2a6fe-205a-40bf-9d96-fcbfd4b0744c - 28352 - LOGS_CAPTURED - Started capturing logs in process (pid: 28352).
2023-11-20 05:00:07 +0000 - dagster - DEBUG - LaborChartETL - 91e2a6fe-205a-40bf-9d96-fcbfd4b0744c - 28352 - computrabajoExtraction - STEP_START - Started execution of step "computrabajoExtraction".
2023-11-20 05:00:32 +0000 - dagster - INFO - LaborChartETL - 91e2a6fe-205a-40bf-9d96-fcbfd4b0744c - computrabajoExtraction - (LABORCHART) Company element from Computrabajo not found
2023-11-20 05:00:41 +0000 - dagster - INFO - LaborChartETL - 91e2a6fe-205a-40bf-9d96-fcbfd4b0744c - computrabajoExtraction - (LABORCHART) Company element from Computrabajo not found
2023-11-20 05:01:04 +0000 - dagster - INFO - LaborChartETL - 91e2a6fe-205a-40bf-9d96-fcbfd4b0744c - computrabajoExtraction - (LABORCHART) Company element from Computrabajo not found
2023-11-20 05:02:12 +0000 - dagster - INFO - LaborChartETL - 91e2a6fe-205a-40bf-9d96-fcbfd4b0744c - computrabajoExtraction - (LABORCHART) Company element from Computrabajo not found
2023-11-20 05:02:18 +0000 - dagster - INFO - LaborChartETL - 91e2a6fe-205a-40bf-9d96-fcbfd4b0744c - computrabajoExtraction - (LABORCHART) Company element from Computrabajo not found
2023-11-20 05:02:22 +0000 - dagster - INFO - LaborChartETL - 91e2a6fe-205a-40bf-9d96-fcbfd4b0744c - computrabajoExtraction - (LABORCHART) Company element from Computrabajo not found
2023-11-20 05:02:25 +0000 - dagster - INFO - LaborChartETL - 91e2a6fe-205a-40bf-9d96-fcbfd4b0744c - computrabajoExtraction - (LABORCHART) Company element from Computrabajo not found
2023-11-20 05:02:41 +0000 - dagster - INFO - LaborChartETL - 91e2a6fe-205a-40bf-9d96-fcbfd4b0744c - computrabajoExtraction - (LABORCHART) Company element from Computrabajo not found
2023-11-20 05:02:46 +0000 - dagster - INFO - LaborChartETL - 91e2a6fe-205a-40bf-9d96-fcbfd4b0744c - computrabajoExtraction - (LABORCHART) Company element from Computrabajo not found
2023-11-20 05:03:27 +0000 - dagster - INFO - LaborChartETL - 91e2a6fe-205a-40bf-9d96-fcbfd4b0744c - computrabajoExtraction - (LABORCHART) Company element from Computrabajo not found
2023-11-20 05:03:41 +0000 - dagster - INFO - LaborChartETL - 91e2a6fe-205a-40bf-9d96-fcbfd4b0744c - computrabajoExtraction - (LABORCHART) Company element from Computrabajo not found
2023-11-20 05:03:44 +0000 - dagster - INFO - LaborChartETL - 91e2a6fe-205a-40bf-9d96-fcbfd4b0744c - computrabajoExtraction - (LABORCHART) Company element from Computrabajo not found
2023-11-20 05:08:22 +0000 - dagster - INFO - LaborChartETL - 91e2a6fe-205a-40bf-9d96-fcbfd4b0744c - computrabajoExtraction - (LABORCHART) Company element from Computrabajo not found
2023-11-20 05:08:26 +0000 - dagster - INFO - LaborChartETL - 91e2a6fe-205a-40bf-9d96-fcbfd4b0744c - computrabajoExtraction - (LABORCHART) Company element from Computrabajo not found
2023-11-20 05:08:33 +0000 - dagster - INFO - LaborChartETL - 91e2a6fe-205a-40bf-9d96-fcbfd4b0744c - computrabajoExtraction - (LABORCHART) Company element from Computrabajo not found
2023-11-20 05:08:36 +0000 - dagster - INFO - LaborChartETL - 91e2a6fe-205a-40bf-9d96-fcbfd4b0744c - computrabajoExtraction - (LABORCHART) Company element from Computrabajo not found
2023-11-20 05:08:48 +0000 - dagster - INFO - LaborChartETL - 91e2a6fe-205a-40bf-9d96-fcbfd4b0744c - computrabajoExtraction - (LABORCHART) Company element from Computrabajo not found
2023-11-20 05:08:59 +0000 - dagster - INFO - LaborChartETL - 91e2a6fe-205a-40bf-9d96-fcbfd4b0744c - computrabajoExtraction - (LABORCHART) Company element from Computrabajo not found
2023-11-20 05:09:14 +0000 - dagster - INFO - LaborChartETL - 91e2a6fe-205a-40bf-9d96-fcbfd4b0744c - computrabajoExtraction - (LABORCHART) Company element from Computrabajo not found
2023-11-20 05:09:20 +0000 - dagster - INFO - LaborChartETL - 91e2a6fe-205a-40bf-9d96-fcbfd4b0744c - computrabajoExtraction - (LABORCHART) Company element from Computrabajo not found
2023-11-20 05:09:54 +0000 - dagster - INFO - LaborChartETL - 91e2a6fe-205a-40bf-9d96-fcbfd4b0744c - computrabajoExtraction - (LABORCHART) Company element from Computrabajo not found
2023-11-20 05:10:02 +0000 - dagster - INFO - LaborChartETL - 91e2a6fe-205a-40bf-9d96-fcbfd4b0744c - computrabajoExtraction - (LABORCHART) Company element from Computrabajo not found
2023-11-20 05:10:04 +0000 - dagster - INFO - LaborChartETL - 91e2a6fe-205a-40bf-9d96-fcbfd4b0744c - computrabajoExtraction - (LABORCHART) Company element from Computrabajo not found
2023-11-20 05:10:09 +0000 - dagster - INFO - LaborChartETL - 91e2a6fe-205a-40bf-9d96-fcbfd4b0744c - computrabajoExtraction - (LABORCHART) Company element from Computrabajo not found
2023-11-20 05:10:11 +0000 - dagster - INFO - LaborChartETL - 91e2a6fe-205a-40bf-9d96-fcbfd4b0744c - computrabajoExtraction - (LABORCHART) Company element from Computrabajo not found
2023-11-20 05:10:15 +0000 - dagster - INFO - LaborChartETL - 91e2a6fe-205a-40bf-9d96-fcbfd4b0744c - computrabajoExtraction - (LABORCHART) Company element from Computrabajo not found
2023-11-20 05:10:19 +0000 - dagster - INFO - LaborChartETL - 91e2a6fe-205a-40bf-9d96-fcbfd4b0744c - computrabajoExtraction - (LABORCHART) Company element from Computrabajo not found
2023-11-20 05:10:30 +0000 - dagster - INFO - LaborChartETL - 91e2a6fe-205a-40bf-9d96-fcbfd4b0744c - computrabajoExtraction - (LABORCHART) Company element from Computrabajo not found
2023-11-20 05:10:47 +0000 - dagster - INFO - LaborChartETL - 91e2a6fe-205a-40bf-9d96-fcbfd4b0744c - computrabajoExtraction - (LABORCHART) Company element from Computrabajo not found
2023-11-20 05:10:59 +0000 - dagster - INFO - LaborChartETL - 91e2a6fe-205a-40bf-9d96-fcbfd4b0744c - computrabajoExtraction - (LABORCHART) Company element from Computrabajo not found
2023-11-20 05:11:54 +0000 - dagster - INFO - LaborChartETL - 91e2a6fe-205a-40bf-9d96-fcbfd4b0744c - computrabajoExtraction - (LABORCHART) Company element from Computrabajo not found
2023-11-20 05:11:57 +0000 - dagster - INFO - LaborChartETL - 91e2a6fe-205a-40bf-9d96-fcbfd4b0744c - computrabajoExtraction - (LABORCHART) Company element from Computrabajo not found
2023-11-20 05:12:12 +0000 - dagster - INFO - LaborChartETL - 91e2a6fe-205a-40bf-9d96-fcbfd4b0744c - computrabajoExtraction - (LABORCHART) Company element from Computrabajo not found
2023-11-20 05:12:29 +0000 - dagster - INFO - LaborChartETL - 91e2a6fe-205a-40bf-9d96-fcbfd4b0744c - computrabajoExtraction - (LABORCHART) Company element from Computrabajo not found
2023-11-20 05:12:38 +0000 - dagster - INFO - LaborChartETL - 91e2a6fe-205a-40bf-9d96-fcbfd4b0744c - computrabajoExtraction - (LABORCHART) Company element from Computrabajo not found
2023-11-20 05:12:41 +0000 - dagster - INFO - LaborChartETL - 91e2a6fe-205a-40bf-9d96-fcbfd4b0744c - computrabajoExtraction - (LABORCHART) Company element from Computrabajo not found
2023-11-20 05:12:44 +0000 - dagster - INFO - LaborChartETL - 91e2a6fe-205a-40bf-9d96-fcbfd4b0744c - computrabajoExtraction - (LABORCHART) Company element from Computrabajo not found
2023-11-20 05:12:51 +0000 - dagster - INFO - LaborChartETL - 91e2a6fe-205a-40bf-9d96-fcbfd4b0744c - computrabajoExtraction - (LABORCHART) Company element from Computrabajo not found
2023-11-20 05:12:55 +0000 - dagster - INFO - LaborChartETL - 91e2a6fe-205a-40bf-9d96-fcbfd4b0744c - computrabajoExtraction - (LABORCHART) Company element from Computrabajo not found
2023-11-20 05:13:46 +0000 - dagster - INFO - LaborChartETL - 91e2a6fe-205a-40bf-9d96-fcbfd4b0744c - computrabajoExtraction - (LABORCHART) Company element from Computrabajo not found
2023-11-20 05:13:56 +0000 - dagster - INFO - LaborChartETL - 91e2a6fe-205a-40bf-9d96-fcbfd4b0744c - computrabajoExtraction - (LABORCHART) Company element from Computrabajo not found
2023-11-20 05:14:09 +0000 - dagster - INFO - LaborChartETL - 91e2a6fe-205a-40bf-9d96-fcbfd4b0744c - computrabajoExtraction - (LABORCHART) Company element from Computrabajo not found
2023-11-20 05:14:11 +0000 - dagster - INFO - LaborChartETL - 91e2a6fe-205a-40bf-9d96-fcbfd4b0744c - computrabajoExtraction - (LABORCHART) Company element from Computrabajo not found
2023-11-20 05:14:15 +0000 - dagster - INFO - LaborChartETL - 91e2a6fe-205a-40bf-9d96-fcbfd4b0744c - computrabajoExtraction - (LABORCHART) Company element from Computrabajo not found
2023-11-20 05:14:18 +0000 - dagster - INFO - LaborChartETL - 91e2a6fe-205a-40bf-9d96-fcbfd4b0744c - computrabajoExtraction - (LABORCHART) Company element from Computrabajo not found
2023-11-20 05:14:20 +0000 - dagster - INFO - LaborChartETL - 91e2a6fe-205a-40bf-9d96-fcbfd4b0744c - computrabajoExtraction - (LABORCHART) Company element from Computrabajo not found
2023-11-20 05:14:24 +0000 - dagster - INFO - LaborChartETL - 91e2a6fe-205a-40bf-9d96-fcbfd4b0744c - computrabajoExtraction - (LABORCHART) Company element from Computrabajo not found
2023-11-20 05:14:26 +0000 - dagster - INFO - LaborChartETL - 91e2a6fe-205a-40bf-9d96-fcbfd4b0744c - computrabajoExtraction - (LABORCHART) Company element from Computrabajo not found
2023-11-20 05:14:33 +0000 - dagster - INFO - LaborChartETL - 91e2a6fe-205a-40bf-9d96-fcbfd4b0744c - computrabajoExtraction - (LABORCHART) Company element from Computrabajo not found
2023-11-20 05:15:05 +0000 - dagster - INFO - LaborChartETL - 91e2a6fe-205a-40bf-9d96-fcbfd4b0744c - computrabajoExtraction - (LABORCHART) Company element from Computrabajo not found
2023-11-20 05:15:08 +0000 - dagster - INFO - LaborChartETL - 91e2a6fe-205a-40bf-9d96-fcbfd4b0744c - computrabajoExtraction - (LABORCHART) Company element from Computrabajo not found
2023-11-20 05:15:11 +0000 - dagster - INFO - LaborChartETL - 91e2a6fe-205a-40bf-9d96-fcbfd4b0744c - computrabajoExtraction - (LABORCHART) Company element from Computrabajo not found
2023-11-20 05:15:49 +0000 - dagster - INFO - LaborChartETL - 91e2a6fe-205a-40bf-9d96-fcbfd4b0744c - computrabajoExtraction - (LABORCHART) Company element from Computrabajo not found
2023-11-20 05:15:56 +0000 - dagster - INFO - LaborChartETL - 91e2a6fe-205a-40bf-9d96-fcbfd4b0744c - computrabajoExtraction - (LABORCHART) Company element from Computrabajo not found
2023-11-20 05:16:10 +0000 - dagster - INFO - LaborChartETL - 91e2a6fe-205a-40bf-9d96-fcbfd4b0744c - computrabajoExtraction - (LABORCHART) Company element from Computrabajo not found
2023-11-20 05:16:14 +0000 - dagster - INFO - LaborChartETL - 91e2a6fe-205a-40bf-9d96-fcbfd4b0744c - computrabajoExtraction - (LABORCHART) Company element from Computrabajo not found
2023-11-20 05:16:22 +0000 - dagster - INFO - LaborChartETL - 91e2a6fe-205a-40bf-9d96-fcbfd4b0744c - computrabajoExtraction - (LABORCHART) Company element from Computrabajo not found
2023-11-20 05:16:29 +0000 - dagster - INFO - LaborChartETL - 91e2a6fe-205a-40bf-9d96-fcbfd4b0744c - computrabajoExtraction - (LABORCHART) Company element from Computrabajo not found
2023-11-20 05:16:37 +0000 - dagster - INFO - LaborChartETL - 91e2a6fe-205a-40bf-9d96-fcbfd4b0744c - computrabajoExtraction - (LABORCHART) Company element from Computrabajo not found
2023-11-20 05:16:39 +0000 - dagster - INFO - LaborChartETL - 91e2a6fe-205a-40bf-9d96-fcbfd4b0744c - computrabajoExtraction - (LABORCHART) Company element from Computrabajo not found
2023-11-20 05:16:45 +0000 - dagster - INFO - LaborChartETL - 91e2a6fe-205a-40bf-9d96-fcbfd4b0744c - computrabajoExtraction - (LABORCHART) Company element from Computrabajo not found
2023-11-20 05:16:48 +0000 - dagster - INFO - LaborChartETL - 91e2a6fe-205a-40bf-9d96-fcbfd4b0744c - computrabajoExtraction - (LABORCHART) Company element from Computrabajo not found
2023-11-20 05:16:52 +0000 - dagster - INFO - LaborChartETL - 91e2a6fe-205a-40bf-9d96-fcbfd4b0744c - computrabajoExtraction - (LABORCHART) Company element from Computrabajo not found
2023-11-20 05:16:58 +0000 - dagster - INFO - LaborChartETL - 91e2a6fe-205a-40bf-9d96-fcbfd4b0744c - computrabajoExtraction - (LABORCHART) Company element from Computrabajo not found
2023-11-20 05:17:58 +0000 - dagster - INFO - LaborChartETL - 91e2a6fe-205a-40bf-9d96-fcbfd4b0744c - computrabajoExtraction - (LABORCHART) Company element from Computrabajo not found
2023-11-20 05:18:02 +0000 - dagster - INFO - LaborChartETL - 91e2a6fe-205a-40bf-9d96-fcbfd4b0744c - computrabajoExtraction - (LABORCHART) Company element from Computrabajo not found
2023-11-20 05:18:04 +0000 - dagster - INFO - LaborChartETL - 91e2a6fe-205a-40bf-9d96-fcbfd4b0744c - computrabajoExtraction - (LABORCHART) Company element from Computrabajo not found
2023-11-20 05:18:07 +0000 - dagster - INFO - LaborChartETL - 91e2a6fe-205a-40bf-9d96-fcbfd4b0744c - computrabajoExtraction - (LABORCHART) Company element from Computrabajo not found
2023-11-20 05:18:11 +0000 - dagster - INFO - LaborChartETL - 91e2a6fe-205a-40bf-9d96-fcbfd4b0744c - computrabajoExtraction - (LABORCHART) Company element from Computrabajo not found
2023-11-20 05:18:17 +0000 - dagster - INFO - LaborChartETL - 91e2a6fe-205a-40bf-9d96-fcbfd4b0744c - computrabajoExtraction - (LABORCHART) Company element from Computrabajo not found
2023-11-20 05:18:21 +0000 - dagster - INFO - LaborChartETL - 91e2a6fe-205a-40bf-9d96-fcbfd4b0744c - computrabajoExtraction - (LABORCHART) Company element from Computrabajo not found
2023-11-20 05:18:23 +0000 - dagster - INFO - LaborChartETL - 91e2a6fe-205a-40bf-9d96-fcbfd4b0744c - computrabajoExtraction - (LABORCHART) Company element from Computrabajo not found
2023-11-20 05:18:30 +0000 - dagster - INFO - LaborChartETL - 91e2a6fe-205a-40bf-9d96-fcbfd4b0744c - computrabajoExtraction - (LABORCHART) Company element from Computrabajo not found
2023-11-20 05:18:32 +0000 - dagster - INFO - LaborChartETL - 91e2a6fe-205a-40bf-9d96-fcbfd4b0744c - computrabajoExtraction - (LABORCHART) Company element from Computrabajo not found
2023-11-20 05:18:34 +0000 - dagster - INFO - LaborChartETL - 91e2a6fe-205a-40bf-9d96-fcbfd4b0744c - computrabajoExtraction - (LABORCHART) Company element from Computrabajo not found
2023-11-20 05:18:44 +0000 - dagster - INFO - LaborChartETL - 91e2a6fe-205a-40bf-9d96-fcbfd4b0744c - computrabajoExtraction - (LABORCHART) Company element from Computrabajo not found
2023-11-20 05:18:48 +0000 - dagster - INFO - LaborChartETL - 91e2a6fe-205a-40bf-9d96-fcbfd4b0744c - computrabajoExtraction - (LABORCHART) Company element from Computrabajo not found
2023-11-20 05:18:50 +0000 - dagster - INFO - LaborChartETL - 91e2a6fe-205a-40bf-9d96-fcbfd4b0744c - computrabajoExtraction - (LABORCHART) Company element from Computrabajo not found
2023-11-20 05:19:16 +0000 - dagster - INFO - LaborChartETL - 91e2a6fe-205a-40bf-9d96-fcbfd4b0744c - computrabajoExtraction - (LABORCHART) Company element from Computrabajo not found
2023-11-20 05:19:33 +0000 - dagster - INFO - LaborChartETL - 91e2a6fe-205a-40bf-9d96-fcbfd4b0744c - computrabajoExtraction - (LABORCHART) Company element from Computrabajo not found
2023-11-20 05:19:40 +0000 - dagster - INFO - LaborChartETL - 91e2a6fe-205a-40bf-9d96-fcbfd4b0744c - computrabajoExtraction - (LABORCHART) Company element from Computrabajo not found
2023-11-20 05:19:59 +0000 - dagster - INFO - LaborChartETL - 91e2a6fe-205a-40bf-9d96-fcbfd4b0744c - computrabajoExtraction - (LABORCHART) Company element from Computrabajo not found
2023-11-20 05:20:06 +0000 - dagster - INFO - LaborChartETL - 91e2a6fe-205a-40bf-9d96-fcbfd4b0744c - computrabajoExtraction - (LABORCHART) Company element from Computrabajo not found
2023-11-20 05:20:30 +0000 - dagster - INFO - LaborChartETL - 91e2a6fe-205a-40bf-9d96-fcbfd4b0744c - computrabajoExtraction - (LABORCHART) Company element from Computrabajo not found
2023-11-20 05:21:10 +0000 - dagster - INFO - LaborChartETL - 91e2a6fe-205a-40bf-9d96-fcbfd4b0744c - computrabajoExtraction - (LABORCHART) Company element from Computrabajo not found
2023-11-20 05:22:48 +0000 - dagster - INFO - LaborChartETL - 91e2a6fe-205a-40bf-9d96-fcbfd4b0744c - computrabajoExtraction - (LABORCHART) Company element from Computrabajo not found
2023-11-20 05:23:00 +0000 - dagster - INFO - LaborChartETL - 91e2a6fe-205a-40bf-9d96-fcbfd4b0744c - computrabajoExtraction - (LABORCHART) Company element from Computrabajo not found
2023-11-20 05:23:27 +0000 - dagster - INFO - LaborChartETL - 91e2a6fe-205a-40bf-9d96-fcbfd4b0744c - computrabajoExtraction - (LABORCHART) Company element from Computrabajo not found
2023-11-20 05:23:42 +0000 - dagster - INFO - LaborChartETL - 91e2a6fe-205a-40bf-9d96-fcbfd4b0744c - computrabajoExtraction - (LABORCHART) Company element from Computrabajo not found
2023-11-20 05:23:44 +0000 - dagster - INFO - LaborChartETL - 91e2a6fe-205a-40bf-9d96-fcbfd4b0744c - computrabajoExtraction - (LABORCHART) Company element from Computrabajo not found
2023-11-20 05:23:48 +0000 - dagster - INFO - LaborChartETL - 91e2a6fe-205a-40bf-9d96-fcbfd4b0744c - computrabajoExtraction - (LABORCHART) Company element from Computrabajo not found
2023-11-20 05:23:50 +0000 - dagster - INFO - LaborChartETL - 91e2a6fe-205a-40bf-9d96-fcbfd4b0744c - computrabajoExtraction - (LABORCHART) Company element from Computrabajo not found
2023-11-20 05:23:52 +0000 - dagster - INFO - LaborChartETL - 91e2a6fe-205a-40bf-9d96-fcbfd4b0744c - computrabajoExtraction - (LABORCHART) Company element from Computrabajo not found
2023-11-20 05:23:55 +0000 - dagster - INFO - LaborChartETL - 91e2a6fe-205a-40bf-9d96-fcbfd4b0744c - computrabajoExtraction - (LABORCHART) Company element from Computrabajo not found
2023-11-20 05:24:10 +0000 - dagster - INFO - LaborChartETL - 91e2a6fe-205a-40bf-9d96-fcbfd4b0744c - computrabajoExtraction - (LABORCHART) Company element from Computrabajo not found
2023-11-20 05:24:13 +0000 - dagster - INFO - LaborChartETL - 91e2a6fe-205a-40bf-9d96-fcbfd4b0744c - computrabajoExtraction - (LABORCHART) Company element from Computrabajo not found
2023-11-20 05:24:16 +0000 - dagster - INFO - LaborChartETL - 91e2a6fe-205a-40bf-9d96-fcbfd4b0744c - computrabajoExtraction - (LABORCHART) Company element from Computrabajo not found
2023-11-20 05:24:20 +0000 - dagster - INFO - LaborChartETL - 91e2a6fe-205a-40bf-9d96-fcbfd4b0744c - computrabajoExtraction - (LABORCHART) Company element from Computrabajo not found
2023-11-20 05:24:37 +0000 - dagster - INFO - LaborChartETL - 91e2a6fe-205a-40bf-9d96-fcbfd4b0744c - computrabajoExtraction - (LABORCHART) Company element from Computrabajo not found
2023-11-20 05:24:41 +0000 - dagster - INFO - LaborChartETL - 91e2a6fe-205a-40bf-9d96-fcbfd4b0744c - computrabajoExtraction - (LABORCHART) Company element from Computrabajo not found
2023-11-20 05:24:44 +0000 - dagster - INFO - LaborChartETL - 91e2a6fe-205a-40bf-9d96-fcbfd4b0744c - computrabajoExtraction - (LABORCHART) Company element from Computrabajo not found
2023-11-20 05:24:48 +0000 - dagster - INFO - LaborChartETL - 91e2a6fe-205a-40bf-9d96-fcbfd4b0744c - computrabajoExtraction - (LABORCHART) Company element from Computrabajo not found
2023-11-20 05:24:52 +0000 - dagster - INFO - LaborChartETL - 91e2a6fe-205a-40bf-9d96-fcbfd4b0744c - computrabajoExtraction - (LABORCHART) Company element from Computrabajo not found
2023-11-20 05:24:56 +0000 - dagster - INFO - LaborChartETL - 91e2a6fe-205a-40bf-9d96-fcbfd4b0744c - computrabajoExtraction - (LABORCHART) Company element from Computrabajo not found
2023-11-20 05:24:59 +0000 - dagster - INFO - LaborChartETL - 91e2a6fe-205a-40bf-9d96-fcbfd4b0744c - computrabajoExtraction - (LABORCHART) Company element from Computrabajo not found
2023-11-20 05:25:05 +0000 - dagster - INFO - LaborChartETL - 91e2a6fe-205a-40bf-9d96-fcbfd4b0744c - computrabajoExtraction - (LABORCHART) Company element from Computrabajo not found
2023-11-20 05:25:09 +0000 - dagster - INFO - LaborChartETL - 91e2a6fe-205a-40bf-9d96-fcbfd4b0744c - computrabajoExtraction - (LABORCHART) Company element from Computrabajo not found
2023-11-20 05:25:13 +0000 - dagster - INFO - LaborChartETL - 91e2a6fe-205a-40bf-9d96-fcbfd4b0744c - computrabajoExtraction - (LABORCHART) Company element from Computrabajo not found
2023-11-20 05:25:17 +0000 - dagster - INFO - LaborChartETL - 91e2a6fe-205a-40bf-9d96-fcbfd4b0744c - computrabajoExtraction - (LABORCHART) Company element from Computrabajo not found
2023-11-20 05:25:19 +0000 - dagster - INFO - LaborChartETL - 91e2a6fe-205a-40bf-9d96-fcbfd4b0744c - computrabajoExtraction - (LABORCHART) Company element from Computrabajo not found
2023-11-20 05:25:22 +0000 - dagster - INFO - LaborChartETL - 91e2a6fe-205a-40bf-9d96-fcbfd4b0744c - computrabajoExtraction - (LABORCHART) Company element from Computrabajo not found
2023-11-20 05:25:29 +0000 - dagster - INFO - LaborChartETL - 91e2a6fe-205a-40bf-9d96-fcbfd4b0744c - computrabajoExtraction - (LABORCHART) Company element from Computrabajo not found
2023-11-20 05:25:35 +0000 - dagster - INFO - LaborChartETL - 91e2a6fe-205a-40bf-9d96-fcbfd4b0744c - computrabajoExtraction - (LABORCHART) Company element from Computrabajo not found
2023-11-20 05:25:39 +0000 - dagster - INFO - LaborChartETL - 91e2a6fe-205a-40bf-9d96-fcbfd4b0744c - computrabajoExtraction - (LABORCHART) Company element from Computrabajo not found
2023-11-20 05:25:42 +0000 - dagster - INFO - LaborChartETL - 91e2a6fe-205a-40bf-9d96-fcbfd4b0744c - computrabajoExtraction - (LABORCHART) Company element from Computrabajo not found
2023-11-20 05:25:46 +0000 - dagster - INFO - LaborChartETL - 91e2a6fe-205a-40bf-9d96-fcbfd4b0744c - computrabajoExtraction - (LABORCHART) Company element from Computrabajo not found
2023-11-20 05:26:57 +0000 - dagster - INFO - LaborChartETL - 91e2a6fe-205a-40bf-9d96-fcbfd4b0744c - computrabajoExtraction - (LABORCHART) Company element from Computrabajo not found
2023-11-20 05:27:05 +0000 - dagster - INFO - LaborChartETL - 91e2a6fe-205a-40bf-9d96-fcbfd4b0744c - computrabajoExtraction - (LABORCHART) Today's extraction: 410 offers      Pages viewed: 26
2023-11-20 05:27:05 +0000 - dagster - INFO - LaborChartETL - 91e2a6fe-205a-40bf-9d96-fcbfd4b0744c - computrabajoExtraction - (LABORCHART) Computrabajo offers sent succesfully to RabbitMQ queue
2023-11-20 05:27:05 +0000 - dagster - DEBUG - LaborChartETL - 91e2a6fe-205a-40bf-9d96-fcbfd4b0744c - 28352 - computrabajoExtraction - STEP_OUTPUT - Yielded output "result" of type "Nothing". (Type check passed).
2023-11-20 05:27:06 +0000 - dagster - DEBUG - LaborChartETL - 91e2a6fe-205a-40bf-9d96-fcbfd4b0744c - 28352 - computrabajoExtraction - ASSET_MATERIALIZATION - Materialized value computrabajoExtraction.
2023-11-20 05:27:06 +0000 - dagster - DEBUG - LaborChartETL - 91e2a6fe-205a-40bf-9d96-fcbfd4b0744c - 28352 - computrabajoExtraction - HANDLED_OUTPUT - Handled output "result" using IO manager "io_manager"
2023-11-20 05:27:06 +0000 - dagster - DEBUG - LaborChartETL - 91e2a6fe-205a-40bf-9d96-fcbfd4b0744c - 28352 - computrabajoExtraction - STEP_SUCCESS - Finished execution of step "computrabajoExtraction" in 26m58s.
