2023-11-20 05:27:12 +0000 - dagster - DEBUG - LaborChartETL - 91e2a6fe-205a-40bf-9d96-fcbfd4b0744c - 32147 - LOGS_CAPTURED - Started capturing logs in process (pid: 32147).
2023-11-20 05:27:12 +0000 - dagster - DEBUG - LaborChartETL - 91e2a6fe-205a-40bf-9d96-fcbfd4b0744c - 32147 - filter - STEP_START - Started execution of step "filter".
2023-11-20 05:27:12 +0000 - dagster - DEBUG - LaborChartETL - 91e2a6fe-205a-40bf-9d96-fcbfd4b0744c - filter - Loading file from: /usr/src/app/Dagster/storage/receptor using PickledObjectFilesystemIOManager...
2023-11-20 05:27:12 +0000 - dagster - DEBUG - LaborChartETL - 91e2a6fe-205a-40bf-9d96-fcbfd4b0744c - 32147 - filter - ASSET_OBSERVATION - ASSET_OBSERVATION for step filter
2023-11-20 05:27:12 +0000 - dagster - DEBUG - LaborChartETL - 91e2a6fe-205a-40bf-9d96-fcbfd4b0744c - 32147 - filter - LOADED_INPUT - Loaded input "receptor" using input manager "io_manager", from output "result" of step "receptor"
2023-11-20 05:27:12 +0000 - dagster - DEBUG - LaborChartETL - 91e2a6fe-205a-40bf-9d96-fcbfd4b0744c - 32147 - filter - STEP_INPUT - Got input "receptor" of type "Any". (Type check passed).
WARNING clustering 415 points to 20 centroids: please provide at least 780 training points
WARNING clustering 415 points to 256 centroids: please provide at least 9984 training points
WARNING clustering 415 points to 256 centroids: please provide at least 9984 training points
WARNING clustering 415 points to 256 centroids: please provide at least 9984 training points
WARNING clustering 415 points to 256 centroids: please provide at least 9984 training points
WARNING clustering 415 points to 256 centroids: please provide at least 9984 training points
WARNING clustering 415 points to 256 centroids: please provide at least 9984 training points
WARNING clustering 415 points to 256 centroids: please provide at least 9984 training points
WARNING clustering 415 points to 256 centroids: please provide at least 9984 training points
WARNING clustering 415 points to 256 centroids: please provide at least 9984 training points
WARNING clustering 415 points to 256 centroids: please provide at least 9984 training points
WARNING clustering 415 points to 256 centroids: please provide at least 9984 training points
WARNING clustering 415 points to 256 centroids: please provide at least 9984 training points
WARNING clustering 415 points to 256 centroids: please provide at least 9984 training points
WARNING clustering 415 points to 256 centroids: please provide at least 9984 training points
WARNING clustering 415 points to 256 centroids: please provide at least 9984 training points
WARNING clustering 415 points to 256 centroids: please provide at least 9984 training points
WARNING clustering 415 points to 256 centroids: please provide at least 9984 training points
WARNING clustering 415 points to 256 centroids: please provide at least 9984 training points
WARNING clustering 415 points to 256 centroids: please provide at least 9984 training points
WARNING clustering 415 points to 256 centroids: please provide at least 9984 training points
WARNING clustering 415 points to 256 centroids: please provide at least 9984 training points
WARNING clustering 415 points to 256 centroids: please provide at least 9984 training points
WARNING clustering 415 points to 256 centroids: please provide at least 9984 training points
WARNING clustering 415 points to 256 centroids: please provide at least 9984 training points
2023-11-20 05:27:19 +0000 - dagster - INFO - LaborChartETL - 91e2a6fe-205a-40bf-9d96-fcbfd4b0744c - filter - (LABORCHART) Initial quantity of offers: 415
2023-11-20 05:27:19 +0000 - dagster - INFO - LaborChartETL - 91e2a6fe-205a-40bf-9d96-fcbfd4b0744c - filter - (LABORCHART) (3) asesor comercial para entidad financiera call center bachiller atento sa <-> (11) asesor comercial para entidad financiera call center bachiller atento sa
2023-11-20 05:27:19 +0000 - dagster - INFO - LaborChartETL - 91e2a6fe-205a-40bf-9d96-fcbfd4b0744c - filter - (LABORCHART) Similarity percentage: 100%
2023-11-20 05:27:19 +0000 - dagster - INFO - LaborChartETL - 91e2a6fe-205a-40bf-9d96-fcbfd4b0744c - filter - (LABORCHART) (9) gran convocatoria para bachilleres sin experiencia en call center  respuesta inmediata m  covisian colombia sas <-> (12) gran convocatoria para bachilleres sin experiencia en call center  respuesta inmediata m  covisian colombia sas
2023-11-20 05:27:19 +0000 - dagster - INFO - LaborChartETL - 91e2a6fe-205a-40bf-9d96-fcbfd4b0744c - filter - (LABORCHART) Similarity percentage: 100%
2023-11-20 05:27:20 +0000 - dagster - INFO - LaborChartETL - 91e2a6fe-205a-40bf-9d96-fcbfd4b0744c - filter - (LABORCHART) (15) asesor servicio al cliente chat  sac fondo de pensiones empresa confidencial <-> (34) asesor servicio al cliente chat  sac fondo de pensiones empresa confidencial
2023-11-20 05:27:20 +0000 - dagster - INFO - LaborChartETL - 91e2a6fe-205a-40bf-9d96-fcbfd4b0744c - filter - (LABORCHART) Similarity percentage: 100%
2023-11-20 05:27:20 +0000 - dagster - INFO - LaborChartETL - 91e2a6fe-205a-40bf-9d96-fcbfd4b0744c - filter - (LABORCHART) (15) asesor servicio al cliente chat  sac fondo de pensiones empresa confidencial <-> (212) asesor servicio al cliente chat  sac fondo de pensiones empresa confidencial
2023-11-20 05:27:20 +0000 - dagster - INFO - LaborChartETL - 91e2a6fe-205a-40bf-9d96-fcbfd4b0744c - filter - (LABORCHART) Similarity percentage: 100%
2023-11-20 05:27:20 +0000 - dagster - INFO - LaborChartETL - 91e2a6fe-205a-40bf-9d96-fcbfd4b0744c - filter - (LABORCHART) (15) asesor servicio al cliente chat  sac fondo de pensiones empresa confidencial <-> (257) asesor servicio al cliente chat  sac fondo de pensiones empresa confidencial
2023-11-20 05:27:20 +0000 - dagster - INFO - LaborChartETL - 91e2a6fe-205a-40bf-9d96-fcbfd4b0744c - filter - (LABORCHART) Similarity percentage: 100%
2023-11-20 05:27:20 +0000 - dagster - INFO - LaborChartETL - 91e2a6fe-205a-40bf-9d96-fcbfd4b0744c - filter - (LABORCHART) (16) asesor comercial call center bachilleres covisian colombia sas <-> (41) asesor comercial call center bachilleres covisian colombia sas
2023-11-20 05:27:20 +0000 - dagster - INFO - LaborChartETL - 91e2a6fe-205a-40bf-9d96-fcbfd4b0744c - filter - (LABORCHART) Similarity percentage: 100%
2023-11-20 05:27:20 +0000 - dagster - INFO - LaborChartETL - 91e2a6fe-205a-40bf-9d96-fcbfd4b0744c - filter - (LABORCHART) (16) asesor comercial call center bachilleres covisian colombia sas <-> (44) asesor comercial call center bachilleres covisian colombia sas
2023-11-20 05:27:20 +0000 - dagster - INFO - LaborChartETL - 91e2a6fe-205a-40bf-9d96-fcbfd4b0744c - filter - (LABORCHART) Similarity percentage: 100%
2023-11-20 05:27:20 +0000 - dagster - INFO - LaborChartETL - 91e2a6fe-205a-40bf-9d96-fcbfd4b0744c - filter - (LABORCHART) (17) eres bachiller y tienes experiencia laboral en cualquier área buscamos asesores para call comercial covisian colombia sas <-> (43) eres bachiller y tienes experiencia laboral en cualquier área buscamos asesores para call comercial covisian colombia sas
2023-11-20 05:27:20 +0000 - dagster - INFO - LaborChartETL - 91e2a6fe-205a-40bf-9d96-fcbfd4b0744c - filter - (LABORCHART) Similarity percentage: 100%
2023-11-20 05:27:20 +0000 - dagster - INFO - LaborChartETL - 91e2a6fe-205a-40bf-9d96-fcbfd4b0744c - filter - (LABORCHART) (17) eres bachiller y tienes experiencia laboral en cualquier área buscamos asesores para call comercial covisian colombia sas <-> (225) eres bachiller y tienes experiencia laboral en cualquier área buscamos asesores para call comercial covisian colombia sas
2023-11-20 05:27:20 +0000 - dagster - INFO - LaborChartETL - 91e2a6fe-205a-40bf-9d96-fcbfd4b0744c - filter - (LABORCHART) Similarity percentage: 100%
2023-11-20 05:27:20 +0000 - dagster - INFO - LaborChartETL - 91e2a6fe-205a-40bf-9d96-fcbfd4b0744c - filter - (LABORCHART) (17) eres bachiller y tienes experiencia laboral en cualquier área buscamos asesores para call comercial covisian colombia sas <-> (268) eres bachiller y tienes experiencia laboral en cualquier área buscamos asesores para call comercial covisian colombia sas
2023-11-20 05:27:20 +0000 - dagster - INFO - LaborChartETL - 91e2a6fe-205a-40bf-9d96-fcbfd4b0744c - filter - (LABORCHART) Similarity percentage: 100%
2023-11-20 05:27:20 +0000 - dagster - INFO - LaborChartETL - 91e2a6fe-205a-40bf-9d96-fcbfd4b0744c - filter - (LABORCHART) (23) asesor call center webhelp colombia <-> (97) asesor call center webhelp colombia
2023-11-20 05:27:20 +0000 - dagster - INFO - LaborChartETL - 91e2a6fe-205a-40bf-9d96-fcbfd4b0744c - filter - (LABORCHART) Similarity percentage: 100%
2023-11-20 05:27:21 +0000 - dagster - INFO - LaborChartETL - 91e2a6fe-205a-40bf-9d96-fcbfd4b0744c - filter - (LABORCHART) (33) 48515 barrendero am stamp sas <-> (137) 48515 barrendero am stamp sas
2023-11-20 05:27:21 +0000 - dagster - INFO - LaborChartETL - 91e2a6fe-205a-40bf-9d96-fcbfd4b0744c - filter - (LABORCHART) Similarity percentage: 100%
2023-11-20 05:27:21 +0000 - dagster - INFO - LaborChartETL - 91e2a6fe-205a-40bf-9d96-fcbfd4b0744c - filter - (LABORCHART) (33) 48515 barrendero am stamp sas <-> (154) 48515 barrendero am stamp sas
2023-11-20 05:27:21 +0000 - dagster - INFO - LaborChartETL - 91e2a6fe-205a-40bf-9d96-fcbfd4b0744c - filter - (LABORCHART) Similarity percentage: 100%
2023-11-20 05:27:21 +0000 - dagster - INFO - LaborChartETL - 91e2a6fe-205a-40bf-9d96-fcbfd4b0744c - filter - (LABORCHART) (35) asesores de servicio al cliente  grandes empresas  auxiliar administrativo  chat atento sa <-> (210) asesores de servicio al cliente  grandes empresas  auxiliar administrativo  chat atento sa
2023-11-20 05:27:21 +0000 - dagster - INFO - LaborChartETL - 91e2a6fe-205a-40bf-9d96-fcbfd4b0744c - filter - (LABORCHART) Similarity percentage: 100%
2023-11-20 05:27:21 +0000 - dagster - INFO - LaborChartETL - 91e2a6fe-205a-40bf-9d96-fcbfd4b0744c - filter - (LABORCHART) (35) asesores de servicio al cliente  grandes empresas  auxiliar administrativo  chat atento sa <-> (259) asesores de servicio al cliente  grandes empresas  auxiliar administrativo  chat atento sa
2023-11-20 05:27:21 +0000 - dagster - INFO - LaborChartETL - 91e2a6fe-205a-40bf-9d96-fcbfd4b0744c - filter - (LABORCHART) Similarity percentage: 100%
2023-11-20 05:27:21 +0000 - dagster - INFO - LaborChartETL - 91e2a6fe-205a-40bf-9d96-fcbfd4b0744c - filter - (LABORCHART) (36) banco nacional contrato indefinido 1 mes de experiencia en ventas empresa confidencial <-> (209) banco nacional contrato indefinido 1 mes de experiencia en ventas empresa confidencial
2023-11-20 05:27:21 +0000 - dagster - INFO - LaborChartETL - 91e2a6fe-205a-40bf-9d96-fcbfd4b0744c - filter - (LABORCHART) Similarity percentage: 100%
2023-11-20 05:27:21 +0000 - dagster - INFO - LaborChartETL - 91e2a6fe-205a-40bf-9d96-fcbfd4b0744c - filter - (LABORCHART) (36) banco nacional contrato indefinido 1 mes de experiencia en ventas empresa confidencial <-> (263) banco nacional contrato indefinido 1 mes de experiencia en ventas empresa confidencial
2023-11-20 05:27:21 +0000 - dagster - INFO - LaborChartETL - 91e2a6fe-205a-40bf-9d96-fcbfd4b0744c - filter - (LABORCHART) Similarity percentage: 100%
2023-11-20 05:27:21 +0000 - dagster - INFO - LaborChartETL - 91e2a6fe-205a-40bf-9d96-fcbfd4b0744c - filter - (LABORCHART) (42) bachiller y no tienes experiencia buscamos asesores comerciales call center aceptamos estudiantes covisian colombia sas <-> (301) bachiller y no tienes experiencia buscamos asesores comerciales call center aceptamos estudiantes covisian colombia sas
2023-11-20 05:27:22 +0000 - dagster - INFO - LaborChartETL - 91e2a6fe-205a-40bf-9d96-fcbfd4b0744c - filter - (LABORCHART) Similarity percentage: 100%
2023-11-20 05:27:22 +0000 - dagster - INFO - LaborChartETL - 91e2a6fe-205a-40bf-9d96-fcbfd4b0744c - filter - (LABORCHART) (47) bachilleres con o sin experiencia  asesores comerciales call center mas de 100 vacantes covisian colombia sas <-> (48) bachilleres con o sin experiencia  asesores comerciales call center mas de 100 vacantes covisian colombia sas
2023-11-20 05:27:22 +0000 - dagster - INFO - LaborChartETL - 91e2a6fe-205a-40bf-9d96-fcbfd4b0744c - filter - (LABORCHART) Similarity percentage: 100%
2023-11-20 05:27:22 +0000 - dagster - INFO - LaborChartETL - 91e2a6fe-205a-40bf-9d96-fcbfd4b0744c - filter - (LABORCHART) (47) bachilleres con o sin experiencia  asesores comerciales call center mas de 100 vacantes covisian colombia sas <-> (174) bachilleres con o sin experiencia  asesores comerciales call center mas de 100 vacantes covisian colombia sas
2023-11-20 05:27:22 +0000 - dagster - INFO - LaborChartETL - 91e2a6fe-205a-40bf-9d96-fcbfd4b0744c - filter - (LABORCHART) Similarity percentage: 100%
2023-11-20 05:27:22 +0000 - dagster - INFO - LaborChartETL - 91e2a6fe-205a-40bf-9d96-fcbfd4b0744c - filter - (LABORCHART) (47) bachilleres con o sin experiencia  asesores comerciales call center mas de 100 vacantes covisian colombia sas <-> (244) bachilleres con o sin experiencia  asesores comerciales call center mas de 100 vacantes covisian colombia sas
2023-11-20 05:27:22 +0000 - dagster - INFO - LaborChartETL - 91e2a6fe-205a-40bf-9d96-fcbfd4b0744c - filter - (LABORCHART) Similarity percentage: 100%
2023-11-20 05:27:22 +0000 - dagster - INFO - LaborChartETL - 91e2a6fe-205a-40bf-9d96-fcbfd4b0744c - filter - (LABORCHART) (47) bachilleres con o sin experiencia  asesores comerciales call center mas de 100 vacantes covisian colombia sas <-> (297) bachilleres con o sin experiencia  asesores comerciales call center mas de 100 vacantes covisian colombia sas
2023-11-20 05:27:22 +0000 - dagster - INFO - LaborChartETL - 91e2a6fe-205a-40bf-9d96-fcbfd4b0744c - filter - (LABORCHART) Similarity percentage: 100%
2023-11-20 05:27:22 +0000 - dagster - INFO - LaborChartETL - 91e2a6fe-205a-40bf-9d96-fcbfd4b0744c - filter - (LABORCHART) (49) trabajo bilingüe en servicio al cliente altas retribuciones 42 h 2 días libres empresa confidencial <-> (290) trabajo bilingüe en servicio al cliente altas retribuciones 42 h 2 días libres empresa confidencial
2023-11-20 05:27:22 +0000 - dagster - INFO - LaborChartETL - 91e2a6fe-205a-40bf-9d96-fcbfd4b0744c - filter - (LABORCHART) Similarity percentage: 100%
2023-11-20 05:27:22 +0000 - dagster - INFO - LaborChartETL - 91e2a6fe-205a-40bf-9d96-fcbfd4b0744c - filter - (LABORCHART) (51) trabaja en un call center bilingüe un sueldo que te sorprenderá  42 horas 2 días libres atento sa <-> (291) trabaja en un call center bilingüe un sueldo que te sorprenderá  42 horas 2 días libres atento sa
2023-11-20 05:27:22 +0000 - dagster - INFO - LaborChartETL - 91e2a6fe-205a-40bf-9d96-fcbfd4b0744c - filter - (LABORCHART) Similarity percentage: 100%
2023-11-20 05:27:22 +0000 - dagster - INFO - LaborChartETL - 91e2a6fe-205a-40bf-9d96-fcbfd4b0744c - filter - (LABORCHART) (52) trabaja en un call bilingüe altas remuneraciones solo servicio al cliente  42 horas 2 days off atento sa <-> (292) trabaja en un call bilingüe altas remuneraciones solo servicio al cliente  42 horas 2 days off atento sa
2023-11-20 05:27:22 +0000 - dagster - INFO - LaborChartETL - 91e2a6fe-205a-40bf-9d96-fcbfd4b0744c - filter - (LABORCHART) Similarity percentage: 100%
2023-11-20 05:27:22 +0000 - dagster - INFO - LaborChartETL - 91e2a6fe-205a-40bf-9d96-fcbfd4b0744c - filter - (LABORCHART) (53) call center bilingüe recibe altas remuneraciones por desempeño  42 h 2 days off empresa confidencial <-> (293) call center bilingüe recibe altas remuneraciones por desempeño  42 h 2 days off empresa confidencial
2023-11-20 05:27:22 +0000 - dagster - INFO - LaborChartETL - 91e2a6fe-205a-40bf-9d96-fcbfd4b0744c - filter - (LABORCHART) Similarity percentage: 100%
2023-11-20 05:27:22 +0000 - dagster - INFO - LaborChartETL - 91e2a6fe-205a-40bf-9d96-fcbfd4b0744c - filter - (LABORCHART) (54) bilingual agent earn a high salary  a lot of benefits 42h 2 days off empresa confidencial <-> (294) bilingual agent earn a high salary  a lot of benefits 42h 2 days off empresa confidencial
2023-11-20 05:27:22 +0000 - dagster - INFO - LaborChartETL - 91e2a6fe-205a-40bf-9d96-fcbfd4b0744c - filter - (LABORCHART) Similarity percentage: 100%
2023-11-20 05:27:24 +0000 - dagster - INFO - LaborChartETL - 91e2a6fe-205a-40bf-9d96-fcbfd4b0744c - filter - (LABORCHART) (101) asesora servicio al cliente chat konecta <-> (249) asesora servicio al cliente chat konecta
2023-11-20 05:27:24 +0000 - dagster - INFO - LaborChartETL - 91e2a6fe-205a-40bf-9d96-fcbfd4b0744c - filter - (LABORCHART) Similarity percentage: 100%
2023-11-20 05:27:25 +0000 - dagster - INFO - LaborChartETL - 91e2a6fe-205a-40bf-9d96-fcbfd4b0744c - filter - (LABORCHART) (128) costureroa super inflables de colombia sas <-> (131) costureroa super inflables de colombia sas
2023-11-20 05:27:25 +0000 - dagster - INFO - LaborChartETL - 91e2a6fe-205a-40bf-9d96-fcbfd4b0744c - filter - (LABORCHART) Similarity percentage: 100%
2023-11-20 05:27:25 +0000 - dagster - INFO - LaborChartETL - 91e2a6fe-205a-40bf-9d96-fcbfd4b0744c - filter - (LABORCHART) (135) bachiller sin experiencia lunes a sábado empresa confidencial <-> (264) bachiller sin experiencia lunes a sábado empresa confidencial
2023-11-20 05:27:25 +0000 - dagster - INFO - LaborChartETL - 91e2a6fe-205a-40bf-9d96-fcbfd4b0744c - filter - (LABORCHART) Similarity percentage: 100%
2023-11-20 05:27:25 +0000 - dagster - INFO - LaborChartETL - 91e2a6fe-205a-40bf-9d96-fcbfd4b0744c - filter - (LABORCHART) (135) bachiller sin experiencia lunes a sábado empresa confidencial <-> (390) bachiller sin experiencia lunes a sábado empresa confidencial
2023-11-20 05:27:25 +0000 - dagster - INFO - LaborChartETL - 91e2a6fe-205a-40bf-9d96-fcbfd4b0744c - filter - (LABORCHART) Similarity percentage: 100%
2023-11-20 05:27:25 +0000 - dagster - INFO - LaborChartETL - 91e2a6fe-205a-40bf-9d96-fcbfd4b0744c - filter - (LABORCHART) (136) agentes chat  servicio al cliente  estabilidad  proyección laboral  horarios flexibles empresa confidencial <-> (266) agentes chat  servicio al cliente  estabilidad  proyección laboral  horarios flexibles empresa confidencial
2023-11-20 05:27:25 +0000 - dagster - INFO - LaborChartETL - 91e2a6fe-205a-40bf-9d96-fcbfd4b0744c - filter - (LABORCHART) Similarity percentage: 100%
2023-11-20 05:27:25 +0000 - dagster - INFO - LaborChartETL - 91e2a6fe-205a-40bf-9d96-fcbfd4b0744c - filter - (LABORCHART) (136) agentes chat  servicio al cliente  estabilidad  proyección laboral  horarios flexibles empresa confidencial <-> (281) agentes chat  servicio al cliente  estabilidad  proyección laboral  horarios flexibles empresa confidencial
2023-11-20 05:27:25 +0000 - dagster - INFO - LaborChartETL - 91e2a6fe-205a-40bf-9d96-fcbfd4b0744c - filter - (LABORCHART) Similarity percentage: 100%
2023-11-20 05:27:25 +0000 - dagster - INFO - LaborChartETL - 91e2a6fe-205a-40bf-9d96-fcbfd4b0744c - filter - (LABORCHART) (136) agentes chat  servicio al cliente  estabilidad  proyección laboral  horarios flexibles empresa confidencial <-> (392) agentes chat  servicio al cliente  estabilidad  proyección laboral  horarios flexibles empresa confidencial
2023-11-20 05:27:25 +0000 - dagster - INFO - LaborChartETL - 91e2a6fe-205a-40bf-9d96-fcbfd4b0744c - filter - (LABORCHART) Similarity percentage: 100%
2023-11-20 05:27:25 +0000 - dagster - INFO - LaborChartETL - 91e2a6fe-205a-40bf-9d96-fcbfd4b0744c - filter - (LABORCHART) (138) banco nacional contrato indefinido 1 mes de experiencia en ventas o servicio al cliente empresa confidencial <-> (267) banco nacional contrato indefinido 1 mes de experiencia en ventas o servicio al cliente empresa confidencial
2023-11-20 05:27:25 +0000 - dagster - INFO - LaborChartETL - 91e2a6fe-205a-40bf-9d96-fcbfd4b0744c - filter - (LABORCHART) Similarity percentage: 100%
2023-11-20 05:27:25 +0000 - dagster - INFO - LaborChartETL - 91e2a6fe-205a-40bf-9d96-fcbfd4b0744c - filter - (LABORCHART) (138) banco nacional contrato indefinido 1 mes de experiencia en ventas o servicio al cliente empresa confidencial <-> (391) banco nacional contrato indefinido 1 mes de experiencia en ventas o servicio al cliente empresa confidencial
2023-11-20 05:27:25 +0000 - dagster - INFO - LaborChartETL - 91e2a6fe-205a-40bf-9d96-fcbfd4b0744c - filter - (LABORCHART) Similarity percentage: 100%
2023-11-20 05:27:26 +0000 - dagster - INFO - LaborChartETL - 91e2a6fe-205a-40bf-9d96-fcbfd4b0744c - filter - (LABORCHART) (157) asesor comercial externo y desde casa emermedica sa servicios de ambulancia prepagados <-> (158) asesor comercial externo y desde casa emermedica sa servicios de ambulancia prepagados
2023-11-20 05:27:26 +0000 - dagster - INFO - LaborChartETL - 91e2a6fe-205a-40bf-9d96-fcbfd4b0744c - filter - (LABORCHART) Similarity percentage: 100%
2023-11-20 05:27:26 +0000 - dagster - INFO - LaborChartETL - 91e2a6fe-205a-40bf-9d96-fcbfd4b0744c - filter - (LABORCHART) (157) asesor comercial externo y desde casa emermedica sa servicios de ambulancia prepagados <-> (226) asesor comercial externo y desde casa emermedica sa servicios de ambulancia prepagados
2023-11-20 05:27:26 +0000 - dagster - INFO - LaborChartETL - 91e2a6fe-205a-40bf-9d96-fcbfd4b0744c - filter - (LABORCHART) Similarity percentage: 100%
2023-11-20 05:27:26 +0000 - dagster - INFO - LaborChartETL - 91e2a6fe-205a-40bf-9d96-fcbfd4b0744c - filter - (LABORCHART) (157) asesor comercial externo y desde casa emermedica sa servicios de ambulancia prepagados <-> (367) asesor comercial externo y desde casa emermedica sa servicios de ambulancia prepagados
2023-11-20 05:27:26 +0000 - dagster - INFO - LaborChartETL - 91e2a6fe-205a-40bf-9d96-fcbfd4b0744c - filter - (LABORCHART) Similarity percentage: 100%
2023-11-20 05:27:26 +0000 - dagster - INFO - LaborChartETL - 91e2a6fe-205a-40bf-9d96-fcbfd4b0744c - filter - (LABORCHART) (159) sé asesor comercial independiente y genera excelentes ingresos emermedica sa servicios de ambulancia prepagados <-> (366) sé asesor comercial independiente y genera excelentes ingresos emermedica sa servicios de ambulancia prepagados
2023-11-20 05:27:26 +0000 - dagster - INFO - LaborChartETL - 91e2a6fe-205a-40bf-9d96-fcbfd4b0744c - filter - (LABORCHART) Similarity percentage: 100%
2023-11-20 05:27:27 +0000 - dagster - INFO - LaborChartETL - 91e2a6fe-205a-40bf-9d96-fcbfd4b0744c - filter - (LABORCHART) (177) asesora call center lunes a viernes staffing de colombia <-> (269) asesora call center lunes a viernes staffing de colombia
2023-11-20 05:27:27 +0000 - dagster - INFO - LaborChartETL - 91e2a6fe-205a-40bf-9d96-fcbfd4b0744c - filter - (LABORCHART) Similarity percentage: 100%
2023-11-20 05:27:27 +0000 - dagster - INFO - LaborChartETL - 91e2a6fe-205a-40bf-9d96-fcbfd4b0744c - filter - (LABORCHART) (177) asesora call center lunes a viernes staffing de colombia <-> (278) asesora call center lunes a viernes staffing de colombia
2023-11-20 05:27:27 +0000 - dagster - INFO - LaborChartETL - 91e2a6fe-205a-40bf-9d96-fcbfd4b0744c - filter - (LABORCHART) Similarity percentage: 100%
2023-11-20 05:27:28 +0000 - dagster - INFO - LaborChartETL - 91e2a6fe-205a-40bf-9d96-fcbfd4b0744c - filter - (LABORCHART) (193) gte  asesores punto de venta con o sin experiencia jiro sa <-> (194) gte  asesores punto de venta con o sin experiencia jiro sa
2023-11-20 05:27:28 +0000 - dagster - INFO - LaborChartETL - 91e2a6fe-205a-40bf-9d96-fcbfd4b0744c - filter - (LABORCHART) Similarity percentage: 100%
2023-11-20 05:27:28 +0000 - dagster - INFO - LaborChartETL - 91e2a6fe-205a-40bf-9d96-fcbfd4b0744c - filter - (LABORCHART) (199) agente comercial call center posible trabajo en casa logytech mobile <-> (295) agente comercial call center posible trabajo en casa logytech mobile
2023-11-20 05:27:28 +0000 - dagster - INFO - LaborChartETL - 91e2a6fe-205a-40bf-9d96-fcbfd4b0744c - filter - (LABORCHART) Similarity percentage: 100%
2023-11-20 05:27:28 +0000 - dagster - INFO - LaborChartETL - 91e2a6fe-205a-40bf-9d96-fcbfd4b0744c - filter - (LABORCHART) (202) agente call center ventas apex américa colombia <-> (206) agente call center ventas apex américa colombia
2023-11-20 05:27:28 +0000 - dagster - INFO - LaborChartETL - 91e2a6fe-205a-40bf-9d96-fcbfd4b0744c - filter - (LABORCHART) Similarity percentage: 100%
2023-11-20 05:27:28 +0000 - dagster - INFO - LaborChartETL - 91e2a6fe-205a-40bf-9d96-fcbfd4b0744c - filter - (LABORCHART) (202) agente call center ventas apex américa colombia <-> (403) agente call center ventas apex américa colombia
2023-11-20 05:27:28 +0000 - dagster - INFO - LaborChartETL - 91e2a6fe-205a-40bf-9d96-fcbfd4b0744c - filter - (LABORCHART) Similarity percentage: 100%
2023-11-20 05:27:28 +0000 - dagster - INFO - LaborChartETL - 91e2a6fe-205a-40bf-9d96-fcbfd4b0744c - filter - (LABORCHART) (211) asesor servicio al cliente  banco nacional empresa confidencial <-> (258) asesor servicio al cliente  banco nacional empresa confidencial
2023-11-20 05:27:28 +0000 - dagster - INFO - LaborChartETL - 91e2a6fe-205a-40bf-9d96-fcbfd4b0744c - filter - (LABORCHART) Similarity percentage: 100%
2023-11-20 05:27:29 +0000 - dagster - INFO - LaborChartETL - 91e2a6fe-205a-40bf-9d96-fcbfd4b0744c - filter - (LABORCHART) (216) agente call center servicio al clienteventas o ventas cruzadas jazzplat colombia sas <-> (218) agente call center servicio al clienteventas o ventas cruzadas jazzplat colombia sas
2023-11-20 05:27:29 +0000 - dagster - INFO - LaborChartETL - 91e2a6fe-205a-40bf-9d96-fcbfd4b0744c - filter - (LABORCHART) Similarity percentage: 100%
2023-11-20 05:27:29 +0000 - dagster - INFO - LaborChartETL - 91e2a6fe-205a-40bf-9d96-fcbfd4b0744c - filter - (LABORCHART) (216) agente call center servicio al clienteventas o ventas cruzadas jazzplat colombia sas <-> (217) agente call center servicio al clienteventas venta cruzada jazzplat colombia sas
2023-11-20 05:27:29 +0000 - dagster - INFO - LaborChartETL - 91e2a6fe-205a-40bf-9d96-fcbfd4b0744c - filter - (LABORCHART) Similarity percentage: 98%
2023-11-20 05:27:29 +0000 - dagster - INFO - LaborChartETL - 91e2a6fe-205a-40bf-9d96-fcbfd4b0744c - filter - (LABORCHART) (224) asesor comercial telefónico covisian colombia sas <-> (256) asesor comercial telefónico covisian colombia sas
2023-11-20 05:27:29 +0000 - dagster - INFO - LaborChartETL - 91e2a6fe-205a-40bf-9d96-fcbfd4b0744c - filter - (LABORCHART) Similarity percentage: 100%
2023-11-20 05:27:30 +0000 - dagster - INFO - LaborChartETL - 91e2a6fe-205a-40bf-9d96-fcbfd4b0744c - filter - (LABORCHART) (239) personal con o sin experiencia formal para el cargo grupo c b c sas <-> (243) personal con o sin experiencia formal para el cargo grupo c b c sas
2023-11-20 05:27:30 +0000 - dagster - INFO - LaborChartETL - 91e2a6fe-205a-40bf-9d96-fcbfd4b0744c - filter - (LABORCHART) Similarity percentage: 100%
2023-11-20 05:27:30 +0000 - dagster - INFO - LaborChartETL - 91e2a6fe-205a-40bf-9d96-fcbfd4b0744c - filter - (LABORCHART) (240) asesor comercial externo empresa confidencial <-> (241) asesor comercial externo empresa confidencial
2023-11-20 05:27:30 +0000 - dagster - INFO - LaborChartETL - 91e2a6fe-205a-40bf-9d96-fcbfd4b0744c - filter - (LABORCHART) Similarity percentage: 100%
2023-11-20 05:27:30 +0000 - dagster - INFO - LaborChartETL - 91e2a6fe-205a-40bf-9d96-fcbfd4b0744c - filter - (LABORCHART) (240) asesor comercial externo empresa confidencial <-> (242) asesor comercial externo empresa confidencial
2023-11-20 05:27:30 +0000 - dagster - INFO - LaborChartETL - 91e2a6fe-205a-40bf-9d96-fcbfd4b0744c - filter - (LABORCHART) Similarity percentage: 100%
2023-11-20 05:27:30 +0000 - dagster - INFO - LaborChartETL - 91e2a6fe-205a-40bf-9d96-fcbfd4b0744c - filter - (LABORCHART) (240) asesor comercial externo empresa confidencial <-> (372) asesor comercial externo empresa confidencial
2023-11-20 05:27:30 +0000 - dagster - INFO - LaborChartETL - 91e2a6fe-205a-40bf-9d96-fcbfd4b0744c - filter - (LABORCHART) Similarity percentage: 100%
2023-11-20 05:27:31 +0000 - dagster - INFO - LaborChartETL - 91e2a6fe-205a-40bf-9d96-fcbfd4b0744c - filter - (LABORCHART) (279) asesor comercial call center bogotá posibilidad de trabajar en casa y grandes remuneraciones empresa confidencial <-> (282) asesor comercial call center bogotá posibilidad de trabajar en casa y grandes remuneraciones empresa confidencial
2023-11-20 05:27:31 +0000 - dagster - INFO - LaborChartETL - 91e2a6fe-205a-40bf-9d96-fcbfd4b0744c - filter - (LABORCHART) Similarity percentage: 100%
2023-11-20 05:27:32 +0000 - dagster - INFO - LaborChartETL - 91e2a6fe-205a-40bf-9d96-fcbfd4b0744c - filter - (LABORCHART) (298) enfermera jefe pyp viva 1a ips sa <-> (299) enfermera jefe pyp viva 1a ips sa
2023-11-20 05:27:32 +0000 - dagster - INFO - LaborChartETL - 91e2a6fe-205a-40bf-9d96-fcbfd4b0744c - filter - (LABORCHART) Similarity percentage: 100%
2023-11-20 05:27:33 +0000 - dagster - INFO - LaborChartETL - 91e2a6fe-205a-40bf-9d96-fcbfd4b0744c - filter - (LABORCHART) (340) auxiliar de cocina suministramos recursos humanos temporales sumitemp sas <-> (341) auxiliar de cocina suministramos recursos humanos temporales sumitemp sas
2023-11-20 05:27:33 +0000 - dagster - INFO - LaborChartETL - 91e2a6fe-205a-40bf-9d96-fcbfd4b0744c - filter - (LABORCHART) Similarity percentage: 100%
2023-11-20 05:27:33 +0000 - dagster - INFO - LaborChartETL - 91e2a6fe-205a-40bf-9d96-fcbfd4b0744c - filter - (LABORCHART) (340) auxiliar de cocina suministramos recursos humanos temporales sumitemp sas <-> (356) auxiliar de bodega suministramos recursos humanos temporales sumitemp sas
2023-11-20 05:27:33 +0000 - dagster - INFO - LaborChartETL - 91e2a6fe-205a-40bf-9d96-fcbfd4b0744c - filter - (LABORCHART) Similarity percentage: 95%
2023-11-20 05:27:34 +0000 - dagster - INFO - LaborChartETL - 91e2a6fe-205a-40bf-9d96-fcbfd4b0744c - filter - (LABORCHART) (348) profesional analista fisicoquímico suministramos recursos humanos temporales sumitemp sas <-> (349) profesional quimico analista fisicoquímico suministramos recursos humanos temporales sumitemp sas
2023-11-20 05:27:34 +0000 - dagster - INFO - LaborChartETL - 91e2a6fe-205a-40bf-9d96-fcbfd4b0744c - filter - (LABORCHART) Similarity percentage: 96%
2023-11-20 05:27:34 +0000 - dagster - INFO - LaborChartETL - 91e2a6fe-205a-40bf-9d96-fcbfd4b0744c - filter - (LABORCHART) (353) técnico mecanico yo electromecanico suministramos recursos humanos temporales sumitemp sas <-> (354) técnico mecanico yo electromecanico suministramos recursos humanos temporales sumitemp sas
2023-11-20 05:27:34 +0000 - dagster - INFO - LaborChartETL - 91e2a6fe-205a-40bf-9d96-fcbfd4b0744c - filter - (LABORCHART) Similarity percentage: 100%
2023-11-20 05:27:34 +0000 - dagster - INFO - LaborChartETL - 91e2a6fe-205a-40bf-9d96-fcbfd4b0744c - filter - (LABORCHART) (355) operario  auxiliar de empaque envase yo acondicionamiento suministramos recursos humanos temporales sumitemp sas <-> (362) operario  auxiliar de empaque envase yo acondicionamiento suministramos recursos humanos temporales sumitemp sas
2023-11-20 05:27:34 +0000 - dagster - INFO - LaborChartETL - 91e2a6fe-205a-40bf-9d96-fcbfd4b0744c - filter - (LABORCHART) Similarity percentage: 100%
2023-11-20 05:27:35 +0000 - dagster - INFO - LaborChartETL - 91e2a6fe-205a-40bf-9d96-fcbfd4b0744c - filter - (LABORCHART) (364) gran convocatoria bachiller con o sin experiencia asesor comercial call center covisian colombia sas <-> (405) gran convocatoria bachiller con o sin experiencia asesor comercial call center covisian colombia sas
2023-11-20 05:27:35 +0000 - dagster - INFO - LaborChartETL - 91e2a6fe-205a-40bf-9d96-fcbfd4b0744c - filter - (LABORCHART) Similarity percentage: 100%
2023-11-20 05:27:35 +0000 - dagster - INFO - LaborChartETL - 91e2a6fe-205a-40bf-9d96-fcbfd4b0744c - filter - (LABORCHART) (373) banco nacional asesor servicio al cliente chat  empresa confidencial <-> (374) banco nacional asesor servicio al cliente chat  empresa confidencial
2023-11-20 05:27:35 +0000 - dagster - INFO - LaborChartETL - 91e2a6fe-205a-40bf-9d96-fcbfd4b0744c - filter - (LABORCHART) Similarity percentage: 100%
2023-11-20 05:27:35 +0000 - dagster - INFO - LaborChartETL - 91e2a6fe-205a-40bf-9d96-fcbfd4b0744c - filter - (LABORCHART) (373) banco nacional asesor servicio al cliente chat  empresa confidencial <-> (375) banco nacional asesor servicio al cliente chat  empresa confidencial
2023-11-20 05:27:35 +0000 - dagster - INFO - LaborChartETL - 91e2a6fe-205a-40bf-9d96-fcbfd4b0744c - filter - (LABORCHART) Similarity percentage: 100%
2023-11-20 05:27:35 +0000 - dagster - INFO - LaborChartETL - 91e2a6fe-205a-40bf-9d96-fcbfd4b0744c - filter - (LABORCHART) (373) banco nacional asesor servicio al cliente chat  empresa confidencial <-> (376) banco nacional asesor servicio al cliente chat  empresa confidencial
2023-11-20 05:27:35 +0000 - dagster - INFO - LaborChartETL - 91e2a6fe-205a-40bf-9d96-fcbfd4b0744c - filter - (LABORCHART) Similarity percentage: 100%
2023-11-20 05:27:37 +0000 - dagster - INFO - LaborChartETL - 91e2a6fe-205a-40bf-9d96-fcbfd4b0744c - filter - (LABORCHART) Deleted: 65
2023-11-20 05:27:37 +0000 - dagster - INFO - LaborChartETL - 91e2a6fe-205a-40bf-9d96-fcbfd4b0744c - filter - (LABORCHART) Offers left after filter: 350
2023-11-20 05:27:37 +0000 - dagster - DEBUG - LaborChartETL - 91e2a6fe-205a-40bf-9d96-fcbfd4b0744c - 32147 - filter - STEP_OUTPUT - Yielded output "result" of type "Any". (Type check passed).
2023-11-20 05:27:37 +0000 - dagster - DEBUG - LaborChartETL - 91e2a6fe-205a-40bf-9d96-fcbfd4b0744c - filter - Writing file at: /usr/src/app/Dagster/storage/filter using PickledObjectFilesystemIOManager...
2023-11-20 05:27:37 +0000 - dagster - DEBUG - LaborChartETL - 91e2a6fe-205a-40bf-9d96-fcbfd4b0744c - 32147 - filter - ASSET_MATERIALIZATION - Materialized value filter.
2023-11-20 05:27:37 +0000 - dagster - DEBUG - LaborChartETL - 91e2a6fe-205a-40bf-9d96-fcbfd4b0744c - 32147 - filter - HANDLED_OUTPUT - Handled output "result" using IO manager "io_manager"
2023-11-20 05:27:37 +0000 - dagster - DEBUG - LaborChartETL - 91e2a6fe-205a-40bf-9d96-fcbfd4b0744c - 32147 - filter - STEP_SUCCESS - Finished execution of step "filter" in 24.8s.
